#
# A fatal error has been detected by the Java Runtime Environment:
#
#  EXCEPTION_ACCESS_VIOLATION (0xc0000005) at pc=0x00007ffcc620f0ad, pid=25240, tid=13360
#
# JRE version: Java(TM) SE Runtime Environment 18.9 (11.0.25+9) (build 11.0.25+9-LTS-256)
# Java VM: Java HotSpot(TM) 64-Bit Server VM 18.9 (11.0.25+9-LTS-256, mixed mode, tiered, compressed oops, g1 gc, windows-amd64)
# Problematic frame:
# C  [igxelpicd64.dll+0xcf0ad]
#
# No core dump will be written. Minidumps are not enabled by default on client versions of Windows
#
# If you would like to submit a bug report, please visit:
#   https://bugreport.java.com/bugreport/crash.jsp
# The crash happened outside the Java Virtual Machine in native code.
# See problematic frame for where to report the bug.
#

---------------  S U M M A R Y ------------

Command Line: -Dfile.encoding=UTF-8 --module-path=C:\Users\nadia\OneDrive\Documentos\NetBeansProjects\ProyectoGraficaión\build\classes ESCENARIO.EdificioI

Host: 12th Gen Intel(R) Core(TM) i5-12450HX, 12 cores, 15G,  Windows 11 , 64 bit Build 26100 (10.0.26100.3775)
Time: Sun Apr 27 00:05:56 2025 Hora estándar, América Central elapsed time: 3.901481 seconds (0d 0h 0m 3s)

---------------  T H R E A D  ---------------

Current thread (0x000001c9d95c9000):  JavaThread "J3D-Renderer-1" [_thread_in_native, id=13360, stack(0x0000009e6f500000,0x0000009e6f600000)]

Stack: [0x0000009e6f500000,0x0000009e6f600000],  sp=0x0000009e6f5fdde0,  free space=1015k
Native frames: (J=compiled Java code, j=interpreted, Vv=VM code, C=native code)
C  [igxelpicd64.dll+0xcf0ad]

Java frames: (J=compiled Java code, j=interpreted, Vv=VM code)
j  javax.media.j3d.NativePipeline.callDisplayList(JIZ)V+0
j  javax.media.j3d.NativePipeline.callDisplayList(Ljavax/media/j3d/Context;IZ)V+8
j  javax.media.j3d.Canvas3D.callDisplayList(Ljavax/media/j3d/Context;IZ)V+6
j  javax.media.j3d.DisplayListRenderMethod.renderSeparateDlists(Ljavax/media/j3d/RenderMolecule;Ljavax/media/j3d/Canvas3D;Ljavax/media/j3d/RenderAtomListInfo;I)Z+155
j  javax.media.j3d.RenderMolecule.render(Ljavax/media/j3d/Canvas3D;II)Z+326
j  javax.media.j3d.TextureBin.renderList(Ljavax/media/j3d/Canvas3D;ILjavax/media/j3d/RenderMolecule;)V+63
j  javax.media.j3d.TextureBin.renderList(Ljavax/media/j3d/Canvas3D;ILjava/lang/Object;)V+32
j  javax.media.j3d.TextureBin.render(Ljavax/media/j3d/Canvas3D;Ljava/lang/Object;)V+92
j  javax.media.j3d.TextureBin.render(Ljavax/media/j3d/Canvas3D;)V+6
j  javax.media.j3d.ShaderBin.render(Ljavax/media/j3d/Canvas3D;)V+18
j  javax.media.j3d.AttributeBin.render(Ljavax/media/j3d/Canvas3D;)V+82
j  javax.media.j3d.EnvironmentSet.render(Ljavax/media/j3d/Canvas3D;)V+17
j  javax.media.j3d.LightBin.render(Ljavax/media/j3d/Canvas3D;)V+17
J 1683 c1 javax.media.j3d.Renderer.doWork(J)V (6480 bytes) @ 0x000001c9b9c8227c [0x000001c9b9c6d440+0x0000000000014e3c]
j  javax.media.j3d.J3dThread.run()V+19
v  ~StubRoutines::call_stub

siginfo: EXCEPTION_ACCESS_VIOLATION (0xc0000005), reading address 0x0000000000000008


Register to memory mapping:

RIP=0x00007ffcc620f0ad igxelpicd64.dll
RAX=0x0 is NULL
RBX=0x000001c9e2960f80 points into unknown readable memory: 0x000001c9d9363140 | 40 31 36 d9 c9 01 00 00
RCX=0x000001c9e2960f80 points into unknown readable memory: 0x000001c9d9363140 | 40 31 36 d9 c9 01 00 00
RDX=0x0000009e6f5fe220 is pointing into the stack for thread: 0x000001c9d95c9000
RSP=0x0000009e6f5fdde0 is pointing into the stack for thread: 0x000001c9d95c9000
RBP=0x0000009e6f5fdee0 is pointing into the stack for thread: 0x000001c9d95c9000
RSI=0x0000009e6f5fe4d0 is pointing into the stack for thread: 0x000001c9d95c9000
RDI=0x0000000000000008 is an unknown value
R8 =0x000001c9e222a4d0 points into unknown readable memory: 0x000001c9d946c400 | 00 c4 46 d9 c9 01 00 00
R9 =0x0 is NULL
R10=0x0000009e6f5fe7c0 is pointing into the stack for thread: 0x000001c9d95c9000
R11=0x000000000000001d is an unknown value
R12=0x0000009e6f5fe220 is pointing into the stack for thread: 0x000001c9d95c9000
R13=0x000001c9e222a4d0 points into unknown readable memory: 0x000001c9d946c400 | 00 c4 46 d9 c9 01 00 00
R14=0x0000009e6f5fe270 is pointing into the stack for thread: 0x000001c9d95c9000
R15=0x0000009e6f5fe4d0 is pointing into the stack for thread: 0x000001c9d95c9000


Registers:
RAX=0x0000000000000000, RBX=0x000001c9e2960f80, RCX=0x000001c9e2960f80, RDX=0x0000009e6f5fe220
RSP=0x0000009e6f5fdde0, RBP=0x0000009e6f5fdee0, RSI=0x0000009e6f5fe4d0, RDI=0x0000000000000008
R8 =0x000001c9e222a4d0, R9 =0x0000000000000000, R10=0x0000009e6f5fe7c0, R11=0x000000000000001d
R12=0x0000009e6f5fe220, R13=0x000001c9e222a4d0, R14=0x0000009e6f5fe270, R15=0x0000009e6f5fe4d0
RIP=0x00007ffcc620f0ad, EFLAGS=0x0000000000010287

Top of Stack: (sp=0x0000009e6f5fdde0)
0x0000009e6f5fdde0:   0000001600000000 000001c9e222a4d0
0x0000009e6f5fddf0:   000001c9d94081e0 0000000000000000
0x0000009e6f5fde00:   0000000000000000 0000000000000000
0x0000009e6f5fde10:   0000000000000000 0000009e6f5fe4b0
0x0000009e6f5fde20:   000001c9e3381300 00007ffd00002600
0x0000009e6f5fde30:   0000000000000000 00007ffc0000001d
0x0000009e6f5fde40:   0000009e6f5fe3b0 00007ffc00000006
0x0000009e6f5fde50:   0000000000000001 0000000000000000
0x0000009e6f5fde60:   00000000c63c7901 000001c9e12cb5b0
0x0000009e6f5fde70:   0000000000000000 000001c9d5120220
0x0000009e6f5fde80:   00000000fffffff0 00007ffcc642b88d
0x0000009e6f5fde90:   000001c9e2960f80 000001c9d5120220
0x0000009e6f5fdea0:   000001c9d946c400 0000000000000096
0x0000009e6f5fdeb0:   000001c9e12cb8f0 0000009e6f5fdf80
0x0000009e6f5fdec0:   000001c900000000 00007ffcc616696f
0x0000009e6f5fded0:   000001c9d94081e0 000001c900000000 

Instructions: (pc=0x00007ffcc620f0ad)
0x00007ffcc620f08d:   e8 1b 0f ba f0 17 0d 00 00 40 01 0f ba f0 13 0d
0x00007ffcc620f09d:   00 00 37 00 89 42 1c eb 6e 48 8b 85 e8 00 00 00
0x00007ffcc620f0ad:   48 8b 48 08 8b 41 14 83 f8 0a 74 31 83 f8 4e 75
0x00007ffcc620f0bd:   56 8b 0a 49 b8 00 00 00 00 00 40 00 00 48 8b 05 


Stack slot to memory mapping:
stack at sp + 0 slots: 0x0000001600000000 is an unknown value
stack at sp + 1 slots: 0x000001c9e222a4d0 points into unknown readable memory: 0x000001c9d946c400 | 00 c4 46 d9 c9 01 00 00
stack at sp + 2 slots: 0x000001c9d94081e0 points into unknown readable memory: 0xffffffffffffffff | ff ff ff ff ff ff ff ff
stack at sp + 3 slots: 0x0 is NULL
stack at sp + 4 slots: 0x0 is NULL
stack at sp + 5 slots: 0x0 is NULL
stack at sp + 6 slots: 0x0 is NULL
stack at sp + 7 slots: 0x0000009e6f5fe4b0 is pointing into the stack for thread: 0x000001c9d95c9000


---------------  P R O C E S S  ---------------

Threads class SMR info:
_java_thread_list=0x000001c9e12cc6e0, length=32, elements={
0x000001c9d5af4800, 0x000001c9d5afe000, 0x000001c9d5247800, 0x000001c9d5248800,
0x000001c9d524b000, 0x000001c9d524c800, 0x000001c9d524e000, 0x000001c9d5b63800,
0x000001c9d5ad0800, 0x000001c9d62c4000, 0x000001c9d60e7000, 0x000001c9d60ea000,
0x000001c9d6558000, 0x000001c9b0310800, 0x000001c9d92df800, 0x000001c9d92f9000,
0x000001c9d92c5000, 0x000001c9d9313800, 0x000001c9d95c9000, 0x000001c9d974c000,
0x000001c9d99d5000, 0x000001c9e08d1800, 0x000001c9d974d800, 0x000001c9d974e800,
0x000001c9d974c800, 0x000001c9d9750000, 0x000001c9d974f000, 0x000001c9d9751000,
0x000001c9d9752800, 0x000001c9d9751800, 0x000001c9e1213000, 0x000001c9e1215000
}

Java Threads: ( => current thread )
  0x000001c9d5af4800 JavaThread "Reference Handler" daemon [_thread_blocked, id=21164, stack(0x0000009e6e000000,0x0000009e6e100000)]
  0x000001c9d5afe000 JavaThread "Finalizer" daemon [_thread_blocked, id=15248, stack(0x0000009e6e100000,0x0000009e6e200000)]
  0x000001c9d5247800 JavaThread "Signal Dispatcher" daemon [_thread_blocked, id=2880, stack(0x0000009e6e200000,0x0000009e6e300000)]
  0x000001c9d5248800 JavaThread "Attach Listener" daemon [_thread_blocked, id=23388, stack(0x0000009e6e300000,0x0000009e6e400000)]
  0x000001c9d524b000 JavaThread "Service Thread" daemon [_thread_blocked, id=21968, stack(0x0000009e6e400000,0x0000009e6e500000)]
  0x000001c9d524c800 JavaThread "C2 CompilerThread0" daemon [_thread_in_native, id=17712, stack(0x0000009e6e500000,0x0000009e6e600000)]
  0x000001c9d524e000 JavaThread "C1 CompilerThread0" daemon [_thread_blocked, id=15448, stack(0x0000009e6e600000,0x0000009e6e700000)]
  0x000001c9d5b63800 JavaThread "Sweeper thread" daemon [_thread_blocked, id=1612, stack(0x0000009e6e700000,0x0000009e6e800000)]
  0x000001c9d5ad0800 JavaThread "Common-Cleaner" daemon [_thread_blocked, id=21408, stack(0x0000009e6e800000,0x0000009e6e900000)]
  0x000001c9d62c4000 JavaThread "Java2D Disposer" daemon [_thread_blocked, id=16748, stack(0x0000009e6eb00000,0x0000009e6ec00000)]
  0x000001c9d60e7000 JavaThread "AWT-Shutdown" [_thread_blocked, id=18196, stack(0x0000009e6ec00000,0x0000009e6ed00000)]
  0x000001c9d60ea000 JavaThread "AWT-Windows" daemon [_thread_in_native, id=8352, stack(0x0000009e6ed00000,0x0000009e6ee00000)]
  0x000001c9d6558000 JavaThread "AWT-EventQueue-0" [_thread_blocked, id=5736, stack(0x0000009e6ea00000,0x0000009e6eb00000)]
  0x000001c9b0310800 JavaThread "DestroyJavaVM" [_thread_blocked, id=3308, stack(0x0000009e6d900000,0x0000009e6da00000)]
  0x000001c9d92df800 JavaThread "J3D-RenderingAttributesStructureUpdateThread" [_thread_blocked, id=13956, stack(0x0000009e6f100000,0x0000009e6f200000)]
  0x000001c9d92f9000 JavaThread "J3D-TimerThread" [_thread_blocked, id=5004, stack(0x0000009e6f200000,0x0000009e6f300000)]
  0x000001c9d92c5000 JavaThread "J3D-NotificationThread" [_thread_blocked, id=26292, stack(0x0000009e6f300000,0x0000009e6f400000)]
  0x000001c9d9313800 JavaThread "J3D-MasterControl-1" [_thread_blocked, id=26104, stack(0x0000009e6f400000,0x0000009e6f500000)]
=>0x000001c9d95c9000 JavaThread "J3D-Renderer-1" [_thread_in_native, id=13360, stack(0x0000009e6f500000,0x0000009e6f600000)]
  0x000001c9d974c000 JavaThread "TimerQueue" daemon [_thread_blocked, id=11332, stack(0x0000009e70400000,0x0000009e70500000)]
  0x000001c9d99d5000 JavaThread "C2 CompilerThread1" daemon [_thread_blocked, id=10540, stack(0x0000009e70500000,0x0000009e70600000)]
  0x000001c9e08d1800 JavaThread "C2 CompilerThread2" daemon [_thread_blocked, id=15852, stack(0x0000009e70600000,0x0000009e70700000)]
  0x000001c9d974d800 JavaThread "J3D-BehaviorStructureUpdateThread-1" [_thread_blocked, id=13604, stack(0x0000009e70b00000,0x0000009e70c00000)]
  0x000001c9d974e800 JavaThread "J3D-GeometryStructureUpdateThread-1" [_thread_blocked, id=1860, stack(0x0000009e70c00000,0x0000009e70d00000)]
  0x000001c9d974c800 JavaThread "J3D-SoundStructureUpdateThread-1" [_thread_blocked, id=23764, stack(0x0000009e70d00000,0x0000009e70e00000)]
  0x000001c9d9750000 JavaThread "J3D-RenderingEnvironmentStructureUpdateThread-1" [_thread_blocked, id=6488, stack(0x0000009e70e00000,0x0000009e70f00000)]
  0x000001c9d974f000 JavaThread "J3D-TransformStructureUpdateThread-1" [_thread_blocked, id=23440, stack(0x0000009e70f00000,0x0000009e71000000)]
  0x000001c9d9751000 JavaThread "J3D-BehaviorScheduler-1" [_thread_blocked, id=25032, stack(0x0000009e71000000,0x0000009e71100000)]
  0x000001c9d9752800 JavaThread "J3D-RenderStructureUpdateThread-1" [_thread_blocked, id=23516, stack(0x0000009e71100000,0x0000009e71200000)]
  0x000001c9d9751800 JavaThread "J3D-SoundSchedulerUpdateThread-1" [_thread_blocked, id=25968, stack(0x0000009e71200000,0x0000009e71300000)]
  0x000001c9e1213000 JavaThread "J3D-InputDeviceScheduler-1" [_thread_blocked, id=18008, stack(0x0000009e71300000,0x0000009e71400000)]
  0x000001c9e1215000 JavaThread "ToolkitShutdown" daemon [_thread_in_native, id=23268, stack(0x0000009e71800000,0x0000009e71900000)]

Other Threads:
  0x000001c9d5af2000 VMThread "VM Thread" [stack: 0x0000009e6df00000,0x0000009e6e000000] [id=20992]
  0x000001c9d5df6800 WatcherThread [stack: 0x0000009e6e900000,0x0000009e6ea00000] [id=10136]
  0x000001c9b0326000 GCTaskThread "GC Thread#0" [stack: 0x0000009e6da00000,0x0000009e6db00000] [id=13596]
  0x000001c9d949a800 GCTaskThread "GC Thread#1" [stack: 0x0000009e6f900000,0x0000009e6fa00000] [id=20732]
  0x000001c9d9770000 GCTaskThread "GC Thread#2" [stack: 0x0000009e6fa00000,0x0000009e6fb00000] [id=13200]
  0x000001c9d9741000 GCTaskThread "GC Thread#3" [stack: 0x0000009e6fb00000,0x0000009e6fc00000] [id=12596]
  0x000001c9d94fd800 GCTaskThread "GC Thread#4" [stack: 0x0000009e6fc00000,0x0000009e6fd00000] [id=22940]
  0x000001c9d94ff800 GCTaskThread "GC Thread#5" [stack: 0x0000009e6fd00000,0x0000009e6fe00000] [id=23464]
  0x000001c9d9694800 GCTaskThread "GC Thread#6" [stack: 0x0000009e6fe00000,0x0000009e6ff00000] [id=12388]
  0x000001c9d9695000 GCTaskThread "GC Thread#7" [stack: 0x0000009e6ff00000,0x0000009e70000000] [id=4092]
  0x000001c9d9696000 GCTaskThread "GC Thread#8" [stack: 0x0000009e70000000,0x0000009e70100000] [id=12464]
  0x000001c9d9746800 GCTaskThread "GC Thread#9" [stack: 0x0000009e70100000,0x0000009e70200000] [id=13396]
  0x000001c9b0383000 ConcurrentGCThread "G1 Main Marker" [stack: 0x0000009e6db00000,0x0000009e6dc00000] [id=23536]
  0x000001c9b038a800 ConcurrentGCThread "G1 Conc#0" [stack: 0x0000009e6dc00000,0x0000009e6dd00000] [id=9276]
  0x000001c9d987d000 ConcurrentGCThread "G1 Conc#1" [stack: 0x0000009e6f000000,0x0000009e6f100000] [id=12188]
  0x000001c9d958e000 ConcurrentGCThread "G1 Conc#2" [stack: 0x0000009e6f600000,0x0000009e6f700000] [id=18968]
  0x000001c9d5124800 ConcurrentGCThread "G1 Refine#0" [stack: 0x0000009e6dd00000,0x0000009e6de00000] [id=13140]
  0x000001c9d5e42800 ConcurrentGCThread "G1 Refine#1" [stack: 0x0000009e70200000,0x0000009e70300000] [id=15604]
  0x000001c9d91eb800 ConcurrentGCThread "G1 Refine#2" [stack: 0x0000009e70300000,0x0000009e70400000] [id=14012]
  0x000001c9d5127800 ConcurrentGCThread "G1 Young RemSet Sampling" [stack: 0x0000009e6de00000,0x0000009e6df00000] [id=11156]

Threads with active compile tasks:
C2 CompilerThread0     3958 1825       4       javax.media.j3d.BHTree::select (290 bytes)

VM state:not at safepoint (normal execution)

VM Mutex/Monitor currently owned by a thread: None

Heap address: 0x0000000704800000, size: 4024 MB, Compressed Oops mode: Zero based, Oop shift amount: 3
Narrow klass base: 0x0000000800000000, Narrow klass shift: 0
Compressed class space size: 1073741824 Address: 0x0000000800000000

Heap:
 garbage-first heap   total 258048K, used 168153K [0x0000000704800000, 0x0000000800000000)
  region size 1024K, 62 young (63488K), 1 survivors (1024K)
 Metaspace       used 22923K, capacity 23253K, committed 23552K, reserved 1071104K
  class space    used 2336K, capacity 2460K, committed 2560K, reserved 1048576K
Heap Regions: E=young(eden), S=young(survivor), O=old, HS=humongous(starts), HC=humongous(continues), CS=collection set, F=free, A=archive, TAMS=top-at-mark-start (previous, next)
|   0|0x0000000704800000, 0x0000000704900000, 0x0000000704900000|100%| O|  |TAMS 0x0000000704900000, 0x0000000704800000| Untracked 
|   1|0x0000000704900000, 0x0000000704a00000, 0x0000000704a00000|100%| O|  |TAMS 0x0000000704a00000, 0x0000000704900000| Untracked 
|   2|0x0000000704a00000, 0x0000000704b00000, 0x0000000704b00000|100%| O|  |TAMS 0x0000000704b00000, 0x0000000704a00000| Untracked 
|   3|0x0000000704b00000, 0x0000000704c00000, 0x0000000704c00000|100%| O|  |TAMS 0x0000000704c00000, 0x0000000704b00000| Untracked 
|   4|0x0000000704c00000, 0x0000000704d00000, 0x0000000704d00000|100%| O|  |TAMS 0x0000000704d00000, 0x0000000704c00000| Untracked 
|   5|0x0000000704d00000, 0x0000000704e00000, 0x0000000704e00000|100%| O|  |TAMS 0x0000000704e00000, 0x0000000704d00000| Untracked 
|   6|0x0000000704e00000, 0x0000000704f00000, 0x0000000704f00000|100%|HS|  |TAMS 0x0000000704e00000, 0x0000000704e00000| Complete 
|   7|0x0000000704f00000, 0x0000000705000000, 0x0000000705000000|100%| O|  |TAMS 0x0000000705000000, 0x0000000704f00000| Untracked 
|   8|0x0000000705000000, 0x0000000705100000, 0x0000000705100000|100%| O|  |TAMS 0x0000000705100000, 0x0000000705000000| Untracked 
|   9|0x0000000705100000, 0x0000000705200000, 0x0000000705200000|100%| O|  |TAMS 0x0000000705200000, 0x0000000705100000| Untracked 
|  10|0x0000000705200000, 0x0000000705300000, 0x0000000705300000|100%| O|  |TAMS 0x0000000705300000, 0x0000000705200000| Untracked 
|  11|0x0000000705300000, 0x0000000705400000, 0x0000000705400000|100%| O|  |TAMS 0x0000000705400000, 0x0000000705300000| Untracked 
|  12|0x0000000705400000, 0x0000000705500000, 0x0000000705500000|100%| O|  |TAMS 0x0000000705500000, 0x0000000705400000| Untracked 
|  13|0x0000000705500000, 0x0000000705600000, 0x0000000705600000|100%| O|  |TAMS 0x0000000705600000, 0x0000000705500000| Untracked 
|  14|0x0000000705600000, 0x0000000705700000, 0x0000000705700000|100%| O|  |TAMS 0x0000000705700000, 0x0000000705600000| Untracked 
|  15|0x0000000705700000, 0x0000000705800000, 0x0000000705800000|100%|HS|  |TAMS 0x0000000705800000, 0x0000000705700000| Complete 
|  16|0x0000000705800000, 0x0000000705900000, 0x0000000705900000|100%|HC|  |TAMS 0x0000000705900000, 0x0000000705800000| Complete 
|  17|0x0000000705900000, 0x0000000705a00000, 0x0000000705a00000|100%|HS|  |TAMS 0x0000000705a00000, 0x0000000705900000| Complete 
|  18|0x0000000705a00000, 0x0000000705b00000, 0x0000000705b00000|100%|HS|  |TAMS 0x0000000705b00000, 0x0000000705a00000| Complete 
|  19|0x0000000705b00000, 0x0000000705c00000, 0x0000000705c00000|100%|HC|  |TAMS 0x0000000705c00000, 0x0000000705b00000| Complete 
|  20|0x0000000705c00000, 0x0000000705d00000, 0x0000000705d00000|100%|HC|  |TAMS 0x0000000705d00000, 0x0000000705c00000| Complete 
|  21|0x0000000705d00000, 0x0000000705e00000, 0x0000000705e00000|100%|HC|  |TAMS 0x0000000705e00000, 0x0000000705d00000| Complete 
|  22|0x0000000705e00000, 0x0000000705f00000, 0x0000000705f00000|100%|HS|  |TAMS 0x0000000705e00000, 0x0000000705e00000| Complete 
|  23|0x0000000705f00000, 0x0000000706000000, 0x0000000706000000|100%|HS|  |TAMS 0x0000000705f00000, 0x0000000705f00000| Complete 
|  24|0x0000000706000000, 0x0000000706100000, 0x0000000706100000|100%|HS|  |TAMS 0x0000000706000000, 0x0000000706000000| Complete 
|  25|0x0000000706100000, 0x0000000706200000, 0x0000000706200000|100%|HS|  |TAMS 0x0000000706100000, 0x0000000706100000| Complete 
|  26|0x0000000706200000, 0x0000000706300000, 0x0000000706300000|100%|HS|  |TAMS 0x0000000706300000, 0x0000000706200000| Complete 
|  27|0x0000000706300000, 0x0000000706400000, 0x0000000706400000|100%|HC|  |TAMS 0x0000000706400000, 0x0000000706300000| Complete 
|  28|0x0000000706400000, 0x0000000706500000, 0x0000000706500000|100%|HC|  |TAMS 0x0000000706500000, 0x0000000706400000| Complete 
|  29|0x0000000706500000, 0x0000000706600000, 0x0000000706600000|100%|HC|  |TAMS 0x0000000706600000, 0x0000000706500000| Complete 
|  30|0x0000000706600000, 0x0000000706700000, 0x0000000706700000|100%|HS|  |TAMS 0x0000000706700000, 0x0000000706600000| Complete 
|  31|0x0000000706700000, 0x0000000706800000, 0x0000000706800000|100%|HC|  |TAMS 0x0000000706800000, 0x0000000706700000| Complete 
|  32|0x0000000706800000, 0x0000000706900000, 0x0000000706900000|100%|HC|  |TAMS 0x0000000706900000, 0x0000000706800000| Complete 
|  33|0x0000000706900000, 0x0000000706a00000, 0x0000000706a00000|100%|HC|  |TAMS 0x0000000706a00000, 0x0000000706900000| Complete 
|  34|0x0000000706a00000, 0x0000000706b00000, 0x0000000706b00000|100%|HS|  |TAMS 0x0000000706b00000, 0x0000000706a00000| Complete 
|  35|0x0000000706b00000, 0x0000000706c00000, 0x0000000706c00000|100%|HC|  |TAMS 0x0000000706c00000, 0x0000000706b00000| Complete 
|  36|0x0000000706c00000, 0x0000000706d00000, 0x0000000706d00000|100%|HC|  |TAMS 0x0000000706d00000, 0x0000000706c00000| Complete 
|  37|0x0000000706d00000, 0x0000000706e00000, 0x0000000706e00000|100%|HC|  |TAMS 0x0000000706e00000, 0x0000000706d00000| Complete 
|  38|0x0000000706e00000, 0x0000000706f00000, 0x0000000706f00000|100%| O|  |TAMS 0x0000000706f00000, 0x0000000706e00000| Untracked 
|  39|0x0000000706f00000, 0x0000000707000000, 0x0000000707000000|100%| O|  |TAMS 0x0000000707000000, 0x0000000706f00000| Untracked 
|  40|0x0000000707000000, 0x0000000707100000, 0x0000000707100000|100%| O|  |TAMS 0x0000000707100000, 0x0000000707000000| Untracked 
|  41|0x0000000707100000, 0x00000007071f3000, 0x0000000707200000| 94%| O|  |TAMS 0x00000007071f3000, 0x0000000707100000| Untracked 
|  42|0x0000000707200000, 0x0000000707300000, 0x0000000707300000|100%|HS|  |TAMS 0x0000000707300000, 0x0000000707200000| Complete 
|  43|0x0000000707300000, 0x0000000707400000, 0x0000000707400000|100%|HC|  |TAMS 0x0000000707400000, 0x0000000707300000| Complete 
|  44|0x0000000707400000, 0x0000000707500000, 0x0000000707500000|100%|HC|  |TAMS 0x0000000707500000, 0x0000000707400000| Complete 
|  45|0x0000000707500000, 0x0000000707600000, 0x0000000707600000|100%|HC|  |TAMS 0x0000000707600000, 0x0000000707500000| Complete 
|  46|0x0000000707600000, 0x0000000707700000, 0x0000000707700000|100%|HS|  |TAMS 0x0000000707700000, 0x0000000707600000| Complete 
|  47|0x0000000707700000, 0x0000000707800000, 0x0000000707800000|100%|HC|  |TAMS 0x0000000707800000, 0x0000000707700000| Complete 
|  48|0x0000000707800000, 0x0000000707900000, 0x0000000707900000|100%|HC|  |TAMS 0x0000000707900000, 0x0000000707800000| Complete 
|  49|0x0000000707900000, 0x0000000707a00000, 0x0000000707a00000|100%|HC|  |TAMS 0x0000000707a00000, 0x0000000707900000| Complete 
|  50|0x0000000707a00000, 0x0000000707b00000, 0x0000000707b00000|100%|HS|  |TAMS 0x0000000707b00000, 0x0000000707a00000| Complete 
|  51|0x0000000707b00000, 0x0000000707c00000, 0x0000000707c00000|100%|HC|  |TAMS 0x0000000707c00000, 0x0000000707b00000| Complete 
|  52|0x0000000707c00000, 0x0000000707d00000, 0x0000000707d00000|100%|HS|  |TAMS 0x0000000707d00000, 0x0000000707c00000| Complete 
|  53|0x0000000707d00000, 0x0000000707e00000, 0x0000000707e00000|100%|HS|  |TAMS 0x0000000707d00000, 0x0000000707d00000| Complete 
|  54|0x0000000707e00000, 0x0000000707f00000, 0x0000000707f00000|100%|HS|  |TAMS 0x0000000707f00000, 0x0000000707e00000| Complete 
|  55|0x0000000707f00000, 0x0000000707f00000, 0x0000000708000000|  0%| F|  |TAMS 0x0000000707f00000, 0x0000000707f00000| Untracked 
|  56|0x0000000708000000, 0x0000000708100000, 0x0000000708100000|100%|HS|  |TAMS 0x0000000708100000, 0x0000000708000000| Complete 
|  57|0x0000000708100000, 0x0000000708200000, 0x0000000708200000|100%|HC|  |TAMS 0x0000000708200000, 0x0000000708100000| Complete 
|  58|0x0000000708200000, 0x0000000708300000, 0x0000000708300000|100%|HS|  |TAMS 0x0000000708300000, 0x0000000708200000| Complete 
|  59|0x0000000708300000, 0x0000000708400000, 0x0000000708400000|100%|HC|  |TAMS 0x0000000708400000, 0x0000000708300000| Complete 
|  60|0x0000000708400000, 0x0000000708500000, 0x0000000708500000|100%|HS|  |TAMS 0x0000000708500000, 0x0000000708400000| Complete 
|  61|0x0000000708500000, 0x0000000708600000, 0x0000000708600000|100%|HC|  |TAMS 0x0000000708600000, 0x0000000708500000| Complete 
|  62|0x0000000708600000, 0x0000000708700000, 0x0000000708700000|100%|HS|  |TAMS 0x0000000708700000, 0x0000000708600000| Complete 
|  63|0x0000000708700000, 0x0000000708700000, 0x0000000708800000|  0%| F|  |TAMS 0x0000000708700000, 0x0000000708700000| Untracked 
|  64|0x0000000708800000, 0x0000000708900000, 0x0000000708900000|100%|HS|  |TAMS 0x0000000708900000, 0x0000000708800000| Complete 
|  65|0x0000000708900000, 0x0000000708900000, 0x0000000708a00000|  0%| F|  |TAMS 0x0000000708900000, 0x0000000708900000| Untracked 
|  66|0x0000000708a00000, 0x0000000708b00000, 0x0000000708b00000|100%|HS|  |TAMS 0x0000000708b00000, 0x0000000708a00000| Complete 
|  67|0x0000000708b00000, 0x0000000708c00000, 0x0000000708c00000|100%|HC|  |TAMS 0x0000000708c00000, 0x0000000708b00000| Complete 
|  68|0x0000000708c00000, 0x0000000708d00000, 0x0000000708d00000|100%|HC|  |TAMS 0x0000000708d00000, 0x0000000708c00000| Complete 
|  69|0x0000000708d00000, 0x0000000708e00000, 0x0000000708e00000|100%|HC|  |TAMS 0x0000000708e00000, 0x0000000708d00000| Complete 
|  70|0x0000000708e00000, 0x0000000708f00000, 0x0000000708f00000|100%|HS|  |TAMS 0x0000000708f00000, 0x0000000708e00000| Complete 
|  71|0x0000000708f00000, 0x0000000709000000, 0x0000000709000000|100%|HC|  |TAMS 0x0000000709000000, 0x0000000708f00000| Complete 
|  72|0x0000000709000000, 0x0000000709100000, 0x0000000709100000|100%|HC|  |TAMS 0x0000000709100000, 0x0000000709000000| Complete 
|  73|0x0000000709100000, 0x0000000709200000, 0x0000000709200000|100%|HC|  |TAMS 0x0000000709200000, 0x0000000709100000| Complete 
|  74|0x0000000709200000, 0x0000000709200000, 0x0000000709300000|  0%| F|  |TAMS 0x0000000709200000, 0x0000000709200000| Untracked 
|  75|0x0000000709300000, 0x0000000709400000, 0x0000000709400000|100%|HS|  |TAMS 0x0000000709400000, 0x0000000709300000| Complete 
|  76|0x0000000709400000, 0x0000000709500000, 0x0000000709500000|100%|HC|  |TAMS 0x0000000709500000, 0x0000000709400000| Complete 
|  77|0x0000000709500000, 0x0000000709600000, 0x0000000709600000|100%|HC|  |TAMS 0x0000000709600000, 0x0000000709500000| Complete 
|  78|0x0000000709600000, 0x0000000709700000, 0x0000000709700000|100%|HC|  |TAMS 0x0000000709700000, 0x0000000709600000| Complete 
|  79|0x0000000709700000, 0x0000000709800000, 0x0000000709800000|100%|HS|  |TAMS 0x0000000709800000, 0x0000000709700000| Complete 
|  80|0x0000000709800000, 0x0000000709900000, 0x0000000709900000|100%|HC|  |TAMS 0x0000000709900000, 0x0000000709800000| Complete 
|  81|0x0000000709900000, 0x0000000709900000, 0x0000000709a00000|  0%| F|  |TAMS 0x0000000709900000, 0x0000000709900000| Untracked 
|  82|0x0000000709a00000, 0x0000000709a00000, 0x0000000709b00000|  0%| F|  |TAMS 0x0000000709a00000, 0x0000000709a00000| Untracked 
|  83|0x0000000709b00000, 0x0000000709c00000, 0x0000000709c00000|100%|HS|  |TAMS 0x0000000709c00000, 0x0000000709b00000| Complete 
|  84|0x0000000709c00000, 0x0000000709d00000, 0x0000000709d00000|100%|HC|  |TAMS 0x0000000709d00000, 0x0000000709c00000| Complete 
|  85|0x0000000709d00000, 0x0000000709e00000, 0x0000000709e00000|100%|HC|  |TAMS 0x0000000709e00000, 0x0000000709d00000| Complete 
|  86|0x0000000709e00000, 0x0000000709f00000, 0x0000000709f00000|100%|HC|  |TAMS 0x0000000709f00000, 0x0000000709e00000| Complete 
|  87|0x0000000709f00000, 0x0000000709f00000, 0x000000070a000000|  0%| F|  |TAMS 0x0000000709f00000, 0x0000000709f00000| Untracked 
|  88|0x000000070a000000, 0x000000070a000000, 0x000000070a100000|  0%| F|  |TAMS 0x000000070a000000, 0x000000070a000000| Untracked 
|  89|0x000000070a100000, 0x000000070a200000, 0x000000070a200000|100%|HS|  |TAMS 0x000000070a200000, 0x000000070a100000| Complete 
|  90|0x000000070a200000, 0x000000070a300000, 0x000000070a300000|100%|HC|  |TAMS 0x000000070a300000, 0x000000070a200000| Complete 
|  91|0x000000070a300000, 0x000000070a400000, 0x000000070a400000|100%|HS|  |TAMS 0x000000070a400000, 0x000000070a300000| Complete 
|  92|0x000000070a400000, 0x000000070a500000, 0x000000070a500000|100%|HC|  |TAMS 0x000000070a500000, 0x000000070a400000| Complete 
|  93|0x000000070a500000, 0x000000070a500000, 0x000000070a600000|  0%| F|  |TAMS 0x000000070a500000, 0x000000070a500000| Untracked 
|  94|0x000000070a600000, 0x000000070a600000, 0x000000070a700000|  0%| F|  |TAMS 0x000000070a600000, 0x000000070a600000| Untracked 
|  95|0x000000070a700000, 0x000000070a800000, 0x000000070a800000|100%|HS|  |TAMS 0x000000070a800000, 0x000000070a700000| Complete 
|  96|0x000000070a800000, 0x000000070a900000, 0x000000070a900000|100%|HC|  |TAMS 0x000000070a900000, 0x000000070a800000| Complete 
|  97|0x000000070a900000, 0x000000070a900000, 0x000000070aa00000|  0%| F|  |TAMS 0x000000070a900000, 0x000000070a900000| Untracked 
|  98|0x000000070aa00000, 0x000000070aa00000, 0x000000070ab00000|  0%| F|  |TAMS 0x000000070aa00000, 0x000000070aa00000| Untracked 
|  99|0x000000070ab00000, 0x000000070ac00000, 0x000000070ac00000|100%|HS|  |TAMS 0x000000070ac00000, 0x000000070ab00000| Complete 
| 100|0x000000070ac00000, 0x000000070ad00000, 0x000000070ad00000|100%|HC|  |TAMS 0x000000070ad00000, 0x000000070ac00000| Complete 
| 101|0x000000070ad00000, 0x000000070ae00000, 0x000000070ae00000|100%|HC|  |TAMS 0x000000070ae00000, 0x000000070ad00000| Complete 
| 102|0x000000070ae00000, 0x000000070af00000, 0x000000070af00000|100%|HC|  |TAMS 0x000000070af00000, 0x000000070ae00000| Complete 
| 103|0x000000070af00000, 0x000000070b000000, 0x000000070b000000|100%|HS|  |TAMS 0x000000070b000000, 0x000000070af00000| Complete 
| 104|0x000000070b000000, 0x000000070b100000, 0x000000070b100000|100%|HC|  |TAMS 0x000000070b100000, 0x000000070b000000| Complete 
| 105|0x000000070b100000, 0x000000070b200000, 0x000000070b200000|100%|HS|  |TAMS 0x000000070b200000, 0x000000070b100000| Complete 
| 106|0x000000070b200000, 0x000000070b300000, 0x000000070b300000|100%|HC|  |TAMS 0x000000070b300000, 0x000000070b200000| Complete 
| 107|0x000000070b300000, 0x000000070b400000, 0x000000070b400000|100%|HS|  |TAMS 0x000000070b400000, 0x000000070b300000| Complete 
| 108|0x000000070b400000, 0x000000070b500000, 0x000000070b500000|100%|HC|  |TAMS 0x000000070b500000, 0x000000070b400000| Complete 
| 109|0x000000070b500000, 0x000000070b600000, 0x000000070b600000|100%|HS|  |TAMS 0x000000070b600000, 0x000000070b500000| Complete 
| 110|0x000000070b600000, 0x000000070b700000, 0x000000070b700000|100%|HC|  |TAMS 0x000000070b700000, 0x000000070b600000| Complete 
| 111|0x000000070b700000, 0x000000070b800000, 0x000000070b800000|100%|HS|  |TAMS 0x000000070b800000, 0x000000070b700000| Complete 
| 112|0x000000070b800000, 0x000000070b900000, 0x000000070b900000|100%|HC|  |TAMS 0x000000070b900000, 0x000000070b800000| Complete 
| 113|0x000000070b900000, 0x000000070ba00000, 0x000000070ba00000|100%|HS|  |TAMS 0x000000070b900000, 0x000000070b900000| Complete 
| 114|0x000000070ba00000, 0x000000070bb00000, 0x000000070bb00000|100%|HC|  |TAMS 0x000000070ba00000, 0x000000070ba00000| Complete 
| 115|0x000000070bb00000, 0x000000070bc00000, 0x000000070bc00000|100%|HC|  |TAMS 0x000000070bb00000, 0x000000070bb00000| Complete 
| 116|0x000000070bc00000, 0x000000070bd00000, 0x000000070bd00000|100%|HC|  |TAMS 0x000000070bc00000, 0x000000070bc00000| Complete 
| 117|0x000000070bd00000, 0x000000070bd00000, 0x000000070be00000|  0%| F|  |TAMS 0x000000070bd00000, 0x000000070bd00000| Untracked 
| 118|0x000000070be00000, 0x000000070be00000, 0x000000070bf00000|  0%| F|  |TAMS 0x000000070be00000, 0x000000070be00000| Untracked 
| 119|0x000000070bf00000, 0x000000070bf00000, 0x000000070c000000|  0%| F|  |TAMS 0x000000070bf00000, 0x000000070bf00000| Untracked 
| 120|0x000000070c000000, 0x000000070c000000, 0x000000070c100000|  0%| F|  |TAMS 0x000000070c000000, 0x000000070c000000| Untracked 
| 121|0x000000070c100000, 0x000000070c100000, 0x000000070c200000|  0%| F|  |TAMS 0x000000070c100000, 0x000000070c100000| Untracked 
| 122|0x000000070c200000, 0x000000070c200000, 0x000000070c300000|  0%| F|  |TAMS 0x000000070c200000, 0x000000070c200000| Untracked 
| 123|0x000000070c300000, 0x000000070c300000, 0x000000070c400000|  0%| F|  |TAMS 0x000000070c300000, 0x000000070c300000| Untracked 
| 124|0x000000070c400000, 0x000000070c400000, 0x000000070c500000|  0%| F|  |TAMS 0x000000070c400000, 0x000000070c400000| Untracked 
| 125|0x000000070c500000, 0x000000070c500000, 0x000000070c600000|  0%| F|  |TAMS 0x000000070c500000, 0x000000070c500000| Untracked 
| 126|0x000000070c600000, 0x000000070c600000, 0x000000070c700000|  0%| F|  |TAMS 0x000000070c600000, 0x000000070c600000| Untracked 
| 127|0x000000070c700000, 0x000000070c700000, 0x000000070c800000|  0%| F|  |TAMS 0x000000070c700000, 0x000000070c700000| Untracked 
| 128|0x000000070c800000, 0x000000070c800000, 0x000000070c900000|  0%| F|  |TAMS 0x000000070c800000, 0x000000070c800000| Untracked 
| 129|0x000000070c900000, 0x000000070c900000, 0x000000070ca00000|  0%| F|  |TAMS 0x000000070c900000, 0x000000070c900000| Untracked 
| 130|0x000000070ca00000, 0x000000070ca00000, 0x000000070cb00000|  0%| F|  |TAMS 0x000000070ca00000, 0x000000070ca00000| Untracked 
| 131|0x000000070cb00000, 0x000000070cb00000, 0x000000070cc00000|  0%| F|  |TAMS 0x000000070cb00000, 0x000000070cb00000| Untracked 
| 132|0x000000070cc00000, 0x000000070cc00000, 0x000000070cd00000|  0%| F|  |TAMS 0x000000070cc00000, 0x000000070cc00000| Untracked 
| 133|0x000000070cd00000, 0x000000070cd00000, 0x000000070ce00000|  0%| F|  |TAMS 0x000000070cd00000, 0x000000070cd00000| Untracked 
| 134|0x000000070ce00000, 0x000000070ce00000, 0x000000070cf00000|  0%| F|  |TAMS 0x000000070ce00000, 0x000000070ce00000| Untracked 
| 135|0x000000070cf00000, 0x000000070cf00000, 0x000000070d000000|  0%| F|  |TAMS 0x000000070cf00000, 0x000000070cf00000| Untracked 
| 136|0x000000070d000000, 0x000000070d000000, 0x000000070d100000|  0%| F|  |TAMS 0x000000070d000000, 0x000000070d000000| Untracked 
| 137|0x000000070d100000, 0x000000070d100000, 0x000000070d200000|  0%| F|  |TAMS 0x000000070d100000, 0x000000070d100000| Untracked 
| 138|0x000000070d200000, 0x000000070d200000, 0x000000070d300000|  0%| F|  |TAMS 0x000000070d200000, 0x000000070d200000| Untracked 
| 139|0x000000070d300000, 0x000000070d300000, 0x000000070d400000|  0%| F|  |TAMS 0x000000070d300000, 0x000000070d300000| Untracked 
| 140|0x000000070d400000, 0x000000070d400000, 0x000000070d500000|  0%| F|  |TAMS 0x000000070d400000, 0x000000070d400000| Untracked 
| 141|0x000000070d500000, 0x000000070d500000, 0x000000070d600000|  0%| F|  |TAMS 0x000000070d500000, 0x000000070d500000| Untracked 
| 142|0x000000070d600000, 0x000000070d600000, 0x000000070d700000|  0%| F|  |TAMS 0x000000070d600000, 0x000000070d600000| Untracked 
| 143|0x000000070d700000, 0x000000070d700000, 0x000000070d800000|  0%| F|  |TAMS 0x000000070d700000, 0x000000070d700000| Untracked 
| 144|0x000000070d800000, 0x000000070d800000, 0x000000070d900000|  0%| F|  |TAMS 0x000000070d800000, 0x000000070d800000| Untracked 
| 145|0x000000070d900000, 0x000000070d900000, 0x000000070da00000|  0%| F|  |TAMS 0x000000070d900000, 0x000000070d900000| Untracked 
| 146|0x000000070da00000, 0x000000070da00000, 0x000000070db00000|  0%| F|  |TAMS 0x000000070da00000, 0x000000070da00000| Untracked 
| 147|0x000000070db00000, 0x000000070db00000, 0x000000070dc00000|  0%| F|  |TAMS 0x000000070db00000, 0x000000070db00000| Untracked 
| 148|0x000000070dc00000, 0x000000070dc00000, 0x000000070dd00000|  0%| F|  |TAMS 0x000000070dc00000, 0x000000070dc00000| Untracked 
| 149|0x000000070dd00000, 0x000000070dd00000, 0x000000070de00000|  0%| F|  |TAMS 0x000000070dd00000, 0x000000070dd00000| Untracked 
| 150|0x000000070de00000, 0x000000070de00000, 0x000000070df00000|  0%| F|  |TAMS 0x000000070de00000, 0x000000070de00000| Untracked 
| 151|0x000000070df00000, 0x000000070df00000, 0x000000070e000000|  0%| F|  |TAMS 0x000000070df00000, 0x000000070df00000| Untracked 
| 152|0x000000070e000000, 0x000000070e000000, 0x000000070e100000|  0%| F|  |TAMS 0x000000070e000000, 0x000000070e000000| Untracked 
| 153|0x000000070e100000, 0x000000070e100000, 0x000000070e200000|  0%| F|  |TAMS 0x000000070e100000, 0x000000070e100000| Untracked 
| 154|0x000000070e200000, 0x000000070e200000, 0x000000070e300000|  0%| F|  |TAMS 0x000000070e200000, 0x000000070e200000| Untracked 
| 155|0x000000070e300000, 0x000000070e300000, 0x000000070e400000|  0%| F|  |TAMS 0x000000070e300000, 0x000000070e300000| Untracked 
| 156|0x000000070e400000, 0x000000070e400000, 0x000000070e500000|  0%| F|  |TAMS 0x000000070e400000, 0x000000070e400000| Untracked 
| 157|0x000000070e500000, 0x000000070e500000, 0x000000070e600000|  0%| F|  |TAMS 0x000000070e500000, 0x000000070e500000| Untracked 
| 158|0x000000070e600000, 0x000000070e600000, 0x000000070e700000|  0%| F|  |TAMS 0x000000070e600000, 0x000000070e600000| Untracked 
| 159|0x000000070e700000, 0x000000070e700000, 0x000000070e800000|  0%| F|  |TAMS 0x000000070e700000, 0x000000070e700000| Untracked 
| 160|0x000000070e800000, 0x000000070e800000, 0x000000070e900000|  0%| F|  |TAMS 0x000000070e800000, 0x000000070e800000| Untracked 
| 161|0x000000070e900000, 0x000000070e900000, 0x000000070ea00000|  0%| F|  |TAMS 0x000000070e900000, 0x000000070e900000| Untracked 
| 162|0x000000070ea00000, 0x000000070ea00000, 0x000000070eb00000|  0%| F|  |TAMS 0x000000070ea00000, 0x000000070ea00000| Untracked 
| 163|0x000000070eb00000, 0x000000070eb00000, 0x000000070ec00000|  0%| F|  |TAMS 0x000000070eb00000, 0x000000070eb00000| Untracked 
| 164|0x000000070ec00000, 0x000000070ec00000, 0x000000070ed00000|  0%| F|  |TAMS 0x000000070ec00000, 0x000000070ec00000| Untracked 
| 165|0x000000070ed00000, 0x000000070ed00000, 0x000000070ee00000|  0%| F|  |TAMS 0x000000070ed00000, 0x000000070ed00000| Untracked 
| 166|0x000000070ee00000, 0x000000070ee00000, 0x000000070ef00000|  0%| F|  |TAMS 0x000000070ee00000, 0x000000070ee00000| Untracked 
| 167|0x000000070ef00000, 0x000000070ef00000, 0x000000070f000000|  0%| F|  |TAMS 0x000000070ef00000, 0x000000070ef00000| Untracked 
| 168|0x000000070f000000, 0x000000070f000000, 0x000000070f100000|  0%| F|  |TAMS 0x000000070f000000, 0x000000070f000000| Untracked 
| 169|0x000000070f100000, 0x000000070f100000, 0x000000070f200000|  0%| F|  |TAMS 0x000000070f100000, 0x000000070f100000| Untracked 
| 170|0x000000070f200000, 0x000000070f200000, 0x000000070f300000|  0%| F|  |TAMS 0x000000070f200000, 0x000000070f200000| Untracked 
| 171|0x000000070f300000, 0x000000070f300000, 0x000000070f400000|  0%| F|  |TAMS 0x000000070f300000, 0x000000070f300000| Untracked 
| 172|0x000000070f400000, 0x000000070f400000, 0x000000070f500000|  0%| F|  |TAMS 0x000000070f400000, 0x000000070f400000| Untracked 
| 173|0x000000070f500000, 0x000000070f500000, 0x000000070f600000|  0%| F|  |TAMS 0x000000070f500000, 0x000000070f500000| Untracked 
| 174|0x000000070f600000, 0x000000070f600000, 0x000000070f700000|  0%| F|  |TAMS 0x000000070f600000, 0x000000070f600000| Untracked 
| 175|0x000000070f700000, 0x000000070f700000, 0x000000070f800000|  0%| F|  |TAMS 0x000000070f700000, 0x000000070f700000| Untracked 
| 176|0x000000070f800000, 0x000000070f800000, 0x000000070f900000|  0%| F|  |TAMS 0x000000070f800000, 0x000000070f800000| Untracked 
| 177|0x000000070f900000, 0x000000070f900000, 0x000000070fa00000|  0%| F|  |TAMS 0x000000070f900000, 0x000000070f900000| Untracked 
| 178|0x000000070fa00000, 0x000000070fa00000, 0x000000070fb00000|  0%| F|  |TAMS 0x000000070fa00000, 0x000000070fa00000| Untracked 
| 179|0x000000070fb00000, 0x000000070fb00000, 0x000000070fc00000|  0%| F|  |TAMS 0x000000070fb00000, 0x000000070fb00000| Untracked 
| 180|0x000000070fc00000, 0x000000070fc00000, 0x000000070fd00000|  0%| F|  |TAMS 0x000000070fc00000, 0x000000070fc00000| Untracked 
| 181|0x000000070fd00000, 0x000000070fd00000, 0x000000070fe00000|  0%| F|  |TAMS 0x000000070fd00000, 0x000000070fd00000| Untracked 
| 182|0x000000070fe00000, 0x000000070fe00000, 0x000000070ff00000|  0%| F|  |TAMS 0x000000070fe00000, 0x000000070fe00000| Untracked 
| 183|0x000000070ff00000, 0x000000070ff00000, 0x0000000710000000|  0%| F|  |TAMS 0x000000070ff00000, 0x000000070ff00000| Untracked 
| 184|0x0000000710000000, 0x0000000710000000, 0x0000000710100000|  0%| F|  |TAMS 0x0000000710000000, 0x0000000710000000| Untracked 
| 185|0x0000000710100000, 0x0000000710100000, 0x0000000710200000|  0%| F|  |TAMS 0x0000000710100000, 0x0000000710100000| Untracked 
| 186|0x0000000710200000, 0x0000000710200000, 0x0000000710300000|  0%| F|  |TAMS 0x0000000710200000, 0x0000000710200000| Untracked 
| 187|0x0000000710300000, 0x0000000710300000, 0x0000000710400000|  0%| F|  |TAMS 0x0000000710300000, 0x0000000710300000| Untracked 
| 188|0x0000000710400000, 0x0000000710400000, 0x0000000710500000|  0%| F|  |TAMS 0x0000000710400000, 0x0000000710400000| Untracked 
| 189|0x0000000710500000, 0x0000000710500000, 0x0000000710600000|  0%| F|  |TAMS 0x0000000710500000, 0x0000000710500000| Untracked 
| 190|0x0000000710600000, 0x0000000710600800, 0x0000000710700000|  0%| E|  |TAMS 0x0000000710600000, 0x0000000710600000| Complete 
| 191|0x0000000710700000, 0x0000000710800000, 0x0000000710800000|100%| E|CS|TAMS 0x0000000710700000, 0x0000000710700000| Complete 
| 192|0x0000000710800000, 0x0000000710900000, 0x0000000710900000|100%| E|CS|TAMS 0x0000000710800000, 0x0000000710800000| Complete 
| 193|0x0000000710900000, 0x0000000710a00000, 0x0000000710a00000|100%| E|CS|TAMS 0x0000000710900000, 0x0000000710900000| Complete 
| 194|0x0000000710a00000, 0x0000000710b00000, 0x0000000710b00000|100%| E|CS|TAMS 0x0000000710a00000, 0x0000000710a00000| Complete 
| 195|0x0000000710b00000, 0x0000000710c00000, 0x0000000710c00000|100%| E|CS|TAMS 0x0000000710b00000, 0x0000000710b00000| Complete 
| 196|0x0000000710c00000, 0x0000000710d00000, 0x0000000710d00000|100%| E|CS|TAMS 0x0000000710c00000, 0x0000000710c00000| Complete 
| 197|0x0000000710d00000, 0x0000000710e00000, 0x0000000710e00000|100%| E|CS|TAMS 0x0000000710d00000, 0x0000000710d00000| Complete 
| 198|0x0000000710e00000, 0x0000000710f00000, 0x0000000710f00000|100%| E|CS|TAMS 0x0000000710e00000, 0x0000000710e00000| Complete 
| 199|0x0000000710f00000, 0x0000000711000000, 0x0000000711000000|100%| E|CS|TAMS 0x0000000710f00000, 0x0000000710f00000| Complete 
| 200|0x0000000711000000, 0x0000000711100000, 0x0000000711100000|100%| E|CS|TAMS 0x0000000711000000, 0x0000000711000000| Complete 
| 201|0x0000000711100000, 0x0000000711200000, 0x0000000711200000|100%| E|CS|TAMS 0x0000000711100000, 0x0000000711100000| Complete 
| 202|0x0000000711200000, 0x0000000711300000, 0x0000000711300000|100%| E|CS|TAMS 0x0000000711200000, 0x0000000711200000| Complete 
| 203|0x0000000711300000, 0x0000000711400000, 0x0000000711400000|100%| E|CS|TAMS 0x0000000711300000, 0x0000000711300000| Complete 
| 204|0x0000000711400000, 0x0000000711500000, 0x0000000711500000|100%| E|CS|TAMS 0x0000000711400000, 0x0000000711400000| Complete 
| 205|0x0000000711500000, 0x0000000711600000, 0x0000000711600000|100%| E|CS|TAMS 0x0000000711500000, 0x0000000711500000| Complete 
| 206|0x0000000711600000, 0x0000000711700000, 0x0000000711700000|100%| E|CS|TAMS 0x0000000711600000, 0x0000000711600000| Complete 
| 207|0x0000000711700000, 0x0000000711800000, 0x0000000711800000|100%| E|CS|TAMS 0x0000000711700000, 0x0000000711700000| Complete 
| 208|0x0000000711800000, 0x0000000711900000, 0x0000000711900000|100%| E|CS|TAMS 0x0000000711800000, 0x0000000711800000| Complete 
| 209|0x0000000711900000, 0x0000000711a00000, 0x0000000711a00000|100%| E|CS|TAMS 0x0000000711900000, 0x0000000711900000| Complete 
| 210|0x0000000711a00000, 0x0000000711b00000, 0x0000000711b00000|100%| E|  |TAMS 0x0000000711a00000, 0x0000000711a00000| Complete 
| 211|0x0000000711b00000, 0x0000000711c00000, 0x0000000711c00000|100%| E|CS|TAMS 0x0000000711b00000, 0x0000000711b00000| Complete 
| 212|0x0000000711c00000, 0x0000000711d00000, 0x0000000711d00000|100%| E|CS|TAMS 0x0000000711c00000, 0x0000000711c00000| Complete 
| 213|0x0000000711d00000, 0x0000000711d43410, 0x0000000711e00000| 26%| S|CS|TAMS 0x0000000711d00000, 0x0000000711d00000| Complete 
| 214|0x0000000711e00000, 0x0000000711f00000, 0x0000000711f00000|100%| E|CS|TAMS 0x0000000711e00000, 0x0000000711e00000| Complete 
| 215|0x0000000711f00000, 0x0000000712000000, 0x0000000712000000|100%| E|CS|TAMS 0x0000000711f00000, 0x0000000711f00000| Complete 
| 216|0x0000000712000000, 0x0000000712100000, 0x0000000712100000|100%| E|CS|TAMS 0x0000000712000000, 0x0000000712000000| Complete 
| 217|0x0000000712100000, 0x0000000712200000, 0x0000000712200000|100%| E|CS|TAMS 0x0000000712100000, 0x0000000712100000| Complete 
| 218|0x0000000712200000, 0x0000000712300000, 0x0000000712300000|100%| E|CS|TAMS 0x0000000712200000, 0x0000000712200000| Complete 
| 219|0x0000000712300000, 0x0000000712400000, 0x0000000712400000|100%| E|CS|TAMS 0x0000000712300000, 0x0000000712300000| Complete 
| 220|0x0000000712400000, 0x0000000712500000, 0x0000000712500000|100%| E|CS|TAMS 0x0000000712400000, 0x0000000712400000| Complete 
| 221|0x0000000712500000, 0x0000000712600000, 0x0000000712600000|100%| E|CS|TAMS 0x0000000712500000, 0x0000000712500000| Complete 
| 222|0x0000000712600000, 0x0000000712700000, 0x0000000712700000|100%| E|CS|TAMS 0x0000000712600000, 0x0000000712600000| Complete 
| 223|0x0000000712700000, 0x0000000712800000, 0x0000000712800000|100%| E|CS|TAMS 0x0000000712700000, 0x0000000712700000| Complete 
| 224|0x0000000712800000, 0x0000000712900000, 0x0000000712900000|100%| E|CS|TAMS 0x0000000712800000, 0x0000000712800000| Complete 
| 225|0x0000000712900000, 0x0000000712a00000, 0x0000000712a00000|100%| E|CS|TAMS 0x0000000712900000, 0x0000000712900000| Complete 
| 226|0x0000000712a00000, 0x0000000712b00000, 0x0000000712b00000|100%| E|CS|TAMS 0x0000000712a00000, 0x0000000712a00000| Complete 
| 227|0x0000000712b00000, 0x0000000712c00000, 0x0000000712c00000|100%| E|CS|TAMS 0x0000000712b00000, 0x0000000712b00000| Complete 
| 228|0x0000000712c00000, 0x0000000712d00000, 0x0000000712d00000|100%| E|CS|TAMS 0x0000000712c00000, 0x0000000712c00000| Complete 
| 229|0x0000000712d00000, 0x0000000712e00000, 0x0000000712e00000|100%| E|CS|TAMS 0x0000000712d00000, 0x0000000712d00000| Complete 
| 230|0x0000000712e00000, 0x0000000712f00000, 0x0000000712f00000|100%| E|CS|TAMS 0x0000000712e00000, 0x0000000712e00000| Complete 
| 231|0x0000000712f00000, 0x0000000713000000, 0x0000000713000000|100%| E|CS|TAMS 0x0000000712f00000, 0x0000000712f00000| Complete 
| 232|0x0000000713000000, 0x0000000713100000, 0x0000000713100000|100%| E|CS|TAMS 0x0000000713000000, 0x0000000713000000| Complete 
| 233|0x0000000713100000, 0x0000000713200000, 0x0000000713200000|100%| E|CS|TAMS 0x0000000713100000, 0x0000000713100000| Complete 
| 234|0x0000000713200000, 0x0000000713300000, 0x0000000713300000|100%| E|CS|TAMS 0x0000000713200000, 0x0000000713200000| Complete 
| 235|0x0000000713300000, 0x0000000713400000, 0x0000000713400000|100%| E|CS|TAMS 0x0000000713300000, 0x0000000713300000| Complete 
| 236|0x0000000713400000, 0x0000000713500000, 0x0000000713500000|100%| E|CS|TAMS 0x0000000713400000, 0x0000000713400000| Complete 
| 237|0x0000000713500000, 0x0000000713600000, 0x0000000713600000|100%| E|CS|TAMS 0x0000000713500000, 0x0000000713500000| Complete 
| 238|0x0000000713600000, 0x0000000713700000, 0x0000000713700000|100%| E|CS|TAMS 0x0000000713600000, 0x0000000713600000| Complete 
| 239|0x0000000713700000, 0x0000000713800000, 0x0000000713800000|100%| E|CS|TAMS 0x0000000713700000, 0x0000000713700000| Complete 
| 240|0x0000000713800000, 0x0000000713900000, 0x0000000713900000|100%| E|CS|TAMS 0x0000000713800000, 0x0000000713800000| Complete 
| 241|0x0000000713900000, 0x0000000713a00000, 0x0000000713a00000|100%| E|CS|TAMS 0x0000000713900000, 0x0000000713900000| Complete 
| 242|0x0000000713a00000, 0x0000000713b00000, 0x0000000713b00000|100%| E|CS|TAMS 0x0000000713a00000, 0x0000000713a00000| Complete 
| 243|0x0000000713b00000, 0x0000000713c00000, 0x0000000713c00000|100%| E|CS|TAMS 0x0000000713b00000, 0x0000000713b00000| Complete 
| 244|0x0000000713c00000, 0x0000000713d00000, 0x0000000713d00000|100%| E|CS|TAMS 0x0000000713c00000, 0x0000000713c00000| Complete 
| 245|0x0000000713d00000, 0x0000000713e00000, 0x0000000713e00000|100%| E|CS|TAMS 0x0000000713d00000, 0x0000000713d00000| Complete 
| 246|0x0000000713e00000, 0x0000000713f00000, 0x0000000713f00000|100%| E|CS|TAMS 0x0000000713e00000, 0x0000000713e00000| Complete 
| 247|0x0000000713f00000, 0x0000000714000000, 0x0000000714000000|100%| E|CS|TAMS 0x0000000713f00000, 0x0000000713f00000| Complete 
| 248|0x0000000714000000, 0x0000000714100000, 0x0000000714100000|100%| E|CS|TAMS 0x0000000714000000, 0x0000000714000000| Complete 
| 249|0x0000000714100000, 0x0000000714200000, 0x0000000714200000|100%| E|CS|TAMS 0x0000000714100000, 0x0000000714100000| Complete 
| 250|0x0000000714200000, 0x0000000714300000, 0x0000000714300000|100%| E|CS|TAMS 0x0000000714200000, 0x0000000714200000| Complete 
| 251|0x0000000714300000, 0x0000000714400000, 0x0000000714400000|100%| E|CS|TAMS 0x0000000714300000, 0x0000000714300000| Complete 

Card table byte_map: [0x000001c9c9700000,0x000001c9c9ee0000] _byte_map_base: 0x000001c9c5edc000

Marking Bits (Prev, Next): (CMBitMap*) 0x000001c9b0371b98, (CMBitMap*) 0x000001c9b0371bd0
 Prev Bits: [0x000001c9ca6c0000, 0x000001c9ce5a0000)
 Next Bits: [0x000001c9ce5a0000, 0x000001c9d2480000)

Polling page: 0x000001c9b03e0000

Metaspace:

Usage:
  Non-class:     20.31 MB capacity,    20.10 MB (>99%) used,   171.45 KB ( <1%) free+waste,    34.50 KB ( <1%) overhead. 
      Class:      2.40 MB capacity,     2.28 MB ( 95%) used,   106.37 KB (  4%) free+waste,    17.12 KB ( <1%) overhead. 
       Both:     22.71 MB capacity,    22.39 MB ( 99%) used,   277.81 KB (  1%) free+waste,    51.62 KB ( <1%) overhead. 

Virtual space:
  Non-class space:       22.00 MB reserved,      20.50 MB ( 93%) committed 
      Class space:        1.00 GB reserved,       2.50 MB ( <1%) committed 
             Both:        1.02 GB reserved,      23.00 MB (  2%) committed 

Chunk freelists:
   Non-Class:  896 bytes
       Class:  512 bytes
        Both:  1.38 KB

CodeHeap 'non-profiled nmethods': size=120000Kb used=769Kb max_used=769Kb free=119230Kb
 bounds [0x000001c9c0e60000, 0x000001c9c10d0000, 0x000001c9c8390000]
CodeHeap 'profiled nmethods': size=120000Kb used=4088Kb max_used=4088Kb free=115911Kb
 bounds [0x000001c9b9930000, 0x000001c9b9d30000, 0x000001c9c0e60000]
CodeHeap 'non-nmethods': size=5760Kb used=1337Kb max_used=1390Kb free=4423Kb
 bounds [0x000001c9b9390000, 0x000001c9b9600000, 0x000001c9b9930000]
 total_blobs=2579 nmethods=1824 adapters=666
 compilation: enabled
              stopped_count=0, restarted_count=0
 full_count=0

Compilation events (10 events):
Event: 3.849 Thread 0x000001c9d524e000 nmethod 1833 0x000001c9b9d2be10 code [0x000001c9b9d2bfc0, 0x000001c9b9d2c388]
Event: 3.849 Thread 0x000001c9d524e000 1835       3       javax.media.j3d.Canvas3D::newDisplayList (9 bytes)
Event: 3.850 Thread 0x000001c9d524e000 nmethod 1835 0x000001c9b9d2c590 code [0x000001c9b9d2c740, 0x000001c9b9d2c968]
Event: 3.850 Thread 0x000001c9d524e000 1837       3       javax.media.j3d.DisplayListRenderMethod::buildIndividualDisplayList (63 bytes)
Event: 3.851 Thread 0x000001c9d524e000 nmethod 1837 0x000001c9b9d2ca90 code [0x000001c9b9d2ccc0, 0x000001c9b9d2d4c8]
Event: 3.851 Thread 0x000001c9d524e000 1838       3       javax.media.j3d.GeometryArrayRetained::setDlistTimeStamp (71 bytes)
Event: 3.851 Thread 0x000001c9d524e000 nmethod 1838 0x000001c9b9d2d890 code [0x000001c9b9d2da60, 0x000001c9b9d2df58]
Event: 3.854 Thread 0x000001c9d524e000 1839       1       java.util.concurrent.CopyOnWriteArrayList::getArray (5 bytes)
Event: 3.854 Thread 0x000001c9d524e000 nmethod 1839 0x000001c9c0f20410 code [0x000001c9c0f205a0, 0x000001c9c0f20658]
Event: 3.885 Thread 0x000001c9e08d1800 


GC Heap History (10 events):
Event: 2.659 GC heap before
{Heap before GC invocations=6 (full 0):
 garbage-first heap   total 258048K, used 167973K [0x0000000704800000, 0x0000000800000000)
  region size 1024K, 54 young (55296K), 1 survivors (1024K)
 Metaspace       used 20552K, capacity 20844K, committed 20992K, reserved 1069056K
  class space    used 2105K, capacity 2233K, committed 2304K, reserved 1048576K
}
Event: 2.660 GC heap after
{Heap after GC invocations=7 (full 0):
 garbage-first heap   total 258048K, used 76842K [0x0000000704800000, 0x0000000800000000)
  region size 1024K, 1 young (1024K), 1 survivors (1024K)
 Metaspace       used 20552K, capacity 20844K, committed 20992K, reserved 1069056K
  class space    used 2105K, capacity 2233K, committed 2304K, reserved 1048576K
}
Event: 2.852 GC heap before
{Heap before GC invocations=8 (full 0):
 garbage-first heap   total 258048K, used 167978K [0x0000000704800000, 0x0000000800000000)
  region size 1024K, 55 young (56320K), 1 survivors (1024K)
 Metaspace       used 20552K, capacity 20844K, committed 20992K, reserved 1069056K
  class space    used 2105K, capacity 2233K, committed 2304K, reserved 1048576K
}
Event: 2.852 GC heap after
{Heap after GC invocations=9 (full 0):
 garbage-first heap   total 258048K, used 85035K [0x0000000704800000, 0x0000000800000000)
  region size 1024K, 1 young (1024K), 1 survivors (1024K)
 Metaspace       used 20552K, capacity 20844K, committed 20992K, reserved 1069056K
  class space    used 2105K, capacity 2233K, committed 2304K, reserved 1048576K
}
Event: 2.989 GC heap before
{Heap before GC invocations=10 (full 0):
 garbage-first heap   total 258048K, used 154667K [0x0000000704800000, 0x0000000800000000)
  region size 1024K, 40 young (40960K), 1 survivors (1024K)
 Metaspace       used 20552K, capacity 20844K, committed 20992K, reserved 1069056K
  class space    used 2105K, capacity 2233K, committed 2304K, reserved 1048576K
}
Event: 2.990 GC heap after
{Heap after GC invocations=11 (full 0):
 garbage-first heap   total 258048K, used 93253K [0x0000000704800000, 0x0000000800000000)
  region size 1024K, 1 young (1024K), 1 survivors (1024K)
 Metaspace       used 20552K, capacity 20844K, committed 20992K, reserved 1069056K
  class space    used 2105K, capacity 2233K, committed 2304K, reserved 1048576K
}
Event: 3.097 GC heap before
{Heap before GC invocations=12 (full 0):
 garbage-first heap   total 258048K, used 137285K [0x0000000704800000, 0x0000000800000000)
  region size 1024K, 23 young (23552K), 1 survivors (1024K)
 Metaspace       used 20554K, capacity 20844K, committed 20992K, reserved 1069056K
  class space    used 2105K, capacity 2233K, committed 2304K, reserved 1048576K
}
Event: 3.098 GC heap after
{Heap after GC invocations=13 (full 0):
 garbage-first heap   total 258048K, used 89260K [0x0000000704800000, 0x0000000800000000)
  region size 1024K, 1 young (1024K), 1 survivors (1024K)
 Metaspace       used 20554K, capacity 20844K, committed 20992K, reserved 1069056K
  class space    used 2105K, capacity 2233K, committed 2304K, reserved 1048576K
}
Event: 3.273 GC heap before
{Heap before GC invocations=14 (full 0):
 garbage-first heap   total 258048K, used 152748K [0x0000000704800000, 0x0000000800000000)
  region size 1024K, 38 young (38912K), 1 survivors (1024K)
 Metaspace       used 20559K, capacity 20844K, committed 20992K, reserved 1069056K
  class space    used 2105K, capacity 2233K, committed 2304K, reserved 1048576K
}
Event: 3.274 GC heap after
{Heap after GC invocations=15 (full 0):
 garbage-first heap   total 258048K, used 97497K [0x0000000704800000, 0x0000000800000000)
  region size 1024K, 1 young (1024K), 1 survivors (1024K)
 Metaspace       used 20559K, capacity 20844K, committed 20992K, reserved 1069056K
  class space    used 2105K, capacity 2233K, committed 2304K, reserved 1048576K
}

Deoptimization events (10 events):
Event: 3.448 Thread 0x000001c9d6558000 Uncommon trap: reason=unstable_if action=reinterpret pc=0x000001c9c0ebaf7c method=javax.media.j3d.GroupRetained.addChild(Ljavax/media/j3d/Node;)V @ 14 c2
Event: 3.448 Thread 0x000001c9d6558000 Uncommon trap: reason=unstable_if action=reinterpret pc=0x000001c9c0ebb8f8 method=javax.media.j3d.GroupRetained.checkSetLive(Ljavax/media/j3d/NodeRetained;I[Ljavax/media/j3d/HashKey;Z[Ljavax/media/j3d/J3dMessage;ILjavax/media/j3d/NodeRetained;)V @ 20 c2
Event: 3.449 Thread 0x000001c9d6558000 Uncommon trap: reason=unstable_if action=reinterpret pc=0x000001c9c0ee85a4 method=javax.media.j3d.GeometryArrayRetained.computeBoundingBox(I[F)V @ 171 c2
Event: 3.466 Thread 0x000001c9d6558000 Uncommon trap: reason=unstable_if action=reinterpret pc=0x000001c9c0eaf77c method=java.util.ArrayList.<init>(I)V @ 5 c2
Event: 3.521 Thread 0x000001c9d6558000 Uncommon trap: reason=intrinsic_or_type_checked_inlining action=make_not_entrant pc=0x000001c9c0ecb3cc method=java.util.Arrays.copyOf([Ljava/lang/Object;ILjava/lang/Class;)[Ljava/lang/Object; @ 35 c2
Event: 3.736 Thread 0x000001c9d9752800 Uncommon trap: reason=unstable_if action=reinterpret pc=0x000001c9c0f07254 method=javax.media.j3d.BoundingBox.intersect(Ljavax/media/j3d/Bounds;)Z @ 84 c2
Event: 3.778 Thread 0x000001c9d9313800 Uncommon trap: reason=unstable_if action=reinterpret pc=0x000001c9c0ee4d88 method=javax.media.j3d.BoundingBox.set(Ljavax/media/j3d/Bounds;)V @ 1 c2
Event: 3.820 Thread 0x000001c9d9752800 Uncommon trap: reason=unstable_if action=reinterpret pc=0x000001c9c0f17180 method=javax.media.j3d.GeometryAtom.getRenderAtom(Ljavax/media/j3d/View;)Ljavax/media/j3d/RenderAtom; @ 19 c2
Event: 3.820 Thread 0x000001c9d9752800 Uncommon trap: reason=unstable_if action=reinterpret pc=0x000001c9c0f11514 method=javax.media.j3d.RenderAtom.inRenderBin()Z @ 8 c2
Event: 3.820 Thread 0x000001c9d9752800 Uncommon trap: reason=unstable_if action=reinterpret pc=0x000001c9c0f0f15c method=javax.media.j3d.RenderBin.processGeometryAtom(Ljavax/media/j3d/GeometryAtom;J)V @ 73 c2

Classes redefined (0 events):
No events

Internal exceptions (10 events):
Event: 0.582 Thread 0x000001c9b0310800 Exception <a 'java/lang/ClassNotFoundException'{0x0000000713c7b900}: RootPane> (0x0000000713c7b900) thrown at [./open/src/hotspot/share/classfile/systemDictionary.cpp, line 226]
Event: 0.582 Thread 0x000001c9b0310800 Implicit null exception at 0x000001c9c0e7c55e to 0x000001c9c0e7d428
Event: 0.582 Thread 0x000001c9b0310800 Implicit null exception at 0x000001c9c0e741af to 0x000001c9c0e74229
Event: 0.584 Thread 0x000001c9b0310800 Exception <a 'java/lang/ClassNotFoundException'{0x0000000713c7e7b0}: com/sun/swing/internal/plaf/metal/resources/spi/metalProvider> (0x0000000713c7e7b0) thrown at [./open/src/hotspot/share/classfile/systemDictionary.cpp, line 226]
Event: 0.585 Thread 0x000001c9b0310800 Exception <a 'java/lang/ClassNotFoundException'{0x0000000713c82860}: com/sun/swing/internal/plaf/basic/resources/spi/basicProvider> (0x0000000713c82860) thrown at [./open/src/hotspot/share/classfile/systemDictionary.cpp, line 226]
Event: 0.863 Thread 0x000001c9d6558000 Exception <a 'java/lang/ClassNotFoundException'{0x0000000713b058c8}: com/sun/swing/internal/plaf/synth/resources/spi/synthProvider> (0x0000000713b058c8) thrown at [./open/src/hotspot/share/classfile/systemDictionary.cpp, line 226]
Event: 0.922 Thread 0x000001c9d60ea000 Exception <a 'java/lang/NoSuchMethodError'{0x0000000713b83878}: 'void java.lang.invoke.DirectMethodHandle$Holder.invokeVirtual(java.lang.Object, java.lang.Object)'> (0x0000000713b83878) thrown at [./open/src/hotspot/share/interpreter/linkResolver.cpp, lin
Event: 0.940 Thread 0x000001c9d6558000 Exception <a 'java/lang/NoSuchMethodError'{0x0000000713a0c3e0}: 'void java.lang.invoke.DirectMethodHandle$Holder.invokeStaticInit(java.lang.Object)'> (0x0000000713a0c3e0) thrown at [./open/src/hotspot/share/interpreter/linkResolver.cpp, line 773]
Event: 0.947 Thread 0x000001c9d6558000 Exception <a 'java/lang/NoSuchMethodError'{0x0000000713a35750}: 'java.lang.Object java.lang.invoke.Invokers$Holder.linkToTargetMethod(java.lang.Object, int, java.lang.Object)'> (0x0000000713a35750) thrown at [./open/src/hotspot/share/interpreter/linkResol
Event: 3.778 Thread 0x000001c9d9313800 Implicit null exception at 0x000001c9c0ee4b6f to 0x000001c9c0ee4d74

Events (10 events):
Event: 3.853 Thread 0x000001c9e1216800 Thread exited: 0x000001c9e1216800
Event: 3.853 Executing VM operation: RevokeBias
Event: 3.853 Executing VM operation: RevokeBias done
Event: 3.853 Executing VM operation: RevokeBias
Event: 3.854 Executing VM operation: RevokeBias done
Event: 3.854 Executing VM operation: RevokeBias
Event: 3.854 Executing VM operation: RevokeBias done
Event: 3.854 Executing VM operation: RevokeBias
Event: 3.854 Executing VM operation: RevokeBias done
Event: 3.854 Thread 0x000001c9e1214000 Thread exited: 0x000001c9e1214000


Dynamic libraries:
0x00007ff69fbc0000 - 0x00007ff69fbd0000 	C:\Program Files\Java\jdk-11\bin\java.exe
0x00007ffd8d0a0000 - 0x00007ffd8d300000 	C:\WINDOWS\SYSTEM32\ntdll.dll
0x00007ffd8c770000 - 0x00007ffd8c837000 	C:\WINDOWS\System32\KERNEL32.DLL
0x00007ffd8aad0000 - 0x00007ffd8ae9a000 	C:\WINDOWS\System32\KERNELBASE.dll
0x00007ffd8a610000 - 0x00007ffd8a75b000 	C:\WINDOWS\System32\ucrtbase.dll
0x00007ffd70bb0000 - 0x00007ffd70bcb000 	C:\Program Files\Java\jdk-11\bin\VCRUNTIME140.dll
0x00007ffd81240000 - 0x00007ffd81259000 	C:\Program Files\Java\jdk-11\bin\jli.dll
0x00007ffd8cb50000 - 0x00007ffd8cc02000 	C:\WINDOWS\System32\ADVAPI32.dll
0x00007ffd8b620000 - 0x00007ffd8b6c9000 	C:\WINDOWS\System32\msvcrt.dll
0x00007ffd8b230000 - 0x00007ffd8b2d6000 	C:\WINDOWS\System32\sechost.dll
0x00007ffd8b6d0000 - 0x00007ffd8b7e6000 	C:\WINDOWS\System32\RPCRT4.dll
0x00007ffd8bd20000 - 0x00007ffd8beec000 	C:\WINDOWS\System32\USER32.dll
0x00007ffd8a3f0000 - 0x00007ffd8a417000 	C:\WINDOWS\System32\win32u.dll
0x00007ffd6db60000 - 0x00007ffd6ddf7000 	C:\WINDOWS\WinSxS\amd64_microsoft.windows.common-controls_6595b64144ccf1df_6.0.26100.3624_none_3e086962e3345f24\COMCTL32.dll
0x00007ffd8bc90000 - 0x00007ffd8bcba000 	C:\WINDOWS\System32\GDI32.dll
0x00007ffd8a4d0000 - 0x00007ffd8a601000 	C:\WINDOWS\System32\gdi32full.dll
0x00007ffd8a420000 - 0x00007ffd8a4c3000 	C:\WINDOWS\System32\msvcp_win.dll
0x00007ffd7d310000 - 0x00007ffd7d31b000 	C:\WINDOWS\SYSTEM32\VERSION.dll
0x00007ffd8b5e0000 - 0x00007ffd8b60f000 	C:\WINDOWS\System32\IMM32.DLL
0x00007ffd6bd40000 - 0x00007ffd6bd4c000 	C:\Program Files\Java\jdk-11\bin\vcruntime140_1.dll
0x00007ffd65f80000 - 0x00007ffd6600e000 	C:\Program Files\Java\jdk-11\bin\msvcp140.dll
0x00007ffce2060000 - 0x00007ffce2bc3000 	C:\Program Files\Java\jdk-11\bin\server\jvm.dll
0x00007ffd8bc80000 - 0x00007ffd8bc88000 	C:\WINDOWS\System32\PSAPI.DLL
0x00007ffd715b0000 - 0x00007ffd715ba000 	C:\WINDOWS\SYSTEM32\WSOCK32.dll
0x00007ffd8c6f0000 - 0x00007ffd8c764000 	C:\WINDOWS\System32\WS2_32.dll
0x00007ffd80160000 - 0x00007ffd80196000 	C:\WINDOWS\SYSTEM32\WINMM.dll
0x00007ffd89190000 - 0x00007ffd891aa000 	C:\WINDOWS\SYSTEM32\kernel.appcore.dll
0x00007ffd66080000 - 0x00007ffd66090000 	C:\Program Files\Java\jdk-11\bin\verify.dll
0x00007ffd87a00000 - 0x00007ffd87c41000 	C:\WINDOWS\SYSTEM32\DBGHELP.DLL
0x00007ffd8aea0000 - 0x00007ffd8b222000 	C:\WINDOWS\System32\combase.dll
0x00007ffd8cc10000 - 0x00007ffd8cce6000 	C:\WINDOWS\System32\OLEAUT32.dll
0x00007ffd6b580000 - 0x00007ffd6b5b9000 	C:\WINDOWS\SYSTEM32\dbgcore.DLL
0x00007ffd8a7f0000 - 0x00007ffd8a889000 	C:\WINDOWS\System32\bcryptPrimitives.dll
0x00007ffd693a0000 - 0x00007ffd693c8000 	C:\Program Files\Java\jdk-11\bin\java.dll
0x00007ffd66070000 - 0x00007ffd6607a000 	C:\Program Files\Java\jdk-11\bin\jimage.dll
0x00007ffd66050000 - 0x00007ffd66067000 	C:\Program Files\Java\jdk-11\bin\zip.dll
0x00007ffd8bef0000 - 0x00007ffd8c619000 	C:\WINDOWS\System32\SHELL32.dll
0x00007ffd8a280000 - 0x00007ffd8a3e8000 	C:\WINDOWS\System32\wintypes.dll
0x00007ffd87f20000 - 0x00007ffd88772000 	C:\WINDOWS\SYSTEM32\windows.storage.dll
0x00007ffd8ced0000 - 0x00007ffd8cfbd000 	C:\WINDOWS\System32\SHCORE.dll
0x00007ffd8ca00000 - 0x00007ffd8ca64000 	C:\WINDOWS\System32\shlwapi.dll
0x00007ffd8a190000 - 0x00007ffd8a1bf000 	C:\WINDOWS\SYSTEM32\profapi.dll
0x00007ffd66030000 - 0x00007ffd66049000 	C:\Program Files\Java\jdk-11\bin\net.dll
0x00007ffd80720000 - 0x00007ffd8083d000 	C:\WINDOWS\SYSTEM32\WINHTTP.dll
0x00007ffd896d0000 - 0x00007ffd8973a000 	C:\WINDOWS\system32\mswsock.dll
0x00007ffd66010000 - 0x00007ffd66022000 	C:\Program Files\Java\jdk-11\bin\nio.dll
0x00007ffd65ce0000 - 0x00007ffd65e63000 	C:\Program Files\Java\jdk-11\bin\awt.dll
0x00007ffd844d0000 - 0x00007ffd8456c000 	C:\WINDOWS\SYSTEM32\apphelp.dll
0x00007ffd846c0000 - 0x00007ffd8476e000 	C:\WINDOWS\system32\uxtheme.dll
0x00007ffd254f0000 - 0x00007ffd25623000 	C:\ProgramData\A-Volute\A-Volute.Nahimic\Modules\Scheduled\x64\AudioDevProps2.dll
0x00007ffd8b2e0000 - 0x00007ffd8b476000 	C:\WINDOWS\System32\ole32.dll
0x00007ffd8b480000 - 0x00007ffd8b5dd000 	C:\WINDOWS\System32\MSCTF.dll
0x00007ffd84c50000 - 0x00007ffd84c86000 	C:\WINDOWS\system32\DWMAPI.DLL
0x00007ffd57ae0000 - 0x00007ffd57b67000 	C:\Program Files\Java\jdk-11\bin\freetype.dll
0x00007ffd566f0000 - 0x00007ffd567d1000 	C:\Program Files\Java\jdk-11\bin\fontmanager.dll
0x00007ffd0c920000 - 0x00007ffd0ca2c000 	C:\WINDOWS\system32\opengl32.dll
0x00007ffd64770000 - 0x00007ffd6479d000 	C:\WINDOWS\SYSTEM32\GLU32.dll
0x00007ffd87490000 - 0x00007ffd874d7000 	C:\WINDOWS\SYSTEM32\dxcore.dll
0x00007ffd84a90000 - 0x00007ffd84bbe000 	C:\WINDOWS\system32\dxgi.dll
0x00007ffd84970000 - 0x00007ffd849ce000 	C:\WINDOWS\SYSTEM32\directxdatabasehelper.dll
0x00007ffd89eb0000 - 0x00007ffd89f0f000 	C:\WINDOWS\SYSTEM32\cfgmgr32.dll
0x00007ffd7d320000 - 0x00007ffd7d8b0000 	C:\WINDOWS\System32\DriverStore\FileRepository\iigd_dch.inf_amd64_75394611ca221846\igdgmm64.dll
0x00007ffd77020000 - 0x00007ffd7bf44000 	C:\WINDOWS\System32\DriverStore\FileRepository\iigd_dch.inf_amd64_75394611ca221846\igc64.dll
0x00007ffd8b7f0000 - 0x00007ffd8bc76000 	C:\WINDOWS\System32\SETUPAPI.dll
0x00007ffd89a90000 - 0x00007ffd89aa3000 	C:\WINDOWS\SYSTEM32\msasn1.dll
0x00007ffd76fe0000 - 0x00007ffd7701b000 	C:\WINDOWS\SYSTEM32\cryptnet.dll
0x00007ffd8a890000 - 0x00007ffd8aa07000 	C:\WINDOWS\System32\CRYPT32.dll
0x00007ffd89990000 - 0x00007ffd8999c000 	C:\WINDOWS\SYSTEM32\cryptbase.dll
0x00007ffd89a30000 - 0x00007ffd89a8d000 	C:\WINDOWS\SYSTEM32\wldp.dll
0x00007ffd76e60000 - 0x00007ffd76fdc000 	C:\WINDOWS\SYSTEM32\drvstore.dll
0x00007ffd89f20000 - 0x00007ffd89f4d000 	C:\WINDOWS\SYSTEM32\devobj.dll
0x00007ffd8a760000 - 0x00007ffd8a7df000 	C:\WINDOWS\System32\wintrust.dll
0x00007ffd8c6c0000 - 0x00007ffd8c6e0000 	C:\WINDOWS\System32\imagehlp.dll
0x00007ffd89970000 - 0x00007ffd8998c000 	C:\WINDOWS\SYSTEM32\CRYPTSP.dll
0x00007ffd890f0000 - 0x00007ffd8912a000 	C:\WINDOWS\system32\rsaenh.dll
0x00007ffd8a160000 - 0x00007ffd8a186000 	C:\WINDOWS\SYSTEM32\bcrypt.dll
0x00007ffce7f90000 - 0x00007ffce8260000 	C:\WINDOWS\system32\nvspcap64.dll
0x00007ffd892d0000 - 0x00007ffd89305000 	C:\WINDOWS\SYSTEM32\ntmarta.dll
0x00007ffd89740000 - 0x00007ffd89767000 	C:\WINDOWS\SYSTEM32\gpapi.dll
0x00007ffd2e8c0000 - 0x00007ffd2ea15000 	C:\WINDOWS\System32\DriverStore\FileRepository\nvlt.inf_amd64_ef86ecf015042524\nvppex.dll
0x00007ffd83290000 - 0x00007ffd83297000 	C:\Program Files\Java\jdk-11\bin\jawt.dll
0x0000000010000000 - 0x000000001003e000 	C:\Program Files\Java\jdk-11\bin\j3dcore-ogl.dll
0x00007ffd75140000 - 0x00007ffd7515a000 	C:\WINDOWS\SYSTEM32\windows.staterepositorycore.dll
0x00007ffcc6140000 - 0x00007ffcc754e000 	C:\WINDOWS\System32\DriverStore\FileRepository\iigd_dch.inf_amd64_75394611ca221846\igxelpicd64.dll
0x00007ffd05080000 - 0x00007ffd050a3000 	C:\WINDOWS\SYSTEM32\d3d12.dll
0x00007ffd53360000 - 0x00007ffd534c6000 	C:\WINDOWS\System32\DriverStore\FileRepository\iigd_dch.inf_amd64_75394611ca221846\igdml64.dll
0x00007ffd88ec0000 - 0x00007ffd88f1e000 	C:\WINDOWS\SYSTEM32\powrprof.dll
0x00007ffd88ea0000 - 0x00007ffd88eb4000 	C:\WINDOWS\SYSTEM32\UMPDC.dll
0x00007ffd7fd40000 - 0x00007ffd7fd6e000 	C:\Program Files\Java\jdk-11\bin\javajpeg.dll
0x00007ffd7cb10000 - 0x00007ffd7cb44000 	C:\Users\nadia\AppData\Local\Temp\jSerialComm\2.9.2\jSerialComm.dll
0x00007ffd728e0000 - 0x00007ffd72a29000 	C:\WINDOWS\SYSTEM32\textinputframework.dll
0x00007ffd70680000 - 0x00007ffd70ab4000 	C:\WINDOWS\SYSTEM32\uiautomationcore.dll
0x00007ffd81650000 - 0x00007ffd816bb000 	C:\WINDOWS\SYSTEM32\OLEACC.dll
0x00007ffd8c950000 - 0x00007ffd8c9f8000 	C:\WINDOWS\System32\clbcatq.dll
0x00007ffd84210000 - 0x00007ffd84336000 	C:\WINDOWS\SYSTEM32\CoreMessaging.dll
0x00007ffd7f690000 - 0x00007ffd7f973000 	C:\WINDOWS\SYSTEM32\CoreUIComponents.dll

dbghelp: loaded successfully - version: 4.0.5 - missing functions: none
symbol engine: initialized successfully - sym options: 0x614 - pdb path: .;C:\Program Files\Java\jdk-11\bin;C:\WINDOWS\SYSTEM32;C:\WINDOWS\WinSxS\amd64_microsoft.windows.common-controls_6595b64144ccf1df_6.0.26100.3624_none_3e086962e3345f24;C:\Program Files\Java\jdk-11\bin\server;C:\ProgramData\A-Volute\A-Volute.Nahimic\Modules\Scheduled\x64;C:\WINDOWS\System32\DriverStore\FileRepository\iigd_dch.inf_amd64_75394611ca221846;C:\WINDOWS\System32\DriverStore\FileRepository\nvlt.inf_amd64_ef86ecf015042524;C:\Users\nadia\AppData\Local\Temp\jSerialComm\2.9.2

VM Arguments:
jvm_args: -Dfile.encoding=UTF-8 --module-path=C:\Users\nadia\OneDrive\Documentos\NetBeansProjects\ProyectoGraficaión\build\classes 
java_command: ESCENARIO.EdificioI
java_class_path (initial): C:\Program Files\Java\Java3D\Java3D\1.5.1\lib\ext\j3dcore.jar;C:\Program Files\Java\Java3D\Java3D\1.5.1\lib\ext\j3dutils.jar;C:\Program Files\Java\Java3D\Java3D\1.5.1\lib\ext\vecmath.jar;C:\Users\nadia\OneDrive\Documentos\Graficación\jSerialComm-2.9.2.jar;C:\Users\nadia\OneDrive\Documentos\NetBeansProjects\ProyectoGraficaión\build\classes
Launcher Type: SUN_STANDARD

[Global flags]
     intx CICompilerCount                          = 4                                         {product} {ergonomic}
     uint ConcGCThreads                            = 3                                         {product} {ergonomic}
     uint G1ConcRefinementThreads                  = 10                                        {product} {ergonomic}
   size_t G1HeapRegionSize                         = 1048576                                   {product} {ergonomic}
    uintx GCDrainStackTargetSize                   = 64                                        {product} {ergonomic}
   size_t InitialHeapSize                          = 264241152                                 {product} {ergonomic}
   size_t MarkStackSize                            = 4194304                                   {product} {ergonomic}
   size_t MaxHeapSize                              = 4219469824                                {product} {ergonomic}
   size_t MaxNewSize                               = 2531262464                                {product} {ergonomic}
   size_t MinHeapDeltaBytes                        = 1048576                                   {product} {ergonomic}
    uintx NonNMethodCodeHeapSize                   = 5836300                                {pd product} {ergonomic}
    uintx NonProfiledCodeHeapSize                  = 122910970                              {pd product} {ergonomic}
    uintx ProfiledCodeHeapSize                     = 122910970                              {pd product} {ergonomic}
    uintx ReservedCodeCacheSize                    = 251658240                              {pd product} {ergonomic}
     bool SegmentedCodeCache                       = true                                      {product} {ergonomic}
     bool UseCompressedClassPointers               = true                                 {lp64_product} {ergonomic}
     bool UseCompressedOops                        = true                                 {lp64_product} {ergonomic}
     bool UseG1GC                                  = true                                      {product} {ergonomic}
     bool UseLargePagesIndividualAllocation        = false                                  {pd product} {ergonomic}

Logging:
Log output configuration:
 #0: stdout all=warning uptime,level,tags
 #1: stderr all=off uptime,level,tags

Environment Variables:
PATH=C:\Program Files\Common Files\Oracle\Java\javapath;C:\ProgramData\Oracle\Java\javapath;C:\WINDOWS\system32;C:\WINDOWS;C:\WINDOWS\System32\Wbem;C:\WINDOWS\System32\WindowsPowerShell\v1.0\;C:\WINDOWS\System32\OpenSSH\;C:\Program Files (x86)\NVIDIA Corporation\PhysX\Common;C:\Program Files\NVIDIA Corporation\NVIDIA NvDLISR;C:\Program Files\dotnet\;C:\Program Files\Microsoft SQL Server\Client SDK\ODBC\170\Tools\Binn\;C:\Program Files (x86)\Microsoft SQL Server\160\Tools\Binn\;C:\Program Files\Microsoft SQL Server\160\Tools\Binn\;C:\Program Files\Microsoft SQL Server\160\DTS\Binn\;C:\Program Files (x86)\Microsoft SQL Server\160\DTS\Binn\;C:\Program Files\Git\cmd;C:\Users\nadia\AppData\Local\Microsoft\WindowsApps;C:\Users\nadia\AppData\Local\Programs\Microsoft VS Code\bin;C:\Users\nadia\.dotnet\tools;C:\Users\nadia\Downloads\PROGRAMAS\openjdk-23.0.2_windows-x64_bin;
USERNAME=nadia
OS=Windows_NT
PROCESSOR_IDENTIFIER=Intel64 Family 6 Model 151 Stepping 2, GenuineIntel



---------------  S Y S T E M  ---------------

OS: Windows 11 , 64 bit Build 26100 (10.0.26100.3775)
Hyper-V role detected

CPU:total 12 (initial active 12) (6 cores per cpu, 2 threads per core) family 6 model 151 stepping 2 microcode 0x35, cmov, cx8, fxsr, mmx, sse, sse2, sse3, ssse3, sse4.1, sse4.2, popcnt, avx, avx2, aes, clmul, erms, 3dnowpref, lzcnt, ht, tsc, tscinvbit, bmi1, bmi2, adx, sha, fma

Memory: 4k page, system-wide physical 16091M (5474M free)
TotalPageFile size 19547M (AvailPageFile size 4306M)
current process WorkingSet (physical memory assigned to process): 439M, peak: 441M
current process commit charge ("private bytes"): 462M, peak: 476M

vm_info: Java HotSpot(TM) 64-Bit Server VM (11.0.25+9-LTS-256) for windows-amd64 JRE (11.0.25+9-LTS-256), built on Sep 30 2024 06:30:20 by "mach5one" with MS VC++ 17.6 (VS2022)

END.
