#
# A fatal error has been detected by the Java Runtime Environment:
#
#  EXCEPTION_ACCESS_VIOLATION (0xc0000005) at pc=0x00007ffce665f0ad, pid=21472, tid=428
#
# JRE version: Java(TM) SE Runtime Environment 18.9 (11.0.25+9) (build 11.0.25+9-LTS-256)
# Java VM: Java HotSpot(TM) 64-Bit Server VM 18.9 (11.0.25+9-LTS-256, mixed mode, tiered, compressed oops, g1 gc, windows-amd64)
# Problematic frame:
# C  [igxelpicd64.dll+0xcf0ad]
#
# No core dump will be written. Minidumps are not enabled by default on client versions of Windows
#
# If you would like to submit a bug report, please visit:
#   https://bugreport.java.com/bugreport/crash.jsp
# The crash happened outside the Java Virtual Machine in native code.
# See problematic frame for where to report the bug.
#

---------------  S U M M A R Y ------------

Command Line: -Dfile.encoding=UTF-8 --module-path=C:\Users\nadia\OneDrive\Documentos\NetBeansProjects\ProyectoGraficaión\build\classes ESCENARIO.EdificioI

Host: 12th Gen Intel(R) Core(TM) i5-12450HX, 12 cores, 15G,  Windows 11 , 64 bit Build 26100 (10.0.26100.3775)
Time: Fri Apr 25 08:27:01 2025 Hora estándar, América Central elapsed time: 46.152681 seconds (0d 0h 0m 46s)

---------------  T H R E A D  ---------------

Current thread (0x000002b533a24800):  JavaThread "J3D-Renderer-1" [_thread_in_native, id=428, stack(0x000000f116400000,0x000000f116500000)]

Stack: [0x000000f116400000,0x000000f116500000],  sp=0x000000f1164fe080,  free space=1016k
Native frames: (J=compiled Java code, j=interpreted, Vv=VM code, C=native code)
C  [igxelpicd64.dll+0xcf0ad]

Java frames: (J=compiled Java code, j=interpreted, Vv=VM code)
J 1735  javax.media.j3d.NativePipeline.callDisplayList(JIZ)V (0 bytes) @ 0x000002b51e534cf0 [0x000002b51e534ca0+0x0000000000000050]
J 2145 c2 javax.media.j3d.RenderMolecule.render(Ljavax/media/j3d/Canvas3D;II)Z (388 bytes) @ 0x000002b51e591b10 [0x000002b51e5916c0+0x0000000000000450]
J 2051 c2 javax.media.j3d.TextureBin.render(Ljavax/media/j3d/Canvas3D;Ljava/lang/Object;)V (96 bytes) @ 0x000002b51e5848e4 [0x000002b51e584740+0x00000000000001a4]
J 1964 c1 javax.media.j3d.ShaderBin.render(Ljavax/media/j3d/Canvas3D;)V (30 bytes) @ 0x000002b5173b0fac [0x000002b5173b0ce0+0x00000000000002cc]
J 2610 c1 javax.media.j3d.AttributeBin.render(Ljavax/media/j3d/Canvas3D;)V (94 bytes) @ 0x000002b5175bda7c [0x000002b5175bd680+0x00000000000003fc]
J 2444 c1 javax.media.j3d.RenderBin.renderOpaque(Ljavax/media/j3d/Canvas3D;)V (23 bytes) @ 0x000002b51755f454 [0x000002b51755ef20+0x0000000000000534]
J 1834 c2 javax.media.j3d.Renderer.doWork(J)V (6480 bytes) @ 0x000002b51e55a52c [0x000002b51e555860+0x0000000000004ccc]
J 2598% c2 javax.media.j3d.J3dThread.run()V (37 bytes) @ 0x000002b51e5f5f94 [0x000002b51e5f5ec0+0x00000000000000d4]
v  ~StubRoutines::call_stub

siginfo: EXCEPTION_ACCESS_VIOLATION (0xc0000005), reading address 0x0000000000000008


Register to memory mapping:

RIP=0x00007ffce665f0ad igxelpicd64.dll
RAX=0x0 is NULL
RBX=0x000002b53bc9adc0 points into unknown readable memory: 0x000002b5355b8f80 | 80 8f 5b 35 b5 02 00 00
RCX=0x000002b53bc9adc0 points into unknown readable memory: 0x000002b5355b8f80 | 80 8f 5b 35 b5 02 00 00
RDX=0x000000f1164fe4c0 is pointing into the stack for thread: 0x000002b533a24800
RSP=0x000000f1164fe080 is pointing into the stack for thread: 0x000002b533a24800
RBP=0x000000f1164fe180 is pointing into the stack for thread: 0x000002b533a24800
RSI=0x000000f1164fe770 is pointing into the stack for thread: 0x000002b533a24800
RDI=0x0000000000000008 is an unknown value
R8 =0x000002b53c48e4e0 points into unknown readable memory: 0x000002b535611600 | 00 16 61 35 b5 02 00 00
R9 =0x0 is NULL
R10=0x000000f1164fea60 is pointing into the stack for thread: 0x000002b533a24800
R11=0x000000000000001d is an unknown value
R12=0x000000f1164fe4c0 is pointing into the stack for thread: 0x000002b533a24800
R13=0x000002b53c48e4e0 points into unknown readable memory: 0x000002b535611600 | 00 16 61 35 b5 02 00 00
R14=0x000000f1164fe510 is pointing into the stack for thread: 0x000002b533a24800
R15=0x000000f1164fe770 is pointing into the stack for thread: 0x000002b533a24800


Registers:
RAX=0x0000000000000000, RBX=0x000002b53bc9adc0, RCX=0x000002b53bc9adc0, RDX=0x000000f1164fe4c0
RSP=0x000000f1164fe080, RBP=0x000000f1164fe180, RSI=0x000000f1164fe770, RDI=0x0000000000000008
R8 =0x000002b53c48e4e0, R9 =0x0000000000000000, R10=0x000000f1164fea60, R11=0x000000000000001d
R12=0x000000f1164fe4c0, R13=0x000002b53c48e4e0, R14=0x000000f1164fe510, R15=0x000000f1164fe770
RIP=0x00007ffce665f0ad, EFLAGS=0x0000000000010287

Top of Stack: (sp=0x000000f1164fe080)
0x000000f1164fe080:   0000001600000000 000002b53c48e4e0
0x000000f1164fe090:   000002b535721320 0000000000000000
0x000000f1164fe0a0:   0000000000000000 0000000000000000
0x000000f1164fe0b0:   0000000000000000 000000f1164fe750
0x000000f1164fe0c0:   000002b5334fce00 00007ffd00002600
0x000000f1164fe0d0:   0000000000000000 00007ffc0000001d
0x000000f1164fe0e0:   000000f1164fe650 00007ffc00000006
0x000000f1164fe0f0:   0000000000000001 0000000000000000
0x000000f1164fe100:   00000000e6817901 000002b53bc76750
0x000000f1164fe110:   0000000000000000 000002b5357b5d40
0x000000f1164fe120:   00000000fffffff0 00007ffce687b88d
0x000000f1164fe130:   000002b53bc9adc0 000002b5357b5d40
0x000000f1164fe140:   000002b535611600 00000000009fb5b9
0x000000f1164fe150:   000002b53bc76a90 000000f1164fe220
0x000000f1164fe160:   0000000000000000 00007ffce65b696f
0x000000f1164fe170:   000002b535721320 000002b5357b0ca0 

Instructions: (pc=0x00007ffce665f0ad)
0x00007ffce665f08d:   e8 1b 0f ba f0 17 0d 00 00 40 01 0f ba f0 13 0d
0x00007ffce665f09d:   00 00 37 00 89 42 1c eb 6e 48 8b 85 e8 00 00 00
0x00007ffce665f0ad:   48 8b 48 08 8b 41 14 83 f8 0a 74 31 83 f8 4e 75
0x00007ffce665f0bd:   56 8b 0a 49 b8 00 00 00 00 00 40 00 00 48 8b 05 


Stack slot to memory mapping:
stack at sp + 0 slots: 0x0000001600000000 is an unknown value
stack at sp + 1 slots: 0x000002b53c48e4e0 points into unknown readable memory: 0x000002b535611600 | 00 16 61 35 b5 02 00 00
stack at sp + 2 slots: 0x000002b535721320 points into unknown readable memory: 0xffffffffffffffff | ff ff ff ff ff ff ff ff
stack at sp + 3 slots: 0x0 is NULL
stack at sp + 4 slots: 0x0 is NULL
stack at sp + 5 slots: 0x0 is NULL
stack at sp + 6 slots: 0x0 is NULL
stack at sp + 7 slots: 0x000000f1164fe750 is pointing into the stack for thread: 0x000002b533a24800


---------------  P R O C E S S  ---------------

Threads class SMR info:
_java_thread_list=0x000002b53bc058a0, length=30, elements={
0x000002b5331f2000, 0x000002b5331f3000, 0x000002b5331f4000, 0x000002b5331f4800,
0x000002b5331f7000, 0x000002b533251800, 0x000002b533252800, 0x000002b533256000,
0x000002b5331f8000, 0x000002b5331f5800, 0x000002b5331f8800, 0x000002b5331f6800,
0x000002b533a1e000, 0x000002b533a1f800, 0x000002b533a1d000, 0x000002b533a20800,
0x000002b533a21000, 0x000002b533a1e800, 0x000002b533a24800, 0x000002b533a23800,
0x000002b533a22000, 0x000002b533a25000, 0x000002b533a23000, 0x000002b533a27000,
0x000002b533a28800, 0x000002b533a27800, 0x000002b533a26000, 0x000002b533a29800,
0x000002b533a2b000, 0x000002b53c8ac000
}

Java Threads: ( => current thread )
  0x000002b5331f2000 JavaThread "Reference Handler" daemon [_thread_blocked, id=8808, stack(0x000000f115100000,0x000000f115200000)]
  0x000002b5331f3000 JavaThread "Finalizer" daemon [_thread_blocked, id=22804, stack(0x000000f115200000,0x000000f115300000)]
  0x000002b5331f4000 JavaThread "Signal Dispatcher" daemon [_thread_blocked, id=15836, stack(0x000000f115300000,0x000000f115400000)]
  0x000002b5331f4800 JavaThread "Attach Listener" daemon [_thread_blocked, id=10768, stack(0x000000f115400000,0x000000f115500000)]
  0x000002b5331f7000 JavaThread "Service Thread" daemon [_thread_blocked, id=7932, stack(0x000000f115500000,0x000000f115600000)]
  0x000002b533251800 JavaThread "C2 CompilerThread0" daemon [_thread_blocked, id=4356, stack(0x000000f115600000,0x000000f115700000)]
  0x000002b533252800 JavaThread "C1 CompilerThread0" daemon [_thread_blocked, id=3980, stack(0x000000f115700000,0x000000f115800000)]
  0x000002b533256000 JavaThread "Sweeper thread" daemon [_thread_blocked, id=16820, stack(0x000000f115800000,0x000000f115900000)]
  0x000002b5331f8000 JavaThread "Common-Cleaner" daemon [_thread_blocked, id=13244, stack(0x000000f115900000,0x000000f115a00000)]
  0x000002b5331f5800 JavaThread "Java2D Disposer" daemon [_thread_blocked, id=4212, stack(0x000000f115c00000,0x000000f115d00000)]
  0x000002b5331f8800 JavaThread "AWT-Shutdown" [_thread_blocked, id=7836, stack(0x000000f115d00000,0x000000f115e00000)]
  0x000002b5331f6800 JavaThread "AWT-Windows" daemon [_thread_in_native, id=14108, stack(0x000000f115e00000,0x000000f115f00000)]
  0x000002b533a1e000 JavaThread "AWT-EventQueue-0" [_thread_blocked, id=25816, stack(0x000000f115f00000,0x000000f116000000)]
  0x000002b533a1f800 JavaThread "DestroyJavaVM" [_thread_blocked, id=19416, stack(0x000000f114a00000,0x000000f114b00000)]
  0x000002b533a1d000 JavaThread "J3D-RenderingAttributesStructureUpdateThread" [_thread_blocked, id=21892, stack(0x000000f116000000,0x000000f116100000)]
  0x000002b533a20800 JavaThread "J3D-TimerThread" [_thread_blocked, id=15892, stack(0x000000f116100000,0x000000f116200000)]
  0x000002b533a21000 JavaThread "J3D-NotificationThread" [_thread_blocked, id=25360, stack(0x000000f116200000,0x000000f116300000)]
  0x000002b533a1e800 JavaThread "J3D-MasterControl-1" [_thread_blocked, id=9320, stack(0x000000f116300000,0x000000f116400000)]
=>0x000002b533a24800 JavaThread "J3D-Renderer-1" [_thread_in_native, id=428, stack(0x000000f116400000,0x000000f116500000)]
  0x000002b533a23800 JavaThread "TimerQueue" daemon [_thread_blocked, id=14764, stack(0x000000f117300000,0x000000f117400000)]
  0x000002b533a22000 JavaThread "J3D-BehaviorStructureUpdateThread-1" [_thread_blocked, id=1340, stack(0x000000f117c00000,0x000000f117d00000)]
  0x000002b533a25000 JavaThread "J3D-GeometryStructureUpdateThread-1" [_thread_blocked, id=23520, stack(0x000000f117d00000,0x000000f117e00000)]
  0x000002b533a23000 JavaThread "J3D-SoundStructureUpdateThread-1" [_thread_blocked, id=14504, stack(0x000000f117e00000,0x000000f117f00000)]
  0x000002b533a27000 JavaThread "J3D-RenderingEnvironmentStructureUpdateThread-1" [_thread_blocked, id=25124, stack(0x000000f117f00000,0x000000f118000000)]
  0x000002b533a28800 JavaThread "J3D-TransformStructureUpdateThread-1" [_thread_blocked, id=20292, stack(0x000000f118000000,0x000000f118100000)]
  0x000002b533a27800 JavaThread "J3D-BehaviorScheduler-1" [_thread_blocked, id=21060, stack(0x000000f118100000,0x000000f118200000)]
  0x000002b533a26000 JavaThread "J3D-RenderStructureUpdateThread-1" [_thread_blocked, id=25688, stack(0x000000f118200000,0x000000f118300000)]
  0x000002b533a29800 JavaThread "J3D-SoundSchedulerUpdateThread-1" [_thread_blocked, id=8956, stack(0x000000f118300000,0x000000f118400000)]
  0x000002b533a2b000 JavaThread "J3D-InputDeviceScheduler-1" [_thread_blocked, id=20720, stack(0x000000f118400000,0x000000f118500000)]
  0x000002b53c8ac000 JavaThread "ToolkitShutdown" daemon [_thread_in_native, id=19356, stack(0x000000f118a00000,0x000000f118b00000)]

Other Threads:
  0x000002b532942800 VMThread "VM Thread" [stack: 0x000000f115000000,0x000000f115100000] [id=24644]
  0x000002b533535800 WatcherThread [stack: 0x000000f115b00000,0x000000f115c00000] [id=3124]
  0x000002b50f2c2000 GCTaskThread "GC Thread#0" [stack: 0x000000f114b00000,0x000000f114c00000] [id=21864]
  0x000002b535740000 GCTaskThread "GC Thread#1" [stack: 0x000000f116800000,0x000000f116900000] [id=13672]
  0x000002b53585f800 GCTaskThread "GC Thread#2" [stack: 0x000000f116900000,0x000000f116a00000] [id=9664]
  0x000002b535715800 GCTaskThread "GC Thread#3" [stack: 0x000000f116a00000,0x000000f116b00000] [id=14728]
  0x000002b535662800 GCTaskThread "GC Thread#4" [stack: 0x000000f116b00000,0x000000f116c00000] [id=3052]
  0x000002b53554d000 GCTaskThread "GC Thread#5" [stack: 0x000000f116c00000,0x000000f116d00000] [id=6468]
  0x000002b53554d800 GCTaskThread "GC Thread#6" [stack: 0x000000f116d00000,0x000000f116e00000] [id=13188]
  0x000002b53563f800 GCTaskThread "GC Thread#7" [stack: 0x000000f116e00000,0x000000f116f00000] [id=2840]
  0x000002b535640000 GCTaskThread "GC Thread#8" [stack: 0x000000f116f00000,0x000000f117000000] [id=10948]
  0x000002b5358ce000 GCTaskThread "GC Thread#9" [stack: 0x000000f117000000,0x000000f117100000] [id=20336]
  0x000002b50f31f000 ConcurrentGCThread "G1 Main Marker" [stack: 0x000000f114c00000,0x000000f114d00000] [id=25248]
  0x000002b50f320000 ConcurrentGCThread "G1 Conc#0" [stack: 0x000000f114d00000,0x000000f114e00000] [id=25064]
  0x000002b5357be800 ConcurrentGCThread "G1 Conc#1" [stack: 0x000000f115a00000,0x000000f115b00000] [id=5964]
  0x000002b535847000 ConcurrentGCThread "G1 Conc#2" [stack: 0x000000f116500000,0x000000f116600000] [id=14688]
  0x000002b532826800 ConcurrentGCThread "G1 Refine#0" [stack: 0x000000f114e00000,0x000000f114f00000] [id=26092]
  0x000002b5337b6000 ConcurrentGCThread "G1 Refine#1" [stack: 0x000000f117100000,0x000000f117200000] [id=9444]
  0x000002b5358a5000 ConcurrentGCThread "G1 Refine#2" [stack: 0x000000f117200000,0x000000f117300000] [id=19612]
  0x000002b533cbe800 ConcurrentGCThread "G1 Refine#3" [stack: 0x000000f117400000,0x000000f117500000] [id=23236]
  0x000002b533cbf000 ConcurrentGCThread "G1 Refine#4" [stack: 0x000000f117500000,0x000000f117600000] [id=17924]
  0x000002b53c28e800 ConcurrentGCThread "G1 Refine#5" [stack: 0x000000f118600000,0x000000f118700000] [id=21796]
  0x000002b53c2be800 ConcurrentGCThread "G1 Refine#6" [stack: 0x000000f118700000,0x000000f118800000] [id=26084]
  0x000002b532829800 ConcurrentGCThread "G1 Young RemSet Sampling" [stack: 0x000000f114f00000,0x000000f115000000] [id=21480]

Threads with active compile tasks:

VM state:not at safepoint (normal execution)

VM Mutex/Monitor currently owned by a thread: None

Heap address: 0x0000000704800000, size: 4024 MB, Compressed Oops mode: Zero based, Oop shift amount: 3
Narrow klass base: 0x0000000800000000, Narrow klass shift: 0
Compressed class space size: 1073741824 Address: 0x0000000800000000

Heap:
 garbage-first heap   total 310272K, used 135240K [0x0000000704800000, 0x0000000800000000)
  region size 1024K, 29 young (29696K), 1 survivors (1024K)
 Metaspace       used 23823K, capacity 24129K, committed 24320K, reserved 1071104K
  class space    used 2356K, capacity 2492K, committed 2560K, reserved 1048576K
Heap Regions: E=young(eden), S=young(survivor), O=old, HS=humongous(starts), HC=humongous(continues), CS=collection set, F=free, A=archive, TAMS=top-at-mark-start (previous, next)
|   0|0x0000000704800000, 0x0000000704900000, 0x0000000704900000|100%| O|  |TAMS 0x0000000704900000, 0x0000000704800000| Untracked 
|   1|0x0000000704900000, 0x0000000704a00000, 0x0000000704a00000|100%| O|  |TAMS 0x0000000704a00000, 0x0000000704900000| Untracked 
|   2|0x0000000704a00000, 0x0000000704b00000, 0x0000000704b00000|100%| O|  |TAMS 0x0000000704b00000, 0x0000000704a00000| Untracked 
|   3|0x0000000704b00000, 0x0000000704c00000, 0x0000000704c00000|100%| O|  |TAMS 0x0000000704c00000, 0x0000000704b00000| Untracked 
|   4|0x0000000704c00000, 0x0000000704d00000, 0x0000000704d00000|100%| O|  |TAMS 0x0000000704d00000, 0x0000000704c00000| Untracked 
|   5|0x0000000704d00000, 0x0000000704e00000, 0x0000000704e00000|100%| O|  |TAMS 0x0000000704e00000, 0x0000000704d00000| Untracked 
|   6|0x0000000704e00000, 0x0000000704f00000, 0x0000000704f00000|100%|HS|  |TAMS 0x0000000704e00000, 0x0000000704e00000| Complete 
|   7|0x0000000704f00000, 0x0000000705000000, 0x0000000705000000|100%|HC|  |TAMS 0x0000000704f00000, 0x0000000704f00000| Complete 
|   8|0x0000000705000000, 0x0000000705100000, 0x0000000705100000|100%| O|  |TAMS 0x0000000705000000, 0x0000000705000000| Untracked 
|   9|0x0000000705100000, 0x0000000705200000, 0x0000000705200000|100%|HS|  |TAMS 0x0000000705200000, 0x0000000705100000| Complete 
|  10|0x0000000705200000, 0x0000000705300000, 0x0000000705300000|100%|HS|  |TAMS 0x0000000705300000, 0x0000000705200000| Complete 
|  11|0x0000000705300000, 0x0000000705400000, 0x0000000705400000|100%|HC|  |TAMS 0x0000000705400000, 0x0000000705300000| Complete 
|  12|0x0000000705400000, 0x0000000705500000, 0x0000000705500000|100%| O|  |TAMS 0x0000000705400000, 0x0000000705400000| Untracked 
|  13|0x0000000705500000, 0x0000000705600000, 0x0000000705600000|100%| O|  |TAMS 0x0000000705500000, 0x0000000705500000| Untracked 
|  14|0x0000000705600000, 0x0000000705700000, 0x0000000705700000|100%| O|  |TAMS 0x0000000705700000, 0x0000000705600000| Untracked 
|  15|0x0000000705700000, 0x0000000705800000, 0x0000000705800000|100%| O|  |TAMS 0x0000000705800000, 0x0000000705700000| Untracked 
|  16|0x0000000705800000, 0x0000000705900000, 0x0000000705900000|100%| O|  |TAMS 0x00000007058e8a00, 0x0000000705800000| Untracked 
|  17|0x0000000705900000, 0x0000000705a00000, 0x0000000705a00000|100%| O|  |TAMS 0x0000000705900000, 0x0000000705900000| Untracked 
|  18|0x0000000705a00000, 0x0000000705b00000, 0x0000000705b00000|100%| O|  |TAMS 0x0000000705a00000, 0x0000000705a00000| Untracked 
|  19|0x0000000705b00000, 0x0000000705c00000, 0x0000000705c00000|100%|HS|  |TAMS 0x0000000705b00000, 0x0000000705b00000| Complete 
|  20|0x0000000705c00000, 0x0000000705d00000, 0x0000000705d00000|100%|HC|  |TAMS 0x0000000705c00000, 0x0000000705c00000| Complete 
|  21|0x0000000705d00000, 0x0000000705e00000, 0x0000000705e00000|100%|HS|  |TAMS 0x0000000705e00000, 0x0000000705d00000| Complete 
|  22|0x0000000705e00000, 0x0000000705f00000, 0x0000000705f00000|100%|HC|  |TAMS 0x0000000705f00000, 0x0000000705e00000| Complete 
|  23|0x0000000705f00000, 0x0000000706000000, 0x0000000706000000|100%|HC|  |TAMS 0x0000000706000000, 0x0000000705f00000| Complete 
|  24|0x0000000706000000, 0x0000000706100000, 0x0000000706100000|100%|HC|  |TAMS 0x0000000706100000, 0x0000000706000000| Complete 
|  25|0x0000000706100000, 0x0000000706200000, 0x0000000706200000|100%|HS|  |TAMS 0x0000000706200000, 0x0000000706100000| Complete 
|  26|0x0000000706200000, 0x0000000706300000, 0x0000000706300000|100%|HC|  |TAMS 0x0000000706300000, 0x0000000706200000| Complete 
|  27|0x0000000706300000, 0x0000000706400000, 0x0000000706400000|100%|HC|  |TAMS 0x0000000706400000, 0x0000000706300000| Complete 
|  28|0x0000000706400000, 0x0000000706500000, 0x0000000706500000|100%|HC|  |TAMS 0x0000000706500000, 0x0000000706400000| Complete 
|  29|0x0000000706500000, 0x0000000706600000, 0x0000000706600000|100%|HS|  |TAMS 0x0000000706500000, 0x0000000706500000| Complete 
|  30|0x0000000706600000, 0x0000000706700000, 0x0000000706700000|100%|HC|  |TAMS 0x0000000706600000, 0x0000000706600000| Complete 
|  31|0x0000000706700000, 0x0000000706800000, 0x0000000706800000|100%| O|  |TAMS 0x0000000706700000, 0x0000000706700000| Untracked 
|  32|0x0000000706800000, 0x0000000706900000, 0x0000000706900000|100%| O|  |TAMS 0x0000000706800000, 0x0000000706800000| Untracked 
|  33|0x0000000706900000, 0x0000000706a00000, 0x0000000706a00000|100%|HS|  |TAMS 0x0000000706a00000, 0x0000000706900000| Complete 
|  34|0x0000000706a00000, 0x0000000706b00000, 0x0000000706b00000|100%|HC|  |TAMS 0x0000000706b00000, 0x0000000706a00000| Complete 
|  35|0x0000000706b00000, 0x0000000706c00000, 0x0000000706c00000|100%|HC|  |TAMS 0x0000000706c00000, 0x0000000706b00000| Complete 
|  36|0x0000000706c00000, 0x0000000706d00000, 0x0000000706d00000|100%|HC|  |TAMS 0x0000000706d00000, 0x0000000706c00000| Complete 
|  37|0x0000000706d00000, 0x0000000706e00000, 0x0000000706e00000|100%|HS|  |TAMS 0x0000000706e00000, 0x0000000706d00000| Complete 
|  38|0x0000000706e00000, 0x0000000706f00000, 0x0000000706f00000|100%|HC|  |TAMS 0x0000000706f00000, 0x0000000706e00000| Complete 
|  39|0x0000000706f00000, 0x0000000707000000, 0x0000000707000000|100%|HC|  |TAMS 0x0000000707000000, 0x0000000706f00000| Complete 
|  40|0x0000000707000000, 0x0000000707100000, 0x0000000707100000|100%|HC|  |TAMS 0x0000000707100000, 0x0000000707000000| Complete 
|  41|0x0000000707100000, 0x0000000707200000, 0x0000000707200000|100%|HS|  |TAMS 0x0000000707200000, 0x0000000707100000| Complete 
|  42|0x0000000707200000, 0x0000000707300000, 0x0000000707300000|100%|HC|  |TAMS 0x0000000707300000, 0x0000000707200000| Complete 
|  43|0x0000000707300000, 0x0000000707400000, 0x0000000707400000|100%|HS|  |TAMS 0x0000000707300000, 0x0000000707300000| Complete 
|  44|0x0000000707400000, 0x0000000707500000, 0x0000000707500000|100%| O|  |TAMS 0x0000000707400000, 0x0000000707400000| Untracked 
|  45|0x0000000707500000, 0x0000000707600000, 0x0000000707600000|100%|HS|  |TAMS 0x0000000707600000, 0x0000000707500000| Complete 
|  46|0x0000000707600000, 0x0000000707700000, 0x0000000707700000|100%|HC|  |TAMS 0x0000000707700000, 0x0000000707600000| Complete 
|  47|0x0000000707700000, 0x0000000707800000, 0x0000000707800000|100%|HC|  |TAMS 0x0000000707800000, 0x0000000707700000| Complete 
|  48|0x0000000707800000, 0x0000000707900000, 0x0000000707900000|100%|HC|  |TAMS 0x0000000707900000, 0x0000000707800000| Complete 
|  49|0x0000000707900000, 0x0000000707a00000, 0x0000000707a00000|100%|HS|  |TAMS 0x0000000707a00000, 0x0000000707900000| Complete 
|  50|0x0000000707a00000, 0x0000000707b00000, 0x0000000707b00000|100%| O|  |TAMS 0x0000000707a00000, 0x0000000707a00000| Untracked 
|  51|0x0000000707b00000, 0x0000000707be8000, 0x0000000707c00000| 90%| O|  |TAMS 0x0000000707b00000, 0x0000000707b00000| Untracked 
|  52|0x0000000707c00000, 0x0000000707c00000, 0x0000000707d00000|  0%| F|  |TAMS 0x0000000707c00000, 0x0000000707c00000| Untracked 
|  53|0x0000000707d00000, 0x0000000707e00000, 0x0000000707e00000|100%|HS|  |TAMS 0x0000000707e00000, 0x0000000707d00000| Complete 
|  54|0x0000000707e00000, 0x0000000707f00000, 0x0000000707f00000|100%|HC|  |TAMS 0x0000000707f00000, 0x0000000707e00000| Complete 
|  55|0x0000000707f00000, 0x0000000708000000, 0x0000000708000000|100%|HC|  |TAMS 0x0000000708000000, 0x0000000707f00000| Complete 
|  56|0x0000000708000000, 0x0000000708100000, 0x0000000708100000|100%|HC|  |TAMS 0x0000000708100000, 0x0000000708000000| Complete 
|  57|0x0000000708100000, 0x0000000708200000, 0x0000000708200000|100%|HS|  |TAMS 0x0000000708100000, 0x0000000708100000| Complete 
|  58|0x0000000708200000, 0x0000000708300000, 0x0000000708300000|100%|HS|  |TAMS 0x0000000708200000, 0x0000000708200000| Complete 
|  59|0x0000000708300000, 0x0000000708400000, 0x0000000708400000|100%|HS|  |TAMS 0x0000000708300000, 0x0000000708300000| Complete 
|  60|0x0000000708400000, 0x0000000708400000, 0x0000000708500000|  0%| F|  |TAMS 0x0000000708400000, 0x0000000708400000| Untracked 
|  61|0x0000000708500000, 0x0000000708600000, 0x0000000708600000|100%|HS|  |TAMS 0x0000000708600000, 0x0000000708500000| Complete 
|  62|0x0000000708600000, 0x0000000708600000, 0x0000000708700000|  0%| F|  |TAMS 0x0000000708600000, 0x0000000708600000| Untracked 
|  63|0x0000000708700000, 0x0000000708700000, 0x0000000708800000|  0%| F|  |TAMS 0x0000000708700000, 0x0000000708700000| Untracked 
|  64|0x0000000708800000, 0x0000000708900000, 0x0000000708900000|100%|HS|  |TAMS 0x0000000708800000, 0x0000000708800000| Complete 
|  65|0x0000000708900000, 0x0000000708a00000, 0x0000000708a00000|100%|HS|  |TAMS 0x0000000708900000, 0x0000000708900000| Complete 
|  66|0x0000000708a00000, 0x0000000708b00000, 0x0000000708b00000|100%|HS|  |TAMS 0x0000000708a00000, 0x0000000708a00000| Complete 
|  67|0x0000000708b00000, 0x0000000708c00000, 0x0000000708c00000|100%|HC|  |TAMS 0x0000000708b00000, 0x0000000708b00000| Complete 
|  68|0x0000000708c00000, 0x0000000708d00000, 0x0000000708d00000|100%|HC|  |TAMS 0x0000000708c00000, 0x0000000708c00000| Complete 
|  69|0x0000000708d00000, 0x0000000708e00000, 0x0000000708e00000|100%|HC|  |TAMS 0x0000000708d00000, 0x0000000708d00000| Complete 
|  70|0x0000000708e00000, 0x0000000708f00000, 0x0000000708f00000|100%|HS|  |TAMS 0x0000000708f00000, 0x0000000708e00000| Complete 
|  71|0x0000000708f00000, 0x0000000709000000, 0x0000000709000000|100%|HC|  |TAMS 0x0000000709000000, 0x0000000708f00000| Complete 
|  72|0x0000000709000000, 0x0000000709100000, 0x0000000709100000|100%|HC|  |TAMS 0x0000000709100000, 0x0000000709000000| Complete 
|  73|0x0000000709100000, 0x0000000709200000, 0x0000000709200000|100%|HC|  |TAMS 0x0000000709200000, 0x0000000709100000| Complete 
|  74|0x0000000709200000, 0x0000000709300000, 0x0000000709300000|100%| O|  |TAMS 0x0000000709200000, 0x0000000709200000| Untracked 
|  75|0x0000000709300000, 0x0000000709400000, 0x0000000709400000|100%| O|  |TAMS 0x0000000709300000, 0x0000000709300000| Untracked 
|  76|0x0000000709400000, 0x0000000709400000, 0x0000000709500000|  0%| F|  |TAMS 0x0000000709400000, 0x0000000709400000| Untracked 
|  77|0x0000000709500000, 0x0000000709500000, 0x0000000709600000|  0%| F|  |TAMS 0x0000000709500000, 0x0000000709500000| Untracked 
|  78|0x0000000709600000, 0x0000000709700000, 0x0000000709700000|100%|HS|  |TAMS 0x0000000709700000, 0x0000000709600000| Complete 
|  79|0x0000000709700000, 0x0000000709800000, 0x0000000709800000|100%|HC|  |TAMS 0x0000000709800000, 0x0000000709700000| Complete 
|  80|0x0000000709800000, 0x0000000709900000, 0x0000000709900000|100%|HC|  |TAMS 0x0000000709900000, 0x0000000709800000| Complete 
|  81|0x0000000709900000, 0x0000000709a00000, 0x0000000709a00000|100%|HC|  |TAMS 0x0000000709a00000, 0x0000000709900000| Complete 
|  82|0x0000000709a00000, 0x0000000709b00000, 0x0000000709b00000|100%|HS|  |TAMS 0x0000000709b00000, 0x0000000709a00000| Complete 
|  83|0x0000000709b00000, 0x0000000709c00000, 0x0000000709c00000|100%|HC|  |TAMS 0x0000000709c00000, 0x0000000709b00000| Complete 
|  84|0x0000000709c00000, 0x0000000709c00000, 0x0000000709d00000|  0%| F|  |TAMS 0x0000000709c00000, 0x0000000709c00000| Untracked 
|  85|0x0000000709d00000, 0x0000000709d00000, 0x0000000709e00000|  0%| F|  |TAMS 0x0000000709d00000, 0x0000000709d00000| Untracked 
|  86|0x0000000709e00000, 0x0000000709f00000, 0x0000000709f00000|100%|HS|  |TAMS 0x0000000709f00000, 0x0000000709e00000| Complete 
|  87|0x0000000709f00000, 0x000000070a000000, 0x000000070a000000|100%|HC|  |TAMS 0x000000070a000000, 0x0000000709f00000| Complete 
|  88|0x000000070a000000, 0x000000070a100000, 0x000000070a100000|100%|HC|  |TAMS 0x000000070a100000, 0x000000070a000000| Complete 
|  89|0x000000070a100000, 0x000000070a200000, 0x000000070a200000|100%|HC|  |TAMS 0x000000070a200000, 0x000000070a100000| Complete 
|  90|0x000000070a200000, 0x000000070a300000, 0x000000070a300000|100%| O|  |TAMS 0x000000070a200000, 0x000000070a200000| Untracked 
|  91|0x000000070a300000, 0x000000070a400000, 0x000000070a400000|100%| O|  |TAMS 0x000000070a300000, 0x000000070a300000| Untracked 
|  92|0x000000070a400000, 0x000000070a400000, 0x000000070a500000|  0%| F|  |TAMS 0x000000070a400000, 0x000000070a400000| Untracked 
|  93|0x000000070a500000, 0x000000070a500000, 0x000000070a600000|  0%| F|  |TAMS 0x000000070a500000, 0x000000070a500000| Untracked 
|  94|0x000000070a600000, 0x000000070a700000, 0x000000070a700000|100%|HS|  |TAMS 0x000000070a700000, 0x000000070a600000| Complete 
|  95|0x000000070a700000, 0x000000070a800000, 0x000000070a800000|100%|HC|  |TAMS 0x000000070a800000, 0x000000070a700000| Complete 
|  96|0x000000070a800000, 0x000000070a900000, 0x000000070a900000|100%|HC|  |TAMS 0x000000070a900000, 0x000000070a800000| Complete 
|  97|0x000000070a900000, 0x000000070aa00000, 0x000000070aa00000|100%|HC|  |TAMS 0x000000070aa00000, 0x000000070a900000| Complete 
|  98|0x000000070aa00000, 0x000000070ab00000, 0x000000070ab00000|100%| O|  |TAMS 0x000000070aa00000, 0x000000070aa00000| Untracked 
|  99|0x000000070ab00000, 0x000000070ac00000, 0x000000070ac00000|100%| O|  |TAMS 0x000000070ab00000, 0x000000070ab00000| Untracked 
| 100|0x000000070ac00000, 0x000000070ad00000, 0x000000070ad00000|100%| O|  |TAMS 0x000000070ac00000, 0x000000070ac00000| Untracked 
| 101|0x000000070ad00000, 0x000000070ae00000, 0x000000070ae00000|100%| O|  |TAMS 0x000000070ad00000, 0x000000070ad00000| Untracked 
| 102|0x000000070ae00000, 0x000000070af00000, 0x000000070af00000|100%| O|  |TAMS 0x000000070ae00000, 0x000000070ae00000| Untracked 
| 103|0x000000070af00000, 0x000000070af00000, 0x000000070b000000|  0%| F|  |TAMS 0x000000070af00000, 0x000000070af00000| Untracked 
| 104|0x000000070b000000, 0x000000070b000000, 0x000000070b100000|  0%| F|  |TAMS 0x000000070b000000, 0x000000070b000000| Untracked 
| 105|0x000000070b100000, 0x000000070b100000, 0x000000070b200000|  0%| F|  |TAMS 0x000000070b100000, 0x000000070b100000| Untracked 
| 106|0x000000070b200000, 0x000000070b300000, 0x000000070b300000|100%|HS|  |TAMS 0x000000070b300000, 0x000000070b200000| Complete 
| 107|0x000000070b300000, 0x000000070b400000, 0x000000070b400000|100%|HC|  |TAMS 0x000000070b400000, 0x000000070b300000| Complete 
| 108|0x000000070b400000, 0x000000070b400000, 0x000000070b500000|  0%| F|  |TAMS 0x000000070b400000, 0x000000070b400000| Untracked 
| 109|0x000000070b500000, 0x000000070b500000, 0x000000070b600000|  0%| F|  |TAMS 0x000000070b500000, 0x000000070b500000| Untracked 
| 110|0x000000070b600000, 0x000000070b600000, 0x000000070b700000|  0%| F|  |TAMS 0x000000070b600000, 0x000000070b600000| Untracked 
| 111|0x000000070b700000, 0x000000070b700000, 0x000000070b800000|  0%| F|  |TAMS 0x000000070b700000, 0x000000070b700000| Untracked 
| 112|0x000000070b800000, 0x000000070b800000, 0x000000070b900000|  0%| F|  |TAMS 0x000000070b800000, 0x000000070b800000| Untracked 
| 113|0x000000070b900000, 0x000000070b900000, 0x000000070ba00000|  0%| F|  |TAMS 0x000000070b900000, 0x000000070b900000| Untracked 
| 114|0x000000070ba00000, 0x000000070bb00000, 0x000000070bb00000|100%|HS|  |TAMS 0x000000070bb00000, 0x000000070ba00000| Complete 
| 115|0x000000070bb00000, 0x000000070bc00000, 0x000000070bc00000|100%|HC|  |TAMS 0x000000070bc00000, 0x000000070bb00000| Complete 
| 116|0x000000070bc00000, 0x000000070bd00000, 0x000000070bd00000|100%|HC|  |TAMS 0x000000070bd00000, 0x000000070bc00000| Complete 
| 117|0x000000070bd00000, 0x000000070be00000, 0x000000070be00000|100%|HC|  |TAMS 0x000000070be00000, 0x000000070bd00000| Complete 
| 118|0x000000070be00000, 0x000000070be00000, 0x000000070bf00000|  0%| F|  |TAMS 0x000000070be00000, 0x000000070be00000| Untracked 
| 119|0x000000070bf00000, 0x000000070bf00000, 0x000000070c000000|  0%| F|  |TAMS 0x000000070bf00000, 0x000000070bf00000| Untracked 
| 120|0x000000070c000000, 0x000000070c000000, 0x000000070c100000|  0%| F|  |TAMS 0x000000070c000000, 0x000000070c000000| Untracked 
| 121|0x000000070c100000, 0x000000070c100000, 0x000000070c200000|  0%| F|  |TAMS 0x000000070c100000, 0x000000070c100000| Untracked 
| 122|0x000000070c200000, 0x000000070c300000, 0x000000070c300000|100%|HS|  |TAMS 0x000000070c300000, 0x000000070c200000| Complete 
| 123|0x000000070c300000, 0x000000070c400000, 0x000000070c400000|100%|HC|  |TAMS 0x000000070c400000, 0x000000070c300000| Complete 
| 124|0x000000070c400000, 0x000000070c400000, 0x000000070c500000|  0%| F|  |TAMS 0x000000070c400000, 0x000000070c400000| Untracked 
| 125|0x000000070c500000, 0x000000070c500000, 0x000000070c600000|  0%| F|  |TAMS 0x000000070c500000, 0x000000070c500000| Untracked 
| 126|0x000000070c600000, 0x000000070c600000, 0x000000070c700000|  0%| F|  |TAMS 0x000000070c600000, 0x000000070c600000| Untracked 
| 127|0x000000070c700000, 0x000000070c700000, 0x000000070c800000|  0%| F|  |TAMS 0x000000070c700000, 0x000000070c700000| Untracked 
| 128|0x000000070c800000, 0x000000070c800000, 0x000000070c900000|  0%| F|  |TAMS 0x000000070c800000, 0x000000070c800000| Untracked 
| 129|0x000000070c900000, 0x000000070c900000, 0x000000070ca00000|  0%| F|  |TAMS 0x000000070c900000, 0x000000070c900000| Untracked 
| 130|0x000000070ca00000, 0x000000070cb00000, 0x000000070cb00000|100%|HS|  |TAMS 0x000000070cb00000, 0x000000070ca00000| Complete 
| 131|0x000000070cb00000, 0x000000070cc00000, 0x000000070cc00000|100%|HC|  |TAMS 0x000000070cc00000, 0x000000070cb00000| Complete 
| 132|0x000000070cc00000, 0x000000070cc00000, 0x000000070cd00000|  0%| F|  |TAMS 0x000000070cc00000, 0x000000070cc00000| Untracked 
| 133|0x000000070cd00000, 0x000000070cd00000, 0x000000070ce00000|  0%| F|  |TAMS 0x000000070cd00000, 0x000000070cd00000| Untracked 
| 134|0x000000070ce00000, 0x000000070cf00000, 0x000000070cf00000|100%|HS|  |TAMS 0x000000070cf00000, 0x000000070ce00000| Complete 
| 135|0x000000070cf00000, 0x000000070d000000, 0x000000070d000000|100%|HC|  |TAMS 0x000000070d000000, 0x000000070cf00000| Complete 
| 136|0x000000070d000000, 0x000000070d000000, 0x000000070d100000|  0%| F|  |TAMS 0x000000070d000000, 0x000000070d000000| Untracked 
| 137|0x000000070d100000, 0x000000070d100000, 0x000000070d200000|  0%| F|  |TAMS 0x000000070d100000, 0x000000070d100000| Untracked 
| 138|0x000000070d200000, 0x000000070d200000, 0x000000070d300000|  0%| F|  |TAMS 0x000000070d200000, 0x000000070d200000| Untracked 
| 139|0x000000070d300000, 0x000000070d300000, 0x000000070d400000|  0%| F|  |TAMS 0x000000070d300000, 0x000000070d300000| Untracked 
| 140|0x000000070d400000, 0x000000070d400000, 0x000000070d500000|  0%| F|  |TAMS 0x000000070d400000, 0x000000070d400000| Untracked 
| 141|0x000000070d500000, 0x000000070d500000, 0x000000070d600000|  0%| F|  |TAMS 0x000000070d500000, 0x000000070d500000| Untracked 
| 142|0x000000070d600000, 0x000000070d600000, 0x000000070d700000|  0%| F|  |TAMS 0x000000070d600000, 0x000000070d600000| Untracked 
| 143|0x000000070d700000, 0x000000070d700000, 0x000000070d800000|  0%| F|  |TAMS 0x000000070d700000, 0x000000070d700000| Untracked 
| 144|0x000000070d800000, 0x000000070d800000, 0x000000070d900000|  0%| F|  |TAMS 0x000000070d800000, 0x000000070d800000| Untracked 
| 145|0x000000070d900000, 0x000000070d900000, 0x000000070da00000|  0%| F|  |TAMS 0x000000070d900000, 0x000000070d900000| Untracked 
| 146|0x000000070da00000, 0x000000070da00000, 0x000000070db00000|  0%| F|  |TAMS 0x000000070da00000, 0x000000070da00000| Untracked 
| 147|0x000000070db00000, 0x000000070db00000, 0x000000070dc00000|  0%| F|  |TAMS 0x000000070db00000, 0x000000070db00000| Untracked 
| 148|0x000000070dc00000, 0x000000070dc00000, 0x000000070dd00000|  0%| F|  |TAMS 0x000000070dc00000, 0x000000070dc00000| Untracked 
| 149|0x000000070dd00000, 0x000000070dd00000, 0x000000070de00000|  0%| F|  |TAMS 0x000000070dd00000, 0x000000070dd00000| Untracked 
| 150|0x000000070de00000, 0x000000070de00000, 0x000000070df00000|  0%| F|  |TAMS 0x000000070de00000, 0x000000070de00000| Untracked 
| 151|0x000000070df00000, 0x000000070df00000, 0x000000070e000000|  0%| F|  |TAMS 0x000000070df00000, 0x000000070df00000| Untracked 
| 152|0x000000070e000000, 0x000000070e000000, 0x000000070e100000|  0%| F|  |TAMS 0x000000070e000000, 0x000000070e000000| Untracked 
| 153|0x000000070e100000, 0x000000070e100000, 0x000000070e200000|  0%| F|  |TAMS 0x000000070e100000, 0x000000070e100000| Untracked 
| 154|0x000000070e200000, 0x000000070e200000, 0x000000070e300000|  0%| F|  |TAMS 0x000000070e200000, 0x000000070e200000| Untracked 
| 155|0x000000070e300000, 0x000000070e300000, 0x000000070e400000|  0%| F|  |TAMS 0x000000070e300000, 0x000000070e300000| Untracked 
| 156|0x000000070e400000, 0x000000070e400000, 0x000000070e500000|  0%| F|  |TAMS 0x000000070e400000, 0x000000070e400000| Untracked 
| 157|0x000000070e500000, 0x000000070e500000, 0x000000070e600000|  0%| F|  |TAMS 0x000000070e500000, 0x000000070e500000| Untracked 
| 158|0x000000070e600000, 0x000000070e600000, 0x000000070e700000|  0%| F|  |TAMS 0x000000070e600000, 0x000000070e600000| Untracked 
| 159|0x000000070e700000, 0x000000070e700000, 0x000000070e800000|  0%| F|  |TAMS 0x000000070e700000, 0x000000070e700000| Untracked 
| 160|0x000000070e800000, 0x000000070e800000, 0x000000070e900000|  0%| F|  |TAMS 0x000000070e800000, 0x000000070e800000| Untracked 
| 161|0x000000070e900000, 0x000000070e900000, 0x000000070ea00000|  0%| F|  |TAMS 0x000000070e900000, 0x000000070e900000| Untracked 
| 162|0x000000070ea00000, 0x000000070ea00000, 0x000000070eb00000|  0%| F|  |TAMS 0x000000070ea00000, 0x000000070ea00000| Untracked 
| 163|0x000000070eb00000, 0x000000070eb00000, 0x000000070ec00000|  0%| F|  |TAMS 0x000000070eb00000, 0x000000070eb00000| Untracked 
| 164|0x000000070ec00000, 0x000000070ec00000, 0x000000070ed00000|  0%| F|  |TAMS 0x000000070ec00000, 0x000000070ec00000| Untracked 
| 165|0x000000070ed00000, 0x000000070ed00000, 0x000000070ee00000|  0%| F|  |TAMS 0x000000070ed00000, 0x000000070ed00000| Untracked 
| 166|0x000000070ee00000, 0x000000070ee00000, 0x000000070ef00000|  0%| F|  |TAMS 0x000000070ee00000, 0x000000070ee00000| Untracked 
| 167|0x000000070ef00000, 0x000000070ef00000, 0x000000070f000000|  0%| F|  |TAMS 0x000000070ef00000, 0x000000070ef00000| Untracked 
| 168|0x000000070f000000, 0x000000070f000000, 0x000000070f100000|  0%| F|  |TAMS 0x000000070f000000, 0x000000070f000000| Untracked 
| 169|0x000000070f100000, 0x000000070f100000, 0x000000070f200000|  0%| F|  |TAMS 0x000000070f100000, 0x000000070f100000| Untracked 
| 170|0x000000070f200000, 0x000000070f200000, 0x000000070f300000|  0%| F|  |TAMS 0x000000070f200000, 0x000000070f200000| Untracked 
| 171|0x000000070f300000, 0x000000070f300000, 0x000000070f400000|  0%| F|  |TAMS 0x000000070f300000, 0x000000070f300000| Untracked 
| 172|0x000000070f400000, 0x000000070f400000, 0x000000070f500000|  0%| F|  |TAMS 0x000000070f400000, 0x000000070f400000| Untracked 
| 173|0x000000070f500000, 0x000000070f500000, 0x000000070f600000|  0%| F|  |TAMS 0x000000070f500000, 0x000000070f500000| Untracked 
| 174|0x000000070f600000, 0x000000070f600000, 0x000000070f700000|  0%| F|  |TAMS 0x000000070f600000, 0x000000070f600000| Untracked 
| 175|0x000000070f700000, 0x000000070f700000, 0x000000070f800000|  0%| F|  |TAMS 0x000000070f700000, 0x000000070f700000| Untracked 
| 176|0x000000070f800000, 0x000000070f800000, 0x000000070f900000|  0%| F|  |TAMS 0x000000070f800000, 0x000000070f800000| Untracked 
| 177|0x000000070f900000, 0x000000070f900000, 0x000000070fa00000|  0%| F|  |TAMS 0x000000070f900000, 0x000000070f900000| Untracked 
| 178|0x000000070fa00000, 0x000000070fa00000, 0x000000070fb00000|  0%| F|  |TAMS 0x000000070fa00000, 0x000000070fa00000| Untracked 
| 179|0x000000070fb00000, 0x000000070fb00000, 0x000000070fc00000|  0%| F|  |TAMS 0x000000070fb00000, 0x000000070fb00000| Untracked 
| 180|0x000000070fc00000, 0x000000070fc00000, 0x000000070fd00000|  0%| F|  |TAMS 0x000000070fc00000, 0x000000070fc00000| Untracked 
| 181|0x000000070fd00000, 0x000000070fd00000, 0x000000070fe00000|  0%| F|  |TAMS 0x000000070fd00000, 0x000000070fd00000| Untracked 
| 182|0x000000070fe00000, 0x000000070fe00000, 0x000000070ff00000|  0%| F|  |TAMS 0x000000070fe00000, 0x000000070fe00000| Untracked 
| 183|0x000000070ff00000, 0x000000070ff00000, 0x0000000710000000|  0%| F|  |TAMS 0x000000070ff00000, 0x000000070ff00000| Untracked 
| 184|0x0000000710000000, 0x0000000710000000, 0x0000000710100000|  0%| F|  |TAMS 0x0000000710000000, 0x0000000710000000| Untracked 
| 185|0x0000000710100000, 0x0000000710100000, 0x0000000710200000|  0%| F|  |TAMS 0x0000000710100000, 0x0000000710100000| Untracked 
| 186|0x0000000710200000, 0x0000000710200000, 0x0000000710300000|  0%| F|  |TAMS 0x0000000710200000, 0x0000000710200000| Untracked 
| 187|0x0000000710300000, 0x0000000710300000, 0x0000000710400000|  0%| F|  |TAMS 0x0000000710300000, 0x0000000710300000| Untracked 
| 188|0x0000000710400000, 0x0000000710400000, 0x0000000710500000|  0%| F|  |TAMS 0x0000000710400000, 0x0000000710400000| Untracked 
| 189|0x0000000710500000, 0x0000000710500000, 0x0000000710600000|  0%| F|  |TAMS 0x0000000710500000, 0x0000000710500000| Untracked 
| 190|0x0000000710600000, 0x0000000710600000, 0x0000000710700000|  0%| F|  |TAMS 0x0000000710600000, 0x0000000710600000| Untracked 
| 191|0x0000000710700000, 0x0000000710700000, 0x0000000710800000|  0%| F|  |TAMS 0x0000000710700000, 0x0000000710700000| Untracked 
| 192|0x0000000710800000, 0x0000000710800000, 0x0000000710900000|  0%| F|  |TAMS 0x0000000710800000, 0x0000000710800000| Untracked 
| 193|0x0000000710900000, 0x0000000710900000, 0x0000000710a00000|  0%| F|  |TAMS 0x0000000710900000, 0x0000000710900000| Untracked 
| 194|0x0000000710a00000, 0x0000000710a00000, 0x0000000710b00000|  0%| F|  |TAMS 0x0000000710a00000, 0x0000000710a00000| Untracked 
| 195|0x0000000710b00000, 0x0000000710b00000, 0x0000000710c00000|  0%| F|  |TAMS 0x0000000710b00000, 0x0000000710b00000| Untracked 
| 196|0x0000000710c00000, 0x0000000710c00000, 0x0000000710d00000|  0%| F|  |TAMS 0x0000000710c00000, 0x0000000710c00000| Untracked 
| 197|0x0000000710d00000, 0x0000000710d00000, 0x0000000710e00000|  0%| F|  |TAMS 0x0000000710d00000, 0x0000000710d00000| Untracked 
| 198|0x0000000710e00000, 0x0000000710e00000, 0x0000000710f00000|  0%| F|  |TAMS 0x0000000710e00000, 0x0000000710e00000| Untracked 
| 199|0x0000000710f00000, 0x0000000710f00000, 0x0000000711000000|  0%| F|  |TAMS 0x0000000710f00000, 0x0000000710f00000| Untracked 
| 200|0x0000000711000000, 0x0000000711000000, 0x0000000711100000|  0%| F|  |TAMS 0x0000000711000000, 0x0000000711000000| Untracked 
| 201|0x0000000711100000, 0x0000000711100000, 0x0000000711200000|  0%| F|  |TAMS 0x0000000711100000, 0x0000000711100000| Untracked 
| 202|0x0000000711200000, 0x0000000711200000, 0x0000000711300000|  0%| F|  |TAMS 0x0000000711200000, 0x0000000711200000| Untracked 
| 203|0x0000000711300000, 0x0000000711300000, 0x0000000711400000|  0%| F|  |TAMS 0x0000000711300000, 0x0000000711300000| Untracked 
| 204|0x0000000711400000, 0x0000000711400000, 0x0000000711500000|  0%| F|  |TAMS 0x0000000711400000, 0x0000000711400000| Untracked 
| 205|0x0000000711500000, 0x0000000711500000, 0x0000000711600000|  0%| F|  |TAMS 0x0000000711500000, 0x0000000711500000| Untracked 
| 206|0x0000000711600000, 0x0000000711600000, 0x0000000711700000|  0%| F|  |TAMS 0x0000000711600000, 0x0000000711600000| Untracked 
| 207|0x0000000711700000, 0x0000000711700000, 0x0000000711800000|  0%| F|  |TAMS 0x0000000711700000, 0x0000000711700000| Untracked 
| 208|0x0000000711800000, 0x0000000711800000, 0x0000000711900000|  0%| F|  |TAMS 0x0000000711800000, 0x0000000711800000| Untracked 
| 209|0x0000000711900000, 0x0000000711900000, 0x0000000711a00000|  0%| F|  |TAMS 0x0000000711900000, 0x0000000711900000| Untracked 
| 210|0x0000000711a00000, 0x0000000711a00000, 0x0000000711b00000|  0%| F|  |TAMS 0x0000000711a00000, 0x0000000711a00000| Untracked 
| 211|0x0000000711b00000, 0x0000000711b00000, 0x0000000711c00000|  0%| F|  |TAMS 0x0000000711b00000, 0x0000000711b00000| Untracked 
| 212|0x0000000711c00000, 0x0000000711c00000, 0x0000000711d00000|  0%| F|  |TAMS 0x0000000711c00000, 0x0000000711c00000| Untracked 
| 213|0x0000000711d00000, 0x0000000711d00000, 0x0000000711e00000|  0%| F|  |TAMS 0x0000000711d00000, 0x0000000711d00000| Untracked 
| 214|0x0000000711e00000, 0x0000000711e00000, 0x0000000711f00000|  0%| F|  |TAMS 0x0000000711e00000, 0x0000000711e00000| Untracked 
| 215|0x0000000711f00000, 0x0000000711f00000, 0x0000000712000000|  0%| F|  |TAMS 0x0000000711f00000, 0x0000000711f00000| Untracked 
| 216|0x0000000712000000, 0x0000000712000000, 0x0000000712100000|  0%| F|  |TAMS 0x0000000712000000, 0x0000000712000000| Untracked 
| 217|0x0000000712100000, 0x0000000712100000, 0x0000000712200000|  0%| F|  |TAMS 0x0000000712100000, 0x0000000712100000| Untracked 
| 218|0x0000000712200000, 0x0000000712200000, 0x0000000712300000|  0%| F|  |TAMS 0x0000000712200000, 0x0000000712200000| Untracked 
| 219|0x0000000712300000, 0x0000000712300000, 0x0000000712400000|  0%| F|  |TAMS 0x0000000712300000, 0x0000000712300000| Untracked 
| 220|0x0000000712400000, 0x0000000712400000, 0x0000000712500000|  0%| F|  |TAMS 0x0000000712400000, 0x0000000712400000| Untracked 
| 221|0x0000000712500000, 0x0000000712500000, 0x0000000712600000|  0%| F|  |TAMS 0x0000000712500000, 0x0000000712500000| Untracked 
| 222|0x0000000712600000, 0x0000000712600000, 0x0000000712700000|  0%| F|  |TAMS 0x0000000712600000, 0x0000000712600000| Untracked 
| 223|0x0000000712700000, 0x0000000712700000, 0x0000000712800000|  0%| F|  |TAMS 0x0000000712700000, 0x0000000712700000| Untracked 
| 224|0x0000000712800000, 0x0000000712800000, 0x0000000712900000|  0%| F|  |TAMS 0x0000000712800000, 0x0000000712800000| Untracked 
| 225|0x0000000712900000, 0x0000000712900000, 0x0000000712a00000|  0%| F|  |TAMS 0x0000000712900000, 0x0000000712900000| Untracked 
| 226|0x0000000712a00000, 0x0000000712a00000, 0x0000000712b00000|  0%| F|  |TAMS 0x0000000712a00000, 0x0000000712a00000| Untracked 
| 227|0x0000000712b00000, 0x0000000712b00000, 0x0000000712c00000|  0%| F|  |TAMS 0x0000000712b00000, 0x0000000712b00000| Untracked 
| 228|0x0000000712c00000, 0x0000000712c00000, 0x0000000712d00000|  0%| F|  |TAMS 0x0000000712c00000, 0x0000000712c00000| Untracked 
| 229|0x0000000712d00000, 0x0000000712d00000, 0x0000000712e00000|  0%| F|  |TAMS 0x0000000712d00000, 0x0000000712d00000| Untracked 
| 230|0x0000000712e00000, 0x0000000712e00000, 0x0000000712f00000|  0%| F|  |TAMS 0x0000000712e00000, 0x0000000712e00000| Untracked 
| 231|0x0000000712f00000, 0x0000000712f00000, 0x0000000713000000|  0%| F|  |TAMS 0x0000000712f00000, 0x0000000712f00000| Untracked 
| 232|0x0000000713000000, 0x0000000713000000, 0x0000000713100000|  0%| F|  |TAMS 0x0000000713000000, 0x0000000713000000| Untracked 
| 233|0x0000000713100000, 0x0000000713100000, 0x0000000713200000|  0%| F|  |TAMS 0x0000000713100000, 0x0000000713100000| Untracked 
| 234|0x0000000713200000, 0x0000000713200000, 0x0000000713300000|  0%| F|  |TAMS 0x0000000713200000, 0x0000000713200000| Untracked 
| 235|0x0000000713300000, 0x0000000713300000, 0x0000000713400000|  0%| F|  |TAMS 0x0000000713300000, 0x0000000713300000| Untracked 
| 236|0x0000000713400000, 0x0000000713400000, 0x0000000713500000|  0%| F|  |TAMS 0x0000000713400000, 0x0000000713400000| Untracked 
| 237|0x0000000713500000, 0x0000000713500000, 0x0000000713600000|  0%| F|  |TAMS 0x0000000713500000, 0x0000000713500000| Untracked 
| 238|0x0000000713600000, 0x0000000713600000, 0x0000000713700000|  0%| F|  |TAMS 0x0000000713600000, 0x0000000713600000| Untracked 
| 239|0x0000000713700000, 0x0000000713700000, 0x0000000713800000|  0%| F|  |TAMS 0x0000000713700000, 0x0000000713700000| Untracked 
| 240|0x0000000713800000, 0x0000000713800000, 0x0000000713900000|  0%| F|  |TAMS 0x0000000713800000, 0x0000000713800000| Untracked 
| 241|0x0000000713900000, 0x000000071392a0e0, 0x0000000713a00000| 16%| S|CS|TAMS 0x0000000713900000, 0x0000000713900000| Complete 
| 242|0x0000000713a00000, 0x0000000713a00000, 0x0000000713b00000|  0%| F|  |TAMS 0x0000000713a00000, 0x0000000713a00000| Untracked 
| 243|0x0000000713b00000, 0x0000000713b00000, 0x0000000713c00000|  0%| F|  |TAMS 0x0000000713b00000, 0x0000000713b00000| Untracked 
| 244|0x0000000713c00000, 0x0000000713c00000, 0x0000000713d00000|  0%| F|  |TAMS 0x0000000713c00000, 0x0000000713c00000| Untracked 
| 245|0x0000000713d00000, 0x0000000713d00000, 0x0000000713e00000|  0%| F|  |TAMS 0x0000000713d00000, 0x0000000713d00000| Untracked 
| 246|0x0000000713e00000, 0x0000000713e00000, 0x0000000713f00000|  0%| F|  |TAMS 0x0000000713e00000, 0x0000000713e00000| Untracked 
| 247|0x0000000713f00000, 0x0000000713f00000, 0x0000000714000000|  0%| F|  |TAMS 0x0000000713f00000, 0x0000000713f00000| Untracked 
| 248|0x0000000714000000, 0x0000000714000000, 0x0000000714100000|  0%| F|  |TAMS 0x0000000714000000, 0x0000000714000000| Untracked 
| 249|0x0000000714100000, 0x0000000714100000, 0x0000000714200000|  0%| F|  |TAMS 0x0000000714100000, 0x0000000714100000| Untracked 
| 250|0x0000000714200000, 0x0000000714200000, 0x0000000714300000|  0%| F|  |TAMS 0x0000000714200000, 0x0000000714200000| Untracked 
| 251|0x0000000714300000, 0x0000000714300000, 0x0000000714400000|  0%| F|  |TAMS 0x0000000714300000, 0x0000000714300000| Untracked 
| 252|0x0000000714400000, 0x0000000714400000, 0x0000000714500000|  0%| F|  |TAMS 0x0000000714400000, 0x0000000714400000| Untracked 
| 253|0x0000000714500000, 0x0000000714500000, 0x0000000714600000|  0%| F|  |TAMS 0x0000000714500000, 0x0000000714500000| Untracked 
| 254|0x0000000714600000, 0x0000000714600000, 0x0000000714700000|  0%| F|  |TAMS 0x0000000714600000, 0x0000000714600000| Untracked 
| 255|0x0000000714700000, 0x0000000714700000, 0x0000000714800000|  0%| F|  |TAMS 0x0000000714700000, 0x0000000714700000| Untracked 
| 256|0x0000000714800000, 0x0000000714800000, 0x0000000714900000|  0%| F|  |TAMS 0x0000000714800000, 0x0000000714800000| Untracked 
| 257|0x0000000714900000, 0x0000000714900000, 0x0000000714a00000|  0%| F|  |TAMS 0x0000000714900000, 0x0000000714900000| Untracked 
| 258|0x0000000714a00000, 0x0000000714a00000, 0x0000000714b00000|  0%| F|  |TAMS 0x0000000714a00000, 0x0000000714a00000| Untracked 
| 259|0x0000000714b00000, 0x0000000714b00000, 0x0000000714c00000|  0%| F|  |TAMS 0x0000000714b00000, 0x0000000714b00000| Untracked 
| 260|0x0000000714c00000, 0x0000000714c00000, 0x0000000714d00000|  0%| F|  |TAMS 0x0000000714c00000, 0x0000000714c00000| Untracked 
| 261|0x0000000714d00000, 0x0000000714d00000, 0x0000000714e00000|  0%| F|  |TAMS 0x0000000714d00000, 0x0000000714d00000| Untracked 
| 262|0x0000000714e00000, 0x0000000714e00000, 0x0000000714f00000|  0%| F|  |TAMS 0x0000000714e00000, 0x0000000714e00000| Untracked 
| 263|0x0000000714f00000, 0x0000000714f00000, 0x0000000715000000|  0%| F|  |TAMS 0x0000000714f00000, 0x0000000714f00000| Untracked 
| 264|0x0000000715000000, 0x0000000715000000, 0x0000000715100000|  0%| F|  |TAMS 0x0000000715000000, 0x0000000715000000| Untracked 
| 265|0x0000000715100000, 0x0000000715100000, 0x0000000715200000|  0%| F|  |TAMS 0x0000000715100000, 0x0000000715100000| Untracked 
| 266|0x0000000715200000, 0x0000000715200000, 0x0000000715300000|  0%| F|  |TAMS 0x0000000715200000, 0x0000000715200000| Untracked 
| 267|0x0000000715300000, 0x0000000715300000, 0x0000000715400000|  0%| F|  |TAMS 0x0000000715300000, 0x0000000715300000| Untracked 
| 268|0x0000000715400000, 0x0000000715400000, 0x0000000715500000|  0%| F|  |TAMS 0x0000000715400000, 0x0000000715400000| Untracked 
| 269|0x0000000715500000, 0x0000000715500000, 0x0000000715600000|  0%| F|  |TAMS 0x0000000715500000, 0x0000000715500000| Untracked 
| 270|0x0000000715600000, 0x0000000715600000, 0x0000000715700000|  0%| F|  |TAMS 0x0000000715600000, 0x0000000715600000| Untracked 
| 271|0x0000000715700000, 0x0000000715700000, 0x0000000715800000|  0%| F|  |TAMS 0x0000000715700000, 0x0000000715700000| Untracked 
| 272|0x0000000715800000, 0x0000000715800000, 0x0000000715900000|  0%| F|  |TAMS 0x0000000715800000, 0x0000000715800000| Untracked 
| 273|0x0000000715900000, 0x0000000715900000, 0x0000000715a00000|  0%| F|  |TAMS 0x0000000715900000, 0x0000000715900000| Untracked 
| 274|0x0000000715a00000, 0x0000000715a00000, 0x0000000715b00000|  0%| F|  |TAMS 0x0000000715a00000, 0x0000000715a00000| Untracked 
| 275|0x0000000715b00000, 0x0000000715be00c0, 0x0000000715c00000| 87%| E|  |TAMS 0x0000000715b00000, 0x0000000715b00000| Complete 
| 276|0x0000000715c00000, 0x0000000715d00000, 0x0000000715d00000|100%| E|CS|TAMS 0x0000000715c00000, 0x0000000715c00000| Complete 
| 277|0x0000000715d00000, 0x0000000715e00000, 0x0000000715e00000|100%| E|CS|TAMS 0x0000000715d00000, 0x0000000715d00000| Complete 
| 278|0x0000000715e00000, 0x0000000715f00000, 0x0000000715f00000|100%| E|CS|TAMS 0x0000000715e00000, 0x0000000715e00000| Complete 
| 279|0x0000000715f00000, 0x0000000716000000, 0x0000000716000000|100%| E|CS|TAMS 0x0000000715f00000, 0x0000000715f00000| Complete 
| 280|0x0000000716000000, 0x0000000716100000, 0x0000000716100000|100%| E|CS|TAMS 0x0000000716000000, 0x0000000716000000| Complete 
| 281|0x0000000716100000, 0x0000000716200000, 0x0000000716200000|100%| E|CS|TAMS 0x0000000716100000, 0x0000000716100000| Complete 
| 282|0x0000000716200000, 0x0000000716300000, 0x0000000716300000|100%| E|CS|TAMS 0x0000000716200000, 0x0000000716200000| Complete 
| 283|0x0000000716300000, 0x0000000716400000, 0x0000000716400000|100%| E|CS|TAMS 0x0000000716300000, 0x0000000716300000| Complete 
| 284|0x0000000716400000, 0x0000000716500000, 0x0000000716500000|100%| E|CS|TAMS 0x0000000716400000, 0x0000000716400000| Complete 
| 285|0x0000000716500000, 0x0000000716600000, 0x0000000716600000|100%| E|CS|TAMS 0x0000000716500000, 0x0000000716500000| Complete 
| 286|0x0000000716600000, 0x0000000716700000, 0x0000000716700000|100%| E|CS|TAMS 0x0000000716600000, 0x0000000716600000| Complete 
| 287|0x0000000716700000, 0x0000000716800000, 0x0000000716800000|100%| E|CS|TAMS 0x0000000716700000, 0x0000000716700000| Complete 
| 288|0x0000000716800000, 0x0000000716900000, 0x0000000716900000|100%| E|CS|TAMS 0x0000000716800000, 0x0000000716800000| Complete 
| 289|0x0000000716900000, 0x0000000716a00000, 0x0000000716a00000|100%| E|CS|TAMS 0x0000000716900000, 0x0000000716900000| Complete 
| 290|0x0000000716a00000, 0x0000000716b00000, 0x0000000716b00000|100%| E|CS|TAMS 0x0000000716a00000, 0x0000000716a00000| Complete 
| 291|0x0000000716b00000, 0x0000000716c00000, 0x0000000716c00000|100%| E|CS|TAMS 0x0000000716b00000, 0x0000000716b00000| Complete 
| 292|0x0000000716c00000, 0x0000000716d00000, 0x0000000716d00000|100%| E|CS|TAMS 0x0000000716c00000, 0x0000000716c00000| Complete 
| 293|0x0000000716d00000, 0x0000000716e00000, 0x0000000716e00000|100%| E|CS|TAMS 0x0000000716d00000, 0x0000000716d00000| Complete 
| 294|0x0000000716e00000, 0x0000000716f00000, 0x0000000716f00000|100%| E|CS|TAMS 0x0000000716e00000, 0x0000000716e00000| Complete 
| 295|0x0000000716f00000, 0x0000000717000000, 0x0000000717000000|100%| E|CS|TAMS 0x0000000716f00000, 0x0000000716f00000| Complete 
| 296|0x0000000717000000, 0x0000000717100000, 0x0000000717100000|100%| E|CS|TAMS 0x0000000717000000, 0x0000000717000000| Complete 
| 297|0x0000000717100000, 0x0000000717200000, 0x0000000717200000|100%| E|CS|TAMS 0x0000000717100000, 0x0000000717100000| Complete 
| 298|0x0000000717200000, 0x0000000717300000, 0x0000000717300000|100%| E|CS|TAMS 0x0000000717200000, 0x0000000717200000| Complete 
| 299|0x0000000717300000, 0x0000000717400000, 0x0000000717400000|100%| E|CS|TAMS 0x0000000717300000, 0x0000000717300000| Complete 
| 300|0x0000000717400000, 0x0000000717500000, 0x0000000717500000|100%| E|CS|TAMS 0x0000000717400000, 0x0000000717400000| Complete 
| 301|0x0000000717500000, 0x0000000717600000, 0x0000000717600000|100%| E|CS|TAMS 0x0000000717500000, 0x0000000717500000| Complete 
| 302|0x0000000717600000, 0x0000000717700000, 0x0000000717700000|100%| E|CS|TAMS 0x0000000717600000, 0x0000000717600000| Complete 

Card table byte_map: [0x000002b526e20000,0x000002b527600000] _byte_map_base: 0x000002b5235fc000

Marking Bits (Prev, Next): (CMBitMap*) 0x000002b50f30e488, (CMBitMap*) 0x000002b50f30e4c0
 Prev Bits: [0x000002b527de0000, 0x000002b52bcc0000)
 Next Bits: [0x000002b52bcc0000, 0x000002b52fba0000)

Polling page: 0x000002b50da60000

Metaspace:

Usage:
  Non-class:     21.13 MB capacity,    20.96 MB (>99%) used,   133.85 KB ( <1%) free+waste,    35.69 KB ( <1%) overhead. 
      Class:      2.43 MB capacity,     2.30 MB ( 95%) used,   118.67 KB (  5%) free+waste,    17.19 KB ( <1%) overhead. 
       Both:     23.56 MB capacity,    23.27 MB ( 99%) used,   252.52 KB (  1%) free+waste,    52.88 KB ( <1%) overhead. 

Virtual space:
  Non-class space:       22.00 MB reserved,      21.25 MB ( 97%) committed 
      Class space:        1.00 GB reserved,       2.50 MB ( <1%) committed 
             Both:        1.02 GB reserved,      23.75 MB (  2%) committed 

Chunk freelists:
   Non-Class:  7.38 KB
       Class:  512 bytes
        Both:  7.88 KB

CodeHeap 'non-profiled nmethods': size=120000Kb used=1524Kb max_used=1524Kb free=118475Kb
 bounds [0x000002b51e490000, 0x000002b51e700000, 0x000002b5259c0000]
CodeHeap 'profiled nmethods': size=120000Kb used=6522Kb max_used=6522Kb free=113478Kb
 bounds [0x000002b516f60000, 0x000002b5175c0000, 0x000002b51e490000]
CodeHeap 'non-nmethods': size=5760Kb used=1338Kb max_used=1406Kb free=4421Kb
 bounds [0x000002b5169c0000, 0x000002b516c30000, 0x000002b516f60000]
 total_blobs=3368 nmethods=2613 adapters=666
 compilation: enabled
              stopped_count=0, restarted_count=0
 full_count=0

Compilation events (10 events):
Event: 45.827 Thread 0x000002b533251800 2612       4       javax.media.j3d.TransformGroup::getTransform (41 bytes)
Event: 45.834 Thread 0x000002b533251800 nmethod 2612 0x000002b51e60ba10 code [0x000002b51e60bba0, 0x000002b51e60c018]
Event: 46.119 Thread 0x000002b533252800 2613       3       java.util.concurrent.ConcurrentHashMap$BaseIterator::<init> (21 bytes)
Event: 46.120 Thread 0x000002b533252800 nmethod 2613 0x000002b5175bdf10 code [0x000002b5175be0c0, 0x000002b5175be298]
Event: 46.120 Thread 0x000002b533252800 2614       3       java.util.concurrent.ConcurrentHashMap$Traverser::<init> (36 bytes)
Event: 46.121 Thread 0x000002b533252800 nmethod 2614 0x000002b5175be390 code [0x000002b5175be540, 0x000002b5175be738]
Event: 46.121 Thread 0x000002b533251800 2615       4       javax.media.j3d.ShaderBin::render (30 bytes)
Event: 46.121 Thread 0x000002b533252800 2616       1       java.util.concurrent.CopyOnWriteArrayList::getArray (5 bytes)
Event: 46.121 Thread 0x000002b533252800 nmethod 2616 0x000002b51e60c310 code [0x000002b51e60c4a0, 0x000002b51e60c558]
Event: 46.127 Thread 0x000002b533251800 nmethod 2615 0x000002b51e60c610 code [0x000002b51e60c7c0, 0x000002b51e60cc68]

GC Heap History (10 events):
Event: 1.397 GC heap before
{Heap before GC invocations=6 (full 0):
 garbage-first heap   total 310272K, used 230204K [0x0000000704800000, 0x0000000800000000)
  region size 1024K, 90 young (92160K), 3 survivors (3072K)
 Metaspace       used 20430K, capacity 20720K, committed 20992K, reserved 1069056K
  class space    used 2100K, capacity 2233K, committed 2304K, reserved 1048576K
}
Event: 1.399 GC heap after
{Heap after GC invocations=7 (full 0):
 garbage-first heap   total 310272K, used 99141K [0x0000000704800000, 0x0000000800000000)
  region size 1024K, 3 young (3072K), 3 survivors (3072K)
 Metaspace       used 20430K, capacity 20720K, committed 20992K, reserved 1069056K
  class space    used 2100K, capacity 2233K, committed 2304K, reserved 1048576K
}
Event: 1.522 GC heap before
{Heap before GC invocations=8 (full 0):
 garbage-first heap   total 310272K, used 193349K [0x0000000704800000, 0x0000000800000000)
  region size 1024K, 54 young (55296K), 3 survivors (3072K)
 Metaspace       used 20445K, capacity 20720K, committed 20992K, reserved 1069056K
  class space    used 2100K, capacity 2233K, committed 2304K, reserved 1048576K
}
Event: 1.524 GC heap after
{Heap after GC invocations=9 (full 0):
 garbage-first heap   total 310272K, used 99409K [0x0000000704800000, 0x0000000800000000)
  region size 1024K, 4 young (4096K), 4 survivors (4096K)
 Metaspace       used 20445K, capacity 20720K, committed 20992K, reserved 1069056K
  class space    used 2100K, capacity 2233K, committed 2304K, reserved 1048576K
}
Event: 14.725 GC heap before
{Heap before GC invocations=10 (full 0):
 garbage-first heap   total 310272K, used 197713K [0x0000000704800000, 0x0000000800000000)
  region size 1024K, 80 young (81920K), 4 survivors (4096K)
 Metaspace       used 23672K, capacity 23993K, committed 24064K, reserved 1071104K
  class space    used 2351K, capacity 2492K, committed 2560K, reserved 1048576K
}
Event: 14.744 GC heap after
{Heap after GC invocations=11 (full 0):
 garbage-first heap   total 310272K, used 106906K [0x0000000704800000, 0x0000000800000000)
  region size 1024K, 10 young (10240K), 10 survivors (10240K)
 Metaspace       used 23672K, capacity 23993K, committed 24064K, reserved 1071104K
  class space    used 2351K, capacity 2492K, committed 2560K, reserved 1048576K
}
Event: 15.010 GC heap before
{Heap before GC invocations=11 (full 0):
 garbage-first heap   total 310272K, used 117146K [0x0000000704800000, 0x0000000800000000)
  region size 1024K, 20 young (20480K), 10 survivors (10240K)
 Metaspace       used 23682K, capacity 23993K, committed 24064K, reserved 1071104K
  class space    used 2351K, capacity 2492K, committed 2560K, reserved 1048576K
}
Event: 15.019 GC heap after
{Heap after GC invocations=12 (full 0):
 garbage-first heap   total 310272K, used 108095K [0x0000000704800000, 0x0000000800000000)
  region size 1024K, 1 young (1024K), 1 survivors (1024K)
 Metaspace       used 23682K, capacity 23993K, committed 24064K, reserved 1071104K
  class space    used 2351K, capacity 2492K, committed 2560K, reserved 1048576K
}
Event: 25.193 GC heap before
{Heap before GC invocations=12 (full 0):
 garbage-first heap   total 310272K, used 169535K [0x0000000704800000, 0x0000000800000000)
  region size 1024K, 61 young (62464K), 1 survivors (1024K)
 Metaspace       used 23798K, capacity 24065K, committed 24320K, reserved 1071104K
  class space    used 2351K, capacity 2492K, committed 2560K, reserved 1048576K
}
Event: 25.195 GC heap after
{Heap after GC invocations=13 (full 0):
 garbage-first heap   total 310272K, used 107592K [0x0000000704800000, 0x0000000800000000)
  region size 1024K, 1 young (1024K), 1 survivors (1024K)
 Metaspace       used 23798K, capacity 24065K, committed 24320K, reserved 1071104K
  class space    used 2351K, capacity 2492K, committed 2560K, reserved 1048576K
}

Deoptimization events (10 events):
Event: 35.513 Thread 0x000002b533a24800 Uncommon trap: reason=unstable_if action=reinterpret pc=0x000002b51e5b78d4 method=javax.media.j3d.BoundingBox.intersect(Ljavax/media/j3d/CachedFrustum;)Z @ 33 c2
Event: 40.868 Thread 0x000002b533a26000 Uncommon trap: reason=predicate action=maybe_recompile pc=0x000002b51e5f8300 method=java.util.Arrays.fill([Ljava/lang/Object;IILjava/lang/Object;)V @ 13 c2
Event: 41.061 Thread 0x000002b533a1e000 Uncommon trap: reason=loop_limit_check action=maybe_recompile pc=0x000002b51e5f9f58 method=javax.media.j3d.MasterControl.sendMessage(Ljavax/media/j3d/J3dMessage;)V @ 241 c2
Event: 44.680 Thread 0x000002b533a1e000 Uncommon trap: reason=speculate_class_check action=maybe_recompile pc=0x000002b51e5e54f4 method=java.awt.EventQueue.coalesceEvent(Ljava/awt/AWTEvent;I)Z @ 53 c2
Event: 44.686 Thread 0x000002b533a1e000 Uncommon trap: reason=speculate_class_check action=maybe_recompile pc=0x000002b51e5e54f4 method=java.awt.EventQueue.coalesceEvent(Ljava/awt/AWTEvent;I)Z @ 53 c2
Event: 44.693 Thread 0x000002b533a1e000 Uncommon trap: reason=speculate_class_check action=maybe_recompile pc=0x000002b51e5e54f4 method=java.awt.EventQueue.coalesceEvent(Ljava/awt/AWTEvent;I)Z @ 53 c2
Event: 44.700 Thread 0x000002b533a1e000 Uncommon trap: reason=speculate_class_check action=maybe_recompile pc=0x000002b51e5e54f4 method=java.awt.EventQueue.coalesceEvent(Ljava/awt/AWTEvent;I)Z @ 53 c2
Event: 44.723 Thread 0x000002b533a1e000 Uncommon trap: reason=class_check action=maybe_recompile pc=0x000002b51e5f51b8 method=java.awt.EventQueue.uncacheEQItem(Lsun/awt/EventQueueItem;)V @ 20 c2
Event: 46.117 Thread 0x000002b533a2b800 Uncommon trap: reason=unstable_if action=reinterpret pc=0x000002b51e5af71c method=java.util.concurrent.locks.AbstractQueuedSynchronizer.release(I)Z @ 14 c2
Event: 46.121 Thread 0x000002b533a2b800 Uncommon trap: reason=unstable_if action=reinterpret pc=0x000002b51e5ad134 method=java.util.concurrent.locks.AbstractQueuedSynchronizer.release(I)Z @ 14 c2

Classes redefined (0 events):
No events

Internal exceptions (10 events):
Event: 0.273 Thread 0x000002b50f2ac000 Exception <a 'java/lang/ClassNotFoundException'{0x0000000713c7eb80}: com/sun/swing/internal/plaf/metal/resources/spi/metalProvider> (0x0000000713c7eb80) thrown at [./open/src/hotspot/share/classfile/systemDictionary.cpp, line 226]
Event: 0.273 Thread 0x000002b50f2ac000 Exception <a 'java/lang/ClassNotFoundException'{0x0000000713c82c30}: com/sun/swing/internal/plaf/basic/resources/spi/basicProvider> (0x0000000713c82c30) thrown at [./open/src/hotspot/share/classfile/systemDictionary.cpp, line 226]
Event: 0.286 Thread 0x000002b533a1e000 Exception <a 'java/lang/ClassNotFoundException'{0x0000000713b0db60}: com/sun/swing/internal/plaf/synth/resources/spi/synthProvider> (0x0000000713b0db60) thrown at [./open/src/hotspot/share/classfile/systemDictionary.cpp, line 226]
Event: 0.312 Thread 0x000002b5331f6800 Exception <a 'java/lang/NoSuchMethodError'{0x0000000713b83678}: 'void java.lang.invoke.DirectMethodHandle$Holder.invokeVirtual(java.lang.Object, java.lang.Object)'> (0x0000000713b83678) thrown at [./open/src/hotspot/share/interpreter/linkResolver.cpp, lin
Event: 0.321 Thread 0x000002b533a1e000 Exception <a 'java/lang/NoSuchMethodError'{0x0000000713a148e0}: 'void java.lang.invoke.DirectMethodHandle$Holder.invokeStaticInit(java.lang.Object)'> (0x0000000713a148e0) thrown at [./open/src/hotspot/share/interpreter/linkResolver.cpp, line 773]
Event: 0.325 Thread 0x000002b533a1e000 Exception <a 'java/lang/NoSuchMethodError'{0x0000000713a3dc50}: 'java.lang.Object java.lang.invoke.Invokers$Holder.linkToTargetMethod(java.lang.Object, int, java.lang.Object)'> (0x0000000713a3dc50) thrown at [./open/src/hotspot/share/interpreter/linkResol
Event: 1.866 Thread 0x000002b533a1e800 Implicit null exception at 0x000002b51e5066ef to 0x000002b51e5068f4
Event: 9.258 Thread 0x000002b533a26000 Implicit null exception at 0x000002b51e529c52 to 0x000002b51e529e98
Event: 46.117 Thread 0x000002b533a2b800 Implicit null exception at 0x000002b51e5af5b2 to 0x000002b51e5af709
Event: 46.121 Thread 0x000002b533a2b800 Implicit null exception at 0x000002b51e5acfbe to 0x000002b51e5ad126

Events (10 events):
Event: 46.119 Executing VM operation: RevokeBias
Event: 46.119 Executing VM operation: RevokeBias done
Event: 46.119 Executing VM operation: RevokeBias
Event: 46.119 Executing VM operation: RevokeBias done
Event: 46.121 Executing VM operation: RevokeBias
Event: 46.121 Executing VM operation: RevokeBias done
Event: 46.121 Thread 0x000002b533a2b800 Uncommon trap: trap_request=0xffffff4d fr.pc=0x000002b51e5ad134 relative=0x0000000000000214
Event: 46.121 Thread 0x000002b533a2b800 DEOPT PACKING pc=0x000002b51e5ad134 sp=0x000000f1188ff1d0
Event: 46.121 Thread 0x000002b533a2b800 DEOPT UNPACKING pc=0x000002b5169e68af sp=0x000000f1188ff198 mode 2
Event: 46.121 Thread 0x000002b533a2b800 Thread exited: 0x000002b533a2b800


Dynamic libraries:
0x00007ff60c530000 - 0x00007ff60c540000 	C:\Program Files\Java\jdk-11\bin\java.exe
0x00007ffd8d0a0000 - 0x00007ffd8d300000 	C:\WINDOWS\SYSTEM32\ntdll.dll
0x00007ffd8c770000 - 0x00007ffd8c837000 	C:\WINDOWS\System32\KERNEL32.DLL
0x00007ffd8aad0000 - 0x00007ffd8ae9a000 	C:\WINDOWS\System32\KERNELBASE.dll
0x00007ffd8a610000 - 0x00007ffd8a75b000 	C:\WINDOWS\System32\ucrtbase.dll
0x00007ffd7bfb0000 - 0x00007ffd7bfcb000 	C:\Program Files\Java\jdk-11\bin\VCRUNTIME140.dll
0x00007ffd827d0000 - 0x00007ffd827e9000 	C:\Program Files\Java\jdk-11\bin\jli.dll
0x00007ffd8cb50000 - 0x00007ffd8cc02000 	C:\WINDOWS\System32\ADVAPI32.dll
0x00007ffd8b620000 - 0x00007ffd8b6c9000 	C:\WINDOWS\System32\msvcrt.dll
0x00007ffd8b230000 - 0x00007ffd8b2d6000 	C:\WINDOWS\System32\sechost.dll
0x00007ffd8b6d0000 - 0x00007ffd8b7e6000 	C:\WINDOWS\System32\RPCRT4.dll
0x00007ffd8bd20000 - 0x00007ffd8beec000 	C:\WINDOWS\System32\USER32.dll
0x00007ffd6db60000 - 0x00007ffd6ddf7000 	C:\WINDOWS\WinSxS\amd64_microsoft.windows.common-controls_6595b64144ccf1df_6.0.26100.3624_none_3e086962e3345f24\COMCTL32.dll
0x00007ffd8a3f0000 - 0x00007ffd8a417000 	C:\WINDOWS\System32\win32u.dll
0x00007ffd8bc90000 - 0x00007ffd8bcba000 	C:\WINDOWS\System32\GDI32.dll
0x00007ffd8a4d0000 - 0x00007ffd8a601000 	C:\WINDOWS\System32\gdi32full.dll
0x00007ffd8a420000 - 0x00007ffd8a4c3000 	C:\WINDOWS\System32\msvcp_win.dll
0x00007ffd7d310000 - 0x00007ffd7d31b000 	C:\WINDOWS\SYSTEM32\VERSION.dll
0x00007ffd8b5e0000 - 0x00007ffd8b60f000 	C:\WINDOWS\System32\IMM32.DLL
0x00007ffd81e50000 - 0x00007ffd81e5c000 	C:\Program Files\Java\jdk-11\bin\vcruntime140_1.dll
0x00007ffd0a630000 - 0x00007ffd0a6be000 	C:\Program Files\Java\jdk-11\bin\msvcp140.dll
0x00007ffcea730000 - 0x00007ffceb293000 	C:\Program Files\Java\jdk-11\bin\server\jvm.dll
0x00007ffd8bc80000 - 0x00007ffd8bc88000 	C:\WINDOWS\System32\PSAPI.DLL
0x00007ffd82800000 - 0x00007ffd8280a000 	C:\WINDOWS\SYSTEM32\WSOCK32.dll
0x00007ffd8c6f0000 - 0x00007ffd8c764000 	C:\WINDOWS\System32\WS2_32.dll
0x00007ffd80160000 - 0x00007ffd80196000 	C:\WINDOWS\SYSTEM32\WINMM.dll
0x00007ffd89190000 - 0x00007ffd891aa000 	C:\WINDOWS\SYSTEM32\kernel.appcore.dll
0x00007ffd81420000 - 0x00007ffd81430000 	C:\Program Files\Java\jdk-11\bin\verify.dll
0x00007ffd87a00000 - 0x00007ffd87c41000 	C:\WINDOWS\SYSTEM32\DBGHELP.DLL
0x00007ffd8aea0000 - 0x00007ffd8b222000 	C:\WINDOWS\System32\combase.dll
0x00007ffd8cc10000 - 0x00007ffd8cce6000 	C:\WINDOWS\System32\OLEAUT32.dll
0x00007ffd6b580000 - 0x00007ffd6b5b9000 	C:\WINDOWS\SYSTEM32\dbgcore.DLL
0x00007ffd8a7f0000 - 0x00007ffd8a889000 	C:\WINDOWS\System32\bcryptPrimitives.dll
0x00007ffd32f80000 - 0x00007ffd32fa8000 	C:\Program Files\Java\jdk-11\bin\java.dll
0x00007ffd813b0000 - 0x00007ffd813ba000 	C:\Program Files\Java\jdk-11\bin\jimage.dll
0x00007ffd7bf90000 - 0x00007ffd7bfa7000 	C:\Program Files\Java\jdk-11\bin\zip.dll
0x00007ffd8bef0000 - 0x00007ffd8c619000 	C:\WINDOWS\System32\SHELL32.dll
0x00007ffd8a280000 - 0x00007ffd8a3e8000 	C:\WINDOWS\System32\wintypes.dll
0x00007ffd87f20000 - 0x00007ffd88772000 	C:\WINDOWS\SYSTEM32\windows.storage.dll
0x00007ffd8ced0000 - 0x00007ffd8cfbd000 	C:\WINDOWS\System32\SHCORE.dll
0x00007ffd8ca00000 - 0x00007ffd8ca64000 	C:\WINDOWS\System32\shlwapi.dll
0x00007ffd8a190000 - 0x00007ffd8a1bf000 	C:\WINDOWS\SYSTEM32\profapi.dll
0x00007ffd75f80000 - 0x00007ffd75f99000 	C:\Program Files\Java\jdk-11\bin\net.dll
0x00007ffd80720000 - 0x00007ffd8083d000 	C:\WINDOWS\SYSTEM32\WINHTTP.dll
0x00007ffd896d0000 - 0x00007ffd8973a000 	C:\WINDOWS\system32\mswsock.dll
0x00007ffd358b0000 - 0x00007ffd358c2000 	C:\Program Files\Java\jdk-11\bin\nio.dll
0x00007ffd09710000 - 0x00007ffd09893000 	C:\Program Files\Java\jdk-11\bin\awt.dll
0x00007ffd844d0000 - 0x00007ffd8456c000 	C:\WINDOWS\SYSTEM32\apphelp.dll
0x00007ffd846c0000 - 0x00007ffd8476e000 	C:\WINDOWS\system32\uxtheme.dll
0x00007ffd24ba0000 - 0x00007ffd24cd3000 	C:\ProgramData\A-Volute\A-Volute.Nahimic\Modules\Scheduled\x64\AudioDevProps2.dll
0x00007ffd8b2e0000 - 0x00007ffd8b476000 	C:\WINDOWS\System32\ole32.dll
0x00007ffd8b480000 - 0x00007ffd8b5dd000 	C:\WINDOWS\System32\MSCTF.dll
0x00007ffd84c50000 - 0x00007ffd84c86000 	C:\WINDOWS\system32\DWMAPI.DLL
0x00007ffd09570000 - 0x00007ffd095f7000 	C:\Program Files\Java\jdk-11\bin\freetype.dll
0x00007ffd09480000 - 0x00007ffd09561000 	C:\Program Files\Java\jdk-11\bin\fontmanager.dll
0x00007ffd09600000 - 0x00007ffd0970c000 	C:\WINDOWS\system32\opengl32.dll
0x00007ffd32370000 - 0x00007ffd3239d000 	C:\WINDOWS\SYSTEM32\GLU32.dll
0x00007ffd87490000 - 0x00007ffd874d7000 	C:\WINDOWS\SYSTEM32\dxcore.dll
0x00007ffd81410000 - 0x00007ffd81417000 	C:\Program Files\Java\jdk-11\bin\jawt.dll
0x0000000010000000 - 0x000000001003e000 	C:\Program Files\Java\jdk-11\bin\j3dcore-ogl.dll
0x00007ffd84970000 - 0x00007ffd849ce000 	C:\WINDOWS\SYSTEM32\directxdatabasehelper.dll
0x00007ffd75140000 - 0x00007ffd7515a000 	C:\WINDOWS\SYSTEM32\windows.staterepositorycore.dll
0x00007ffce6590000 - 0x00007ffce799e000 	C:\WINDOWS\System32\DriverStore\FileRepository\iigd_dch.inf_amd64_75394611ca221846\igxelpicd64.dll
0x00007ffd84a90000 - 0x00007ffd84bbe000 	C:\WINDOWS\SYSTEM32\dxgi.dll
0x00007ffd7bfd0000 - 0x00007ffd7bff3000 	C:\WINDOWS\SYSTEM32\d3d12.dll
0x00007ffd89eb0000 - 0x00007ffd89f0f000 	C:\WINDOWS\SYSTEM32\cfgmgr32.dll
0x00007ffd099f0000 - 0x00007ffd09b56000 	C:\WINDOWS\System32\DriverStore\FileRepository\iigd_dch.inf_amd64_75394611ca221846\igdml64.dll
0x00007ffd7d320000 - 0x00007ffd7d8b0000 	C:\WINDOWS\System32\DriverStore\FileRepository\iigd_dch.inf_amd64_75394611ca221846\igdgmm64.dll
0x00007ffd77020000 - 0x00007ffd7bf44000 	C:\WINDOWS\System32\DriverStore\FileRepository\iigd_dch.inf_amd64_75394611ca221846\igc64.dll
0x00007ffd88ec0000 - 0x00007ffd88f1e000 	C:\WINDOWS\SYSTEM32\powrprof.dll
0x00007ffd88ea0000 - 0x00007ffd88eb4000 	C:\WINDOWS\SYSTEM32\UMPDC.dll
0x00007ffd7c010000 - 0x00007ffd7c03e000 	C:\Program Files\Java\jdk-11\bin\javajpeg.dll
0x00007ffd71450000 - 0x00007ffd71484000 	C:\Users\nadia\AppData\Local\Temp\jSerialComm\2.9.2\jSerialComm.dll
0x00007ffd8b7f0000 - 0x00007ffd8bc76000 	C:\WINDOWS\System32\SETUPAPI.dll
0x00007ffd89f20000 - 0x00007ffd89f4d000 	C:\WINDOWS\SYSTEM32\DEVOBJ.dll
0x00007ffd8a760000 - 0x00007ffd8a7df000 	C:\WINDOWS\System32\WINTRUST.dll
0x00007ffd8a890000 - 0x00007ffd8aa07000 	C:\WINDOWS\System32\CRYPT32.dll
0x00007ffd89a90000 - 0x00007ffd89aa3000 	C:\WINDOWS\SYSTEM32\MSASN1.dll
0x00007ffd728e0000 - 0x00007ffd72a29000 	C:\WINDOWS\SYSTEM32\textinputframework.dll
0x00007ffd70500000 - 0x00007ffd70934000 	C:\WINDOWS\SYSTEM32\uiautomationcore.dll
0x00007ffd7c720000 - 0x00007ffd7c78b000 	C:\WINDOWS\SYSTEM32\OLEACC.dll
0x00007ffd8c950000 - 0x00007ffd8c9f8000 	C:\WINDOWS\System32\clbcatq.dll
0x00007ffd7fea0000 - 0x00007ffd7feb6000 	C:\Windows\System32\threadpoolwinrt.dll
0x00007ffd84210000 - 0x00007ffd84336000 	C:\WINDOWS\SYSTEM32\CoreMessaging.dll
0x00007ffd7f690000 - 0x00007ffd7f973000 	C:\WINDOWS\SYSTEM32\CoreUIComponents.dll
0x00007ffd89990000 - 0x00007ffd8999c000 	C:\WINDOWS\SYSTEM32\CRYPTBASE.DLL

dbghelp: loaded successfully - version: 4.0.5 - missing functions: none
symbol engine: initialized successfully - sym options: 0x614 - pdb path: .;C:\Program Files\Java\jdk-11\bin;C:\WINDOWS\SYSTEM32;C:\WINDOWS\WinSxS\amd64_microsoft.windows.common-controls_6595b64144ccf1df_6.0.26100.3624_none_3e086962e3345f24;C:\Program Files\Java\jdk-11\bin\server;C:\ProgramData\A-Volute\A-Volute.Nahimic\Modules\Scheduled\x64;C:\WINDOWS\System32\DriverStore\FileRepository\iigd_dch.inf_amd64_75394611ca221846;C:\Users\nadia\AppData\Local\Temp\jSerialComm\2.9.2

VM Arguments:
jvm_args: -Dfile.encoding=UTF-8 --module-path=C:\Users\nadia\OneDrive\Documentos\NetBeansProjects\ProyectoGraficaión\build\classes 
java_command: ESCENARIO.EdificioI
java_class_path (initial): C:\Program Files\Java\Java3D\Java3D\1.5.1\lib\ext\j3dcore.jar;C:\Program Files\Java\Java3D\Java3D\1.5.1\lib\ext\j3dutils.jar;C:\Program Files\Java\Java3D\Java3D\1.5.1\lib\ext\vecmath.jar;C:\Users\nadia\OneDrive\Documentos\Graficación\jSerialComm-2.9.2.jar;C:\Users\nadia\OneDrive\Documentos\NetBeansProjects\ProyectoGraficaión\build\classes
Launcher Type: SUN_STANDARD

[Global flags]
     intx CICompilerCount                          = 4                                         {product} {ergonomic}
     uint ConcGCThreads                            = 3                                         {product} {ergonomic}
     uint G1ConcRefinementThreads                  = 10                                        {product} {ergonomic}
   size_t G1HeapRegionSize                         = 1048576                                   {product} {ergonomic}
    uintx GCDrainStackTargetSize                   = 64                                        {product} {ergonomic}
   size_t InitialHeapSize                          = 264241152                                 {product} {ergonomic}
   size_t MarkStackSize                            = 4194304                                   {product} {ergonomic}
   size_t MaxHeapSize                              = 4219469824                                {product} {ergonomic}
   size_t MaxNewSize                               = 2531262464                                {product} {ergonomic}
   size_t MinHeapDeltaBytes                        = 1048576                                   {product} {ergonomic}
    uintx NonNMethodCodeHeapSize                   = 5836300                                {pd product} {ergonomic}
    uintx NonProfiledCodeHeapSize                  = 122910970                              {pd product} {ergonomic}
    uintx ProfiledCodeHeapSize                     = 122910970                              {pd product} {ergonomic}
    uintx ReservedCodeCacheSize                    = 251658240                              {pd product} {ergonomic}
     bool SegmentedCodeCache                       = true                                      {product} {ergonomic}
     bool UseCompressedClassPointers               = true                                 {lp64_product} {ergonomic}
     bool UseCompressedOops                        = true                                 {lp64_product} {ergonomic}
     bool UseG1GC                                  = true                                      {product} {ergonomic}
     bool UseLargePagesIndividualAllocation        = false                                  {pd product} {ergonomic}

Logging:
Log output configuration:
 #0: stdout all=warning uptime,level,tags
 #1: stderr all=off uptime,level,tags

Environment Variables:
PATH=C:\Program Files\Common Files\Oracle\Java\javapath;C:\ProgramData\Oracle\Java\javapath;C:\WINDOWS\system32;C:\WINDOWS;C:\WINDOWS\System32\Wbem;C:\WINDOWS\System32\WindowsPowerShell\v1.0\;C:\WINDOWS\System32\OpenSSH\;C:\Program Files (x86)\NVIDIA Corporation\PhysX\Common;C:\Program Files\NVIDIA Corporation\NVIDIA NvDLISR;C:\Program Files\dotnet\;C:\Program Files\Microsoft SQL Server\Client SDK\ODBC\170\Tools\Binn\;C:\Program Files (x86)\Microsoft SQL Server\160\Tools\Binn\;C:\Program Files\Microsoft SQL Server\160\Tools\Binn\;C:\Program Files\Microsoft SQL Server\160\DTS\Binn\;C:\Program Files (x86)\Microsoft SQL Server\160\DTS\Binn\;C:\Program Files\Git\cmd;C:\Users\nadia\AppData\Local\Microsoft\WindowsApps;C:\Users\nadia\AppData\Local\Programs\Microsoft VS Code\bin;C:\Users\nadia\.dotnet\tools;C:\Users\nadia\Downloads\PROGRAMAS\openjdk-23.0.2_windows-x64_bin;
USERNAME=nadia
OS=Windows_NT
PROCESSOR_IDENTIFIER=Intel64 Family 6 Model 151 Stepping 2, GenuineIntel



---------------  S Y S T E M  ---------------

OS: Windows 11 , 64 bit Build 26100 (10.0.26100.3775)
Hyper-V role detected

CPU:total 12 (initial active 12) (6 cores per cpu, 2 threads per core) family 6 model 151 stepping 2 microcode 0x35, cmov, cx8, fxsr, mmx, sse, sse2, sse3, ssse3, sse4.1, sse4.2, popcnt, avx, avx2, aes, clmul, erms, 3dnowpref, lzcnt, ht, tsc, tscinvbit, bmi1, bmi2, adx, sha, fma

Memory: 4k page, system-wide physical 16091M (7449M free)
TotalPageFile size 19547M (AvailPageFile size 8261M)
current process WorkingSet (physical memory assigned to process): 500M, peak: 577M
current process commit charge ("private bytes"): 548M, peak: 631M

vm_info: Java HotSpot(TM) 64-Bit Server VM (11.0.25+9-LTS-256) for windows-amd64 JRE (11.0.25+9-LTS-256), built on Sep 30 2024 06:30:20 by "mach5one" with MS VC++ 17.6 (VS2022)

END.
