#
# A fatal error has been detected by the Java Runtime Environment:
#
#  EXCEPTION_ACCESS_VIOLATION (0xc0000005) at pc=0x00007ffe5426f0ad, pid=23524, tid=28168
#
# JRE version: Java(TM) SE Runtime Environment 18.9 (11.0.25+9) (build 11.0.25+9-LTS-256)
# Java VM: Java HotSpot(TM) 64-Bit Server VM 18.9 (11.0.25+9-LTS-256, mixed mode, tiered, compressed oops, g1 gc, windows-amd64)
# Problematic frame:
# C  [igxelpicd64.dll+0xcf0ad]
#
# No core dump will be written. Minidumps are not enabled by default on client versions of Windows
#
# If you would like to submit a bug report, please visit:
#   https://bugreport.java.com/bugreport/crash.jsp
# The crash happened outside the Java Virtual Machine in native code.
# See problematic frame for where to report the bug.
#

---------------  S U M M A R Y ------------

Command Line: -Dfile.encoding=UTF-8 --module-path=C:\Users\nadia\OneDrive\Documentos\NetBeansProjects\ProyectoGraficaión\build\classes ESCENARIO.EdificioI

Host: 12th Gen Intel(R) Core(TM) i5-12450HX, 12 cores, 15G,  Windows 11 , 64 bit Build 26100 (10.0.26100.3775)
Time: Wed Apr 23 22:22:51 2025 Hora estándar, América Central elapsed time: 2.309505 seconds (0d 0h 0m 2s)

---------------  T H R E A D  ---------------

Current thread (0x00000252036ae800):  JavaThread "J3D-Renderer-1" [_thread_in_native, id=28168, stack(0x00000096c4f00000,0x00000096c5000000)]

Stack: [0x00000096c4f00000,0x00000096c5000000],  sp=0x00000096c4ffd8f0,  free space=1014k
Native frames: (J=compiled Java code, j=interpreted, Vv=VM code, C=native code)
C  [igxelpicd64.dll+0xcf0ad]

Java frames: (J=compiled Java code, j=interpreted, Vv=VM code)
j  javax.media.j3d.NativePipeline.callDisplayList(JIZ)V+0
j  javax.media.j3d.NativePipeline.callDisplayList(Ljavax/media/j3d/Context;IZ)V+8
j  javax.media.j3d.Canvas3D.callDisplayList(Ljavax/media/j3d/Context;IZ)V+6
j  javax.media.j3d.DisplayListRenderMethod.renderSeparateDlists(Ljavax/media/j3d/RenderMolecule;Ljavax/media/j3d/Canvas3D;Ljavax/media/j3d/RenderAtomListInfo;I)Z+155
j  javax.media.j3d.RenderMolecule.render(Ljavax/media/j3d/Canvas3D;II)Z+326
j  javax.media.j3d.TextureBin.renderList(Ljavax/media/j3d/Canvas3D;ILjavax/media/j3d/RenderMolecule;)V+63
j  javax.media.j3d.TextureBin.renderList(Ljavax/media/j3d/Canvas3D;ILjava/lang/Object;)V+32
j  javax.media.j3d.TextureBin.render(Ljavax/media/j3d/Canvas3D;Ljava/lang/Object;)V+92
j  javax.media.j3d.TextureBin.render(Ljavax/media/j3d/Canvas3D;)V+6
j  javax.media.j3d.ShaderBin.render(Ljavax/media/j3d/Canvas3D;)V+18
j  javax.media.j3d.AttributeBin.render(Ljavax/media/j3d/Canvas3D;)V+82
j  javax.media.j3d.EnvironmentSet.render(Ljavax/media/j3d/Canvas3D;)V+17
j  javax.media.j3d.LightBin.render(Ljavax/media/j3d/Canvas3D;)V+17
J 1475 c1 javax.media.j3d.Renderer.doWork(J)V (6480 bytes) @ 0x000002526364587c [0x0000025263630a40+0x0000000000014e3c]
j  javax.media.j3d.J3dThread.run()V+19
v  ~StubRoutines::call_stub

siginfo: EXCEPTION_ACCESS_VIOLATION (0xc0000005), reading address 0x0000000000000008


Register to memory mapping:

RIP=0x00007ffe5426f0ad igxelpicd64.dll
RAX=0x0 is NULL
RBX=0x000002520cd6adc0 points into unknown readable memory: 0x000002520396f040 | 40 f0 96 03 52 02 00 00
RCX=0x000002520cd6adc0 points into unknown readable memory: 0x000002520396f040 | 40 f0 96 03 52 02 00 00
RDX=0x00000096c4ffdd30 is pointing into the stack for thread: 0x00000252036ae800
RSP=0x00000096c4ffd8f0 is pointing into the stack for thread: 0x00000252036ae800
RBP=0x00000096c4ffd9f0 is pointing into the stack for thread: 0x00000252036ae800
RSI=0x00000096c4ffdfe0 is pointing into the stack for thread: 0x00000252036ae800
RDI=0x0000000000000008 is an unknown value
R8 =0x000002520ad59fb0 points into unknown readable memory: 0x000002520388ef80 | 80 ef 88 03 52 02 00 00
R9 =0x0 is NULL
R10=0x00000096c4ffe2d0 is pointing into the stack for thread: 0x00000252036ae800
R11=0x000000000000001d is an unknown value
R12=0x00000096c4ffdd30 is pointing into the stack for thread: 0x00000252036ae800
R13=0x000002520ad59fb0 points into unknown readable memory: 0x000002520388ef80 | 80 ef 88 03 52 02 00 00
R14=0x00000096c4ffdd80 is pointing into the stack for thread: 0x00000252036ae800
R15=0x00000096c4ffdfe0 is pointing into the stack for thread: 0x00000252036ae800


Registers:
RAX=0x0000000000000000, RBX=0x000002520cd6adc0, RCX=0x000002520cd6adc0, RDX=0x00000096c4ffdd30
RSP=0x00000096c4ffd8f0, RBP=0x00000096c4ffd9f0, RSI=0x00000096c4ffdfe0, RDI=0x0000000000000008
R8 =0x000002520ad59fb0, R9 =0x0000000000000000, R10=0x00000096c4ffe2d0, R11=0x000000000000001d
R12=0x00000096c4ffdd30, R13=0x000002520ad59fb0, R14=0x00000096c4ffdd80, R15=0x00000096c4ffdfe0
RIP=0x00007ffe5426f0ad, EFLAGS=0x0000000000010287

Top of Stack: (sp=0x00000096c4ffd8f0)
0x00000096c4ffd8f0:   0000001600000000 000002520ad59fb0
0x00000096c4ffd900:   0000025203b2a240 0000000000000000
0x00000096c4ffd910:   0000000000000000 0000000000000000
0x00000096c4ffd920:   0000000000000000 00000096c4ffdfc0
0x00000096c4ffd930:   000002520a92a700 00007ffe00002600
0x00000096c4ffd940:   0000000000000000 00007ffe0000001d
0x00000096c4ffd950:   00000096c4ffdec0 00007ffe00000006
0x00000096c4ffd960:   0000000000000001 0000000000000000
0x00000096c4ffd970:   0000000054427901 000002520b17a440
0x00000096c4ffd980:   0000000000000000 000002527ec0c620
0x00000096c4ffd990:   00000000fffffff0 00007ffe5448b88d
0x00000096c4ffd9a0:   000002520cd6adc0 000002527ec0c620
0x00000096c4ffd9b0:   000002520388ef80 000000000000006a
0x00000096c4ffd9c0:   000002520b17a780 00000096c4ffda90
0x00000096c4ffd9d0:   0000000000000000 00007ffe541c696f
0x00000096c4ffd9e0:   0000025203b2a240 000002527ec0a5e0 

Instructions: (pc=0x00007ffe5426f0ad)
0x00007ffe5426f08d:   e8 1b 0f ba f0 17 0d 00 00 40 01 0f ba f0 13 0d
0x00007ffe5426f09d:   00 00 37 00 89 42 1c eb 6e 48 8b 85 e8 00 00 00
0x00007ffe5426f0ad:   48 8b 48 08 8b 41 14 83 f8 0a 74 31 83 f8 4e 75
0x00007ffe5426f0bd:   56 8b 0a 49 b8 00 00 00 00 00 40 00 00 48 8b 05 


Stack slot to memory mapping:
stack at sp + 0 slots: 0x0000001600000000 is an unknown value
stack at sp + 1 slots: 0x000002520ad59fb0 points into unknown readable memory: 0x000002520388ef80 | 80 ef 88 03 52 02 00 00
stack at sp + 2 slots: 0x0000025203b2a240 points into unknown readable memory: 0xffffffffffffffff | ff ff ff ff ff ff ff ff
stack at sp + 3 slots: 0x0 is NULL
stack at sp + 4 slots: 0x0 is NULL
stack at sp + 5 slots: 0x0 is NULL
stack at sp + 6 slots: 0x0 is NULL
stack at sp + 7 slots: 0x00000096c4ffdfc0 is pointing into the stack for thread: 0x00000252036ae800


---------------  P R O C E S S  ---------------

Threads class SMR info:
_java_thread_list=0x000002520ac464c0, length=32, elements={
0x000002527ed32000, 0x000002527f5e2800, 0x000002527f637000, 0x000002527f638000,
0x000002527f63a000, 0x000002527f63b800, 0x000002527f64c800, 0x000002527f64f800,
0x000002527f5c0800, 0x00000252002a0000, 0x00000252002a1000, 0x00000252002a2800,
0x000002527f8d4800, 0x000002525b61d000, 0x00000252036a0000, 0x000002520384d800,
0x0000025203394000, 0x0000025203864800, 0x00000252036ae800, 0x00000252033fe800,
0x000002520a5b1000, 0x000002520a5a8800, 0x00000252033ff800, 0x00000252033fd800,
0x00000252033fd000, 0x0000025203402800, 0x0000025203401000, 0x0000025203400000,
0x0000025203403800, 0x0000025203401800, 0x000002520ad8a800, 0x000002520ad8b800
}

Java Threads: ( => current thread )
  0x000002527ed32000 JavaThread "Reference Handler" daemon [_thread_blocked, id=25956, stack(0x00000096c3a00000,0x00000096c3b00000)]
  0x000002527f5e2800 JavaThread "Finalizer" daemon [_thread_blocked, id=28868, stack(0x00000096c3b00000,0x00000096c3c00000)]
  0x000002527f637000 JavaThread "Signal Dispatcher" daemon [_thread_blocked, id=24148, stack(0x00000096c3c00000,0x00000096c3d00000)]
  0x000002527f638000 JavaThread "Attach Listener" daemon [_thread_blocked, id=18988, stack(0x00000096c3d00000,0x00000096c3e00000)]
  0x000002527f63a000 JavaThread "Service Thread" daemon [_thread_blocked, id=9944, stack(0x00000096c3e00000,0x00000096c3f00000)]
  0x000002527f63b800 JavaThread "C2 CompilerThread0" daemon [_thread_blocked, id=31484, stack(0x00000096c3f00000,0x00000096c4000000)]
  0x000002527f64c800 JavaThread "C1 CompilerThread0" daemon [_thread_blocked, id=3264, stack(0x00000096c4000000,0x00000096c4100000)]
  0x000002527f64f800 JavaThread "Sweeper thread" daemon [_thread_blocked, id=3344, stack(0x00000096c4100000,0x00000096c4200000)]
  0x000002527f5c0800 JavaThread "Common-Cleaner" daemon [_thread_blocked, id=25288, stack(0x00000096c4200000,0x00000096c4300000)]
  0x00000252002a0000 JavaThread "Java2D Disposer" daemon [_thread_blocked, id=25888, stack(0x00000096c4500000,0x00000096c4600000)]
  0x00000252002a1000 JavaThread "AWT-Shutdown" [_thread_blocked, id=18116, stack(0x00000096c4600000,0x00000096c4700000)]
  0x00000252002a2800 JavaThread "AWT-Windows" daemon [_thread_in_native, id=21160, stack(0x00000096c4700000,0x00000096c4800000)]
  0x000002527f8d4800 JavaThread "AWT-EventQueue-0" [_thread_blocked, id=27288, stack(0x00000096c4800000,0x00000096c4900000)]
  0x000002525b61d000 JavaThread "DestroyJavaVM" [_thread_blocked, id=10000, stack(0x00000096c3300000,0x00000096c3400000)]
  0x00000252036a0000 JavaThread "J3D-RenderingAttributesStructureUpdateThread" [_thread_blocked, id=21780, stack(0x00000096c4a00000,0x00000096c4b00000)]
  0x000002520384d800 JavaThread "J3D-TimerThread" [_thread_blocked, id=23308, stack(0x00000096c4b00000,0x00000096c4c00000)]
  0x0000025203394000 JavaThread "J3D-NotificationThread" [_thread_blocked, id=21396, stack(0x00000096c4c00000,0x00000096c4d00000)]
  0x0000025203864800 JavaThread "J3D-MasterControl-1" [_thread_blocked, id=19024, stack(0x00000096c4d00000,0x00000096c4e00000)]
=>0x00000252036ae800 JavaThread "J3D-Renderer-1" [_thread_in_native, id=28168, stack(0x00000096c4f00000,0x00000096c5000000)]
  0x00000252033fe800 JavaThread "TimerQueue" daemon [_thread_blocked, id=29884, stack(0x00000096c5e00000,0x00000096c5f00000)]
  0x000002520a5b1000 JavaThread "C2 CompilerThread1" daemon [_thread_blocked, id=8516, stack(0x00000096c5f00000,0x00000096c6000000)]
  0x000002520a5a8800 JavaThread "C2 CompilerThread2" daemon [_thread_blocked, id=15204, stack(0x00000096c6000000,0x00000096c6100000)]
  0x00000252033ff800 JavaThread "J3D-BehaviorStructureUpdateThread-1" [_thread_blocked, id=29484, stack(0x00000096c6500000,0x00000096c6600000)]
  0x00000252033fd800 JavaThread "J3D-GeometryStructureUpdateThread-1" [_thread_blocked, id=14956, stack(0x00000096c6600000,0x00000096c6700000)]
  0x00000252033fd000 JavaThread "J3D-SoundStructureUpdateThread-1" [_thread_blocked, id=5980, stack(0x00000096c6700000,0x00000096c6800000)]
  0x0000025203402800 JavaThread "J3D-RenderingEnvironmentStructureUpdateThread-1" [_thread_blocked, id=24480, stack(0x00000096c6800000,0x00000096c6900000)]
  0x0000025203401000 JavaThread "J3D-TransformStructureUpdateThread-1" [_thread_blocked, id=17248, stack(0x00000096c6900000,0x00000096c6a00000)]
  0x0000025203400000 JavaThread "J3D-BehaviorScheduler-1" [_thread_blocked, id=22264, stack(0x00000096c6a00000,0x00000096c6b00000)]
  0x0000025203403800 JavaThread "J3D-RenderStructureUpdateThread-1" [_thread_blocked, id=11956, stack(0x00000096c6b00000,0x00000096c6c00000)]
  0x0000025203401800 JavaThread "J3D-SoundSchedulerUpdateThread-1" [_thread_blocked, id=20600, stack(0x00000096c6c00000,0x00000096c6d00000)]
  0x000002520ad8a800 JavaThread "J3D-InputDeviceScheduler-1" [_thread_blocked, id=28880, stack(0x00000096c6d00000,0x00000096c6e00000)]
  0x000002520ad8b800 JavaThread "ToolkitShutdown" daemon [_thread_in_native, id=25764, stack(0x00000096c7000000,0x00000096c7100000)]

Other Threads:
  0x000002527ed2f800 VMThread "VM Thread" [stack: 0x00000096c3900000,0x00000096c3a00000] [id=1504]
  0x0000025200010800 WatcherThread [stack: 0x00000096c4400000,0x00000096c4500000] [id=18104]
  0x000002525b633000 GCTaskThread "GC Thread#0" [stack: 0x00000096c3400000,0x00000096c3500000] [id=11068]
  0x0000025203ab4800 GCTaskThread "GC Thread#1" [stack: 0x00000096c5300000,0x00000096c5400000] [id=31644]
  0x00000252037e5800 GCTaskThread "GC Thread#2" [stack: 0x00000096c5400000,0x00000096c5500000] [id=11416]
  0x00000252037e6000 GCTaskThread "GC Thread#3" [stack: 0x00000096c5500000,0x00000096c5600000] [id=3992]
  0x0000025203a20800 GCTaskThread "GC Thread#4" [stack: 0x00000096c5600000,0x00000096c5700000] [id=4632]
  0x0000025203a21800 GCTaskThread "GC Thread#5" [stack: 0x00000096c5700000,0x00000096c5800000] [id=24572]
  0x0000025203a22000 GCTaskThread "GC Thread#6" [stack: 0x00000096c5800000,0x00000096c5900000] [id=20268]
  0x0000025203a36000 GCTaskThread "GC Thread#7" [stack: 0x00000096c5900000,0x00000096c5a00000] [id=29036]
  0x0000025203a36800 GCTaskThread "GC Thread#8" [stack: 0x00000096c5a00000,0x00000096c5b00000] [id=6304]
  0x00000252039f2800 GCTaskThread "GC Thread#9" [stack: 0x00000096c5b00000,0x00000096c5c00000] [id=8864]
  0x000002525b691000 ConcurrentGCThread "G1 Main Marker" [stack: 0x00000096c3500000,0x00000096c3600000] [id=25312]
  0x000002525b698000 ConcurrentGCThread "G1 Conc#0" [stack: 0x00000096c3600000,0x00000096c3700000] [id=18868]
  0x0000025203bce800 ConcurrentGCThread "G1 Conc#1" [stack: 0x00000096c4e00000,0x00000096c4f00000] [id=10080]
  0x0000025203903800 ConcurrentGCThread "G1 Conc#2" [stack: 0x00000096c5000000,0x00000096c5100000] [id=19404]
  0x000002527ec10000 ConcurrentGCThread "G1 Refine#0" [stack: 0x00000096c3700000,0x00000096c3800000] [id=14708]
  0x0000025200031800 ConcurrentGCThread "G1 Refine#1" [stack: 0x00000096c5c00000,0x00000096c5d00000] [id=7164]
  0x0000025203a53800 ConcurrentGCThread "G1 Refine#2" [stack: 0x00000096c5d00000,0x00000096c5e00000] [id=18740]
  0x000002527ec13000 ConcurrentGCThread "G1 Young RemSet Sampling" [stack: 0x00000096c3800000,0x00000096c3900000] [id=29196]

Threads with active compile tasks:

VM state:not at safepoint (normal execution)

VM Mutex/Monitor currently owned by a thread: None

Heap address: 0x0000000704800000, size: 4024 MB, Compressed Oops mode: Zero based, Oop shift amount: 3
Narrow klass base: 0x0000000800000000, Narrow klass shift: 0
Compressed class space size: 1073741824 Address: 0x0000000800000000

Heap:
 garbage-first heap   total 258048K, used 167742K [0x0000000704800000, 0x0000000800000000)
  region size 1024K, 61 young (62464K), 1 survivors (1024K)
 Metaspace       used 21873K, capacity 22141K, committed 22400K, reserved 1069056K
  class space    used 2237K, capacity 2363K, committed 2432K, reserved 1048576K
Heap Regions: E=young(eden), S=young(survivor), O=old, HS=humongous(starts), HC=humongous(continues), CS=collection set, F=free, A=archive, TAMS=top-at-mark-start (previous, next)
|   0|0x0000000704800000, 0x0000000704900000, 0x0000000704900000|100%| O|  |TAMS 0x0000000704900000, 0x0000000704800000| Untracked 
|   1|0x0000000704900000, 0x0000000704a00000, 0x0000000704a00000|100%| O|  |TAMS 0x0000000704a00000, 0x0000000704900000| Untracked 
|   2|0x0000000704a00000, 0x0000000704b00000, 0x0000000704b00000|100%| O|  |TAMS 0x0000000704b00000, 0x0000000704a00000| Untracked 
|   3|0x0000000704b00000, 0x0000000704c00000, 0x0000000704c00000|100%| O|  |TAMS 0x0000000704c00000, 0x0000000704b00000| Untracked 
|   4|0x0000000704c00000, 0x0000000704d00000, 0x0000000704d00000|100%| O|  |TAMS 0x0000000704d00000, 0x0000000704c00000| Untracked 
|   5|0x0000000704d00000, 0x0000000704e00000, 0x0000000704e00000|100%| O|  |TAMS 0x0000000704e00000, 0x0000000704d00000| Untracked 
|   6|0x0000000704e00000, 0x0000000704f00000, 0x0000000704f00000|100%|HS|  |TAMS 0x0000000704e00000, 0x0000000704e00000| Complete 
|   7|0x0000000704f00000, 0x0000000705000000, 0x0000000705000000|100%| O|  |TAMS 0x0000000705000000, 0x0000000704f00000| Untracked 
|   8|0x0000000705000000, 0x0000000705100000, 0x0000000705100000|100%| O|  |TAMS 0x0000000705100000, 0x0000000705000000| Untracked 
|   9|0x0000000705100000, 0x0000000705200000, 0x0000000705200000|100%| O|  |TAMS 0x0000000705200000, 0x0000000705100000| Untracked 
|  10|0x0000000705200000, 0x0000000705300000, 0x0000000705300000|100%| O|  |TAMS 0x0000000705300000, 0x0000000705200000| Untracked 
|  11|0x0000000705300000, 0x0000000705400000, 0x0000000705400000|100%| O|  |TAMS 0x0000000705400000, 0x0000000705300000| Untracked 
|  12|0x0000000705400000, 0x0000000705500000, 0x0000000705500000|100%| O|  |TAMS 0x0000000705500000, 0x0000000705400000| Untracked 
|  13|0x0000000705500000, 0x0000000705600000, 0x0000000705600000|100%| O|  |TAMS 0x0000000705600000, 0x0000000705500000| Untracked 
|  14|0x0000000705600000, 0x0000000705700000, 0x0000000705700000|100%| O|  |TAMS 0x0000000705700000, 0x0000000705600000| Untracked 
|  15|0x0000000705700000, 0x0000000705800000, 0x0000000705800000|100%|HS|  |TAMS 0x0000000705800000, 0x0000000705700000| Complete 
|  16|0x0000000705800000, 0x0000000705900000, 0x0000000705900000|100%|HC|  |TAMS 0x0000000705900000, 0x0000000705800000| Complete 
|  17|0x0000000705900000, 0x0000000705a00000, 0x0000000705a00000|100%|HS|  |TAMS 0x0000000705a00000, 0x0000000705900000| Complete 
|  18|0x0000000705a00000, 0x0000000705b00000, 0x0000000705b00000|100%|HS|  |TAMS 0x0000000705b00000, 0x0000000705a00000| Complete 
|  19|0x0000000705b00000, 0x0000000705c00000, 0x0000000705c00000|100%|HC|  |TAMS 0x0000000705c00000, 0x0000000705b00000| Complete 
|  20|0x0000000705c00000, 0x0000000705d00000, 0x0000000705d00000|100%|HC|  |TAMS 0x0000000705d00000, 0x0000000705c00000| Complete 
|  21|0x0000000705d00000, 0x0000000705e00000, 0x0000000705e00000|100%|HC|  |TAMS 0x0000000705e00000, 0x0000000705d00000| Complete 
|  22|0x0000000705e00000, 0x0000000705f00000, 0x0000000705f00000|100%| O|  |TAMS 0x0000000705f00000, 0x0000000705e00000| Untracked 
|  23|0x0000000705f00000, 0x0000000706000000, 0x0000000706000000|100%| O|  |TAMS 0x0000000706000000, 0x0000000705f00000| Untracked 
|  24|0x0000000706000000, 0x0000000706100000, 0x0000000706100000|100%| O|  |TAMS 0x0000000706100000, 0x0000000706000000| Untracked 
|  25|0x0000000706100000, 0x0000000706190400, 0x0000000706200000| 56%| O|  |TAMS 0x0000000706190400, 0x0000000706100000| Untracked 
|  26|0x0000000706200000, 0x0000000706300000, 0x0000000706300000|100%|HS|  |TAMS 0x0000000706200000, 0x0000000706200000| Complete 
|  27|0x0000000706300000, 0x0000000706400000, 0x0000000706400000|100%|HS|  |TAMS 0x0000000706300000, 0x0000000706300000| Complete 
|  28|0x0000000706400000, 0x0000000706500000, 0x0000000706500000|100%|HS|  |TAMS 0x0000000706500000, 0x0000000706400000| Complete 
|  29|0x0000000706500000, 0x0000000706600000, 0x0000000706600000|100%|HC|  |TAMS 0x0000000706600000, 0x0000000706500000| Complete 
|  30|0x0000000706600000, 0x0000000706700000, 0x0000000706700000|100%|HS|  |TAMS 0x0000000706700000, 0x0000000706600000| Complete 
|  31|0x0000000706700000, 0x0000000706800000, 0x0000000706800000|100%|HC|  |TAMS 0x0000000706800000, 0x0000000706700000| Complete 
|  32|0x0000000706800000, 0x0000000706900000, 0x0000000706900000|100%|HC|  |TAMS 0x0000000706900000, 0x0000000706800000| Complete 
|  33|0x0000000706900000, 0x0000000706a00000, 0x0000000706a00000|100%|HC|  |TAMS 0x0000000706a00000, 0x0000000706900000| Complete 
|  34|0x0000000706a00000, 0x0000000706b00000, 0x0000000706b00000|100%|HS|  |TAMS 0x0000000706b00000, 0x0000000706a00000| Complete 
|  35|0x0000000706b00000, 0x0000000706c00000, 0x0000000706c00000|100%|HC|  |TAMS 0x0000000706c00000, 0x0000000706b00000| Complete 
|  36|0x0000000706c00000, 0x0000000706d00000, 0x0000000706d00000|100%|HC|  |TAMS 0x0000000706d00000, 0x0000000706c00000| Complete 
|  37|0x0000000706d00000, 0x0000000706e00000, 0x0000000706e00000|100%|HC|  |TAMS 0x0000000706e00000, 0x0000000706d00000| Complete 
|  38|0x0000000706e00000, 0x0000000706f00000, 0x0000000706f00000|100%|HS|  |TAMS 0x0000000706f00000, 0x0000000706e00000| Complete 
|  39|0x0000000706f00000, 0x0000000707000000, 0x0000000707000000|100%|HC|  |TAMS 0x0000000707000000, 0x0000000706f00000| Complete 
|  40|0x0000000707000000, 0x0000000707100000, 0x0000000707100000|100%|HS|  |TAMS 0x0000000707100000, 0x0000000707000000| Complete 
|  41|0x0000000707100000, 0x0000000707200000, 0x0000000707200000|100%|HC|  |TAMS 0x0000000707200000, 0x0000000707100000| Complete 
|  42|0x0000000707200000, 0x0000000707300000, 0x0000000707300000|100%|HS|  |TAMS 0x0000000707200000, 0x0000000707200000| Complete 
|  43|0x0000000707300000, 0x0000000707400000, 0x0000000707400000|100%|HS|  |TAMS 0x0000000707300000, 0x0000000707300000| Complete 
|  44|0x0000000707400000, 0x0000000707500000, 0x0000000707500000|100%|HS|  |TAMS 0x0000000707500000, 0x0000000707400000| Complete 
|  45|0x0000000707500000, 0x0000000707600000, 0x0000000707600000|100%|HC|  |TAMS 0x0000000707600000, 0x0000000707500000| Complete 
|  46|0x0000000707600000, 0x0000000707700000, 0x0000000707700000|100%|HS|  |TAMS 0x0000000707700000, 0x0000000707600000| Complete 
|  47|0x0000000707700000, 0x0000000707800000, 0x0000000707800000|100%|HC|  |TAMS 0x0000000707800000, 0x0000000707700000| Complete 
|  48|0x0000000707800000, 0x0000000707900000, 0x0000000707900000|100%|HC|  |TAMS 0x0000000707900000, 0x0000000707800000| Complete 
|  49|0x0000000707900000, 0x0000000707a00000, 0x0000000707a00000|100%|HC|  |TAMS 0x0000000707a00000, 0x0000000707900000| Complete 
|  50|0x0000000707a00000, 0x0000000707b00000, 0x0000000707b00000|100%|HS|  |TAMS 0x0000000707b00000, 0x0000000707a00000| Complete 
|  51|0x0000000707b00000, 0x0000000707c00000, 0x0000000707c00000|100%|HC|  |TAMS 0x0000000707c00000, 0x0000000707b00000| Complete 
|  52|0x0000000707c00000, 0x0000000707d00000, 0x0000000707d00000|100%|HC|  |TAMS 0x0000000707d00000, 0x0000000707c00000| Complete 
|  53|0x0000000707d00000, 0x0000000707e00000, 0x0000000707e00000|100%|HC|  |TAMS 0x0000000707e00000, 0x0000000707d00000| Complete 
|  54|0x0000000707e00000, 0x0000000707f00000, 0x0000000707f00000|100%|HS|  |TAMS 0x0000000707f00000, 0x0000000707e00000| Complete 
|  55|0x0000000707f00000, 0x0000000708000000, 0x0000000708000000|100%|HS|  |TAMS 0x0000000707f00000, 0x0000000707f00000| Complete 
|  56|0x0000000708000000, 0x0000000708100000, 0x0000000708100000|100%|HS|  |TAMS 0x0000000708100000, 0x0000000708000000| Complete 
|  57|0x0000000708100000, 0x0000000708100000, 0x0000000708200000|  0%| F|  |TAMS 0x0000000708100000, 0x0000000708100000| Untracked 
|  58|0x0000000708200000, 0x0000000708300000, 0x0000000708300000|100%|HS|  |TAMS 0x0000000708300000, 0x0000000708200000| Complete 
|  59|0x0000000708300000, 0x0000000708400000, 0x0000000708400000|100%|HC|  |TAMS 0x0000000708400000, 0x0000000708300000| Complete 
|  60|0x0000000708400000, 0x0000000708500000, 0x0000000708500000|100%|HC|  |TAMS 0x0000000708500000, 0x0000000708400000| Complete 
|  61|0x0000000708500000, 0x0000000708600000, 0x0000000708600000|100%|HC|  |TAMS 0x0000000708600000, 0x0000000708500000| Complete 
|  62|0x0000000708600000, 0x0000000708700000, 0x0000000708700000|100%|HS|  |TAMS 0x0000000708700000, 0x0000000708600000| Complete 
|  63|0x0000000708700000, 0x0000000708700000, 0x0000000708800000|  0%| F|  |TAMS 0x0000000708700000, 0x0000000708700000| Untracked 
|  64|0x0000000708800000, 0x0000000708900000, 0x0000000708900000|100%|HS|  |TAMS 0x0000000708900000, 0x0000000708800000| Complete 
|  65|0x0000000708900000, 0x0000000708a00000, 0x0000000708a00000|100%|HC|  |TAMS 0x0000000708a00000, 0x0000000708900000| Complete 
|  66|0x0000000708a00000, 0x0000000708b00000, 0x0000000708b00000|100%|HS|  |TAMS 0x0000000708b00000, 0x0000000708a00000| Complete 
|  67|0x0000000708b00000, 0x0000000708c00000, 0x0000000708c00000|100%|HC|  |TAMS 0x0000000708c00000, 0x0000000708b00000| Complete 
|  68|0x0000000708c00000, 0x0000000708c00000, 0x0000000708d00000|  0%| F|  |TAMS 0x0000000708c00000, 0x0000000708c00000| Untracked 
|  69|0x0000000708d00000, 0x0000000708d00000, 0x0000000708e00000|  0%| F|  |TAMS 0x0000000708d00000, 0x0000000708d00000| Untracked 
|  70|0x0000000708e00000, 0x0000000708f00000, 0x0000000708f00000|100%|HS|  |TAMS 0x0000000708f00000, 0x0000000708e00000| Complete 
|  71|0x0000000708f00000, 0x0000000708f00000, 0x0000000709000000|  0%| F|  |TAMS 0x0000000708f00000, 0x0000000708f00000| Untracked 
|  72|0x0000000709000000, 0x0000000709000000, 0x0000000709100000|  0%| F|  |TAMS 0x0000000709000000, 0x0000000709000000| Untracked 
|  73|0x0000000709100000, 0x0000000709100000, 0x0000000709200000|  0%| F|  |TAMS 0x0000000709100000, 0x0000000709100000| Untracked 
|  74|0x0000000709200000, 0x0000000709300000, 0x0000000709300000|100%|HS|  |TAMS 0x0000000709300000, 0x0000000709200000| Complete 
|  75|0x0000000709300000, 0x0000000709400000, 0x0000000709400000|100%|HC|  |TAMS 0x0000000709400000, 0x0000000709300000| Complete 
|  76|0x0000000709400000, 0x0000000709500000, 0x0000000709500000|100%|HC|  |TAMS 0x0000000709500000, 0x0000000709400000| Complete 
|  77|0x0000000709500000, 0x0000000709600000, 0x0000000709600000|100%|HC|  |TAMS 0x0000000709600000, 0x0000000709500000| Complete 
|  78|0x0000000709600000, 0x0000000709700000, 0x0000000709700000|100%|HS|  |TAMS 0x0000000709700000, 0x0000000709600000| Complete 
|  79|0x0000000709700000, 0x0000000709800000, 0x0000000709800000|100%|HC|  |TAMS 0x0000000709800000, 0x0000000709700000| Complete 
|  80|0x0000000709800000, 0x0000000709900000, 0x0000000709900000|100%|HC|  |TAMS 0x0000000709900000, 0x0000000709800000| Complete 
|  81|0x0000000709900000, 0x0000000709a00000, 0x0000000709a00000|100%|HC|  |TAMS 0x0000000709a00000, 0x0000000709900000| Complete 
|  82|0x0000000709a00000, 0x0000000709a00000, 0x0000000709b00000|  0%| F|  |TAMS 0x0000000709a00000, 0x0000000709a00000| Untracked 
|  83|0x0000000709b00000, 0x0000000709c00000, 0x0000000709c00000|100%|HS|  |TAMS 0x0000000709c00000, 0x0000000709b00000| Complete 
|  84|0x0000000709c00000, 0x0000000709d00000, 0x0000000709d00000|100%|HC|  |TAMS 0x0000000709d00000, 0x0000000709c00000| Complete 
|  85|0x0000000709d00000, 0x0000000709e00000, 0x0000000709e00000|100%|HC|  |TAMS 0x0000000709e00000, 0x0000000709d00000| Complete 
|  86|0x0000000709e00000, 0x0000000709f00000, 0x0000000709f00000|100%|HC|  |TAMS 0x0000000709f00000, 0x0000000709e00000| Complete 
|  87|0x0000000709f00000, 0x000000070a000000, 0x000000070a000000|100%|HS|  |TAMS 0x000000070a000000, 0x0000000709f00000| Complete 
|  88|0x000000070a000000, 0x000000070a100000, 0x000000070a100000|100%|HC|  |TAMS 0x000000070a100000, 0x000000070a000000| Complete 
|  89|0x000000070a100000, 0x000000070a200000, 0x000000070a200000|100%|HS|  |TAMS 0x000000070a200000, 0x000000070a100000| Complete 
|  90|0x000000070a200000, 0x000000070a300000, 0x000000070a300000|100%|HC|  |TAMS 0x000000070a300000, 0x000000070a200000| Complete 
|  91|0x000000070a300000, 0x000000070a400000, 0x000000070a400000|100%|HS|  |TAMS 0x000000070a400000, 0x000000070a300000| Complete 
|  92|0x000000070a400000, 0x000000070a500000, 0x000000070a500000|100%|HC|  |TAMS 0x000000070a500000, 0x000000070a400000| Complete 
|  93|0x000000070a500000, 0x000000070a600000, 0x000000070a600000|100%|HC|  |TAMS 0x000000070a600000, 0x000000070a500000| Complete 
|  94|0x000000070a600000, 0x000000070a700000, 0x000000070a700000|100%|HC|  |TAMS 0x000000070a700000, 0x000000070a600000| Complete 
|  95|0x000000070a700000, 0x000000070a800000, 0x000000070a800000|100%|HS|  |TAMS 0x000000070a800000, 0x000000070a700000| Complete 
|  96|0x000000070a800000, 0x000000070a900000, 0x000000070a900000|100%|HC|  |TAMS 0x000000070a900000, 0x000000070a800000| Complete 
|  97|0x000000070a900000, 0x000000070aa00000, 0x000000070aa00000|100%|HS|  |TAMS 0x000000070a900000, 0x000000070a900000| Complete 
|  98|0x000000070aa00000, 0x000000070ab00000, 0x000000070ab00000|100%|HC|  |TAMS 0x000000070aa00000, 0x000000070aa00000| Complete 
|  99|0x000000070ab00000, 0x000000070ac00000, 0x000000070ac00000|100%|HC|  |TAMS 0x000000070ab00000, 0x000000070ab00000| Complete 
| 100|0x000000070ac00000, 0x000000070ad00000, 0x000000070ad00000|100%|HC|  |TAMS 0x000000070ac00000, 0x000000070ac00000| Complete 
| 101|0x000000070ad00000, 0x000000070ae00000, 0x000000070ae00000|100%|HS|  |TAMS 0x000000070ae00000, 0x000000070ad00000| Complete 
| 102|0x000000070ae00000, 0x000000070af00000, 0x000000070af00000|100%|HC|  |TAMS 0x000000070af00000, 0x000000070ae00000| Complete 
| 103|0x000000070af00000, 0x000000070b000000, 0x000000070b000000|100%|HS|  |TAMS 0x000000070b000000, 0x000000070af00000| Complete 
| 104|0x000000070b000000, 0x000000070b100000, 0x000000070b100000|100%|HC|  |TAMS 0x000000070b100000, 0x000000070b000000| Complete 
| 105|0x000000070b100000, 0x000000070b200000, 0x000000070b200000|100%|HS|  |TAMS 0x000000070b200000, 0x000000070b100000| Complete 
| 106|0x000000070b200000, 0x000000070b300000, 0x000000070b300000|100%|HC|  |TAMS 0x000000070b300000, 0x000000070b200000| Complete 
| 107|0x000000070b300000, 0x000000070b400000, 0x000000070b400000|100%|HS|  |TAMS 0x000000070b400000, 0x000000070b300000| Complete 
| 108|0x000000070b400000, 0x000000070b500000, 0x000000070b500000|100%|HC|  |TAMS 0x000000070b500000, 0x000000070b400000| Complete 
| 109|0x000000070b500000, 0x000000070b600000, 0x000000070b600000|100%|HC|  |TAMS 0x000000070b600000, 0x000000070b500000| Complete 
| 110|0x000000070b600000, 0x000000070b700000, 0x000000070b700000|100%|HC|  |TAMS 0x000000070b700000, 0x000000070b600000| Complete 
| 111|0x000000070b700000, 0x000000070b800000, 0x000000070b800000|100%|HS|  |TAMS 0x000000070b800000, 0x000000070b700000| Complete 
| 112|0x000000070b800000, 0x000000070b900000, 0x000000070b900000|100%|HC|  |TAMS 0x000000070b900000, 0x000000070b800000| Complete 
| 113|0x000000070b900000, 0x000000070b900000, 0x000000070ba00000|  0%| F|  |TAMS 0x000000070b900000, 0x000000070b900000| Untracked 
| 114|0x000000070ba00000, 0x000000070ba00000, 0x000000070bb00000|  0%| F|  |TAMS 0x000000070ba00000, 0x000000070ba00000| Untracked 
| 115|0x000000070bb00000, 0x000000070bb00000, 0x000000070bc00000|  0%| F|  |TAMS 0x000000070bb00000, 0x000000070bb00000| Untracked 
| 116|0x000000070bc00000, 0x000000070bc00000, 0x000000070bd00000|  0%| F|  |TAMS 0x000000070bc00000, 0x000000070bc00000| Untracked 
| 117|0x000000070bd00000, 0x000000070bd00000, 0x000000070be00000|  0%| F|  |TAMS 0x000000070bd00000, 0x000000070bd00000| Untracked 
| 118|0x000000070be00000, 0x000000070be00000, 0x000000070bf00000|  0%| F|  |TAMS 0x000000070be00000, 0x000000070be00000| Untracked 
| 119|0x000000070bf00000, 0x000000070bf00000, 0x000000070c000000|  0%| F|  |TAMS 0x000000070bf00000, 0x000000070bf00000| Untracked 
| 120|0x000000070c000000, 0x000000070c000000, 0x000000070c100000|  0%| F|  |TAMS 0x000000070c000000, 0x000000070c000000| Untracked 
| 121|0x000000070c100000, 0x000000070c100000, 0x000000070c200000|  0%| F|  |TAMS 0x000000070c100000, 0x000000070c100000| Untracked 
| 122|0x000000070c200000, 0x000000070c200000, 0x000000070c300000|  0%| F|  |TAMS 0x000000070c200000, 0x000000070c200000| Untracked 
| 123|0x000000070c300000, 0x000000070c300000, 0x000000070c400000|  0%| F|  |TAMS 0x000000070c300000, 0x000000070c300000| Untracked 
| 124|0x000000070c400000, 0x000000070c400000, 0x000000070c500000|  0%| F|  |TAMS 0x000000070c400000, 0x000000070c400000| Untracked 
| 125|0x000000070c500000, 0x000000070c500000, 0x000000070c600000|  0%| F|  |TAMS 0x000000070c500000, 0x000000070c500000| Untracked 
| 126|0x000000070c600000, 0x000000070c600000, 0x000000070c700000|  0%| F|  |TAMS 0x000000070c600000, 0x000000070c600000| Untracked 
| 127|0x000000070c700000, 0x000000070c700000, 0x000000070c800000|  0%| F|  |TAMS 0x000000070c700000, 0x000000070c700000| Untracked 
| 128|0x000000070c800000, 0x000000070c800000, 0x000000070c900000|  0%| F|  |TAMS 0x000000070c800000, 0x000000070c800000| Untracked 
| 129|0x000000070c900000, 0x000000070c900000, 0x000000070ca00000|  0%| F|  |TAMS 0x000000070c900000, 0x000000070c900000| Untracked 
| 130|0x000000070ca00000, 0x000000070ca00000, 0x000000070cb00000|  0%| F|  |TAMS 0x000000070ca00000, 0x000000070ca00000| Untracked 
| 131|0x000000070cb00000, 0x000000070cb00000, 0x000000070cc00000|  0%| F|  |TAMS 0x000000070cb00000, 0x000000070cb00000| Untracked 
| 132|0x000000070cc00000, 0x000000070cc00000, 0x000000070cd00000|  0%| F|  |TAMS 0x000000070cc00000, 0x000000070cc00000| Untracked 
| 133|0x000000070cd00000, 0x000000070cd00000, 0x000000070ce00000|  0%| F|  |TAMS 0x000000070cd00000, 0x000000070cd00000| Untracked 
| 134|0x000000070ce00000, 0x000000070ce00000, 0x000000070cf00000|  0%| F|  |TAMS 0x000000070ce00000, 0x000000070ce00000| Untracked 
| 135|0x000000070cf00000, 0x000000070cf00000, 0x000000070d000000|  0%| F|  |TAMS 0x000000070cf00000, 0x000000070cf00000| Untracked 
| 136|0x000000070d000000, 0x000000070d000000, 0x000000070d100000|  0%| F|  |TAMS 0x000000070d000000, 0x000000070d000000| Untracked 
| 137|0x000000070d100000, 0x000000070d100000, 0x000000070d200000|  0%| F|  |TAMS 0x000000070d100000, 0x000000070d100000| Untracked 
| 138|0x000000070d200000, 0x000000070d200000, 0x000000070d300000|  0%| F|  |TAMS 0x000000070d200000, 0x000000070d200000| Untracked 
| 139|0x000000070d300000, 0x000000070d300000, 0x000000070d400000|  0%| F|  |TAMS 0x000000070d300000, 0x000000070d300000| Untracked 
| 140|0x000000070d400000, 0x000000070d400000, 0x000000070d500000|  0%| F|  |TAMS 0x000000070d400000, 0x000000070d400000| Untracked 
| 141|0x000000070d500000, 0x000000070d500000, 0x000000070d600000|  0%| F|  |TAMS 0x000000070d500000, 0x000000070d500000| Untracked 
| 142|0x000000070d600000, 0x000000070d600000, 0x000000070d700000|  0%| F|  |TAMS 0x000000070d600000, 0x000000070d600000| Untracked 
| 143|0x000000070d700000, 0x000000070d700000, 0x000000070d800000|  0%| F|  |TAMS 0x000000070d700000, 0x000000070d700000| Untracked 
| 144|0x000000070d800000, 0x000000070d800000, 0x000000070d900000|  0%| F|  |TAMS 0x000000070d800000, 0x000000070d800000| Untracked 
| 145|0x000000070d900000, 0x000000070d900000, 0x000000070da00000|  0%| F|  |TAMS 0x000000070d900000, 0x000000070d900000| Untracked 
| 146|0x000000070da00000, 0x000000070da00000, 0x000000070db00000|  0%| F|  |TAMS 0x000000070da00000, 0x000000070da00000| Untracked 
| 147|0x000000070db00000, 0x000000070db00000, 0x000000070dc00000|  0%| F|  |TAMS 0x000000070db00000, 0x000000070db00000| Untracked 
| 148|0x000000070dc00000, 0x000000070dc00000, 0x000000070dd00000|  0%| F|  |TAMS 0x000000070dc00000, 0x000000070dc00000| Untracked 
| 149|0x000000070dd00000, 0x000000070dd00000, 0x000000070de00000|  0%| F|  |TAMS 0x000000070dd00000, 0x000000070dd00000| Untracked 
| 150|0x000000070de00000, 0x000000070de00000, 0x000000070df00000|  0%| F|  |TAMS 0x000000070de00000, 0x000000070de00000| Untracked 
| 151|0x000000070df00000, 0x000000070df00000, 0x000000070e000000|  0%| F|  |TAMS 0x000000070df00000, 0x000000070df00000| Untracked 
| 152|0x000000070e000000, 0x000000070e000000, 0x000000070e100000|  0%| F|  |TAMS 0x000000070e000000, 0x000000070e000000| Untracked 
| 153|0x000000070e100000, 0x000000070e100000, 0x000000070e200000|  0%| F|  |TAMS 0x000000070e100000, 0x000000070e100000| Untracked 
| 154|0x000000070e200000, 0x000000070e200000, 0x000000070e300000|  0%| F|  |TAMS 0x000000070e200000, 0x000000070e200000| Untracked 
| 155|0x000000070e300000, 0x000000070e300000, 0x000000070e400000|  0%| F|  |TAMS 0x000000070e300000, 0x000000070e300000| Untracked 
| 156|0x000000070e400000, 0x000000070e400000, 0x000000070e500000|  0%| F|  |TAMS 0x000000070e400000, 0x000000070e400000| Untracked 
| 157|0x000000070e500000, 0x000000070e500000, 0x000000070e600000|  0%| F|  |TAMS 0x000000070e500000, 0x000000070e500000| Untracked 
| 158|0x000000070e600000, 0x000000070e600000, 0x000000070e700000|  0%| F|  |TAMS 0x000000070e600000, 0x000000070e600000| Untracked 
| 159|0x000000070e700000, 0x000000070e700000, 0x000000070e800000|  0%| F|  |TAMS 0x000000070e700000, 0x000000070e700000| Untracked 
| 160|0x000000070e800000, 0x000000070e800000, 0x000000070e900000|  0%| F|  |TAMS 0x000000070e800000, 0x000000070e800000| Untracked 
| 161|0x000000070e900000, 0x000000070e900000, 0x000000070ea00000|  0%| F|  |TAMS 0x000000070e900000, 0x000000070e900000| Untracked 
| 162|0x000000070ea00000, 0x000000070ea00000, 0x000000070eb00000|  0%| F|  |TAMS 0x000000070ea00000, 0x000000070ea00000| Untracked 
| 163|0x000000070eb00000, 0x000000070eb00000, 0x000000070ec00000|  0%| F|  |TAMS 0x000000070eb00000, 0x000000070eb00000| Untracked 
| 164|0x000000070ec00000, 0x000000070ec00000, 0x000000070ed00000|  0%| F|  |TAMS 0x000000070ec00000, 0x000000070ec00000| Untracked 
| 165|0x000000070ed00000, 0x000000070ed00000, 0x000000070ee00000|  0%| F|  |TAMS 0x000000070ed00000, 0x000000070ed00000| Untracked 
| 166|0x000000070ee00000, 0x000000070ee00000, 0x000000070ef00000|  0%| F|  |TAMS 0x000000070ee00000, 0x000000070ee00000| Untracked 
| 167|0x000000070ef00000, 0x000000070ef00000, 0x000000070f000000|  0%| F|  |TAMS 0x000000070ef00000, 0x000000070ef00000| Untracked 
| 168|0x000000070f000000, 0x000000070f000000, 0x000000070f100000|  0%| F|  |TAMS 0x000000070f000000, 0x000000070f000000| Untracked 
| 169|0x000000070f100000, 0x000000070f100000, 0x000000070f200000|  0%| F|  |TAMS 0x000000070f100000, 0x000000070f100000| Untracked 
| 170|0x000000070f200000, 0x000000070f200000, 0x000000070f300000|  0%| F|  |TAMS 0x000000070f200000, 0x000000070f200000| Untracked 
| 171|0x000000070f300000, 0x000000070f300000, 0x000000070f400000|  0%| F|  |TAMS 0x000000070f300000, 0x000000070f300000| Untracked 
| 172|0x000000070f400000, 0x000000070f400000, 0x000000070f500000|  0%| F|  |TAMS 0x000000070f400000, 0x000000070f400000| Untracked 
| 173|0x000000070f500000, 0x000000070f500000, 0x000000070f600000|  0%| F|  |TAMS 0x000000070f500000, 0x000000070f500000| Untracked 
| 174|0x000000070f600000, 0x000000070f600000, 0x000000070f700000|  0%| F|  |TAMS 0x000000070f600000, 0x000000070f600000| Untracked 
| 175|0x000000070f700000, 0x000000070f700000, 0x000000070f800000|  0%| F|  |TAMS 0x000000070f700000, 0x000000070f700000| Untracked 
| 176|0x000000070f800000, 0x000000070f800000, 0x000000070f900000|  0%| F|  |TAMS 0x000000070f800000, 0x000000070f800000| Untracked 
| 177|0x000000070f900000, 0x000000070f900000, 0x000000070fa00000|  0%| F|  |TAMS 0x000000070f900000, 0x000000070f900000| Untracked 
| 178|0x000000070fa00000, 0x000000070fa00000, 0x000000070fb00000|  0%| F|  |TAMS 0x000000070fa00000, 0x000000070fa00000| Untracked 
| 179|0x000000070fb00000, 0x000000070fb00000, 0x000000070fc00000|  0%| F|  |TAMS 0x000000070fb00000, 0x000000070fb00000| Untracked 
| 180|0x000000070fc00000, 0x000000070fc00000, 0x000000070fd00000|  0%| F|  |TAMS 0x000000070fc00000, 0x000000070fc00000| Untracked 
| 181|0x000000070fd00000, 0x000000070fd00000, 0x000000070fe00000|  0%| F|  |TAMS 0x000000070fd00000, 0x000000070fd00000| Untracked 
| 182|0x000000070fe00000, 0x000000070fe00000, 0x000000070ff00000|  0%| F|  |TAMS 0x000000070fe00000, 0x000000070fe00000| Untracked 
| 183|0x000000070ff00000, 0x000000070ff00000, 0x0000000710000000|  0%| F|  |TAMS 0x000000070ff00000, 0x000000070ff00000| Untracked 
| 184|0x0000000710000000, 0x0000000710000000, 0x0000000710100000|  0%| F|  |TAMS 0x0000000710000000, 0x0000000710000000| Untracked 
| 185|0x0000000710100000, 0x0000000710100000, 0x0000000710200000|  0%| F|  |TAMS 0x0000000710100000, 0x0000000710100000| Untracked 
| 186|0x0000000710200000, 0x0000000710200000, 0x0000000710300000|  0%| F|  |TAMS 0x0000000710200000, 0x0000000710200000| Untracked 
| 187|0x0000000710300000, 0x0000000710300000, 0x0000000710400000|  0%| F|  |TAMS 0x0000000710300000, 0x0000000710300000| Untracked 
| 188|0x0000000710400000, 0x0000000710400000, 0x0000000710500000|  0%| F|  |TAMS 0x0000000710400000, 0x0000000710400000| Untracked 
| 189|0x0000000710500000, 0x0000000710500000, 0x0000000710600000|  0%| F|  |TAMS 0x0000000710500000, 0x0000000710500000| Untracked 
| 190|0x0000000710600000, 0x0000000710600000, 0x0000000710700000|  0%| F|  |TAMS 0x0000000710600000, 0x0000000710600000| Untracked 
| 191|0x0000000710700000, 0x0000000710780800, 0x0000000710800000| 50%| E|  |TAMS 0x0000000710700000, 0x0000000710700000| Complete 
| 192|0x0000000710800000, 0x0000000710900000, 0x0000000710900000|100%| E|CS|TAMS 0x0000000710800000, 0x0000000710800000| Complete 
| 193|0x0000000710900000, 0x0000000710a00000, 0x0000000710a00000|100%| E|CS|TAMS 0x0000000710900000, 0x0000000710900000| Complete 
| 194|0x0000000710a00000, 0x0000000710b00000, 0x0000000710b00000|100%| E|CS|TAMS 0x0000000710a00000, 0x0000000710a00000| Complete 
| 195|0x0000000710b00000, 0x0000000710c00000, 0x0000000710c00000|100%| E|CS|TAMS 0x0000000710b00000, 0x0000000710b00000| Complete 
| 196|0x0000000710c00000, 0x0000000710d00000, 0x0000000710d00000|100%| E|CS|TAMS 0x0000000710c00000, 0x0000000710c00000| Complete 
| 197|0x0000000710d00000, 0x0000000710e00000, 0x0000000710e00000|100%| E|CS|TAMS 0x0000000710d00000, 0x0000000710d00000| Complete 
| 198|0x0000000710e00000, 0x0000000710f00000, 0x0000000710f00000|100%| E|CS|TAMS 0x0000000710e00000, 0x0000000710e00000| Complete 
| 199|0x0000000710f00000, 0x0000000711000000, 0x0000000711000000|100%| E|CS|TAMS 0x0000000710f00000, 0x0000000710f00000| Complete 
| 200|0x0000000711000000, 0x0000000711100000, 0x0000000711100000|100%| E|CS|TAMS 0x0000000711000000, 0x0000000711000000| Complete 
| 201|0x0000000711100000, 0x0000000711200000, 0x0000000711200000|100%| E|CS|TAMS 0x0000000711100000, 0x0000000711100000| Complete 
| 202|0x0000000711200000, 0x0000000711300000, 0x0000000711300000|100%| E|CS|TAMS 0x0000000711200000, 0x0000000711200000| Complete 
| 203|0x0000000711300000, 0x0000000711400000, 0x0000000711400000|100%| E|CS|TAMS 0x0000000711300000, 0x0000000711300000| Complete 
| 204|0x0000000711400000, 0x0000000711500000, 0x0000000711500000|100%| E|CS|TAMS 0x0000000711400000, 0x0000000711400000| Complete 
| 205|0x0000000711500000, 0x0000000711600000, 0x0000000711600000|100%| E|CS|TAMS 0x0000000711500000, 0x0000000711500000| Complete 
| 206|0x0000000711600000, 0x0000000711700000, 0x0000000711700000|100%| E|CS|TAMS 0x0000000711600000, 0x0000000711600000| Complete 
| 207|0x0000000711700000, 0x0000000711800000, 0x0000000711800000|100%| E|CS|TAMS 0x0000000711700000, 0x0000000711700000| Complete 
| 208|0x0000000711800000, 0x0000000711900000, 0x0000000711900000|100%| E|CS|TAMS 0x0000000711800000, 0x0000000711800000| Complete 
| 209|0x0000000711900000, 0x0000000711a00000, 0x0000000711a00000|100%| E|CS|TAMS 0x0000000711900000, 0x0000000711900000| Complete 
| 210|0x0000000711a00000, 0x0000000711b00000, 0x0000000711b00000|100%| E|CS|TAMS 0x0000000711a00000, 0x0000000711a00000| Complete 
| 211|0x0000000711b00000, 0x0000000711c00000, 0x0000000711c00000|100%| E|CS|TAMS 0x0000000711b00000, 0x0000000711b00000| Complete 
| 212|0x0000000711c00000, 0x0000000711d00000, 0x0000000711d00000|100%| E|CS|TAMS 0x0000000711c00000, 0x0000000711c00000| Complete 
| 213|0x0000000711d00000, 0x0000000711d3f400, 0x0000000711e00000| 24%| S|CS|TAMS 0x0000000711d00000, 0x0000000711d00000| Complete 
| 214|0x0000000711e00000, 0x0000000711f00000, 0x0000000711f00000|100%| E|CS|TAMS 0x0000000711e00000, 0x0000000711e00000| Complete 
| 215|0x0000000711f00000, 0x0000000712000000, 0x0000000712000000|100%| E|CS|TAMS 0x0000000711f00000, 0x0000000711f00000| Complete 
| 216|0x0000000712000000, 0x0000000712100000, 0x0000000712100000|100%| E|CS|TAMS 0x0000000712000000, 0x0000000712000000| Complete 
| 217|0x0000000712100000, 0x0000000712200000, 0x0000000712200000|100%| E|CS|TAMS 0x0000000712100000, 0x0000000712100000| Complete 
| 218|0x0000000712200000, 0x0000000712300000, 0x0000000712300000|100%| E|CS|TAMS 0x0000000712200000, 0x0000000712200000| Complete 
| 219|0x0000000712300000, 0x0000000712400000, 0x0000000712400000|100%| E|CS|TAMS 0x0000000712300000, 0x0000000712300000| Complete 
| 220|0x0000000712400000, 0x0000000712500000, 0x0000000712500000|100%| E|CS|TAMS 0x0000000712400000, 0x0000000712400000| Complete 
| 221|0x0000000712500000, 0x0000000712600000, 0x0000000712600000|100%| E|CS|TAMS 0x0000000712500000, 0x0000000712500000| Complete 
| 222|0x0000000712600000, 0x0000000712700000, 0x0000000712700000|100%| E|CS|TAMS 0x0000000712600000, 0x0000000712600000| Complete 
| 223|0x0000000712700000, 0x0000000712800000, 0x0000000712800000|100%| E|CS|TAMS 0x0000000712700000, 0x0000000712700000| Complete 
| 224|0x0000000712800000, 0x0000000712900000, 0x0000000712900000|100%| E|CS|TAMS 0x0000000712800000, 0x0000000712800000| Complete 
| 225|0x0000000712900000, 0x0000000712a00000, 0x0000000712a00000|100%| E|CS|TAMS 0x0000000712900000, 0x0000000712900000| Complete 
| 226|0x0000000712a00000, 0x0000000712b00000, 0x0000000712b00000|100%| E|CS|TAMS 0x0000000712a00000, 0x0000000712a00000| Complete 
| 227|0x0000000712b00000, 0x0000000712c00000, 0x0000000712c00000|100%| E|CS|TAMS 0x0000000712b00000, 0x0000000712b00000| Complete 
| 228|0x0000000712c00000, 0x0000000712d00000, 0x0000000712d00000|100%| E|CS|TAMS 0x0000000712c00000, 0x0000000712c00000| Complete 
| 229|0x0000000712d00000, 0x0000000712e00000, 0x0000000712e00000|100%| E|CS|TAMS 0x0000000712d00000, 0x0000000712d00000| Complete 
| 230|0x0000000712e00000, 0x0000000712f00000, 0x0000000712f00000|100%| E|CS|TAMS 0x0000000712e00000, 0x0000000712e00000| Complete 
| 231|0x0000000712f00000, 0x0000000713000000, 0x0000000713000000|100%| E|CS|TAMS 0x0000000712f00000, 0x0000000712f00000| Complete 
| 232|0x0000000713000000, 0x0000000713100000, 0x0000000713100000|100%| E|CS|TAMS 0x0000000713000000, 0x0000000713000000| Complete 
| 233|0x0000000713100000, 0x0000000713200000, 0x0000000713200000|100%| E|CS|TAMS 0x0000000713100000, 0x0000000713100000| Complete 
| 234|0x0000000713200000, 0x0000000713300000, 0x0000000713300000|100%| E|CS|TAMS 0x0000000713200000, 0x0000000713200000| Complete 
| 235|0x0000000713300000, 0x0000000713400000, 0x0000000713400000|100%| E|CS|TAMS 0x0000000713300000, 0x0000000713300000| Complete 
| 236|0x0000000713400000, 0x0000000713500000, 0x0000000713500000|100%| E|CS|TAMS 0x0000000713400000, 0x0000000713400000| Complete 
| 237|0x0000000713500000, 0x0000000713600000, 0x0000000713600000|100%| E|CS|TAMS 0x0000000713500000, 0x0000000713500000| Complete 
| 238|0x0000000713600000, 0x0000000713700000, 0x0000000713700000|100%| E|CS|TAMS 0x0000000713600000, 0x0000000713600000| Complete 
| 239|0x0000000713700000, 0x0000000713800000, 0x0000000713800000|100%| E|CS|TAMS 0x0000000713700000, 0x0000000713700000| Complete 
| 240|0x0000000713800000, 0x0000000713900000, 0x0000000713900000|100%| E|CS|TAMS 0x0000000713800000, 0x0000000713800000| Complete 
| 241|0x0000000713900000, 0x0000000713a00000, 0x0000000713a00000|100%| E|CS|TAMS 0x0000000713900000, 0x0000000713900000| Complete 
| 242|0x0000000713a00000, 0x0000000713b00000, 0x0000000713b00000|100%| E|CS|TAMS 0x0000000713a00000, 0x0000000713a00000| Complete 
| 243|0x0000000713b00000, 0x0000000713c00000, 0x0000000713c00000|100%| E|CS|TAMS 0x0000000713b00000, 0x0000000713b00000| Complete 
| 244|0x0000000713c00000, 0x0000000713d00000, 0x0000000713d00000|100%| E|CS|TAMS 0x0000000713c00000, 0x0000000713c00000| Complete 
| 245|0x0000000713d00000, 0x0000000713e00000, 0x0000000713e00000|100%| E|CS|TAMS 0x0000000713d00000, 0x0000000713d00000| Complete 
| 246|0x0000000713e00000, 0x0000000713f00000, 0x0000000713f00000|100%| E|CS|TAMS 0x0000000713e00000, 0x0000000713e00000| Complete 
| 247|0x0000000713f00000, 0x0000000714000000, 0x0000000714000000|100%| E|CS|TAMS 0x0000000713f00000, 0x0000000713f00000| Complete 
| 248|0x0000000714000000, 0x0000000714100000, 0x0000000714100000|100%| E|CS|TAMS 0x0000000714000000, 0x0000000714000000| Complete 
| 249|0x0000000714100000, 0x0000000714200000, 0x0000000714200000|100%| E|CS|TAMS 0x0000000714100000, 0x0000000714100000| Complete 
| 250|0x0000000714200000, 0x0000000714300000, 0x0000000714300000|100%| E|CS|TAMS 0x0000000714200000, 0x0000000714200000| Complete 
| 251|0x0000000714300000, 0x0000000714400000, 0x0000000714400000|100%| E|CS|TAMS 0x0000000714300000, 0x0000000714300000| Complete 

Card table byte_map: [0x00000252731f0000,0x00000252739d0000] _byte_map_base: 0x000002526f9cc000

Marking Bits (Prev, Next): (CMBitMap*) 0x000002525b67f048, (CMBitMap*) 0x000002525b67f080
 Prev Bits: [0x00000252741b0000, 0x0000025278090000)
 Next Bits: [0x0000025278090000, 0x000002527bf70000)

Polling page: 0x0000025259b20000

Metaspace:

Usage:
  Non-class:     19.31 MB capacity,    19.18 MB (>99%) used,   108.90 KB ( <1%) free+waste,    33.50 KB ( <1%) overhead. 
      Class:      2.31 MB capacity,     2.19 MB ( 95%) used,   108.44 KB (  5%) free+waste,    16.88 KB ( <1%) overhead. 
       Both:     21.62 MB capacity,    21.36 MB ( 99%) used,   217.34 KB ( <1%) free+waste,    50.38 KB ( <1%) overhead. 

Virtual space:
  Non-class space:       20.00 MB reserved,      19.50 MB ( 98%) committed 
      Class space:        1.00 GB reserved,       2.38 MB ( <1%) committed 
             Both:        1.02 GB reserved,      21.88 MB (  2%) committed 

Chunk freelists:
   Non-Class:  7.75 KB
       Class:  640 bytes
        Both:  8.38 KB

CodeHeap 'non-profiled nmethods': size=120000Kb used=744Kb max_used=744Kb free=119255Kb
 bounds [0x000002526a860000, 0x000002526aad0000, 0x0000025271d90000]
CodeHeap 'profiled nmethods': size=120000Kb used=3886Kb max_used=3886Kb free=116113Kb
 bounds [0x0000025263330000, 0x0000025263700000, 0x000002526a860000]
CodeHeap 'non-nmethods': size=5760Kb used=1310Kb max_used=1376Kb free=4449Kb
 bounds [0x0000025262d90000, 0x0000025263000000, 0x0000025263330000]
 total_blobs=2344 nmethods=1630 adapters=626
 compilation: enabled
              stopped_count=0, restarted_count=0
 full_count=0

Compilation events (10 events):
Event: 2.276 Thread 0x000002527f64c800 1640       3       javax.media.j3d.NativePipeline::newDisplayList (11 bytes)
Event: 2.276 Thread 0x000002527f64c800 nmethod 1640 0x00000252636fb290 code [0x00000252636fb440, 0x00000252636fb748]
Event: 2.278 Thread 0x000002520a5b1000 nmethod 1622 0x000002526a90ce10 code [0x000002526a90cfa0, 0x000002526a90d398]
Event: 2.278 Thread 0x000002520a5b1000 1630       4       javax.media.j3d.Pipeline::getPipeline (4 bytes)
Event: 2.278 Thread 0x000002520a5b1000 nmethod 1630 0x000002526a90d510 code [0x000002526a90d680, 0x000002526a90d6d8]
Event: 2.278 Thread 0x000002520a5b1000 1626       4       javax.media.j3d.GeometryArrayRetained::addDlistUser (63 bytes)
Event: 2.285 Thread 0x000002520a5b1000 nmethod 1626 0x000002526a90d790 code [0x000002526a90d980, 0x000002526a90e128]
Event: 2.285 Thread 0x000002520a5b1000 1577       4       java.util.ArrayList::<init> (12 bytes)
Event: 2.286 Thread 0x000002520a5b1000 nmethod 1577 0x000002526a90e610 code [0x000002526a90e780, 0x000002526a90e8b8]
Event: 2.287 Thread 0x000002520a5a8800 nmethod 1635 0x000002526a90e910 code [0x000002526a90eae0, 0x000002526a90fcb8]

GC Heap History (10 events):
Event: 1.537 GC heap before
{Heap before GC invocations=6 (full 0):
 garbage-first heap   total 258048K, used 167578K [0x0000000704800000, 0x0000000800000000)
  region size 1024K, 54 young (55296K), 1 survivors (1024K)
 Metaspace       used 19938K, capacity 20215K, committed 20352K, reserved 1067008K
  class space    used 2048K, capacity 2169K, committed 2176K, reserved 1048576K
}
Event: 1.538 GC heap after
{Heap after GC invocations=7 (full 0):
 garbage-first heap   total 258048K, used 72346K [0x0000000704800000, 0x0000000800000000)
  region size 1024K, 1 young (1024K), 1 survivors (1024K)
 Metaspace       used 19938K, capacity 20215K, committed 20352K, reserved 1067008K
  class space    used 2048K, capacity 2169K, committed 2176K, reserved 1048576K
}
Event: 1.664 GC heap before
{Heap before GC invocations=8 (full 0):
 garbage-first heap   total 258048K, used 167578K [0x0000000704800000, 0x0000000800000000)
  region size 1024K, 55 young (56320K), 1 survivors (1024K)
 Metaspace       used 19938K, capacity 20215K, committed 20352K, reserved 1067008K
  class space    used 2048K, capacity 2169K, committed 2176K, reserved 1048576K
}
Event: 1.665 GC heap after
{Heap after GC invocations=9 (full 0):
 garbage-first heap   total 258048K, used 84641K [0x0000000704800000, 0x0000000800000000)
  region size 1024K, 1 young (1024K), 1 survivors (1024K)
 Metaspace       used 19938K, capacity 20215K, committed 20352K, reserved 1067008K
  class space    used 2048K, capacity 2169K, committed 2176K, reserved 1048576K
}
Event: 1.767 GC heap before
{Heap before GC invocations=10 (full 0):
 garbage-first heap   total 258048K, used 154273K [0x0000000704800000, 0x0000000800000000)
  region size 1024K, 40 young (40960K), 1 survivors (1024K)
 Metaspace       used 19938K, capacity 20215K, committed 20352K, reserved 1067008K
  class space    used 2048K, capacity 2169K, committed 2176K, reserved 1048576K
}
Event: 1.768 GC heap after
{Heap after GC invocations=11 (full 0):
 garbage-first heap   total 258048K, used 92860K [0x0000000704800000, 0x0000000800000000)
  region size 1024K, 1 young (1024K), 1 survivors (1024K)
 Metaspace       used 19938K, capacity 20215K, committed 20352K, reserved 1067008K
  class space    used 2048K, capacity 2169K, committed 2176K, reserved 1048576K
}
Event: 1.822 GC heap before
{Heap before GC invocations=12 (full 0):
 garbage-first heap   total 258048K, used 136892K [0x0000000704800000, 0x0000000800000000)
  region size 1024K, 23 young (23552K), 1 survivors (1024K)
 Metaspace       used 19940K, capacity 20215K, committed 20352K, reserved 1067008K
  class space    used 2048K, capacity 2169K, committed 2176K, reserved 1048576K
}
Event: 1.823 GC heap after
{Heap after GC invocations=13 (full 0):
 garbage-first heap   total 258048K, used 88863K [0x0000000704800000, 0x0000000800000000)
  region size 1024K, 1 young (1024K), 1 survivors (1024K)
 Metaspace       used 19940K, capacity 20215K, committed 20352K, reserved 1067008K
  class space    used 2048K, capacity 2169K, committed 2176K, reserved 1048576K
}
Event: 1.904 GC heap before
{Heap before GC invocations=14 (full 0):
 garbage-first heap   total 258048K, used 152351K [0x0000000704800000, 0x0000000800000000)
  region size 1024K, 38 young (38912K), 1 survivors (1024K)
 Metaspace       used 19940K, capacity 20215K, committed 20352K, reserved 1067008K
  class space    used 2048K, capacity 2169K, committed 2176K, reserved 1048576K
}
Event: 1.905 GC heap after
{Heap after GC invocations=15 (full 0):
 garbage-first heap   total 258048K, used 97086K [0x0000000704800000, 0x0000000800000000)
  region size 1024K, 1 young (1024K), 1 survivors (1024K)
 Metaspace       used 19940K, capacity 20215K, committed 20352K, reserved 1067008K
  class space    used 2048K, capacity 2169K, committed 2176K, reserved 1048576K
}

Deoptimization events (10 events):
Event: 2.089 Thread 0x0000025203401000 Uncommon trap: reason=bimorphic_or_optimized_type_check action=maybe_recompile pc=0x000002526a8d2f04 method=java.util.HashMap.putVal(ILjava/lang/Object;Ljava/lang/Object;ZZ)Ljava/lang/Object; @ 91 c2
Event: 2.089 Thread 0x0000025203401000 Uncommon trap: reason=bimorphic_or_optimized_type_check action=maybe_recompile pc=0x000002526a8d2f04 method=java.util.HashMap.putVal(ILjava/lang/Object;Ljava/lang/Object;ZZ)Ljava/lang/Object; @ 91 c2
Event: 2.090 Thread 0x0000025203401000 Uncommon trap: reason=unstable_if action=reinterpret pc=0x000002526a8e6290 method=javax.media.j3d.BoundingBox.transform(Ljavax/media/j3d/Bounds;Ljavax/media/j3d/Transform3D;)V @ 142 c2
Event: 2.118 Thread 0x00000252033fd800 Uncommon trap: reason=unstable_if action=reinterpret pc=0x000002526a8e7e3c method=javax.media.j3d.BoundingBox.combine(Ljavax/media/j3d/Bounds;)V @ 23 c2
Event: 2.154 Thread 0x0000025203401000 Uncommon trap: reason=bimorphic_or_optimized_type_check action=maybe_recompile pc=0x000002526a8d2f04 method=java.util.HashMap.putVal(ILjava/lang/Object;Ljava/lang/Object;ZZ)Ljava/lang/Object; @ 91 c2
Event: 2.200 Thread 0x0000025203403800 Uncommon trap: reason=unstable_if action=reinterpret pc=0x000002526a8fbdcc method=javax.media.j3d.BoundingBox.intersect(Ljavax/media/j3d/Bounds;)Z @ 84 c2
Event: 2.211 Thread 0x0000025203403800 Uncommon trap: reason=unstable_if action=reinterpret pc=0x000002526a8ff8ec method=javax.media.j3d.BoundingBox.intersect(Ljavax/media/j3d/Bounds;)Z @ 156 c2
Event: 2.225 Thread 0x0000025203864800 Uncommon trap: reason=unstable_if action=reinterpret pc=0x000002526a8ddc88 method=javax.media.j3d.BoundingBox.set(Ljavax/media/j3d/Bounds;)V @ 1 c2
Event: 2.264 Thread 0x0000025203403800 Uncommon trap: reason=unstable_if action=reinterpret pc=0x000002526a904f80 method=javax.media.j3d.GeometryAtom.getRenderAtom(Ljavax/media/j3d/View;)Ljavax/media/j3d/RenderAtom; @ 19 c2
Event: 2.265 Thread 0x0000025203403800 Uncommon trap: reason=unstable_if action=reinterpret pc=0x000002526a90294c method=javax.media.j3d.RenderAtom.inRenderBin()Z @ 8 c2

Classes redefined (0 events):
No events

Internal exceptions (10 events):
Event: 0.348 Thread 0x000002525b61d000 Exception <a 'java/lang/ClassNotFoundException'{0x0000000713c7ac68}: TreeCell> (0x0000000713c7ac68) thrown at [./open/src/hotspot/share/classfile/systemDictionary.cpp, line 226]
Event: 0.348 Thread 0x000002525b61d000 Exception <a 'java/lang/ClassNotFoundException'{0x0000000713c7b438}: RootPane> (0x0000000713c7b438) thrown at [./open/src/hotspot/share/classfile/systemDictionary.cpp, line 226]
Event: 0.349 Thread 0x000002525b61d000 Implicit null exception at 0x000002526a87af58 to 0x000002526a87afea
Event: 0.350 Thread 0x000002525b61d000 Exception <a 'java/lang/ClassNotFoundException'{0x0000000713c7e550}: com/sun/swing/internal/plaf/metal/resources/spi/metalProvider> (0x0000000713c7e550) thrown at [./open/src/hotspot/share/classfile/systemDictionary.cpp, line 226]
Event: 0.350 Thread 0x000002525b61d000 Exception <a 'java/lang/ClassNotFoundException'{0x0000000713c82600}: com/sun/swing/internal/plaf/basic/resources/spi/basicProvider> (0x0000000713c82600) thrown at [./open/src/hotspot/share/classfile/systemDictionary.cpp, line 226]
Event: 0.612 Thread 0x000002527f8d4800 Exception <a 'java/lang/ClassNotFoundException'{0x0000000713b0e488}: com/sun/swing/internal/plaf/synth/resources/spi/synthProvider> (0x0000000713b0e488) thrown at [./open/src/hotspot/share/classfile/systemDictionary.cpp, line 226]
Event: 0.635 Thread 0x00000252002a2800 Exception <a 'java/lang/NoSuchMethodError'{0x0000000713b83868}: 'void java.lang.invoke.DirectMethodHandle$Holder.invokeVirtual(java.lang.Object, java.lang.Object)'> (0x0000000713b83868) thrown at [./open/src/hotspot/share/interpreter/linkResolver.cpp, lin
Event: 0.645 Thread 0x000002527f8d4800 Exception <a 'java/lang/NoSuchMethodError'{0x0000000713b72720}: 'void java.lang.invoke.DirectMethodHandle$Holder.invokeStaticInit(java.lang.Object)'> (0x0000000713b72720) thrown at [./open/src/hotspot/share/interpreter/linkResolver.cpp, line 773]
Event: 0.649 Thread 0x000002527f8d4800 Exception <a 'java/lang/NoSuchMethodError'{0x0000000713a18aa8}: 'java.lang.Object java.lang.invoke.Invokers$Holder.linkToTargetMethod(java.lang.Object, int, java.lang.Object)'> (0x0000000713a18aa8) thrown at [./open/src/hotspot/share/interpreter/linkResol
Event: 2.225 Thread 0x0000025203864800 Implicit null exception at 0x000002526a8dda6f to 0x000002526a8ddc74

Events (10 events):
Event: 2.264 Executing VM operation: RevokeBias done
Event: 2.264 Executing VM operation: RevokeBias
Event: 2.264 Executing VM operation: RevokeBias done
Event: 2.264 Thread 0x000002520ad89000 Thread exited: 0x000002520ad89000
Event: 2.264 Thread 0x0000025203403800 Uncommon trap: trap_request=0xffffff4d fr.pc=0x000002526a904f80 relative=0x0000000000000da0
Event: 2.265 Thread 0x0000025203403800 DEOPT PACKING pc=0x000002526a904f80 sp=0x00000096c6bfdc70
Event: 2.265 Thread 0x0000025203403800 DEOPT UNPACKING pc=0x0000025262db68af sp=0x00000096c6bfdc28 mode 2
Event: 2.265 Thread 0x0000025203403800 Uncommon trap: trap_request=0xffffff4d fr.pc=0x000002526a90294c relative=0x000000000000018c
Event: 2.265 Thread 0x0000025203403800 DEOPT PACKING pc=0x000002526a90294c sp=0x00000096c6bfdd10
Event: 2.265 Thread 0x0000025203403800 DEOPT UNPACKING pc=0x0000025262db68af sp=0x00000096c6bfdc20 mode 2


Dynamic libraries:
0x00007ff6f1470000 - 0x00007ff6f1480000 	C:\Program Files\Java\jdk-11\bin\java.exe
0x00007ffefcc60000 - 0x00007ffefcec0000 	C:\WINDOWS\SYSTEM32\ntdll.dll
0x00007ffefb820000 - 0x00007ffefb8e7000 	C:\WINDOWS\System32\KERNEL32.DLL
0x00007ffefa050000 - 0x00007ffefa41a000 	C:\WINDOWS\System32\KERNELBASE.dll
0x00007ffefa700000 - 0x00007ffefa84b000 	C:\WINDOWS\System32\ucrtbase.dll
0x00007ffef0db0000 - 0x00007ffef0dc9000 	C:\Program Files\Java\jdk-11\bin\jli.dll
0x00007ffefc870000 - 0x00007ffefc922000 	C:\WINDOWS\System32\ADVAPI32.dll
0x00007ffef0d90000 - 0x00007ffef0dab000 	C:\Program Files\Java\jdk-11\bin\VCRUNTIME140.dll
0x00007ffefb510000 - 0x00007ffefb5b9000 	C:\WINDOWS\System32\msvcrt.dll
0x00007ffefc330000 - 0x00007ffefc3d6000 	C:\WINDOWS\System32\sechost.dll
0x00007ffefc930000 - 0x00007ffefca46000 	C:\WINDOWS\System32\RPCRT4.dll
0x00007ffefca50000 - 0x00007ffefcc1c000 	C:\WINDOWS\System32\USER32.dll
0x00007ffefa610000 - 0x00007ffefa637000 	C:\WINDOWS\System32\win32u.dll
0x00007ffef8fa0000 - 0x00007ffef9237000 	C:\WINDOWS\WinSxS\amd64_microsoft.windows.common-controls_6595b64144ccf1df_6.0.26100.3624_none_3e086962e3345f24\COMCTL32.dll
0x00007ffefaaf0000 - 0x00007ffefab1a000 	C:\WINDOWS\System32\GDI32.dll
0x00007ffefa4d0000 - 0x00007ffefa601000 	C:\WINDOWS\System32\gdi32full.dll
0x00007ffefa420000 - 0x00007ffefa4c3000 	C:\WINDOWS\System32\msvcp_win.dll
0x00007ffeeeaa0000 - 0x00007ffeeeaab000 	C:\WINDOWS\SYSTEM32\VERSION.dll
0x00007ffefb910000 - 0x00007ffefb93f000 	C:\WINDOWS\System32\IMM32.DLL
0x00007ffef0df0000 - 0x00007ffef0dfc000 	C:\Program Files\Java\jdk-11\bin\vcruntime140_1.dll
0x00007ffeaecb0000 - 0x00007ffeaed3e000 	C:\Program Files\Java\jdk-11\bin\msvcp140.dll
0x00007ffe62b30000 - 0x00007ffe63693000 	C:\Program Files\Java\jdk-11\bin\server\jvm.dll
0x00007ffefc010000 - 0x00007ffefc018000 	C:\WINDOWS\System32\PSAPI.DLL
0x00007ffef0e00000 - 0x00007ffef0e0a000 	C:\WINDOWS\SYSTEM32\WSOCK32.dll
0x00007ffef0e10000 - 0x00007ffef0e46000 	C:\WINDOWS\SYSTEM32\WINMM.dll
0x00007ffefb250000 - 0x00007ffefb2c4000 	C:\WINDOWS\System32\WS2_32.dll
0x00007ffef8390000 - 0x00007ffef83aa000 	C:\WINDOWS\SYSTEM32\kernel.appcore.dll
0x00007ffef0d80000 - 0x00007ffef0d90000 	C:\Program Files\Java\jdk-11\bin\verify.dll
0x00007ffef96e0000 - 0x00007ffef9921000 	C:\WINDOWS\SYSTEM32\DBGHELP.DLL
0x00007ffefb9b0000 - 0x00007ffefbd32000 	C:\WINDOWS\System32\combase.dll
0x00007ffefb740000 - 0x00007ffefb816000 	C:\WINDOWS\System32\OLEAUT32.dll
0x00007ffef9560000 - 0x00007ffef9599000 	C:\WINDOWS\SYSTEM32\dbgcore.DLL
0x00007ffef9fb0000 - 0x00007ffefa049000 	C:\WINDOWS\System32\bcryptPrimitives.dll
0x00007ffeef8c0000 - 0x00007ffeef8e8000 	C:\Program Files\Java\jdk-11\bin\java.dll
0x00007ffee4480000 - 0x00007ffee448a000 	C:\Program Files\Java\jdk-11\bin\jimage.dll
0x00007ffee4460000 - 0x00007ffee4477000 	C:\Program Files\Java\jdk-11\bin\zip.dll
0x00007ffefab20000 - 0x00007ffefb249000 	C:\WINDOWS\System32\SHELL32.dll
0x00007ffef9e40000 - 0x00007ffef9fa8000 	C:\WINDOWS\System32\wintypes.dll
0x00007ffef71f0000 - 0x00007ffef7a42000 	C:\WINDOWS\SYSTEM32\windows.storage.dll
0x00007ffefc240000 - 0x00007ffefc32d000 	C:\WINDOWS\System32\SHCORE.dll
0x00007ffefb6d0000 - 0x00007ffefb734000 	C:\WINDOWS\System32\shlwapi.dll
0x00007ffef9d50000 - 0x00007ffef9d7f000 	C:\WINDOWS\SYSTEM32\profapi.dll
0x00007ffeca0e0000 - 0x00007ffeca0f9000 	C:\Program Files\Java\jdk-11\bin\net.dll
0x00007ffeef280000 - 0x00007ffeef39d000 	C:\WINDOWS\SYSTEM32\WINHTTP.dll
0x00007ffef88f0000 - 0x00007ffef895a000 	C:\WINDOWS\system32\mswsock.dll
0x00007ffec8970000 - 0x00007ffec8982000 	C:\Program Files\Java\jdk-11\bin\nio.dll
0x00007ffe65400000 - 0x00007ffe65583000 	C:\Program Files\Java\jdk-11\bin\awt.dll
0x00007ffef3450000 - 0x00007ffef34ec000 	C:\WINDOWS\SYSTEM32\apphelp.dll
0x00007ffef37c0000 - 0x00007ffef386e000 	C:\WINDOWS\system32\uxtheme.dll
0x00007ffe9e720000 - 0x00007ffe9e853000 	C:\ProgramData\A-Volute\A-Volute.Nahimic\Modules\Scheduled\x64\AudioDevProps2.dll
0x00007ffefbd40000 - 0x00007ffefbed6000 	C:\WINDOWS\System32\ole32.dll
0x00007ffefc0d0000 - 0x00007ffefc22d000 	C:\WINDOWS\System32\MSCTF.dll
0x00007ffef3610000 - 0x00007ffef3646000 	C:\WINDOWS\system32\DWMAPI.DLL
0x00007ffea29f0000 - 0x00007ffea2a77000 	C:\Program Files\Java\jdk-11\bin\freetype.dll
0x00007ffe6cd00000 - 0x00007ffe6cde1000 	C:\Program Files\Java\jdk-11\bin\fontmanager.dll
0x00007ffe6c6b0000 - 0x00007ffe6c7bc000 	C:\WINDOWS\system32\opengl32.dll
0x00007ffec79b0000 - 0x00007ffec79dd000 	C:\WINDOWS\SYSTEM32\GLU32.dll
0x00007ffef6430000 - 0x00007ffef6477000 	C:\WINDOWS\SYSTEM32\dxcore.dll
0x00007ffef3a70000 - 0x00007ffef3b9e000 	C:\WINDOWS\system32\dxgi.dll
0x00007ffef3950000 - 0x00007ffef39ae000 	C:\WINDOWS\SYSTEM32\directxdatabasehelper.dll
0x00007ffef9aa0000 - 0x00007ffef9aff000 	C:\WINDOWS\SYSTEM32\cfgmgr32.dll
0x00007ffeeb8f0000 - 0x00007ffeebe80000 	C:\WINDOWS\System32\DriverStore\FileRepository\iigd_dch.inf_amd64_75394611ca221846\igdgmm64.dll
0x00007ffee5e60000 - 0x00007ffeead84000 	C:\WINDOWS\System32\DriverStore\FileRepository\iigd_dch.inf_amd64_75394611ca221846\igc64.dll
0x00007ffefc3e0000 - 0x00007ffefc866000 	C:\WINDOWS\System32\SETUPAPI.dll
0x00007ffef8ef0000 - 0x00007ffef8f03000 	C:\WINDOWS\SYSTEM32\msasn1.dll
0x00007ffeeea40000 - 0x00007ffeeea7b000 	C:\WINDOWS\SYSTEM32\cryptnet.dll
0x00007ffefa8e0000 - 0x00007ffefaa57000 	C:\WINDOWS\System32\CRYPT32.dll
0x00007ffef8db0000 - 0x00007ffef8dbc000 	C:\WINDOWS\SYSTEM32\cryptbase.dll
0x00007ffef8e50000 - 0x00007ffef8ead000 	C:\WINDOWS\SYSTEM32\wldp.dll
0x00007ffef8bb0000 - 0x00007ffef8d2c000 	C:\WINDOWS\SYSTEM32\drvstore.dll
0x00007ffef9a70000 - 0x00007ffef9a9d000 	C:\WINDOWS\SYSTEM32\devobj.dll
0x00007ffefa850000 - 0x00007ffefa8cf000 	C:\WINDOWS\System32\wintrust.dll
0x00007ffefbfe0000 - 0x00007ffefc000000 	C:\WINDOWS\System32\imagehlp.dll
0x00007ffef9a50000 - 0x00007ffef9a6c000 	C:\WINDOWS\SYSTEM32\CRYPTSP.dll
0x00007ffef84d0000 - 0x00007ffef850a000 	C:\WINDOWS\system32\rsaenh.dll
0x00007ffef9d20000 - 0x00007ffef9d46000 	C:\WINDOWS\SYSTEM32\bcrypt.dll
0x00007ffe68d40000 - 0x00007ffe69010000 	C:\WINDOWS\system32\nvspcap64.dll
0x00007ffef9630000 - 0x00007ffef9665000 	C:\WINDOWS\SYSTEM32\ntmarta.dll
0x00007ffef8960000 - 0x00007ffef8987000 	C:\WINDOWS\SYSTEM32\gpapi.dll
0x00007ffe6ba50000 - 0x00007ffe6bba5000 	C:\WINDOWS\System32\DriverStore\FileRepository\nvlt.inf_amd64_ef86ecf015042524\nvppex.dll
0x00007ffef0d70000 - 0x00007ffef0d77000 	C:\Program Files\Java\jdk-11\bin\jawt.dll
0x0000000010000000 - 0x000000001003e000 	C:\Program Files\Java\jdk-11\bin\j3dcore-ogl.dll
0x00007ffee3130000 - 0x00007ffee314a000 	C:\WINDOWS\SYSTEM32\windows.staterepositorycore.dll
0x00007ffe541a0000 - 0x00007ffe555ae000 	C:\WINDOWS\System32\DriverStore\FileRepository\iigd_dch.inf_amd64_75394611ca221846\igxelpicd64.dll
0x00007ffee0370000 - 0x00007ffee0393000 	C:\WINDOWS\SYSTEM32\d3d12.dll
0x00007ffe88ab0000 - 0x00007ffe88c16000 	C:\WINDOWS\System32\DriverStore\FileRepository\iigd_dch.inf_amd64_75394611ca221846\igdml64.dll
0x00007ffef9670000 - 0x00007ffef96ce000 	C:\WINDOWS\SYSTEM32\powrprof.dll
0x00007ffef9340000 - 0x00007ffef9354000 	C:\WINDOWS\SYSTEM32\UMPDC.dll
0x00007ffef0d20000 - 0x00007ffef0d4e000 	C:\Program Files\Java\jdk-11\bin\javajpeg.dll
0x00007ffee4530000 - 0x00007ffee4564000 	C:\Users\nadia\AppData\Local\Temp\jSerialComm\2.9.2\jSerialComm.dll
0x00007ffee2fe0000 - 0x00007ffee3129000 	C:\WINDOWS\SYSTEM32\textinputframework.dll
0x00007ffec1970000 - 0x00007ffec1da4000 	C:\WINDOWS\SYSTEM32\uiautomationcore.dll
0x00007ffeeca70000 - 0x00007ffeecadb000 	C:\WINDOWS\SYSTEM32\OLEACC.dll
0x00007ffefc020000 - 0x00007ffefc0c8000 	C:\WINDOWS\System32\clbcatq.dll
0x00007ffef30a0000 - 0x00007ffef31c6000 	C:\WINDOWS\SYSTEM32\CoreMessaging.dll
0x00007ffeeeb40000 - 0x00007ffeeee23000 	C:\WINDOWS\SYSTEM32\CoreUIComponents.dll

dbghelp: loaded successfully - version: 4.0.5 - missing functions: none
symbol engine: initialized successfully - sym options: 0x614 - pdb path: .;C:\Program Files\Java\jdk-11\bin;C:\WINDOWS\SYSTEM32;C:\WINDOWS\WinSxS\amd64_microsoft.windows.common-controls_6595b64144ccf1df_6.0.26100.3624_none_3e086962e3345f24;C:\Program Files\Java\jdk-11\bin\server;C:\ProgramData\A-Volute\A-Volute.Nahimic\Modules\Scheduled\x64;C:\WINDOWS\System32\DriverStore\FileRepository\iigd_dch.inf_amd64_75394611ca221846;C:\WINDOWS\System32\DriverStore\FileRepository\nvlt.inf_amd64_ef86ecf015042524;C:\Users\nadia\AppData\Local\Temp\jSerialComm\2.9.2

VM Arguments:
jvm_args: -Dfile.encoding=UTF-8 --module-path=C:\Users\nadia\OneDrive\Documentos\NetBeansProjects\ProyectoGraficaión\build\classes 
java_command: ESCENARIO.EdificioI
java_class_path (initial): C:\Program Files\Java\Java3D\Java3D\1.5.1\lib\ext\j3dcore.jar;C:\Program Files\Java\Java3D\Java3D\1.5.1\lib\ext\j3dutils.jar;C:\Program Files\Java\Java3D\Java3D\1.5.1\lib\ext\vecmath.jar;C:\Users\nadia\OneDrive\Documentos\Graficación\jSerialComm-2.9.2.jar;C:\Users\nadia\OneDrive\Documentos\NetBeansProjects\ProyectoGraficaión\build\classes
Launcher Type: SUN_STANDARD

[Global flags]
     intx CICompilerCount                          = 4                                         {product} {ergonomic}
     uint ConcGCThreads                            = 3                                         {product} {ergonomic}
     uint G1ConcRefinementThreads                  = 10                                        {product} {ergonomic}
   size_t G1HeapRegionSize                         = 1048576                                   {product} {ergonomic}
    uintx GCDrainStackTargetSize                   = 64                                        {product} {ergonomic}
   size_t InitialHeapSize                          = 264241152                                 {product} {ergonomic}
   size_t MarkStackSize                            = 4194304                                   {product} {ergonomic}
   size_t MaxHeapSize                              = 4219469824                                {product} {ergonomic}
   size_t MaxNewSize                               = 2531262464                                {product} {ergonomic}
   size_t MinHeapDeltaBytes                        = 1048576                                   {product} {ergonomic}
    uintx NonNMethodCodeHeapSize                   = 5836300                                {pd product} {ergonomic}
    uintx NonProfiledCodeHeapSize                  = 122910970                              {pd product} {ergonomic}
    uintx ProfiledCodeHeapSize                     = 122910970                              {pd product} {ergonomic}
    uintx ReservedCodeCacheSize                    = 251658240                              {pd product} {ergonomic}
     bool SegmentedCodeCache                       = true                                      {product} {ergonomic}
     bool UseCompressedClassPointers               = true                                 {lp64_product} {ergonomic}
     bool UseCompressedOops                        = true                                 {lp64_product} {ergonomic}
     bool UseG1GC                                  = true                                      {product} {ergonomic}
     bool UseLargePagesIndividualAllocation        = false                                  {pd product} {ergonomic}

Logging:
Log output configuration:
 #0: stdout all=warning uptime,level,tags
 #1: stderr all=off uptime,level,tags

Environment Variables:
PATH=C:\Program Files\Common Files\Oracle\Java\javapath;C:\ProgramData\Oracle\Java\javapath;C:\WINDOWS\system32;C:\WINDOWS;C:\WINDOWS\System32\Wbem;C:\WINDOWS\System32\WindowsPowerShell\v1.0\;C:\WINDOWS\System32\OpenSSH\;C:\Program Files (x86)\NVIDIA Corporation\PhysX\Common;C:\Program Files\NVIDIA Corporation\NVIDIA NvDLISR;C:\Program Files\dotnet\;C:\Program Files\Microsoft SQL Server\Client SDK\ODBC\170\Tools\Binn\;C:\Program Files (x86)\Microsoft SQL Server\160\Tools\Binn\;C:\Program Files\Microsoft SQL Server\160\Tools\Binn\;C:\Program Files\Microsoft SQL Server\160\DTS\Binn\;C:\Program Files (x86)\Microsoft SQL Server\160\DTS\Binn\;C:\Program Files\Git\cmd;C:\Users\nadia\AppData\Local\Microsoft\WindowsApps;C:\Users\nadia\AppData\Local\Programs\Microsoft VS Code\bin;C:\Users\nadia\.dotnet\tools;C:\Users\nadia\Downloads\PROGRAMAS\openjdk-23.0.2_windows-x64_bin;
USERNAME=nadia
OS=Windows_NT
PROCESSOR_IDENTIFIER=Intel64 Family 6 Model 151 Stepping 2, GenuineIntel



---------------  S Y S T E M  ---------------

OS: Windows 11 , 64 bit Build 26100 (10.0.26100.3775)
Hyper-V role detected

CPU:total 12 (initial active 12) (6 cores per cpu, 2 threads per core) family 6 model 151 stepping 2 microcode 0x35, cmov, cx8, fxsr, mmx, sse, sse2, sse3, ssse3, sse4.1, sse4.2, popcnt, avx, avx2, aes, clmul, erms, 3dnowpref, lzcnt, ht, tsc, tscinvbit, bmi1, bmi2, adx, sha, fma

Memory: 4k page, system-wide physical 16091M (5526M free)
TotalPageFile size 21119M (AvailPageFile size 6118M)
current process WorkingSet (physical memory assigned to process): 426M, peak: 438M
current process commit charge ("private bytes"): 450M, peak: 479M

vm_info: Java HotSpot(TM) 64-Bit Server VM (11.0.25+9-LTS-256) for windows-amd64 JRE (11.0.25+9-LTS-256), built on Sep 30 2024 06:30:20 by "mach5one" with MS VC++ 17.6 (VS2022)

END.
