#
# A fatal error has been detected by the Java Runtime Environment:
#
#  EXCEPTION_ACCESS_VIOLATION (0xc0000005) at pc=0x00007ffce665f0ad, pid=3636, tid=11748
#
# JRE version: Java(TM) SE Runtime Environment 18.9 (11.0.25+9) (build 11.0.25+9-LTS-256)
# Java VM: Java HotSpot(TM) 64-Bit Server VM 18.9 (11.0.25+9-LTS-256, mixed mode, tiered, compressed oops, g1 gc, windows-amd64)
# Problematic frame:
# C  [igxelpicd64.dll+0xcf0ad]
#
# No core dump will be written. Minidumps are not enabled by default on client versions of Windows
#
# If you would like to submit a bug report, please visit:
#   https://bugreport.java.com/bugreport/crash.jsp
# The crash happened outside the Java Virtual Machine in native code.
# See problematic frame for where to report the bug.
#

---------------  S U M M A R Y ------------

Command Line: -Dfile.encoding=UTF-8 --module-path=C:\Users\nadia\OneDrive\Documentos\NetBeansProjects\ProyectoGraficaión\build\classes ESCENARIO.EdificioI

Host: 12th Gen Intel(R) Core(TM) i5-12450HX, 12 cores, 15G,  Windows 11 , 64 bit Build 26100 (10.0.26100.3775)
Time: Fri Apr 25 08:43:28 2025 Hora estándar, América Central elapsed time: 21.521103 seconds (0d 0h 0m 21s)

---------------  T H R E A D  ---------------

Current thread (0x000001b080999800):  JavaThread "J3D-Renderer-1" [_thread_in_native, id=11748, stack(0x0000005098500000,0x0000005098600000)]

Stack: [0x0000005098500000,0x0000005098600000],  sp=0x00000050985fe070,  free space=1016k
Native frames: (J=compiled Java code, j=interpreted, Vv=VM code, C=native code)
C  [igxelpicd64.dll+0xcf0ad]

Java frames: (J=compiled Java code, j=interpreted, Vv=VM code)
J 1755  javax.media.j3d.NativePipeline.callDisplayList(JIZ)V (0 bytes) @ 0x000001b0e9495a70 [0x000001b0e9495a20+0x0000000000000050]
J 2128 c2 javax.media.j3d.DisplayListRenderMethod.render(Ljavax/media/j3d/RenderMolecule;Ljavax/media/j3d/Canvas3D;Ljavax/media/j3d/RenderAtomListInfo;I)Z (56 bytes) @ 0x000001b0e94f755c [0x000001b0e94f7460+0x00000000000000fc]
J 1784 c2 javax.media.j3d.RenderMolecule.render(Ljavax/media/j3d/Canvas3D;II)Z (388 bytes) @ 0x000001b0e94a2f24 [0x000001b0e94a2ba0+0x0000000000000384]
J 2135 c2 javax.media.j3d.TextureBin.render(Ljavax/media/j3d/Canvas3D;Ljava/lang/Object;)V (96 bytes) @ 0x000001b0e94f9264 [0x000001b0e94f90c0+0x00000000000001a4]
J 2469 c1 javax.media.j3d.AttributeBin.render(Ljavax/media/j3d/Canvas3D;)V (94 bytes) @ 0x000001b0e24c9fd4 [0x000001b0e24c9940+0x0000000000000694]
J 2409 c1 javax.media.j3d.RenderBin.renderOpaque(Ljavax/media/j3d/Canvas3D;)V (23 bytes) @ 0x000001b0e24a623c [0x000001b0e24a5cc0+0x000000000000057c]
J 1863 c2 javax.media.j3d.Renderer.doWork(J)V (6480 bytes) @ 0x000001b0e94bd4c4 [0x000001b0e94b8460+0x0000000000005064]
j  javax.media.j3d.J3dThread.run()V+19
v  ~StubRoutines::call_stub

siginfo: EXCEPTION_ACCESS_VIOLATION (0xc0000005), reading address 0x0000000000000008


Register to memory mapping:

RIP=0x00007ffce665f0ad igxelpicd64.dll
RAX=0x0 is NULL
RBX=0x000001b086e7dd40 points into unknown readable memory: 0x000001b080a3d680 | 80 d6 a3 80 b0 01 00 00
RCX=0x000001b086e7dd40 points into unknown readable memory: 0x000001b080a3d680 | 80 d6 a3 80 b0 01 00 00
RDX=0x00000050985fe4b0 is pointing into the stack for thread: 0x000001b080999800
RSP=0x00000050985fe070 is pointing into the stack for thread: 0x000001b080999800
RBP=0x00000050985fe170 is pointing into the stack for thread: 0x000001b080999800
RSI=0x00000050985fe760 is pointing into the stack for thread: 0x000001b080999800
RDI=0x0000000000000008 is an unknown value
R8 =0x000001b0870fab30 points into unknown readable memory: 0x000001b0809da5d0 | d0 a5 9d 80 b0 01 00 00
R9 =0x0 is NULL
R10=0x00000050985fea50 is pointing into the stack for thread: 0x000001b080999800
R11=0x000000000000001d is an unknown value
R12=0x00000050985fe4b0 is pointing into the stack for thread: 0x000001b080999800
R13=0x000001b0870fab30 points into unknown readable memory: 0x000001b0809da5d0 | d0 a5 9d 80 b0 01 00 00
R14=0x00000050985fe500 is pointing into the stack for thread: 0x000001b080999800
R15=0x00000050985fe760 is pointing into the stack for thread: 0x000001b080999800


Registers:
RAX=0x0000000000000000, RBX=0x000001b086e7dd40, RCX=0x000001b086e7dd40, RDX=0x00000050985fe4b0
RSP=0x00000050985fe070, RBP=0x00000050985fe170, RSI=0x00000050985fe760, RDI=0x0000000000000008
R8 =0x000001b0870fab30, R9 =0x0000000000000000, R10=0x00000050985fea50, R11=0x000000000000001d
R12=0x00000050985fe4b0, R13=0x000001b0870fab30, R14=0x00000050985fe500, R15=0x00000050985fe760
RIP=0x00007ffce665f0ad, EFLAGS=0x0000000000010287

Top of Stack: (sp=0x00000050985fe070)
0x00000050985fe070:   0000001600000000 000001b0870fab30
0x00000050985fe080:   000001b0fec04230 0000000000000000
0x00000050985fe090:   0000000000000000 0000000000000000
0x00000050985fe0a0:   0000000000000000 00000050985fe740
0x00000050985fe0b0:   000001b087145500 00007ffd00002600
0x00000050985fe0c0:   0000000000000000 00007ffc0000001d
0x00000050985fe0d0:   00000050985fe640 00007ffc00000006
0x00000050985fe0e0:   0000000000000001 0000000000000000
0x00000050985fe0f0:   00000000e6817901 000001b086d6c620
0x00000050985fe100:   0000000000000000 000001b0fd77d9d0
0x00000050985fe110:   00000000fffffff0 00007ffce687b88d
0x00000050985fe120:   000001b086e7dd40 000001b0fd77d9d0
0x00000050985fe130:   000001b0809da5d0 000000000034236f
0x00000050985fe140:   000001b086d6c960 00000050985fe210
0x00000050985fe150:   0000000000000000 00007ffce65b696f
0x00000050985fe160:   000001b0fec04230 000001b0fd780a30 

Instructions: (pc=0x00007ffce665f0ad)
0x00007ffce665f08d:   e8 1b 0f ba f0 17 0d 00 00 40 01 0f ba f0 13 0d
0x00007ffce665f09d:   00 00 37 00 89 42 1c eb 6e 48 8b 85 e8 00 00 00
0x00007ffce665f0ad:   48 8b 48 08 8b 41 14 83 f8 0a 74 31 83 f8 4e 75
0x00007ffce665f0bd:   56 8b 0a 49 b8 00 00 00 00 00 40 00 00 48 8b 05 


Stack slot to memory mapping:
stack at sp + 0 slots: 0x0000001600000000 is an unknown value
stack at sp + 1 slots: 0x000001b0870fab30 points into unknown readable memory: 0x000001b0809da5d0 | d0 a5 9d 80 b0 01 00 00
stack at sp + 2 slots: 0x000001b0fec04230 points into unknown readable memory: 0xffffffffffffffff | ff ff ff ff ff ff ff ff
stack at sp + 3 slots: 0x0 is NULL
stack at sp + 4 slots: 0x0 is NULL
stack at sp + 5 slots: 0x0 is NULL
stack at sp + 6 slots: 0x0 is NULL
stack at sp + 7 slots: 0x00000050985fe740 is pointing into the stack for thread: 0x000001b080999800


---------------  P R O C E S S  ---------------

Threads class SMR info:
_java_thread_list=0x000001b080c7b7e0, length=30, elements={
0x000001b0fe153800, 0x000001b0fe155000, 0x000001b0fe1a5800, 0x000001b0fe1a6800,
0x000001b0fe1a8800, 0x000001b0fe1aa000, 0x000001b0fe1ab800, 0x000001b0fe1ae800,
0x000001b0fe337000, 0x000001b0fe81f800, 0x000001b0fe820000, 0x000001b0fe907800,
0x000001b0feac3000, 0x000001b0da1cf000, 0x000001b0fece1000, 0x000001b080aec800,
0x000001b0febf0000, 0x000001b0febf1000, 0x000001b080999800, 0x000001b080d83800,
0x000001b080d84800, 0x000001b080d82000, 0x000001b080d83000, 0x000001b080d85000,
0x000001b080d87800, 0x000001b080d87000, 0x000001b080d88800, 0x000001b080d86000,
0x000001b080f62000, 0x000001b080f61000
}

Java Threads: ( => current thread )
  0x000001b0fe153800 JavaThread "Reference Handler" daemon [_thread_blocked, id=19200, stack(0x0000005097200000,0x0000005097300000)]
  0x000001b0fe155000 JavaThread "Finalizer" daemon [_thread_blocked, id=4456, stack(0x0000005097300000,0x0000005097400000)]
  0x000001b0fe1a5800 JavaThread "Signal Dispatcher" daemon [_thread_blocked, id=14184, stack(0x0000005097400000,0x0000005097500000)]
  0x000001b0fe1a6800 JavaThread "Attach Listener" daemon [_thread_blocked, id=10640, stack(0x0000005097500000,0x0000005097600000)]
  0x000001b0fe1a8800 JavaThread "Service Thread" daemon [_thread_blocked, id=23700, stack(0x0000005097600000,0x0000005097700000)]
  0x000001b0fe1aa000 JavaThread "C2 CompilerThread0" daemon [_thread_blocked, id=18972, stack(0x0000005097700000,0x0000005097800000)]
  0x000001b0fe1ab800 JavaThread "C1 CompilerThread0" daemon [_thread_blocked, id=8032, stack(0x0000005097800000,0x0000005097900000)]
  0x000001b0fe1ae800 JavaThread "Sweeper thread" daemon [_thread_blocked, id=22380, stack(0x0000005097900000,0x0000005097a00000)]
  0x000001b0fe337000 JavaThread "Common-Cleaner" daemon [_thread_blocked, id=14968, stack(0x0000005097a00000,0x0000005097b00000)]
  0x000001b0fe81f800 JavaThread "Java2D Disposer" daemon [_thread_blocked, id=24216, stack(0x0000005097d00000,0x0000005097e00000)]
  0x000001b0fe820000 JavaThread "AWT-Shutdown" [_thread_blocked, id=9748, stack(0x0000005097e00000,0x0000005097f00000)]
  0x000001b0fe907800 JavaThread "AWT-Windows" daemon [_thread_in_native, id=21168, stack(0x0000005097f00000,0x0000005098000000)]
  0x000001b0feac3000 JavaThread "AWT-EventQueue-0" [_thread_blocked, id=16256, stack(0x0000005098000000,0x0000005098100000)]
  0x000001b0da1cf000 JavaThread "DestroyJavaVM" [_thread_blocked, id=6136, stack(0x0000005096b00000,0x0000005096c00000)]
  0x000001b0fece1000 JavaThread "J3D-RenderingAttributesStructureUpdateThread" [_thread_blocked, id=11140, stack(0x0000005098100000,0x0000005098200000)]
  0x000001b080aec800 JavaThread "J3D-TimerThread" [_thread_blocked, id=24724, stack(0x0000005098200000,0x0000005098300000)]
  0x000001b0febf0000 JavaThread "J3D-NotificationThread" [_thread_blocked, id=3440, stack(0x0000005098300000,0x0000005098400000)]
  0x000001b0febf1000 JavaThread "J3D-MasterControl-1" [_thread_blocked, id=11424, stack(0x0000005098400000,0x0000005098500000)]
=>0x000001b080999800 JavaThread "J3D-Renderer-1" [_thread_in_native, id=11748, stack(0x0000005098500000,0x0000005098600000)]
  0x000001b080d83800 JavaThread "TimerQueue" daemon [_thread_blocked, id=25488, stack(0x0000005099500000,0x0000005099600000)]
  0x000001b080d84800 JavaThread "J3D-BehaviorStructureUpdateThread-1" [_thread_blocked, id=13304, stack(0x0000005099c00000,0x0000005099d00000)]
  0x000001b080d82000 JavaThread "J3D-GeometryStructureUpdateThread-1" [_thread_blocked, id=19632, stack(0x0000005099d00000,0x0000005099e00000)]
  0x000001b080d83000 JavaThread "J3D-SoundStructureUpdateThread-1" [_thread_blocked, id=15628, stack(0x0000005099e00000,0x0000005099f00000)]
  0x000001b080d85000 JavaThread "J3D-RenderingEnvironmentStructureUpdateThread-1" [_thread_blocked, id=12436, stack(0x0000005099f00000,0x000000509a000000)]
  0x000001b080d87800 JavaThread "J3D-TransformStructureUpdateThread-1" [_thread_blocked, id=3472, stack(0x000000509a000000,0x000000509a100000)]
  0x000001b080d87000 JavaThread "J3D-BehaviorScheduler-1" [_thread_blocked, id=21028, stack(0x000000509a100000,0x000000509a200000)]
  0x000001b080d88800 JavaThread "J3D-RenderStructureUpdateThread-1" [_thread_blocked, id=10720, stack(0x000000509a200000,0x000000509a300000)]
  0x000001b080d86000 JavaThread "J3D-SoundSchedulerUpdateThread-1" [_thread_blocked, id=24752, stack(0x000000509a300000,0x000000509a400000)]
  0x000001b080f62000 JavaThread "J3D-InputDeviceScheduler-1" [_thread_blocked, id=5872, stack(0x000000509a400000,0x000000509a500000)]
  0x000001b080f61000 JavaThread "ToolkitShutdown" daemon [_thread_in_native, id=17988, stack(0x000000509a600000,0x000000509a700000)]

Other Threads:
  0x000001b0fd8a0800 VMThread "VM Thread" [stack: 0x0000005097100000,0x0000005097200000] [id=21492]
  0x000001b0fe68a000 WatcherThread [stack: 0x0000005097c00000,0x0000005097d00000] [id=5492]
  0x000001b0da1e5000 GCTaskThread "GC Thread#0" [stack: 0x0000005096c00000,0x0000005096d00000] [id=7812]
  0x000001b080db0000 GCTaskThread "GC Thread#1" [stack: 0x0000005098900000,0x0000005098a00000] [id=21360]
  0x000001b080be7800 GCTaskThread "GC Thread#2" [stack: 0x0000005098a00000,0x0000005098b00000] [id=12820]
  0x000001b080fd7000 GCTaskThread "GC Thread#3" [stack: 0x0000005098b00000,0x0000005098c00000] [id=22044]
  0x000001b080a9f800 GCTaskThread "GC Thread#4" [stack: 0x0000005098c00000,0x0000005098d00000] [id=25820]
  0x000001b080ec4000 GCTaskThread "GC Thread#5" [stack: 0x0000005098d00000,0x0000005098e00000] [id=24544]
  0x000001b080d64000 GCTaskThread "GC Thread#6" [stack: 0x0000005098e00000,0x0000005098f00000] [id=2032]
  0x000001b080ed7000 GCTaskThread "GC Thread#7" [stack: 0x0000005098f00000,0x0000005099000000] [id=1756]
  0x000001b080ed8000 GCTaskThread "GC Thread#8" [stack: 0x0000005099000000,0x0000005099100000] [id=25824]
  0x000001b080ab5800 GCTaskThread "GC Thread#9" [stack: 0x0000005099100000,0x0000005099200000] [id=8904]
  0x000001b0da241800 ConcurrentGCThread "G1 Main Marker" [stack: 0x0000005096d00000,0x0000005096e00000] [id=26092]
  0x000001b0da249800 ConcurrentGCThread "G1 Conc#0" [stack: 0x0000005096e00000,0x0000005096f00000] [id=4496]
  0x000001b080cf6800 ConcurrentGCThread "G1 Conc#1" [stack: 0x0000005097b00000,0x0000005097c00000] [id=22540]
  0x000001b080d62000 ConcurrentGCThread "G1 Conc#2" [stack: 0x0000005098600000,0x0000005098700000] [id=20508]
  0x000001b0fd784800 ConcurrentGCThread "G1 Refine#0" [stack: 0x0000005096f00000,0x0000005097000000] [id=2548]
  0x000001b0fe602000 ConcurrentGCThread "G1 Refine#1" [stack: 0x0000005099200000,0x0000005099300000] [id=13436]
  0x000001b080dab800 ConcurrentGCThread "G1 Refine#2" [stack: 0x0000005099300000,0x0000005099400000] [id=18544]
  0x000001b080dac000 ConcurrentGCThread "G1 Refine#3" [stack: 0x0000005099400000,0x0000005099500000] [id=19496]
  0x000001b0fd787800 ConcurrentGCThread "G1 Young RemSet Sampling" [stack: 0x0000005097000000,0x0000005097100000] [id=26428]

Threads with active compile tasks:

VM state:not at safepoint (normal execution)

VM Mutex/Monitor currently owned by a thread: None

Heap address: 0x0000000704800000, size: 4024 MB, Compressed Oops mode: Zero based, Oop shift amount: 3
Narrow klass base: 0x0000000800000000, Narrow klass shift: 0
Compressed class space size: 1073741824 Address: 0x0000000800000000

Heap:
 garbage-first heap   total 259072K, used 227072K [0x0000000704800000, 0x0000000800000000)
  region size 1024K, 115 young (117760K), 1 survivors (1024K)
 Metaspace       used 23839K, capacity 24127K, committed 24320K, reserved 1071104K
  class space    used 2354K, capacity 2492K, committed 2560K, reserved 1048576K
Heap Regions: E=young(eden), S=young(survivor), O=old, HS=humongous(starts), HC=humongous(continues), CS=collection set, F=free, A=archive, TAMS=top-at-mark-start (previous, next)
|   0|0x0000000704800000, 0x0000000704900000, 0x0000000704900000|100%| O|  |TAMS 0x0000000704900000, 0x0000000704800000| Untracked 
|   1|0x0000000704900000, 0x0000000704a00000, 0x0000000704a00000|100%| O|  |TAMS 0x0000000704a00000, 0x0000000704900000| Untracked 
|   2|0x0000000704a00000, 0x0000000704b00000, 0x0000000704b00000|100%| O|  |TAMS 0x0000000704b00000, 0x0000000704a00000| Untracked 
|   3|0x0000000704b00000, 0x0000000704c00000, 0x0000000704c00000|100%| O|  |TAMS 0x0000000704c00000, 0x0000000704b00000| Untracked 
|   4|0x0000000704c00000, 0x0000000704d00000, 0x0000000704d00000|100%| O|  |TAMS 0x0000000704d00000, 0x0000000704c00000| Untracked 
|   5|0x0000000704d00000, 0x0000000704e00000, 0x0000000704e00000|100%| O|  |TAMS 0x0000000704e00000, 0x0000000704d00000| Untracked 
|   6|0x0000000704e00000, 0x0000000704f00000, 0x0000000704f00000|100%|HS|  |TAMS 0x0000000704f00000, 0x0000000704e00000| Complete 
|   7|0x0000000704f00000, 0x0000000705000000, 0x0000000705000000|100%| O|  |TAMS 0x0000000705000000, 0x0000000704f00000| Untracked 
|   8|0x0000000705000000, 0x0000000705100000, 0x0000000705100000|100%|HS|  |TAMS 0x0000000705000000, 0x0000000705000000| Complete 
|   9|0x0000000705100000, 0x0000000705200000, 0x0000000705200000|100%|HS|  |TAMS 0x0000000705200000, 0x0000000705100000| Complete 
|  10|0x0000000705200000, 0x0000000705300000, 0x0000000705300000|100%|HS|  |TAMS 0x0000000705200000, 0x0000000705200000| Complete 
|  11|0x0000000705300000, 0x0000000705400000, 0x0000000705400000|100%|HC|  |TAMS 0x0000000705300000, 0x0000000705300000| Complete 
|  12|0x0000000705400000, 0x0000000705500000, 0x0000000705500000|100%|HS|  |TAMS 0x0000000705500000, 0x0000000705400000| Complete 
|  13|0x0000000705500000, 0x0000000705600000, 0x0000000705600000|100%|HC|  |TAMS 0x0000000705600000, 0x0000000705500000| Complete 
|  14|0x0000000705600000, 0x0000000705700000, 0x0000000705700000|100%| O|  |TAMS 0x0000000705700000, 0x0000000705600000| Untracked 
|  15|0x0000000705700000, 0x0000000705800000, 0x0000000705800000|100%| O|  |TAMS 0x0000000705800000, 0x0000000705700000| Untracked 
|  16|0x0000000705800000, 0x0000000705900000, 0x0000000705900000|100%| O|  |TAMS 0x0000000705900000, 0x0000000705800000| Untracked 
|  17|0x0000000705900000, 0x0000000705a00000, 0x0000000705a00000|100%|HS|  |TAMS 0x0000000705900000, 0x0000000705900000| Complete 
|  18|0x0000000705a00000, 0x0000000705b00000, 0x0000000705b00000|100%|HC|  |TAMS 0x0000000705a00000, 0x0000000705a00000| Complete 
|  19|0x0000000705b00000, 0x0000000705c00000, 0x0000000705c00000|100%|HS|  |TAMS 0x0000000705c00000, 0x0000000705b00000| Complete 
|  20|0x0000000705c00000, 0x0000000705d00000, 0x0000000705d00000|100%|HS|  |TAMS 0x0000000705d00000, 0x0000000705c00000| Complete 
|  21|0x0000000705d00000, 0x0000000705e00000, 0x0000000705e00000|100%|HS|  |TAMS 0x0000000705e00000, 0x0000000705d00000| Complete 
|  22|0x0000000705e00000, 0x0000000705f00000, 0x0000000705f00000|100%|HC|  |TAMS 0x0000000705f00000, 0x0000000705e00000| Complete 
|  23|0x0000000705f00000, 0x0000000706000000, 0x0000000706000000|100%|HC|  |TAMS 0x0000000706000000, 0x0000000705f00000| Complete 
|  24|0x0000000706000000, 0x0000000706100000, 0x0000000706100000|100%|HC|  |TAMS 0x0000000706100000, 0x0000000706000000| Complete 
|  25|0x0000000706100000, 0x0000000706200000, 0x0000000706200000|100%|HS|  |TAMS 0x0000000706200000, 0x0000000706100000| Complete 
|  26|0x0000000706200000, 0x0000000706300000, 0x0000000706300000|100%|HC|  |TAMS 0x0000000706300000, 0x0000000706200000| Complete 
|  27|0x0000000706300000, 0x0000000706400000, 0x0000000706400000|100%|HC|  |TAMS 0x0000000706400000, 0x0000000706300000| Complete 
|  28|0x0000000706400000, 0x0000000706500000, 0x0000000706500000|100%|HC|  |TAMS 0x0000000706500000, 0x0000000706400000| Complete 
|  29|0x0000000706500000, 0x0000000706600000, 0x0000000706600000|100%|HS|  |TAMS 0x0000000706600000, 0x0000000706500000| Complete 
|  30|0x0000000706600000, 0x0000000706700000, 0x0000000706700000|100%|HS|  |TAMS 0x0000000706600000, 0x0000000706600000| Complete 
|  31|0x0000000706700000, 0x0000000706800000, 0x0000000706800000|100%|HS|  |TAMS 0x0000000706800000, 0x0000000706700000| Complete 
|  32|0x0000000706800000, 0x0000000706900000, 0x0000000706900000|100%|HS|  |TAMS 0x0000000706900000, 0x0000000706800000| Complete 
|  33|0x0000000706900000, 0x0000000706a00000, 0x0000000706a00000|100%| O|  |TAMS 0x0000000706a00000, 0x0000000706900000| Untracked 
|  34|0x0000000706a00000, 0x0000000706a8ca00, 0x0000000706b00000| 54%| O|  |TAMS 0x0000000706a8ca00, 0x0000000706a00000| Untracked 
|  35|0x0000000706b00000, 0x0000000706c00000, 0x0000000706c00000|100%|HS|  |TAMS 0x0000000706c00000, 0x0000000706b00000| Complete 
|  36|0x0000000706c00000, 0x0000000706d00000, 0x0000000706d00000|100%|HC|  |TAMS 0x0000000706d00000, 0x0000000706c00000| Complete 
|  37|0x0000000706d00000, 0x0000000706e00000, 0x0000000706e00000|100%|HC|  |TAMS 0x0000000706e00000, 0x0000000706d00000| Complete 
|  38|0x0000000706e00000, 0x0000000706f00000, 0x0000000706f00000|100%|HC|  |TAMS 0x0000000706f00000, 0x0000000706e00000| Complete 
|  39|0x0000000706f00000, 0x0000000707000000, 0x0000000707000000|100%|HS|  |TAMS 0x0000000707000000, 0x0000000706f00000| Complete 
|  40|0x0000000707000000, 0x0000000707100000, 0x0000000707100000|100%|HC|  |TAMS 0x0000000707100000, 0x0000000707000000| Complete 
|  41|0x0000000707100000, 0x0000000707200000, 0x0000000707200000|100%|HC|  |TAMS 0x0000000707200000, 0x0000000707100000| Complete 
|  42|0x0000000707200000, 0x0000000707300000, 0x0000000707300000|100%|HC|  |TAMS 0x0000000707300000, 0x0000000707200000| Complete 
|  43|0x0000000707300000, 0x0000000707400000, 0x0000000707400000|100%|HS|  |TAMS 0x0000000707400000, 0x0000000707300000| Complete 
|  44|0x0000000707400000, 0x0000000707500000, 0x0000000707500000|100%|HC|  |TAMS 0x0000000707500000, 0x0000000707400000| Complete 
|  45|0x0000000707500000, 0x0000000707600000, 0x0000000707600000|100%|HS|  |TAMS 0x0000000707500000, 0x0000000707500000| Complete 
|  46|0x0000000707600000, 0x0000000707700000, 0x0000000707700000|100%|HC|  |TAMS 0x0000000707600000, 0x0000000707600000| Complete 
|  47|0x0000000707700000, 0x0000000707800000, 0x0000000707800000|100%|HS|  |TAMS 0x0000000707700000, 0x0000000707700000| Complete 
|  48|0x0000000707800000, 0x0000000707900000, 0x0000000707900000|100%|HC|  |TAMS 0x0000000707800000, 0x0000000707800000| Complete 
|  49|0x0000000707900000, 0x0000000707a00000, 0x0000000707a00000|100%|HS|  |TAMS 0x0000000707a00000, 0x0000000707900000| Complete 
|  50|0x0000000707a00000, 0x0000000707b00000, 0x0000000707b00000|100%|HC|  |TAMS 0x0000000707b00000, 0x0000000707a00000| Complete 
|  51|0x0000000707b00000, 0x0000000707c00000, 0x0000000707c00000|100%|HS|  |TAMS 0x0000000707b00000, 0x0000000707b00000| Complete 
|  52|0x0000000707c00000, 0x0000000707d00000, 0x0000000707d00000|100%|HS|  |TAMS 0x0000000707c00000, 0x0000000707c00000| Complete 
|  53|0x0000000707d00000, 0x0000000707e00000, 0x0000000707e00000|100%|HS|  |TAMS 0x0000000707e00000, 0x0000000707d00000| Complete 
|  54|0x0000000707e00000, 0x0000000707f00000, 0x0000000707f00000|100%|HC|  |TAMS 0x0000000707f00000, 0x0000000707e00000| Complete 
|  55|0x0000000707f00000, 0x0000000708000000, 0x0000000708000000|100%|HS|  |TAMS 0x0000000708000000, 0x0000000707f00000| Complete 
|  56|0x0000000708000000, 0x0000000708100000, 0x0000000708100000|100%|HC|  |TAMS 0x0000000708100000, 0x0000000708000000| Complete 
|  57|0x0000000708100000, 0x0000000708200000, 0x0000000708200000|100%|HC|  |TAMS 0x0000000708200000, 0x0000000708100000| Complete 
|  58|0x0000000708200000, 0x0000000708300000, 0x0000000708300000|100%|HC|  |TAMS 0x0000000708300000, 0x0000000708200000| Complete 
|  59|0x0000000708300000, 0x0000000708400000, 0x0000000708400000|100%|HS|  |TAMS 0x0000000708400000, 0x0000000708300000| Complete 
|  60|0x0000000708400000, 0x0000000708500000, 0x0000000708500000|100%|HC|  |TAMS 0x0000000708500000, 0x0000000708400000| Complete 
|  61|0x0000000708500000, 0x0000000708600000, 0x0000000708600000|100%|HS|  |TAMS 0x0000000708600000, 0x0000000708500000| Complete 
|  62|0x0000000708600000, 0x0000000708700000, 0x0000000708700000|100%|HC|  |TAMS 0x0000000708700000, 0x0000000708600000| Complete 
|  63|0x0000000708700000, 0x0000000708800000, 0x0000000708800000|100%|HS|  |TAMS 0x0000000708800000, 0x0000000708700000| Complete 
|  64|0x0000000708800000, 0x0000000708900000, 0x0000000708900000|100%|HC|  |TAMS 0x0000000708900000, 0x0000000708800000| Complete 
|  65|0x0000000708900000, 0x0000000708a00000, 0x0000000708a00000|100%|HC|  |TAMS 0x0000000708a00000, 0x0000000708900000| Complete 
|  66|0x0000000708a00000, 0x0000000708b00000, 0x0000000708b00000|100%|HC|  |TAMS 0x0000000708b00000, 0x0000000708a00000| Complete 
|  67|0x0000000708b00000, 0x0000000708c00000, 0x0000000708c00000|100%|HS|  |TAMS 0x0000000708b00000, 0x0000000708b00000| Complete 
|  68|0x0000000708c00000, 0x0000000708d00000, 0x0000000708d00000|100%|HS|  |TAMS 0x0000000708c00000, 0x0000000708c00000| Complete 
|  69|0x0000000708d00000, 0x0000000708e00000, 0x0000000708e00000|100%|HS|  |TAMS 0x0000000708e00000, 0x0000000708d00000| Complete 
|  70|0x0000000708e00000, 0x0000000708f00000, 0x0000000708f00000|100%|HC|  |TAMS 0x0000000708f00000, 0x0000000708e00000| Complete 
|  71|0x0000000708f00000, 0x0000000709000000, 0x0000000709000000|100%|HS|  |TAMS 0x0000000709000000, 0x0000000708f00000| Complete 
|  72|0x0000000709000000, 0x0000000709100000, 0x0000000709100000|100%|HC|  |TAMS 0x0000000709100000, 0x0000000709000000| Complete 
|  73|0x0000000709100000, 0x0000000709200000, 0x0000000709200000|100%|HC|  |TAMS 0x0000000709200000, 0x0000000709100000| Complete 
|  74|0x0000000709200000, 0x0000000709300000, 0x0000000709300000|100%|HC|  |TAMS 0x0000000709300000, 0x0000000709200000| Complete 
|  75|0x0000000709300000, 0x0000000709400000, 0x0000000709400000|100%|HS|  |TAMS 0x0000000709300000, 0x0000000709300000| Complete 
|  76|0x0000000709400000, 0x0000000709500000, 0x0000000709500000|100%|HS|  |TAMS 0x0000000709400000, 0x0000000709400000| Complete 
|  77|0x0000000709500000, 0x0000000709600000, 0x0000000709600000|100%|HS|  |TAMS 0x0000000709600000, 0x0000000709500000| Complete 
|  78|0x0000000709600000, 0x0000000709700000, 0x0000000709700000|100%|HC|  |TAMS 0x0000000709700000, 0x0000000709600000| Complete 
|  79|0x0000000709700000, 0x0000000709700000, 0x0000000709800000|  0%| F|  |TAMS 0x0000000709700000, 0x0000000709700000| Untracked 
|  80|0x0000000709800000, 0x0000000709800000, 0x0000000709900000|  0%| F|  |TAMS 0x0000000709800000, 0x0000000709800000| Untracked 
|  81|0x0000000709900000, 0x0000000709a00000, 0x0000000709a00000|100%|HS|  |TAMS 0x0000000709a00000, 0x0000000709900000| Complete 
|  82|0x0000000709a00000, 0x0000000709b00000, 0x0000000709b00000|100%|HC|  |TAMS 0x0000000709b00000, 0x0000000709a00000| Complete 
|  83|0x0000000709b00000, 0x0000000709c00000, 0x0000000709c00000|100%|HS|  |TAMS 0x0000000709c00000, 0x0000000709b00000| Complete 
|  84|0x0000000709c00000, 0x0000000709d00000, 0x0000000709d00000|100%|HC|  |TAMS 0x0000000709d00000, 0x0000000709c00000| Complete 
|  85|0x0000000709d00000, 0x0000000709d00000, 0x0000000709e00000|  0%| F|  |TAMS 0x0000000709d00000, 0x0000000709d00000| Untracked 
|  86|0x0000000709e00000, 0x0000000709e00000, 0x0000000709f00000|  0%| F|  |TAMS 0x0000000709e00000, 0x0000000709e00000| Untracked 
|  87|0x0000000709f00000, 0x0000000709f00000, 0x000000070a000000|  0%| F|  |TAMS 0x0000000709f00000, 0x0000000709f00000| Untracked 
|  88|0x000000070a000000, 0x000000070a100000, 0x000000070a100000|100%|HS|  |TAMS 0x000000070a100000, 0x000000070a000000| Complete 
|  89|0x000000070a100000, 0x000000070a200000, 0x000000070a200000|100%|HC|  |TAMS 0x000000070a200000, 0x000000070a100000| Complete 
|  90|0x000000070a200000, 0x000000070a300000, 0x000000070a300000|100%|HC|  |TAMS 0x000000070a300000, 0x000000070a200000| Complete 
|  91|0x000000070a300000, 0x000000070a400000, 0x000000070a400000|100%|HC|  |TAMS 0x000000070a400000, 0x000000070a300000| Complete 
|  92|0x000000070a400000, 0x000000070a500000, 0x000000070a500000|100%|HS|  |TAMS 0x000000070a500000, 0x000000070a400000| Complete 
|  93|0x000000070a500000, 0x000000070a600000, 0x000000070a600000|100%|HC|  |TAMS 0x000000070a600000, 0x000000070a500000| Complete 
|  94|0x000000070a600000, 0x000000070a700000, 0x000000070a700000|100%|HC|  |TAMS 0x000000070a700000, 0x000000070a600000| Complete 
|  95|0x000000070a700000, 0x000000070a800000, 0x000000070a800000|100%|HC|  |TAMS 0x000000070a800000, 0x000000070a700000| Complete 
|  96|0x000000070a800000, 0x000000070a900000, 0x000000070a900000|100%|HS|  |TAMS 0x000000070a900000, 0x000000070a800000| Complete 
|  97|0x000000070a900000, 0x000000070aa00000, 0x000000070aa00000|100%|HC|  |TAMS 0x000000070aa00000, 0x000000070a900000| Complete 
|  98|0x000000070aa00000, 0x000000070ab00000, 0x000000070ab00000|100%|HC|  |TAMS 0x000000070ab00000, 0x000000070aa00000| Complete 
|  99|0x000000070ab00000, 0x000000070ac00000, 0x000000070ac00000|100%|HC|  |TAMS 0x000000070ac00000, 0x000000070ab00000| Complete 
| 100|0x000000070ac00000, 0x000000070ac00000, 0x000000070ad00000|  0%| F|  |TAMS 0x000000070ac00000, 0x000000070ac00000| Untracked 
| 101|0x000000070ad00000, 0x000000070ad00000, 0x000000070ae00000|  0%| F|  |TAMS 0x000000070ad00000, 0x000000070ad00000| Untracked 
| 102|0x000000070ae00000, 0x000000070af00000, 0x000000070af00000|100%|HS|  |TAMS 0x000000070af00000, 0x000000070ae00000| Complete 
| 103|0x000000070af00000, 0x000000070b000000, 0x000000070b000000|100%|HC|  |TAMS 0x000000070b000000, 0x000000070af00000| Complete 
| 104|0x000000070b000000, 0x000000070b100000, 0x000000070b100000|100%|HS|  |TAMS 0x000000070b100000, 0x000000070b000000| Complete 
| 105|0x000000070b100000, 0x000000070b200000, 0x000000070b200000|100%|HC|  |TAMS 0x000000070b200000, 0x000000070b100000| Complete 
| 106|0x000000070b200000, 0x000000070b300000, 0x000000070b300000|100%|HC|  |TAMS 0x000000070b300000, 0x000000070b200000| Complete 
| 107|0x000000070b300000, 0x000000070b400000, 0x000000070b400000|100%|HC|  |TAMS 0x000000070b400000, 0x000000070b300000| Complete 
| 108|0x000000070b400000, 0x000000070b400000, 0x000000070b500000|  0%| F|  |TAMS 0x000000070b400000, 0x000000070b400000| Untracked 
| 109|0x000000070b500000, 0x000000070b500000, 0x000000070b600000|  0%| F|  |TAMS 0x000000070b500000, 0x000000070b500000| Untracked 
| 110|0x000000070b600000, 0x000000070b700000, 0x000000070b700000|100%|HS|  |TAMS 0x000000070b700000, 0x000000070b600000| Complete 
| 111|0x000000070b700000, 0x000000070b800000, 0x000000070b800000|100%|HC|  |TAMS 0x000000070b800000, 0x000000070b700000| Complete 
| 112|0x000000070b800000, 0x000000070b900000, 0x000000070b900000|100%|HS|  |TAMS 0x000000070b900000, 0x000000070b800000| Complete 
| 113|0x000000070b900000, 0x000000070ba00000, 0x000000070ba00000|100%|HC|  |TAMS 0x000000070ba00000, 0x000000070b900000| Complete 
| 114|0x000000070ba00000, 0x000000070bb00000, 0x000000070bb00000|100%|HS|  |TAMS 0x000000070ba00000, 0x000000070ba00000| Complete 
| 115|0x000000070bb00000, 0x000000070bc00000, 0x000000070bc00000|100%|HC|  |TAMS 0x000000070bb00000, 0x000000070bb00000| Complete 
| 116|0x000000070bc00000, 0x000000070bd00000, 0x000000070bd00000|100%|HC|  |TAMS 0x000000070bc00000, 0x000000070bc00000| Complete 
| 117|0x000000070bd00000, 0x000000070be00000, 0x000000070be00000|100%|HC|  |TAMS 0x000000070bd00000, 0x000000070bd00000| Complete 
| 118|0x000000070be00000, 0x000000070be00000, 0x000000070bf00000|  0%| F|  |TAMS 0x000000070be00000, 0x000000070be00000| Untracked 
| 119|0x000000070bf00000, 0x000000070bf00000, 0x000000070c000000|  0%| F|  |TAMS 0x000000070bf00000, 0x000000070bf00000| Untracked 
| 120|0x000000070c000000, 0x000000070c000000, 0x000000070c100000|  0%| F|  |TAMS 0x000000070c000000, 0x000000070c000000| Untracked 
| 121|0x000000070c100000, 0x000000070c100000, 0x000000070c200000|  0%| F|  |TAMS 0x000000070c100000, 0x000000070c100000| Untracked 
| 122|0x000000070c200000, 0x000000070c200000, 0x000000070c300000|  0%| F|  |TAMS 0x000000070c200000, 0x000000070c200000| Untracked 
| 123|0x000000070c300000, 0x000000070c300000, 0x000000070c400000|  0%| F|  |TAMS 0x000000070c300000, 0x000000070c300000| Untracked 
| 124|0x000000070c400000, 0x000000070c400000, 0x000000070c500000|  0%| F|  |TAMS 0x000000070c400000, 0x000000070c400000| Untracked 
| 125|0x000000070c500000, 0x000000070c500000, 0x000000070c600000|  0%| F|  |TAMS 0x000000070c500000, 0x000000070c500000| Untracked 
| 126|0x000000070c600000, 0x000000070c600000, 0x000000070c700000|  0%| F|  |TAMS 0x000000070c600000, 0x000000070c600000| Untracked 
| 127|0x000000070c700000, 0x000000070c700000, 0x000000070c800000|  0%| F|  |TAMS 0x000000070c700000, 0x000000070c700000| Untracked 
| 128|0x000000070c800000, 0x000000070c800000, 0x000000070c900000|  0%| F|  |TAMS 0x000000070c800000, 0x000000070c800000| Untracked 
| 129|0x000000070c900000, 0x000000070c900000, 0x000000070ca00000|  0%| F|  |TAMS 0x000000070c900000, 0x000000070c900000| Untracked 
| 130|0x000000070ca00000, 0x000000070ca00000, 0x000000070cb00000|  0%| F|  |TAMS 0x000000070ca00000, 0x000000070ca00000| Untracked 
| 131|0x000000070cb00000, 0x000000070cb00000, 0x000000070cc00000|  0%| F|  |TAMS 0x000000070cb00000, 0x000000070cb00000| Untracked 
| 132|0x000000070cc00000, 0x000000070cc00000, 0x000000070cd00000|  0%| F|  |TAMS 0x000000070cc00000, 0x000000070cc00000| Untracked 
| 133|0x000000070cd00000, 0x000000070cd00000, 0x000000070ce00000|  0%| F|  |TAMS 0x000000070cd00000, 0x000000070cd00000| Untracked 
| 134|0x000000070ce00000, 0x000000070ce00000, 0x000000070cf00000|  0%| F|  |TAMS 0x000000070ce00000, 0x000000070ce00000| Untracked 
| 135|0x000000070cf00000, 0x000000070cf00000, 0x000000070d000000|  0%| F|  |TAMS 0x000000070cf00000, 0x000000070cf00000| Untracked 
| 136|0x000000070d000000, 0x000000070d000000, 0x000000070d100000|  0%| F|  |TAMS 0x000000070d000000, 0x000000070d000000| Untracked 
| 137|0x000000070d100000, 0x000000070d100000, 0x000000070d200000|  0%| F|  |TAMS 0x000000070d100000, 0x000000070d100000| Untracked 
| 138|0x000000070d200000, 0x000000070d280800, 0x000000070d300000| 50%| E|  |TAMS 0x000000070d200000, 0x000000070d200000| Complete 
| 139|0x000000070d300000, 0x000000070d400000, 0x000000070d400000|100%| E|CS|TAMS 0x000000070d300000, 0x000000070d300000| Complete 
| 140|0x000000070d400000, 0x000000070d500000, 0x000000070d500000|100%| E|CS|TAMS 0x000000070d400000, 0x000000070d400000| Complete 
| 141|0x000000070d500000, 0x000000070d600000, 0x000000070d600000|100%| E|CS|TAMS 0x000000070d500000, 0x000000070d500000| Complete 
| 142|0x000000070d600000, 0x000000070d700000, 0x000000070d700000|100%| E|CS|TAMS 0x000000070d600000, 0x000000070d600000| Complete 
| 143|0x000000070d700000, 0x000000070d800000, 0x000000070d800000|100%| E|CS|TAMS 0x000000070d700000, 0x000000070d700000| Complete 
| 144|0x000000070d800000, 0x000000070d900000, 0x000000070d900000|100%| E|CS|TAMS 0x000000070d800000, 0x000000070d800000| Complete 
| 145|0x000000070d900000, 0x000000070da00000, 0x000000070da00000|100%| E|CS|TAMS 0x000000070d900000, 0x000000070d900000| Complete 
| 146|0x000000070da00000, 0x000000070db00000, 0x000000070db00000|100%| E|CS|TAMS 0x000000070da00000, 0x000000070da00000| Complete 
| 147|0x000000070db00000, 0x000000070dc00000, 0x000000070dc00000|100%| E|CS|TAMS 0x000000070db00000, 0x000000070db00000| Complete 
| 148|0x000000070dc00000, 0x000000070dd00000, 0x000000070dd00000|100%| E|CS|TAMS 0x000000070dc00000, 0x000000070dc00000| Complete 
| 149|0x000000070dd00000, 0x000000070de00000, 0x000000070de00000|100%| E|CS|TAMS 0x000000070dd00000, 0x000000070dd00000| Complete 
| 150|0x000000070de00000, 0x000000070df00000, 0x000000070df00000|100%| E|CS|TAMS 0x000000070de00000, 0x000000070de00000| Complete 
| 151|0x000000070df00000, 0x000000070e000000, 0x000000070e000000|100%| E|CS|TAMS 0x000000070df00000, 0x000000070df00000| Complete 
| 152|0x000000070e000000, 0x000000070e100000, 0x000000070e100000|100%| E|CS|TAMS 0x000000070e000000, 0x000000070e000000| Complete 
| 153|0x000000070e100000, 0x000000070e200000, 0x000000070e200000|100%| E|CS|TAMS 0x000000070e100000, 0x000000070e100000| Complete 
| 154|0x000000070e200000, 0x000000070e300000, 0x000000070e300000|100%| E|CS|TAMS 0x000000070e200000, 0x000000070e200000| Complete 
| 155|0x000000070e300000, 0x000000070e400000, 0x000000070e400000|100%| E|CS|TAMS 0x000000070e300000, 0x000000070e300000| Complete 
| 156|0x000000070e400000, 0x000000070e500000, 0x000000070e500000|100%| E|CS|TAMS 0x000000070e400000, 0x000000070e400000| Complete 
| 157|0x000000070e500000, 0x000000070e600000, 0x000000070e600000|100%| E|CS|TAMS 0x000000070e500000, 0x000000070e500000| Complete 
| 158|0x000000070e600000, 0x000000070e700000, 0x000000070e700000|100%| E|CS|TAMS 0x000000070e600000, 0x000000070e600000| Complete 
| 159|0x000000070e700000, 0x000000070e800000, 0x000000070e800000|100%| E|CS|TAMS 0x000000070e700000, 0x000000070e700000| Complete 
| 160|0x000000070e800000, 0x000000070e900000, 0x000000070e900000|100%| E|CS|TAMS 0x000000070e800000, 0x000000070e800000| Complete 
| 161|0x000000070e900000, 0x000000070ea00000, 0x000000070ea00000|100%| E|CS|TAMS 0x000000070e900000, 0x000000070e900000| Complete 
| 162|0x000000070ea00000, 0x000000070eb00000, 0x000000070eb00000|100%| E|CS|TAMS 0x000000070ea00000, 0x000000070ea00000| Complete 
| 163|0x000000070eb00000, 0x000000070ec00000, 0x000000070ec00000|100%| E|CS|TAMS 0x000000070eb00000, 0x000000070eb00000| Complete 
| 164|0x000000070ec00000, 0x000000070ed00000, 0x000000070ed00000|100%| E|CS|TAMS 0x000000070ec00000, 0x000000070ec00000| Complete 
| 165|0x000000070ed00000, 0x000000070ee00000, 0x000000070ee00000|100%| E|CS|TAMS 0x000000070ed00000, 0x000000070ed00000| Complete 
| 166|0x000000070ee00000, 0x000000070ef00000, 0x000000070ef00000|100%| E|CS|TAMS 0x000000070ee00000, 0x000000070ee00000| Complete 
| 167|0x000000070ef00000, 0x000000070f000000, 0x000000070f000000|100%| E|CS|TAMS 0x000000070ef00000, 0x000000070ef00000| Complete 
| 168|0x000000070f000000, 0x000000070f100000, 0x000000070f100000|100%| E|CS|TAMS 0x000000070f000000, 0x000000070f000000| Complete 
| 169|0x000000070f100000, 0x000000070f200000, 0x000000070f200000|100%| E|CS|TAMS 0x000000070f100000, 0x000000070f100000| Complete 
| 170|0x000000070f200000, 0x000000070f300000, 0x000000070f300000|100%| E|CS|TAMS 0x000000070f200000, 0x000000070f200000| Complete 
| 171|0x000000070f300000, 0x000000070f400000, 0x000000070f400000|100%| E|CS|TAMS 0x000000070f300000, 0x000000070f300000| Complete 
| 172|0x000000070f400000, 0x000000070f500000, 0x000000070f500000|100%| E|CS|TAMS 0x000000070f400000, 0x000000070f400000| Complete 
| 173|0x000000070f500000, 0x000000070f600000, 0x000000070f600000|100%| E|CS|TAMS 0x000000070f500000, 0x000000070f500000| Complete 
| 174|0x000000070f600000, 0x000000070f700000, 0x000000070f700000|100%| E|CS|TAMS 0x000000070f600000, 0x000000070f600000| Complete 
| 175|0x000000070f700000, 0x000000070f800000, 0x000000070f800000|100%| E|CS|TAMS 0x000000070f700000, 0x000000070f700000| Complete 
| 176|0x000000070f800000, 0x000000070f900000, 0x000000070f900000|100%| E|CS|TAMS 0x000000070f800000, 0x000000070f800000| Complete 
| 177|0x000000070f900000, 0x000000070fa00000, 0x000000070fa00000|100%| E|CS|TAMS 0x000000070f900000, 0x000000070f900000| Complete 
| 178|0x000000070fa00000, 0x000000070fb00000, 0x000000070fb00000|100%| E|CS|TAMS 0x000000070fa00000, 0x000000070fa00000| Complete 
| 179|0x000000070fb00000, 0x000000070fc00000, 0x000000070fc00000|100%| E|CS|TAMS 0x000000070fb00000, 0x000000070fb00000| Complete 
| 180|0x000000070fc00000, 0x000000070fd00000, 0x000000070fd00000|100%| E|CS|TAMS 0x000000070fc00000, 0x000000070fc00000| Complete 
| 181|0x000000070fd00000, 0x000000070fe00000, 0x000000070fe00000|100%| E|CS|TAMS 0x000000070fd00000, 0x000000070fd00000| Complete 
| 182|0x000000070fe00000, 0x000000070ff00000, 0x000000070ff00000|100%| E|CS|TAMS 0x000000070fe00000, 0x000000070fe00000| Complete 
| 183|0x000000070ff00000, 0x0000000710000000, 0x0000000710000000|100%| E|CS|TAMS 0x000000070ff00000, 0x000000070ff00000| Complete 
| 184|0x0000000710000000, 0x0000000710100000, 0x0000000710100000|100%| E|CS|TAMS 0x0000000710000000, 0x0000000710000000| Complete 
| 185|0x0000000710100000, 0x0000000710200000, 0x0000000710200000|100%| E|CS|TAMS 0x0000000710100000, 0x0000000710100000| Complete 
| 186|0x0000000710200000, 0x0000000710300000, 0x0000000710300000|100%| E|CS|TAMS 0x0000000710200000, 0x0000000710200000| Complete 
| 187|0x0000000710300000, 0x0000000710400000, 0x0000000710400000|100%| E|CS|TAMS 0x0000000710300000, 0x0000000710300000| Complete 
| 188|0x0000000710400000, 0x0000000710500000, 0x0000000710500000|100%| E|CS|TAMS 0x0000000710400000, 0x0000000710400000| Complete 
| 189|0x0000000710500000, 0x0000000710600000, 0x0000000710600000|100%| E|CS|TAMS 0x0000000710500000, 0x0000000710500000| Complete 
| 190|0x0000000710600000, 0x0000000710700000, 0x0000000710700000|100%| E|CS|TAMS 0x0000000710600000, 0x0000000710600000| Complete 
| 191|0x0000000710700000, 0x0000000710800000, 0x0000000710800000|100%| E|CS|TAMS 0x0000000710700000, 0x0000000710700000| Complete 
| 192|0x0000000710800000, 0x0000000710900000, 0x0000000710900000|100%| E|CS|TAMS 0x0000000710800000, 0x0000000710800000| Complete 
| 193|0x0000000710900000, 0x0000000710a00000, 0x0000000710a00000|100%| E|CS|TAMS 0x0000000710900000, 0x0000000710900000| Complete 
| 194|0x0000000710a00000, 0x0000000710b00000, 0x0000000710b00000|100%| E|CS|TAMS 0x0000000710a00000, 0x0000000710a00000| Complete 
| 195|0x0000000710b00000, 0x0000000710c00000, 0x0000000710c00000|100%| E|CS|TAMS 0x0000000710b00000, 0x0000000710b00000| Complete 
| 196|0x0000000710c00000, 0x0000000710d00000, 0x0000000710d00000|100%| E|CS|TAMS 0x0000000710c00000, 0x0000000710c00000| Complete 
| 197|0x0000000710d00000, 0x0000000710e00000, 0x0000000710e00000|100%| E|CS|TAMS 0x0000000710d00000, 0x0000000710d00000| Complete 
| 198|0x0000000710e00000, 0x0000000710f00000, 0x0000000710f00000|100%| E|CS|TAMS 0x0000000710e00000, 0x0000000710e00000| Complete 
| 199|0x0000000710f00000, 0x0000000711000000, 0x0000000711000000|100%| E|CS|TAMS 0x0000000710f00000, 0x0000000710f00000| Complete 
| 200|0x0000000711000000, 0x0000000711100000, 0x0000000711100000|100%| E|CS|TAMS 0x0000000711000000, 0x0000000711000000| Complete 
| 201|0x0000000711100000, 0x0000000711200000, 0x0000000711200000|100%| E|CS|TAMS 0x0000000711100000, 0x0000000711100000| Complete 
| 202|0x0000000711200000, 0x0000000711300000, 0x0000000711300000|100%| E|CS|TAMS 0x0000000711200000, 0x0000000711200000| Complete 
| 203|0x0000000711300000, 0x0000000711400000, 0x0000000711400000|100%| E|CS|TAMS 0x0000000711300000, 0x0000000711300000| Complete 
| 204|0x0000000711400000, 0x0000000711500000, 0x0000000711500000|100%| E|CS|TAMS 0x0000000711400000, 0x0000000711400000| Complete 
| 205|0x0000000711500000, 0x0000000711600000, 0x0000000711600000|100%| E|CS|TAMS 0x0000000711500000, 0x0000000711500000| Complete 
| 206|0x0000000711600000, 0x0000000711700000, 0x0000000711700000|100%| E|CS|TAMS 0x0000000711600000, 0x0000000711600000| Complete 
| 207|0x0000000711700000, 0x0000000711800000, 0x0000000711800000|100%| E|CS|TAMS 0x0000000711700000, 0x0000000711700000| Complete 
| 208|0x0000000711800000, 0x0000000711900000, 0x0000000711900000|100%| E|CS|TAMS 0x0000000711800000, 0x0000000711800000| Complete 
| 209|0x0000000711900000, 0x0000000711933770, 0x0000000711a00000| 20%| S|CS|TAMS 0x0000000711900000, 0x0000000711900000| Complete 
| 210|0x0000000711a00000, 0x0000000711b00000, 0x0000000711b00000|100%| E|CS|TAMS 0x0000000711a00000, 0x0000000711a00000| Complete 
| 211|0x0000000711b00000, 0x0000000711c00000, 0x0000000711c00000|100%| E|CS|TAMS 0x0000000711b00000, 0x0000000711b00000| Complete 
| 212|0x0000000711c00000, 0x0000000711d00000, 0x0000000711d00000|100%| E|CS|TAMS 0x0000000711c00000, 0x0000000711c00000| Complete 
| 213|0x0000000711d00000, 0x0000000711e00000, 0x0000000711e00000|100%| E|CS|TAMS 0x0000000711d00000, 0x0000000711d00000| Complete 
| 214|0x0000000711e00000, 0x0000000711f00000, 0x0000000711f00000|100%| E|CS|TAMS 0x0000000711e00000, 0x0000000711e00000| Complete 
| 215|0x0000000711f00000, 0x0000000712000000, 0x0000000712000000|100%| E|CS|TAMS 0x0000000711f00000, 0x0000000711f00000| Complete 
| 216|0x0000000712000000, 0x0000000712100000, 0x0000000712100000|100%| E|CS|TAMS 0x0000000712000000, 0x0000000712000000| Complete 
| 217|0x0000000712100000, 0x0000000712200000, 0x0000000712200000|100%| E|CS|TAMS 0x0000000712100000, 0x0000000712100000| Complete 
| 218|0x0000000712200000, 0x0000000712300000, 0x0000000712300000|100%| E|CS|TAMS 0x0000000712200000, 0x0000000712200000| Complete 
| 219|0x0000000712300000, 0x0000000712400000, 0x0000000712400000|100%| E|CS|TAMS 0x0000000712300000, 0x0000000712300000| Complete 
| 220|0x0000000712400000, 0x0000000712500000, 0x0000000712500000|100%| E|CS|TAMS 0x0000000712400000, 0x0000000712400000| Complete 
| 221|0x0000000712500000, 0x0000000712600000, 0x0000000712600000|100%| E|CS|TAMS 0x0000000712500000, 0x0000000712500000| Complete 
| 222|0x0000000712600000, 0x0000000712700000, 0x0000000712700000|100%| E|CS|TAMS 0x0000000712600000, 0x0000000712600000| Complete 
| 223|0x0000000712700000, 0x0000000712800000, 0x0000000712800000|100%| E|CS|TAMS 0x0000000712700000, 0x0000000712700000| Complete 
| 224|0x0000000712800000, 0x0000000712900000, 0x0000000712900000|100%| E|CS|TAMS 0x0000000712800000, 0x0000000712800000| Complete 
| 225|0x0000000712900000, 0x0000000712a00000, 0x0000000712a00000|100%| E|CS|TAMS 0x0000000712900000, 0x0000000712900000| Complete 
| 226|0x0000000712a00000, 0x0000000712b00000, 0x0000000712b00000|100%| E|CS|TAMS 0x0000000712a00000, 0x0000000712a00000| Complete 
| 227|0x0000000712b00000, 0x0000000712c00000, 0x0000000712c00000|100%| E|CS|TAMS 0x0000000712b00000, 0x0000000712b00000| Complete 
| 228|0x0000000712c00000, 0x0000000712d00000, 0x0000000712d00000|100%| E|CS|TAMS 0x0000000712c00000, 0x0000000712c00000| Complete 
| 229|0x0000000712d00000, 0x0000000712e00000, 0x0000000712e00000|100%| E|CS|TAMS 0x0000000712d00000, 0x0000000712d00000| Complete 
| 230|0x0000000712e00000, 0x0000000712f00000, 0x0000000712f00000|100%| E|CS|TAMS 0x0000000712e00000, 0x0000000712e00000| Complete 
| 231|0x0000000712f00000, 0x0000000713000000, 0x0000000713000000|100%| E|CS|TAMS 0x0000000712f00000, 0x0000000712f00000| Complete 
| 232|0x0000000713000000, 0x0000000713100000, 0x0000000713100000|100%| E|CS|TAMS 0x0000000713000000, 0x0000000713000000| Complete 
| 233|0x0000000713100000, 0x0000000713200000, 0x0000000713200000|100%| E|CS|TAMS 0x0000000713100000, 0x0000000713100000| Complete 
| 234|0x0000000713200000, 0x0000000713300000, 0x0000000713300000|100%| E|CS|TAMS 0x0000000713200000, 0x0000000713200000| Complete 
| 235|0x0000000713300000, 0x0000000713400000, 0x0000000713400000|100%| E|CS|TAMS 0x0000000713300000, 0x0000000713300000| Complete 
| 236|0x0000000713400000, 0x0000000713500000, 0x0000000713500000|100%| E|CS|TAMS 0x0000000713400000, 0x0000000713400000| Complete 
| 237|0x0000000713500000, 0x0000000713600000, 0x0000000713600000|100%| E|CS|TAMS 0x0000000713500000, 0x0000000713500000| Complete 
| 238|0x0000000713600000, 0x0000000713700000, 0x0000000713700000|100%| E|CS|TAMS 0x0000000713600000, 0x0000000713600000| Complete 
| 239|0x0000000713700000, 0x0000000713800000, 0x0000000713800000|100%| E|CS|TAMS 0x0000000713700000, 0x0000000713700000| Complete 
| 240|0x0000000713800000, 0x0000000713900000, 0x0000000713900000|100%| E|CS|TAMS 0x0000000713800000, 0x0000000713800000| Complete 
| 241|0x0000000713900000, 0x0000000713a00000, 0x0000000713a00000|100%| E|CS|TAMS 0x0000000713900000, 0x0000000713900000| Complete 
| 242|0x0000000713a00000, 0x0000000713b00000, 0x0000000713b00000|100%| E|CS|TAMS 0x0000000713a00000, 0x0000000713a00000| Complete 
| 243|0x0000000713b00000, 0x0000000713c00000, 0x0000000713c00000|100%| E|CS|TAMS 0x0000000713b00000, 0x0000000713b00000| Complete 
| 244|0x0000000713c00000, 0x0000000713d00000, 0x0000000713d00000|100%| E|CS|TAMS 0x0000000713c00000, 0x0000000713c00000| Complete 
| 245|0x0000000713d00000, 0x0000000713e00000, 0x0000000713e00000|100%| E|CS|TAMS 0x0000000713d00000, 0x0000000713d00000| Complete 
| 246|0x0000000713e00000, 0x0000000713f00000, 0x0000000713f00000|100%| E|CS|TAMS 0x0000000713e00000, 0x0000000713e00000| Complete 
| 247|0x0000000713f00000, 0x0000000714000000, 0x0000000714000000|100%| E|CS|TAMS 0x0000000713f00000, 0x0000000713f00000| Complete 
| 248|0x0000000714000000, 0x0000000714100000, 0x0000000714100000|100%| E|CS|TAMS 0x0000000714000000, 0x0000000714000000| Complete 
| 249|0x0000000714100000, 0x0000000714200000, 0x0000000714200000|100%| E|CS|TAMS 0x0000000714100000, 0x0000000714100000| Complete 
| 250|0x0000000714200000, 0x0000000714300000, 0x0000000714300000|100%| E|CS|TAMS 0x0000000714200000, 0x0000000714200000| Complete 
| 251|0x0000000714300000, 0x0000000714400000, 0x0000000714400000|100%| E|CS|TAMS 0x0000000714300000, 0x0000000714300000| Complete 
| 252|0x0000000714400000, 0x0000000714500000, 0x0000000714500000|100%| E|CS|TAMS 0x0000000714400000, 0x0000000714400000| Complete 

Card table byte_map: [0x000001b0f1d80000,0x000001b0f2560000] _byte_map_base: 0x000001b0ee55c000

Marking Bits (Prev, Next): (CMBitMap*) 0x000001b0da22ff58, (CMBitMap*) 0x000001b0da22ff90
 Prev Bits: [0x000001b0f2d40000, 0x000001b0f6c20000)
 Next Bits: [0x000001b0f6c20000, 0x000001b0fab00000)

Polling page: 0x000001b0d89b0000

Metaspace:

Usage:
  Non-class:     21.13 MB capacity,    20.98 MB (>99%) used,   113.76 KB ( <1%) free+waste,    35.56 KB ( <1%) overhead. 
      Class:      2.43 MB capacity,     2.30 MB ( 94%) used,   120.79 KB (  5%) free+waste,    17.19 KB ( <1%) overhead. 
       Both:     23.56 MB capacity,    23.28 MB ( 99%) used,   234.55 KB ( <1%) free+waste,    52.75 KB ( <1%) overhead. 

Virtual space:
  Non-class space:       22.00 MB reserved,      21.25 MB ( 97%) committed 
      Class space:        1.00 GB reserved,       2.50 MB ( <1%) committed 
             Both:        1.02 GB reserved,      23.75 MB (  2%) committed 

Chunk freelists:
   Non-Class:  7.62 KB
       Class:  512 bytes
        Both:  8.12 KB

CodeHeap 'non-profiled nmethods': size=120000Kb used=1221Kb max_used=1221Kb free=118778Kb
 bounds [0x000001b0e93f0000, 0x000001b0e9660000, 0x000001b0f0920000]
CodeHeap 'profiled nmethods': size=120000Kb used=6357Kb max_used=6357Kb free=113642Kb
 bounds [0x000001b0e1ec0000, 0x000001b0e2500000, 0x000001b0e93f0000]
CodeHeap 'non-nmethods': size=5760Kb used=1337Kb max_used=1408Kb free=4422Kb
 bounds [0x000001b0e1920000, 0x000001b0e1b90000, 0x000001b0e1ec0000]
 total_blobs=3274 nmethods=2519 adapters=666
 compilation: enabled
              stopped_count=0, restarted_count=0
 full_count=0

Compilation events (10 events):
Event: 20.808 Thread 0x000001b0fe1aa000 2516       4       javax.media.j3d.Canvas3D::updateMaterial (14 bytes)
Event: 20.810 Thread 0x000001b0fe1aa000 nmethod 2516 0x000001b0e9520a90 code [0x000001b0e9520c20, 0x000001b0e9520d48]
Event: 21.150 Thread 0x000001b0fe1aa000 2517       4       javax.media.j3d.Transform3D::get (171 bytes)
Event: 21.152 Thread 0x000001b0fe1aa000 nmethod 2517 0x000001b0e9520f10 code [0x000001b0e95210a0, 0x000001b0e9521258]
Event: 21.471 Thread 0x000001b0fe1ab800 2518       3       java.util.concurrent.ConcurrentHashMap$BaseIterator::<init> (21 bytes)
Event: 21.471 Thread 0x000001b0fe1ab800 nmethod 2518 0x000001b0e24f4b90 code [0x000001b0e24f4d40, 0x000001b0e24f4f18]
Event: 21.471 Thread 0x000001b0fe1ab800 2519       3       java.util.concurrent.ConcurrentHashMap$Traverser::<init> (36 bytes)
Event: 21.472 Thread 0x000001b0fe1ab800 nmethod 2519 0x000001b0e24f5010 code [0x000001b0e24f51c0, 0x000001b0e24f53b8]
Event: 21.472 Thread 0x000001b0fe1ab800 2520       1       java.util.concurrent.CopyOnWriteArrayList::getArray (5 bytes)
Event: 21.472 Thread 0x000001b0fe1ab800 nmethod 2520 0x000001b0e9521390 code [0x000001b0e9521520, 0x000001b0e95215d8]

GC Heap History (10 events):
Event: 1.938 GC heap before
{Heap before GC invocations=3 (full 0):
 garbage-first heap   total 258048K, used 256682K [0x0000000704800000, 0x0000000800000000)
  region size 1024K, 142 young (145408K), 1 survivors (1024K)
 Metaspace       used 20447K, capacity 20720K, committed 20992K, reserved 1069056K
  class space    used 2097K, capacity 2233K, committed 2304K, reserved 1048576K
}
Event: 1.940 GC heap after
{Heap after GC invocations=4 (full 0):
 garbage-first heap   total 259072K, used 83571K [0x0000000704800000, 0x0000000800000000)
  region size 1024K, 1 young (1024K), 1 survivors (1024K)
 Metaspace       used 20447K, capacity 20720K, committed 20992K, reserved 1069056K
  class space    used 2097K, capacity 2233K, committed 2304K, reserved 1048576K
}
Event: 2.209 GC heap before
{Heap before GC invocations=4 (full 0):
 garbage-first heap   total 259072K, used 188019K [0x0000000704800000, 0x0000000800000000)
  region size 1024K, 72 young (73728K), 1 survivors (1024K)
 Metaspace       used 20448K, capacity 20720K, committed 20992K, reserved 1069056K
  class space    used 2097K, capacity 2233K, committed 2304K, reserved 1048576K
}
Event: 2.210 GC heap after
{Heap after GC invocations=5 (full 0):
 garbage-first heap   total 259072K, used 66157K [0x0000000704800000, 0x0000000800000000)
  region size 1024K, 1 young (1024K), 1 survivors (1024K)
 Metaspace       used 20448K, capacity 20720K, committed 20992K, reserved 1069056K
  class space    used 2097K, capacity 2233K, committed 2304K, reserved 1048576K
}
Event: 2.503 GC heap before
{Heap before GC invocations=6 (full 0):
 garbage-first heap   total 259072K, used 178797K [0x0000000704800000, 0x0000000800000000)
  region size 1024K, 64 young (65536K), 1 survivors (1024K)
 Metaspace       used 20448K, capacity 20720K, committed 20992K, reserved 1069056K
  class space    used 2097K, capacity 2233K, committed 2304K, reserved 1048576K
}
Event: 2.504 GC heap after
{Heap after GC invocations=7 (full 0):
 garbage-first heap   total 259072K, used 86639K [0x0000000704800000, 0x0000000800000000)
  region size 1024K, 1 young (1024K), 1 survivors (1024K)
 Metaspace       used 20448K, capacity 20720K, committed 20992K, reserved 1069056K
  class space    used 2097K, capacity 2233K, committed 2304K, reserved 1048576K
}
Event: 2.680 GC heap before
{Heap before GC invocations=8 (full 0):
 garbage-first heap   total 259072K, used 143983K [0x0000000704800000, 0x0000000800000000)
  region size 1024K, 30 young (30720K), 1 survivors (1024K)
 Metaspace       used 20450K, capacity 20720K, committed 20992K, reserved 1069056K
  class space    used 2097K, capacity 2233K, committed 2304K, reserved 1048576K
}
Event: 2.682 GC heap after
{Heap after GC invocations=9 (full 0):
 garbage-first heap   total 259072K, used 82609K [0x0000000704800000, 0x0000000800000000)
  region size 1024K, 1 young (1024K), 1 survivors (1024K)
 Metaspace       used 20450K, capacity 20720K, committed 20992K, reserved 1069056K
  class space    used 2097K, capacity 2233K, committed 2304K, reserved 1048576K
}
Event: 2.901 GC heap before
{Heap before GC invocations=10 (full 0):
 garbage-first heap   total 259072K, used 157361K [0x0000000704800000, 0x0000000800000000)
  region size 1024K, 43 young (44032K), 1 survivors (1024K)
 Metaspace       used 20461K, capacity 20720K, committed 20992K, reserved 1069056K
  class space    used 2097K, capacity 2233K, committed 2304K, reserved 1048576K
}
Event: 2.903 GC heap after
{Heap after GC invocations=11 (full 0):
 garbage-first heap   total 259072K, used 90880K [0x0000000704800000, 0x0000000800000000)
  region size 1024K, 1 young (1024K), 1 survivors (1024K)
 Metaspace       used 20461K, capacity 20720K, committed 20992K, reserved 1069056K
  class space    used 2097K, capacity 2233K, committed 2304K, reserved 1048576K
}

Deoptimization events (10 events):
Event: 10.735 Thread 0x000001b080d82000 Uncommon trap: reason=predicate action=maybe_recompile pc=0x000001b0e9503180 method=java.util.Arrays.fill([Ljava/lang/Object;IILjava/lang/Object;)V @ 13 c2
Event: 10.926 Thread 0x000001b080d82000 Uncommon trap: reason=array_check action=maybe_recompile pc=0x000001b0e950522c method=java.util.Arrays.fill([Ljava/lang/Object;IILjava/lang/Object;)V @ 20 c2
Event: 10.959 Thread 0x000001b080d82000 Uncommon trap: reason=array_check action=maybe_recompile pc=0x000001b0e950522c method=java.util.Arrays.fill([Ljava/lang/Object;IILjava/lang/Object;)V @ 20 c2
Event: 10.991 Thread 0x000001b080d82000 Uncommon trap: reason=array_check action=maybe_recompile pc=0x000001b0e950522c method=java.util.Arrays.fill([Ljava/lang/Object;IILjava/lang/Object;)V @ 20 c2
Event: 11.022 Thread 0x000001b080d82000 Uncommon trap: reason=array_check action=maybe_recompile pc=0x000001b0e950522c method=java.util.Arrays.fill([Ljava/lang/Object;IILjava/lang/Object;)V @ 20 c2
Event: 14.076 Thread 0x000001b080d88800 Uncommon trap: reason=loop_limit_check action=maybe_recompile pc=0x000001b0e950ddd4 method=javax.media.j3d.Transform3D.luBacksubstitution([D[I[D)V @ 81 c2
Event: 14.224 Thread 0x000001b0feac3000 Uncommon trap: reason=unstable_if action=reinterpret pc=0x000001b0e94f5944 method=Personaje.crearEscenaGrafica4$BoundingRect.intersects(LPersonaje/crearEscenaGrafica4$BoundingRect;)Z @ 21 c2
Event: 16.357 Thread 0x000001b080d88800 Uncommon trap: reason=loop_limit_check action=maybe_recompile pc=0x000001b0e9514d10 method=javax.media.j3d.Transform3D.luDecomposition([D[I)Z @ 33 c2
Event: 16.358 Thread 0x000001b080d88800 Uncommon trap: reason=loop_limit_check action=maybe_recompile pc=0x000001b0e950c258 method=javax.media.j3d.Transform3D.luDecomposition([D[I)Z @ 247 c2
Event: 17.298 Thread 0x000001b080d87800 Uncommon trap: reason=unstable_if action=reinterpret pc=0x000001b0e950401c method=javax.media.j3d.BoundingBox.transform(Ljavax/media/j3d/Transform3D;)V @ 722 c2

Classes redefined (0 events):
No events

Internal exceptions (10 events):
Event: 0.572 Thread 0x000001b0da1cf000 Implicit null exception at 0x000001b0e940c75e to 0x000001b0e940d624
Event: 0.572 Thread 0x000001b0da1cf000 Implicit null exception at 0x000001b0e940302f to 0x000001b0e94030a9
Event: 0.573 Thread 0x000001b0da1cf000 Exception <a 'java/lang/ClassNotFoundException'{0x0000000713c7e718}: com/sun/swing/internal/plaf/metal/resources/spi/metalProvider> (0x0000000713c7e718) thrown at [./open/src/hotspot/share/classfile/systemDictionary.cpp, line 226]
Event: 0.574 Thread 0x000001b0da1cf000 Exception <a 'java/lang/ClassNotFoundException'{0x0000000713c827c8}: com/sun/swing/internal/plaf/basic/resources/spi/basicProvider> (0x0000000713c827c8) thrown at [./open/src/hotspot/share/classfile/systemDictionary.cpp, line 226]
Event: 0.609 Thread 0x000001b0feac3000 Exception <a 'java/lang/ClassNotFoundException'{0x0000000713b047d8}: com/sun/swing/internal/plaf/synth/resources/spi/synthProvider> (0x0000000713b047d8) thrown at [./open/src/hotspot/share/classfile/systemDictionary.cpp, line 226]
Event: 0.653 Thread 0x000001b0fe907800 Exception <a 'java/lang/NoSuchMethodError'{0x0000000713b836f8}: 'void java.lang.invoke.DirectMethodHandle$Holder.invokeVirtual(java.lang.Object, java.lang.Object)'> (0x0000000713b836f8) thrown at [./open/src/hotspot/share/interpreter/linkResolver.cpp, lin
Event: 0.668 Thread 0x000001b0feac3000 Exception <a 'java/lang/NoSuchMethodError'{0x0000000713a0b610}: 'void java.lang.invoke.DirectMethodHandle$Holder.invokeStaticInit(java.lang.Object)'> (0x0000000713a0b610) thrown at [./open/src/hotspot/share/interpreter/linkResolver.cpp, line 773]
Event: 0.674 Thread 0x000001b0feac3000 Exception <a 'java/lang/NoSuchMethodError'{0x0000000713a34980}: 'java.lang.Object java.lang.invoke.Invokers$Holder.linkToTargetMethod(java.lang.Object, int, java.lang.Object)'> (0x0000000713a34980) thrown at [./open/src/hotspot/share/interpreter/linkResol
Event: 3.587 Thread 0x000001b0febf1000 Implicit null exception at 0x000001b0e946b66f to 0x000001b0e946b874
Event: 4.878 Thread 0x000001b080d88800 Implicit null exception at 0x000001b0e9485cd6 to 0x000001b0e9485f20

Events (10 events):
Event: 21.469 Executing VM operation: RevokeBias
Event: 21.469 Executing VM operation: RevokeBias done
Event: 21.469 Executing VM operation: RevokeBias
Event: 21.470 Executing VM operation: RevokeBias done
Event: 21.470 Executing VM operation: RevokeBias
Event: 21.470 Executing VM operation: RevokeBias done
Event: 21.471 Thread 0x000001b080f60000 Thread exited: 0x000001b080f60000
Event: 21.471 Executing VM operation: RevokeBias
Event: 21.471 Executing VM operation: RevokeBias done
Event: 21.471 Thread 0x000001b080f62800 Thread exited: 0x000001b080f62800


Dynamic libraries:
0x00007ff60c530000 - 0x00007ff60c540000 	C:\Program Files\Java\jdk-11\bin\java.exe
0x00007ffd8d0a0000 - 0x00007ffd8d300000 	C:\WINDOWS\SYSTEM32\ntdll.dll
0x00007ffd8c770000 - 0x00007ffd8c837000 	C:\WINDOWS\System32\KERNEL32.DLL
0x00007ffd8aad0000 - 0x00007ffd8ae9a000 	C:\WINDOWS\System32\KERNELBASE.dll
0x00007ffd8a610000 - 0x00007ffd8a75b000 	C:\WINDOWS\System32\ucrtbase.dll
0x00007ffd7c000000 - 0x00007ffd7c019000 	C:\Program Files\Java\jdk-11\bin\jli.dll
0x00007ffd7bfb0000 - 0x00007ffd7bfcb000 	C:\Program Files\Java\jdk-11\bin\VCRUNTIME140.dll
0x00007ffd8cb50000 - 0x00007ffd8cc02000 	C:\WINDOWS\System32\ADVAPI32.dll
0x00007ffd8b620000 - 0x00007ffd8b6c9000 	C:\WINDOWS\System32\msvcrt.dll
0x00007ffd8b230000 - 0x00007ffd8b2d6000 	C:\WINDOWS\System32\sechost.dll
0x00007ffd8b6d0000 - 0x00007ffd8b7e6000 	C:\WINDOWS\System32\RPCRT4.dll
0x00007ffd8bd20000 - 0x00007ffd8beec000 	C:\WINDOWS\System32\USER32.dll
0x00007ffd8a3f0000 - 0x00007ffd8a417000 	C:\WINDOWS\System32\win32u.dll
0x00007ffd6db60000 - 0x00007ffd6ddf7000 	C:\WINDOWS\WinSxS\amd64_microsoft.windows.common-controls_6595b64144ccf1df_6.0.26100.3624_none_3e086962e3345f24\COMCTL32.dll
0x00007ffd8bc90000 - 0x00007ffd8bcba000 	C:\WINDOWS\System32\GDI32.dll
0x00007ffd8a4d0000 - 0x00007ffd8a601000 	C:\WINDOWS\System32\gdi32full.dll
0x00007ffd8a420000 - 0x00007ffd8a4c3000 	C:\WINDOWS\System32\msvcp_win.dll
0x00007ffd7d310000 - 0x00007ffd7d31b000 	C:\WINDOWS\SYSTEM32\VERSION.dll
0x00007ffd8b5e0000 - 0x00007ffd8b60f000 	C:\WINDOWS\System32\IMM32.DLL
0x00007ffd81e50000 - 0x00007ffd81e5c000 	C:\Program Files\Java\jdk-11\bin\vcruntime140_1.dll
0x00007ffd0a630000 - 0x00007ffd0a6be000 	C:\Program Files\Java\jdk-11\bin\msvcp140.dll
0x00007ffcea730000 - 0x00007ffceb293000 	C:\Program Files\Java\jdk-11\bin\server\jvm.dll
0x00007ffd8bc80000 - 0x00007ffd8bc88000 	C:\WINDOWS\System32\PSAPI.DLL
0x00007ffd80160000 - 0x00007ffd80196000 	C:\WINDOWS\SYSTEM32\WINMM.dll
0x00007ffd82800000 - 0x00007ffd8280a000 	C:\WINDOWS\SYSTEM32\WSOCK32.dll
0x00007ffd8c6f0000 - 0x00007ffd8c764000 	C:\WINDOWS\System32\ws2_32.DLL
0x00007ffd89190000 - 0x00007ffd891aa000 	C:\WINDOWS\SYSTEM32\kernel.appcore.dll
0x00007ffd81420000 - 0x00007ffd81430000 	C:\Program Files\Java\jdk-11\bin\verify.dll
0x00007ffd87a00000 - 0x00007ffd87c41000 	C:\WINDOWS\SYSTEM32\DBGHELP.DLL
0x00007ffd8aea0000 - 0x00007ffd8b222000 	C:\WINDOWS\System32\combase.dll
0x00007ffd8cc10000 - 0x00007ffd8cce6000 	C:\WINDOWS\System32\OLEAUT32.dll
0x00007ffd6b580000 - 0x00007ffd6b5b9000 	C:\WINDOWS\SYSTEM32\dbgcore.DLL
0x00007ffd8a7f0000 - 0x00007ffd8a889000 	C:\WINDOWS\System32\bcryptPrimitives.dll
0x00007ffd32f80000 - 0x00007ffd32fa8000 	C:\Program Files\Java\jdk-11\bin\java.dll
0x00007ffd813b0000 - 0x00007ffd813ba000 	C:\Program Files\Java\jdk-11\bin\jimage.dll
0x00007ffd7bf90000 - 0x00007ffd7bfa7000 	C:\Program Files\Java\jdk-11\bin\zip.dll
0x00007ffd8bef0000 - 0x00007ffd8c619000 	C:\WINDOWS\System32\SHELL32.dll
0x00007ffd8a280000 - 0x00007ffd8a3e8000 	C:\WINDOWS\System32\wintypes.dll
0x00007ffd87f20000 - 0x00007ffd88772000 	C:\WINDOWS\SYSTEM32\windows.storage.dll
0x00007ffd8ced0000 - 0x00007ffd8cfbd000 	C:\WINDOWS\System32\SHCORE.dll
0x00007ffd8ca00000 - 0x00007ffd8ca64000 	C:\WINDOWS\System32\shlwapi.dll
0x00007ffd8a190000 - 0x00007ffd8a1bf000 	C:\WINDOWS\SYSTEM32\profapi.dll
0x00007ffd75f80000 - 0x00007ffd75f99000 	C:\Program Files\Java\jdk-11\bin\net.dll
0x00007ffd80720000 - 0x00007ffd8083d000 	C:\WINDOWS\SYSTEM32\WINHTTP.dll
0x00007ffd896d0000 - 0x00007ffd8973a000 	C:\WINDOWS\system32\mswsock.dll
0x00007ffd358b0000 - 0x00007ffd358c2000 	C:\Program Files\Java\jdk-11\bin\nio.dll
0x00007ffd09710000 - 0x00007ffd09893000 	C:\Program Files\Java\jdk-11\bin\awt.dll
0x00007ffd844d0000 - 0x00007ffd8456c000 	C:\WINDOWS\SYSTEM32\apphelp.dll
0x00007ffd846c0000 - 0x00007ffd8476e000 	C:\WINDOWS\system32\uxtheme.dll
0x00007ffd24ba0000 - 0x00007ffd24cd3000 	C:\ProgramData\A-Volute\A-Volute.Nahimic\Modules\Scheduled\x64\AudioDevProps2.dll
0x00007ffd8b2e0000 - 0x00007ffd8b476000 	C:\WINDOWS\System32\ole32.dll
0x00007ffd8b480000 - 0x00007ffd8b5dd000 	C:\WINDOWS\System32\MSCTF.dll
0x00007ffd84c50000 - 0x00007ffd84c86000 	C:\WINDOWS\system32\DWMAPI.DLL
0x00007ffd09570000 - 0x00007ffd095f7000 	C:\Program Files\Java\jdk-11\bin\freetype.dll
0x00007ffd09480000 - 0x00007ffd09561000 	C:\Program Files\Java\jdk-11\bin\fontmanager.dll
0x00007ffd09600000 - 0x00007ffd0970c000 	C:\WINDOWS\system32\opengl32.dll
0x00007ffd32370000 - 0x00007ffd3239d000 	C:\WINDOWS\SYSTEM32\GLU32.dll
0x00007ffd87490000 - 0x00007ffd874d7000 	C:\WINDOWS\SYSTEM32\dxcore.dll
0x00007ffd7ffd0000 - 0x00007ffd7ffd7000 	C:\Program Files\Java\jdk-11\bin\jawt.dll
0x0000000010000000 - 0x000000001003e000 	C:\Program Files\Java\jdk-11\bin\j3dcore-ogl.dll
0x00007ffd84970000 - 0x00007ffd849ce000 	C:\WINDOWS\SYSTEM32\directxdatabasehelper.dll
0x00007ffd75140000 - 0x00007ffd7515a000 	C:\WINDOWS\SYSTEM32\windows.staterepositorycore.dll
0x00007ffce6590000 - 0x00007ffce799e000 	C:\WINDOWS\System32\DriverStore\FileRepository\iigd_dch.inf_amd64_75394611ca221846\igxelpicd64.dll
0x00007ffd28c70000 - 0x00007ffd28c93000 	C:\WINDOWS\SYSTEM32\d3d12.dll
0x00007ffd84a90000 - 0x00007ffd84bbe000 	C:\WINDOWS\SYSTEM32\dxgi.dll
0x00007ffd89eb0000 - 0x00007ffd89f0f000 	C:\WINDOWS\SYSTEM32\cfgmgr32.dll
0x00007ffcf7050000 - 0x00007ffcf71b6000 	C:\WINDOWS\System32\DriverStore\FileRepository\iigd_dch.inf_amd64_75394611ca221846\igdml64.dll
0x00007ffd7d320000 - 0x00007ffd7d8b0000 	C:\WINDOWS\System32\DriverStore\FileRepository\iigd_dch.inf_amd64_75394611ca221846\igdgmm64.dll
0x00007ffd77020000 - 0x00007ffd7bf44000 	C:\WINDOWS\System32\DriverStore\FileRepository\iigd_dch.inf_amd64_75394611ca221846\igc64.dll
0x00007ffd88ec0000 - 0x00007ffd88f1e000 	C:\WINDOWS\SYSTEM32\powrprof.dll
0x00007ffd88ea0000 - 0x00007ffd88eb4000 	C:\WINDOWS\SYSTEM32\UMPDC.dll
0x00007ffd26020000 - 0x00007ffd2604e000 	C:\Program Files\Java\jdk-11\bin\javajpeg.dll
0x00007ffd09b20000 - 0x00007ffd09b54000 	C:\Users\nadia\AppData\Local\Temp\jSerialComm\2.9.2\jSerialComm.dll
0x00007ffd8b7f0000 - 0x00007ffd8bc76000 	C:\WINDOWS\System32\SETUPAPI.dll
0x00007ffd89f20000 - 0x00007ffd89f4d000 	C:\WINDOWS\SYSTEM32\DEVOBJ.dll
0x00007ffd8a760000 - 0x00007ffd8a7df000 	C:\WINDOWS\System32\WINTRUST.dll
0x00007ffd8a890000 - 0x00007ffd8aa07000 	C:\WINDOWS\System32\CRYPT32.dll
0x00007ffd89a90000 - 0x00007ffd89aa3000 	C:\WINDOWS\SYSTEM32\MSASN1.dll
0x00007ffd728e0000 - 0x00007ffd72a29000 	C:\WINDOWS\SYSTEM32\textinputframework.dll
0x00007ffd70500000 - 0x00007ffd70934000 	C:\WINDOWS\SYSTEM32\uiautomationcore.dll
0x00007ffd7c720000 - 0x00007ffd7c78b000 	C:\WINDOWS\SYSTEM32\OLEACC.dll
0x00007ffd8c950000 - 0x00007ffd8c9f8000 	C:\WINDOWS\System32\clbcatq.dll
0x00007ffd7fea0000 - 0x00007ffd7feb6000 	C:\Windows\System32\threadpoolwinrt.dll
0x00007ffd84210000 - 0x00007ffd84336000 	C:\WINDOWS\SYSTEM32\CoreMessaging.dll
0x00007ffd7f690000 - 0x00007ffd7f973000 	C:\WINDOWS\SYSTEM32\CoreUIComponents.dll
0x00007ffd89990000 - 0x00007ffd8999c000 	C:\WINDOWS\SYSTEM32\CRYPTBASE.DLL

dbghelp: loaded successfully - version: 4.0.5 - missing functions: none
symbol engine: initialized successfully - sym options: 0x614 - pdb path: .;C:\Program Files\Java\jdk-11\bin;C:\WINDOWS\SYSTEM32;C:\WINDOWS\WinSxS\amd64_microsoft.windows.common-controls_6595b64144ccf1df_6.0.26100.3624_none_3e086962e3345f24;C:\Program Files\Java\jdk-11\bin\server;C:\ProgramData\A-Volute\A-Volute.Nahimic\Modules\Scheduled\x64;C:\WINDOWS\System32\DriverStore\FileRepository\iigd_dch.inf_amd64_75394611ca221846;C:\Users\nadia\AppData\Local\Temp\jSerialComm\2.9.2

VM Arguments:
jvm_args: -Dfile.encoding=UTF-8 --module-path=C:\Users\nadia\OneDrive\Documentos\NetBeansProjects\ProyectoGraficaión\build\classes 
java_command: ESCENARIO.EdificioI
java_class_path (initial): C:\Program Files\Java\Java3D\Java3D\1.5.1\lib\ext\j3dcore.jar;C:\Program Files\Java\Java3D\Java3D\1.5.1\lib\ext\j3dutils.jar;C:\Program Files\Java\Java3D\Java3D\1.5.1\lib\ext\vecmath.jar;C:\Users\nadia\OneDrive\Documentos\Graficación\jSerialComm-2.9.2.jar;C:\Users\nadia\OneDrive\Documentos\NetBeansProjects\ProyectoGraficaión\build\classes
Launcher Type: SUN_STANDARD

[Global flags]
     intx CICompilerCount                          = 4                                         {product} {ergonomic}
     uint ConcGCThreads                            = 3                                         {product} {ergonomic}
     uint G1ConcRefinementThreads                  = 10                                        {product} {ergonomic}
   size_t G1HeapRegionSize                         = 1048576                                   {product} {ergonomic}
    uintx GCDrainStackTargetSize                   = 64                                        {product} {ergonomic}
   size_t InitialHeapSize                          = 264241152                                 {product} {ergonomic}
   size_t MarkStackSize                            = 4194304                                   {product} {ergonomic}
   size_t MaxHeapSize                              = 4219469824                                {product} {ergonomic}
   size_t MaxNewSize                               = 2531262464                                {product} {ergonomic}
   size_t MinHeapDeltaBytes                        = 1048576                                   {product} {ergonomic}
    uintx NonNMethodCodeHeapSize                   = 5836300                                {pd product} {ergonomic}
    uintx NonProfiledCodeHeapSize                  = 122910970                              {pd product} {ergonomic}
    uintx ProfiledCodeHeapSize                     = 122910970                              {pd product} {ergonomic}
    uintx ReservedCodeCacheSize                    = 251658240                              {pd product} {ergonomic}
     bool SegmentedCodeCache                       = true                                      {product} {ergonomic}
     bool UseCompressedClassPointers               = true                                 {lp64_product} {ergonomic}
     bool UseCompressedOops                        = true                                 {lp64_product} {ergonomic}
     bool UseG1GC                                  = true                                      {product} {ergonomic}
     bool UseLargePagesIndividualAllocation        = false                                  {pd product} {ergonomic}

Logging:
Log output configuration:
 #0: stdout all=warning uptime,level,tags
 #1: stderr all=off uptime,level,tags

Environment Variables:
PATH=C:\Program Files\Common Files\Oracle\Java\javapath;C:\ProgramData\Oracle\Java\javapath;C:\WINDOWS\system32;C:\WINDOWS;C:\WINDOWS\System32\Wbem;C:\WINDOWS\System32\WindowsPowerShell\v1.0\;C:\WINDOWS\System32\OpenSSH\;C:\Program Files (x86)\NVIDIA Corporation\PhysX\Common;C:\Program Files\NVIDIA Corporation\NVIDIA NvDLISR;C:\Program Files\dotnet\;C:\Program Files\Microsoft SQL Server\Client SDK\ODBC\170\Tools\Binn\;C:\Program Files (x86)\Microsoft SQL Server\160\Tools\Binn\;C:\Program Files\Microsoft SQL Server\160\Tools\Binn\;C:\Program Files\Microsoft SQL Server\160\DTS\Binn\;C:\Program Files (x86)\Microsoft SQL Server\160\DTS\Binn\;C:\Program Files\Git\cmd;C:\Users\nadia\AppData\Local\Microsoft\WindowsApps;C:\Users\nadia\AppData\Local\Programs\Microsoft VS Code\bin;C:\Users\nadia\.dotnet\tools;C:\Users\nadia\Downloads\PROGRAMAS\openjdk-23.0.2_windows-x64_bin;
USERNAME=nadia
OS=Windows_NT
PROCESSOR_IDENTIFIER=Intel64 Family 6 Model 151 Stepping 2, GenuineIntel



---------------  S Y S T E M  ---------------

OS: Windows 11 , 64 bit Build 26100 (10.0.26100.3775)
Hyper-V role detected

CPU:total 12 (initial active 12) (6 cores per cpu, 2 threads per core) family 6 model 151 stepping 2 microcode 0x35, cmov, cx8, fxsr, mmx, sse, sse2, sse3, ssse3, sse4.1, sse4.2, popcnt, avx, avx2, aes, clmul, erms, 3dnowpref, lzcnt, ht, tsc, tscinvbit, bmi1, bmi2, adx, sha, fma

Memory: 4k page, system-wide physical 16091M (7398M free)
TotalPageFile size 19547M (AvailPageFile size 8114M)
current process WorkingSet (physical memory assigned to process): 466M, peak: 560M
current process commit charge ("private bytes"): 482M, peak: 578M

vm_info: Java HotSpot(TM) 64-Bit Server VM (11.0.25+9-LTS-256) for windows-amd64 JRE (11.0.25+9-LTS-256), built on Sep 30 2024 06:30:20 by "mach5one" with MS VC++ 17.6 (VS2022)

END.
