#
# A fatal error has been detected by the Java Runtime Environment:
#
#  EXCEPTION_ACCESS_VIOLATION (0xc0000005) at pc=0x00007ffe33bef0ad, pid=17784, tid=27936
#
# JRE version: Java(TM) SE Runtime Environment 18.9 (11.0.25+9) (build 11.0.25+9-LTS-256)
# Java VM: Java HotSpot(TM) 64-Bit Server VM 18.9 (11.0.25+9-LTS-256, mixed mode, tiered, compressed oops, g1 gc, windows-amd64)
# Problematic frame:
# C  [igxelpicd64.dll+0xcf0ad]
#
# No core dump will be written. Minidumps are not enabled by default on client versions of Windows
#
# If you would like to submit a bug report, please visit:
#   https://bugreport.java.com/bugreport/crash.jsp
# The crash happened outside the Java Virtual Machine in native code.
# See problematic frame for where to report the bug.
#

---------------  S U M M A R Y ------------

Command Line: -Dfile.encoding=UTF-8 --module-path=C:\Users\nadia\OneDrive\Documentos\NetBeansProjects\ProyectoGraficaión\build\classes ESCENARIO.EdificioI

Host: 12th Gen Intel(R) Core(TM) i5-12450HX, 12 cores, 15G,  Windows 11 , 64 bit Build 26100 (10.0.26100.3775)
Time: Sun Apr 20 12:15:16 2025 Hora estándar, América Central elapsed time: 333.913377 seconds (0d 0h 5m 33s)

---------------  T H R E A D  ---------------

Current thread (0x00000197dde1c000):  JavaThread "J3D-Renderer-1" [_thread_in_native, id=27936, stack(0x000000819c300000,0x000000819c400000)]

Stack: [0x000000819c300000,0x000000819c400000],  sp=0x000000819c3fe260,  free space=1016k
Native frames: (J=compiled Java code, j=interpreted, Vv=VM code, C=native code)
C  [igxelpicd64.dll+0xcf0ad]

Java frames: (J=compiled Java code, j=interpreted, Vv=VM code)
J 1768  javax.media.j3d.NativePipeline.callDisplayList(JIZ)V (0 bytes) @ 0x00000197c5671c70 [0x00000197c5671c20+0x0000000000000050]
J 1792 c2 javax.media.j3d.RenderMolecule.render(Ljavax/media/j3d/Canvas3D;II)Z (388 bytes) @ 0x00000197c567635c [0x00000197c5675f60+0x00000000000003fc]
J 2715 c2 javax.media.j3d.RenderBin.renderOpaque(Ljavax/media/j3d/Canvas3D;)V (23 bytes) @ 0x00000197c57d4d28 [0x00000197c57d4700+0x0000000000000628]
J 1915 c2 javax.media.j3d.Renderer.doWork(J)V (6480 bytes) @ 0x00000197c5692960 [0x00000197c568cf40+0x0000000000005a20]
J 2448% c2 javax.media.j3d.J3dThread.run()V (37 bytes) @ 0x00000197c5712214 [0x00000197c5712140+0x00000000000000d4]
v  ~StubRoutines::call_stub

siginfo: EXCEPTION_ACCESS_VIOLATION (0xc0000005), reading address 0x0000000000000008


Register to memory mapping:

RIP=0x00007ffe33bef0ad igxelpicd64.dll
RAX=0x0 is NULL
RBX=0x00000197e699d180 points into unknown readable memory: 0x00000197ddbc1040 | 40 10 bc dd 97 01 00 00
RCX=0x00000197e699d180 points into unknown readable memory: 0x00000197ddbc1040 | 40 10 bc dd 97 01 00 00
RDX=0x000000819c3fe6a0 is pointing into the stack for thread: 0x00000197dde1c000
RSP=0x000000819c3fe260 is pointing into the stack for thread: 0x00000197dde1c000
RBP=0x000000819c3fe360 is pointing into the stack for thread: 0x00000197dde1c000
RSI=0x000000819c3fe950 is pointing into the stack for thread: 0x00000197dde1c000
RDI=0x0000000000000008 is an unknown value
R8 =0x00000197e78ab0c0 points into unknown readable memory: 0x00000197dddbfe80 | 80 fe db dd 97 01 00 00
R9 =0x0 is NULL
R10=0x000000819c3fec40 is pointing into the stack for thread: 0x00000197dde1c000
R11=0x000000000000001d is an unknown value
R12=0x000000819c3fe6a0 is pointing into the stack for thread: 0x00000197dde1c000
R13=0x00000197e78ab0c0 points into unknown readable memory: 0x00000197dddbfe80 | 80 fe db dd 97 01 00 00
R14=0x000000819c3fe6f0 is pointing into the stack for thread: 0x00000197dde1c000
R15=0x000000819c3fe950 is pointing into the stack for thread: 0x00000197dde1c000


Registers:
RAX=0x0000000000000000, RBX=0x00000197e699d180, RCX=0x00000197e699d180, RDX=0x000000819c3fe6a0
RSP=0x000000819c3fe260, RBP=0x000000819c3fe360, RSI=0x000000819c3fe950, RDI=0x0000000000000008
R8 =0x00000197e78ab0c0, R9 =0x0000000000000000, R10=0x000000819c3fec40, R11=0x000000000000001d
R12=0x000000819c3fe6a0, R13=0x00000197e78ab0c0, R14=0x000000819c3fe6f0, R15=0x000000819c3fe950
RIP=0x00007ffe33bef0ad, EFLAGS=0x0000000000010287

Top of Stack: (sp=0x000000819c3fe260)
0x000000819c3fe260:   0000001600000000 00000197e78ab0c0
0x000000819c3fe270:   00000197ddd90500 0000000000000000
0x000000819c3fe280:   0000000000000000 0000000000000000
0x000000819c3fe290:   0000000000000000 000000819c3fe930
0x000000819c3fe2a0:   00000197e54b0700 00007ffe00002600
0x000000819c3fe2b0:   0000000000000000 00007ffe0000001d
0x000000819c3fe2c0:   000000819c3fe830 00007ffe00000006
0x000000819c3fe2d0:   0000000000000001 0000000000000000
0x000000819c3fe2e0:   0000000033da7901 00000197e4f971d0
0x000000819c3fe2f0:   0000000000000000 00000197e498e880
0x000000819c3fe300:   00000000fffffff0 00007ffe33e0b88d
0x000000819c3fe310:   00000197e699d180 00000197e498e880
0x000000819c3fe320:   00000197dddbfe80 0000000001adaa7a
0x000000819c3fe330:   00000197e4f97510 000000819c3fe400
0x000000819c3fe340:   0000000000000000 00007ffe33b4696f
0x000000819c3fe350:   00000197ddd90500 00000197e78b5b70 

Instructions: (pc=0x00007ffe33bef0ad)
0x00007ffe33bef08d:   e8 1b 0f ba f0 17 0d 00 00 40 01 0f ba f0 13 0d
0x00007ffe33bef09d:   00 00 37 00 89 42 1c eb 6e 48 8b 85 e8 00 00 00
0x00007ffe33bef0ad:   48 8b 48 08 8b 41 14 83 f8 0a 74 31 83 f8 4e 75
0x00007ffe33bef0bd:   56 8b 0a 49 b8 00 00 00 00 00 40 00 00 48 8b 05 


Stack slot to memory mapping:
stack at sp + 0 slots: 0x0000001600000000 is an unknown value
stack at sp + 1 slots: 0x00000197e78ab0c0 points into unknown readable memory: 0x00000197dddbfe80 | 80 fe db dd 97 01 00 00
stack at sp + 2 slots: 0x00000197ddd90500 points into unknown readable memory: 0xffffffffffffffff | ff ff ff ff ff ff ff ff
stack at sp + 3 slots: 0x0 is NULL
stack at sp + 4 slots: 0x0 is NULL
stack at sp + 5 slots: 0x0 is NULL
stack at sp + 6 slots: 0x0 is NULL
stack at sp + 7 slots: 0x000000819c3fe930 is pointing into the stack for thread: 0x00000197dde1c000


---------------  P R O C E S S  ---------------

Threads class SMR info:
_java_thread_list=0x00000197e4ec8b80, length=30, elements={
0x00000197d9bd2800, 0x00000197d9bdb800, 0x00000197d9c28000, 0x00000197d9c2a000,
0x00000197d9c2b000, 0x00000197d9c2e800, 0x00000197d9c30000, 0x00000197d9c45000,
0x00000197d92dd000, 0x00000197da37b800, 0x00000197da37c800, 0x00000197da37d800,
0x00000197da435000, 0x00000197b63ce800, 0x00000197dd969000, 0x00000197ddc76800,
0x00000197dda0d800, 0x00000197dda0e800, 0x00000197dde1c000, 0x00000197ddebd800,
0x00000197ddebb000, 0x00000197ddebc000, 0x00000197ddebc800, 0x00000197e545b800,
0x00000197e545b000, 0x00000197e5459000, 0x00000197e545a000, 0x00000197e545d800,
0x00000197e545c800, 0x00000197e5461800
}

Java Threads: ( => current thread )
  0x00000197d9bd2800 JavaThread "Reference Handler" daemon [_thread_blocked, id=17336, stack(0x000000819af00000,0x000000819b000000)]
  0x00000197d9bdb800 JavaThread "Finalizer" daemon [_thread_blocked, id=10280, stack(0x000000819b000000,0x000000819b100000)]
  0x00000197d9c28000 JavaThread "Signal Dispatcher" daemon [_thread_blocked, id=6976, stack(0x000000819b100000,0x000000819b200000)]
  0x00000197d9c2a000 JavaThread "Attach Listener" daemon [_thread_blocked, id=27204, stack(0x000000819b200000,0x000000819b300000)]
  0x00000197d9c2b000 JavaThread "Service Thread" daemon [_thread_blocked, id=25028, stack(0x000000819b300000,0x000000819b400000)]
  0x00000197d9c2e800 JavaThread "C2 CompilerThread0" daemon [_thread_blocked, id=6304, stack(0x000000819b400000,0x000000819b500000)]
  0x00000197d9c30000 JavaThread "C1 CompilerThread0" daemon [_thread_blocked, id=6496, stack(0x000000819b500000,0x000000819b600000)]
  0x00000197d9c45000 JavaThread "Sweeper thread" daemon [_thread_blocked, id=4264, stack(0x000000819b600000,0x000000819b700000)]
  0x00000197d92dd000 JavaThread "Common-Cleaner" daemon [_thread_blocked, id=6008, stack(0x000000819b700000,0x000000819b800000)]
  0x00000197da37b800 JavaThread "Java2D Disposer" daemon [_thread_blocked, id=16904, stack(0x000000819ba00000,0x000000819bb00000)]
  0x00000197da37c800 JavaThread "AWT-Shutdown" [_thread_blocked, id=14400, stack(0x000000819bb00000,0x000000819bc00000)]
  0x00000197da37d800 JavaThread "AWT-Windows" daemon [_thread_in_native, id=16040, stack(0x000000819bc00000,0x000000819bd00000)]
  0x00000197da435000 JavaThread "AWT-EventQueue-0" [_thread_blocked, id=30088, stack(0x000000819bd00000,0x000000819be00000)]
  0x00000197b63ce800 JavaThread "DestroyJavaVM" [_thread_blocked, id=31480, stack(0x000000819a800000,0x000000819a900000)]
  0x00000197dd969000 JavaThread "J3D-RenderingAttributesStructureUpdateThread" [_thread_blocked, id=15744, stack(0x000000819bf00000,0x000000819c000000)]
  0x00000197ddc76800 JavaThread "J3D-TimerThread" [_thread_blocked, id=18044, stack(0x000000819c000000,0x000000819c100000)]
  0x00000197dda0d800 JavaThread "J3D-NotificationThread" [_thread_blocked, id=15220, stack(0x000000819c100000,0x000000819c200000)]
  0x00000197dda0e800 JavaThread "J3D-MasterControl-1" [_thread_blocked, id=5000, stack(0x000000819c200000,0x000000819c300000)]
=>0x00000197dde1c000 JavaThread "J3D-Renderer-1" [_thread_in_native, id=27936, stack(0x000000819c300000,0x000000819c400000)]
  0x00000197ddebd800 JavaThread "TimerQueue" daemon [_thread_blocked, id=20224, stack(0x000000819d400000,0x000000819d500000)]
  0x00000197ddebb000 JavaThread "J3D-BehaviorStructureUpdateThread-1" [_thread_blocked, id=30248, stack(0x000000819db00000,0x000000819dc00000)]
  0x00000197ddebc000 JavaThread "J3D-GeometryStructureUpdateThread-1" [_thread_blocked, id=27752, stack(0x000000819dc00000,0x000000819dd00000)]
  0x00000197ddebc800 JavaThread "J3D-SoundStructureUpdateThread-1" [_thread_blocked, id=24168, stack(0x000000819dd00000,0x000000819de00000)]
  0x00000197e545b800 JavaThread "J3D-RenderingEnvironmentStructureUpdateThread-1" [_thread_blocked, id=17536, stack(0x000000819de00000,0x000000819df00000)]
  0x00000197e545b000 JavaThread "J3D-TransformStructureUpdateThread-1" [_thread_blocked, id=21592, stack(0x000000819df00000,0x000000819e000000)]
  0x00000197e5459000 JavaThread "J3D-BehaviorScheduler-1" [_thread_blocked, id=20988, stack(0x000000819e000000,0x000000819e100000)]
  0x00000197e545a000 JavaThread "J3D-RenderStructureUpdateThread-1" [_thread_blocked, id=31556, stack(0x000000819e100000,0x000000819e200000)]
  0x00000197e545d800 JavaThread "J3D-SoundSchedulerUpdateThread-1" [_thread_blocked, id=26096, stack(0x000000819e200000,0x000000819e300000)]
  0x00000197e545c800 JavaThread "J3D-InputDeviceScheduler-1" [_thread_blocked, id=21056, stack(0x000000819e300000,0x000000819e400000)]
  0x00000197e5461800 JavaThread "ToolkitShutdown" daemon [_thread_in_native, id=22660, stack(0x000000819e600000,0x000000819e700000)]

Other Threads:
  0x00000197d9bd1000 VMThread "VM Thread" [stack: 0x000000819ae00000,0x000000819af00000] [id=11452]
  0x00000197d9efe800 WatcherThread [stack: 0x000000819b900000,0x000000819ba00000] [id=22024]
  0x00000197b63e4000 GCTaskThread "GC Thread#0" [stack: 0x000000819a900000,0x000000819aa00000] [id=15912]
  0x00000197de16a800 GCTaskThread "GC Thread#1" [stack: 0x000000819c800000,0x000000819c900000] [id=5932]
  0x00000197ddd8d800 GCTaskThread "GC Thread#2" [stack: 0x000000819c900000,0x000000819ca00000] [id=26556]
  0x00000197ddccd000 GCTaskThread "GC Thread#3" [stack: 0x000000819ca00000,0x000000819cb00000] [id=22888]
  0x00000197ddf63800 GCTaskThread "GC Thread#4" [stack: 0x000000819cb00000,0x000000819cc00000] [id=14876]
  0x00000197ddf64800 GCTaskThread "GC Thread#5" [stack: 0x000000819cc00000,0x000000819cd00000] [id=11076]
  0x00000197ddec0800 GCTaskThread "GC Thread#6" [stack: 0x000000819cd00000,0x000000819ce00000] [id=15700]
  0x00000197ddec2800 GCTaskThread "GC Thread#7" [stack: 0x000000819ce00000,0x000000819cf00000] [id=3108]
  0x00000197ddec5800 GCTaskThread "GC Thread#8" [stack: 0x000000819cf00000,0x000000819d000000] [id=23272]
  0x00000197ddec4000 GCTaskThread "GC Thread#9" [stack: 0x000000819d000000,0x000000819d100000] [id=11468]
  0x00000197b6444000 ConcurrentGCThread "G1 Main Marker" [stack: 0x000000819aa00000,0x000000819ab00000] [id=31700]
  0x00000197b644b000 ConcurrentGCThread "G1 Conc#0" [stack: 0x000000819ab00000,0x000000819ac00000] [id=2012]
  0x00000197ddec9000 ConcurrentGCThread "G1 Conc#1" [stack: 0x000000819c400000,0x000000819c500000] [id=31292]
  0x00000197ddece800 ConcurrentGCThread "G1 Conc#2" [stack: 0x000000819c700000,0x000000819c800000] [id=26436]
  0x00000197d9209000 ConcurrentGCThread "G1 Refine#0" [stack: 0x000000819ac00000,0x000000819ad00000] [id=23860]
  0x00000197d9f2d000 ConcurrentGCThread "G1 Refine#1" [stack: 0x000000819d100000,0x000000819d200000] [id=25964]
  0x00000197dded0800 ConcurrentGCThread "G1 Refine#2" [stack: 0x000000819d200000,0x000000819d300000] [id=24828]
  0x00000197dded1000 ConcurrentGCThread "G1 Refine#3" [stack: 0x000000819d300000,0x000000819d400000] [id=21616]
  0x00000197da442800 ConcurrentGCThread "G1 Refine#4" [stack: 0x000000819a500000,0x000000819a600000] [id=18684]
  0x00000197dd5c1000 ConcurrentGCThread "G1 Refine#5" [stack: 0x000000819a600000,0x000000819a700000] [id=14192]
  0x00000197dd59a800 ConcurrentGCThread "G1 Refine#6" [stack: 0x000000819a700000,0x000000819a800000] [id=13220]
  0x00000197e50fd800 ConcurrentGCThread "G1 Refine#7" [stack: 0x000000819be00000,0x000000819bf00000] [id=31568]
  0x00000197da78f800 ConcurrentGCThread "G1 Refine#8" [stack: 0x000000819d500000,0x000000819d600000] [id=30352]
  0x00000197d920c000 ConcurrentGCThread "G1 Young RemSet Sampling" [stack: 0x000000819ad00000,0x000000819ae00000] [id=26852]

Threads with active compile tasks:

VM state:not at safepoint (normal execution)

VM Mutex/Monitor currently owned by a thread: None

Heap address: 0x0000000704800000, size: 4024 MB, Compressed Oops mode: Zero based, Oop shift amount: 3
Narrow klass base: 0x0000000800000000, Narrow klass shift: 0
Compressed class space size: 1073741824 Address: 0x0000000800000000

Heap:
 garbage-first heap   total 310272K, used 144447K [0x0000000704800000, 0x0000000800000000)
  region size 1024K, 8 young (8192K), 3 survivors (3072K)
 Metaspace       used 23363K, capacity 23734K, committed 24064K, reserved 1071104K
  class space    used 2301K, capacity 2450K, committed 2560K, reserved 1048576K
Heap Regions: E=young(eden), S=young(survivor), O=old, HS=humongous(starts), HC=humongous(continues), CS=collection set, F=free, A=archive, TAMS=top-at-mark-start (previous, next)
|   0|0x0000000704800000, 0x0000000704900000, 0x0000000704900000|100%| O|  |TAMS 0x0000000704900000, 0x0000000704800000| Untracked 
|   1|0x0000000704900000, 0x0000000704a00000, 0x0000000704a00000|100%| O|  |TAMS 0x0000000704a00000, 0x0000000704900000| Untracked 
|   2|0x0000000704a00000, 0x0000000704b00000, 0x0000000704b00000|100%| O|  |TAMS 0x0000000704b00000, 0x0000000704a00000| Untracked 
|   3|0x0000000704b00000, 0x0000000704c00000, 0x0000000704c00000|100%| O|  |TAMS 0x0000000704c00000, 0x0000000704b00000| Untracked 
|   4|0x0000000704c00000, 0x0000000704d00000, 0x0000000704d00000|100%| O|  |TAMS 0x0000000704d00000, 0x0000000704c00000| Untracked 
|   5|0x0000000704d00000, 0x0000000704e00000, 0x0000000704e00000|100%| O|  |TAMS 0x0000000704e00000, 0x0000000704d00000| Untracked 
|   6|0x0000000704e00000, 0x0000000704f00000, 0x0000000704f00000|100%|HS|  |TAMS 0x0000000704f00000, 0x0000000704e00000| Complete 
|   7|0x0000000704f00000, 0x0000000705000000, 0x0000000705000000|100%|HC|  |TAMS 0x0000000705000000, 0x0000000704f00000| Complete 
|   8|0x0000000705000000, 0x0000000705100000, 0x0000000705100000|100%| O|  |TAMS 0x0000000705100000, 0x0000000705000000| Untracked 
|   9|0x0000000705100000, 0x0000000705200000, 0x0000000705200000|100%| O|  |TAMS 0x0000000705200000, 0x0000000705100000| Untracked 
|  10|0x0000000705200000, 0x0000000705300000, 0x0000000705300000|100%|HS|  |TAMS 0x0000000705300000, 0x0000000705200000| Complete 
|  11|0x0000000705300000, 0x0000000705400000, 0x0000000705400000|100%|HC|  |TAMS 0x0000000705400000, 0x0000000705300000| Complete 
|  12|0x0000000705400000, 0x0000000705500000, 0x0000000705500000|100%|HS|  |TAMS 0x0000000705500000, 0x0000000705400000| Complete 
|  13|0x0000000705500000, 0x0000000705600000, 0x0000000705600000|100%|HC|  |TAMS 0x0000000705600000, 0x0000000705500000| Complete 
|  14|0x0000000705600000, 0x0000000705600000, 0x0000000705700000|  0%| F|  |TAMS 0x0000000705600000, 0x0000000705600000| Untracked 
|  15|0x0000000705700000, 0x0000000705800000, 0x0000000705800000|100%|HS|  |TAMS 0x0000000705800000, 0x0000000705700000| Complete 
|  16|0x0000000705800000, 0x0000000705900000, 0x0000000705900000|100%|HC|  |TAMS 0x0000000705900000, 0x0000000705800000| Complete 
|  17|0x0000000705900000, 0x0000000705a00000, 0x0000000705a00000|100%|HC|  |TAMS 0x0000000705a00000, 0x0000000705900000| Complete 
|  18|0x0000000705a00000, 0x0000000705b00000, 0x0000000705b00000|100%|HS|  |TAMS 0x0000000705b00000, 0x0000000705a00000| Complete 
|  19|0x0000000705b00000, 0x0000000705b00000, 0x0000000705c00000|  0%| F|  |TAMS 0x0000000705b00000, 0x0000000705b00000| Untracked 
|  20|0x0000000705c00000, 0x0000000705c00000, 0x0000000705d00000|  0%| F|  |TAMS 0x0000000705c00000, 0x0000000705c00000| Untracked 
|  21|0x0000000705d00000, 0x0000000705e00000, 0x0000000705e00000|100%| O|  |TAMS 0x0000000705e00000, 0x0000000705d00000| Untracked 
|  22|0x0000000705e00000, 0x0000000705f00000, 0x0000000705f00000|100%| O|  |TAMS 0x0000000705f00000, 0x0000000705e00000| Untracked 
|  23|0x0000000705f00000, 0x0000000706000000, 0x0000000706000000|100%| O|  |TAMS 0x0000000706000000, 0x0000000705f00000| Untracked 
|  24|0x0000000706000000, 0x0000000706100000, 0x0000000706100000|100%| O|  |TAMS 0x0000000706100000, 0x0000000706000000| Untracked 
|  25|0x0000000706100000, 0x0000000706200000, 0x0000000706200000|100%| O|  |TAMS 0x0000000706200000, 0x0000000706100000| Untracked 
|  26|0x0000000706200000, 0x0000000706300000, 0x0000000706300000|100%| O|  |TAMS 0x0000000706300000, 0x0000000706200000| Untracked 
|  27|0x0000000706300000, 0x0000000706400000, 0x0000000706400000|100%| O|  |TAMS 0x0000000706400000, 0x0000000706300000| Untracked 
|  28|0x0000000706400000, 0x0000000706500000, 0x0000000706500000|100%| O|  |TAMS 0x0000000706500000, 0x0000000706400000| Untracked 
|  29|0x0000000706500000, 0x0000000706600000, 0x0000000706600000|100%| O|  |TAMS 0x0000000706600000, 0x0000000706500000| Untracked 
|  30|0x0000000706600000, 0x0000000706700000, 0x0000000706700000|100%|HS|  |TAMS 0x0000000706700000, 0x0000000706600000| Complete 
|  31|0x0000000706700000, 0x0000000706700000, 0x0000000706800000|  0%| F|  |TAMS 0x0000000706700000, 0x0000000706700000| Untracked 
|  32|0x0000000706800000, 0x0000000706900000, 0x0000000706900000|100%|HS|  |TAMS 0x0000000706900000, 0x0000000706800000| Complete 
|  33|0x0000000706900000, 0x0000000706a00000, 0x0000000706a00000|100%|HC|  |TAMS 0x0000000706a00000, 0x0000000706900000| Complete 
|  34|0x0000000706a00000, 0x0000000706b00000, 0x0000000706b00000|100%|HC|  |TAMS 0x0000000706b00000, 0x0000000706a00000| Complete 
|  35|0x0000000706b00000, 0x0000000706c00000, 0x0000000706c00000|100%|HS|  |TAMS 0x0000000706c00000, 0x0000000706b00000| Complete 
|  36|0x0000000706c00000, 0x0000000706d00000, 0x0000000706d00000|100%|HC|  |TAMS 0x0000000706d00000, 0x0000000706c00000| Complete 
|  37|0x0000000706d00000, 0x0000000706e00000, 0x0000000706e00000|100%|HC|  |TAMS 0x0000000706e00000, 0x0000000706d00000| Complete 
|  38|0x0000000706e00000, 0x0000000706f00000, 0x0000000706f00000|100%|HC|  |TAMS 0x0000000706f00000, 0x0000000706e00000| Complete 
|  39|0x0000000706f00000, 0x0000000707000000, 0x0000000707000000|100%|HS|  |TAMS 0x0000000707000000, 0x0000000706f00000| Complete 
|  40|0x0000000707000000, 0x0000000707100000, 0x0000000707100000|100%|HC|  |TAMS 0x0000000707100000, 0x0000000707000000| Complete 
|  41|0x0000000707100000, 0x0000000707200000, 0x0000000707200000|100%|HC|  |TAMS 0x0000000707200000, 0x0000000707100000| Complete 
|  42|0x0000000707200000, 0x0000000707300000, 0x0000000707300000|100%|HC|  |TAMS 0x0000000707300000, 0x0000000707200000| Complete 
|  43|0x0000000707300000, 0x0000000707400000, 0x0000000707400000|100%|HS|  |TAMS 0x0000000707400000, 0x0000000707300000| Complete 
|  44|0x0000000707400000, 0x0000000707500000, 0x0000000707500000|100%|HS|  |TAMS 0x0000000707500000, 0x0000000707400000| Complete 
|  45|0x0000000707500000, 0x0000000707600000, 0x0000000707600000|100%|HC|  |TAMS 0x0000000707600000, 0x0000000707500000| Complete 
|  46|0x0000000707600000, 0x0000000707700000, 0x0000000707700000|100%|HC|  |TAMS 0x0000000707700000, 0x0000000707600000| Complete 
|  47|0x0000000707700000, 0x0000000707800000, 0x0000000707800000|100%|HS|  |TAMS 0x0000000707800000, 0x0000000707700000| Complete 
|  48|0x0000000707800000, 0x0000000707900000, 0x0000000707900000|100%|HC|  |TAMS 0x0000000707900000, 0x0000000707800000| Complete 
|  49|0x0000000707900000, 0x0000000707a00000, 0x0000000707a00000|100%|HC|  |TAMS 0x0000000707a00000, 0x0000000707900000| Complete 
|  50|0x0000000707a00000, 0x0000000707b00000, 0x0000000707b00000|100%|HC|  |TAMS 0x0000000707b00000, 0x0000000707a00000| Complete 
|  51|0x0000000707b00000, 0x0000000707c00000, 0x0000000707c00000|100%| O|  |TAMS 0x0000000707c00000, 0x0000000707b00000| Untracked 
|  52|0x0000000707c00000, 0x0000000707d00000, 0x0000000707d00000|100%| O|  |TAMS 0x0000000707d00000, 0x0000000707c00000| Untracked 
|  53|0x0000000707d00000, 0x0000000707e00000, 0x0000000707e00000|100%|HS|  |TAMS 0x0000000707e00000, 0x0000000707d00000| Complete 
|  54|0x0000000707e00000, 0x0000000707f00000, 0x0000000707f00000|100%|HC|  |TAMS 0x0000000707f00000, 0x0000000707e00000| Complete 
|  55|0x0000000707f00000, 0x0000000708000000, 0x0000000708000000|100%|HS|  |TAMS 0x0000000708000000, 0x0000000707f00000| Complete 
|  56|0x0000000708000000, 0x0000000708100000, 0x0000000708100000|100%|HC|  |TAMS 0x0000000708100000, 0x0000000708000000| Complete 
|  57|0x0000000708100000, 0x0000000708200000, 0x0000000708200000|100%|HC|  |TAMS 0x0000000708200000, 0x0000000708100000| Complete 
|  58|0x0000000708200000, 0x0000000708300000, 0x0000000708300000|100%|HC|  |TAMS 0x0000000708300000, 0x0000000708200000| Complete 
|  59|0x0000000708300000, 0x0000000708400000, 0x0000000708400000|100%|HS|  |TAMS 0x0000000708400000, 0x0000000708300000| Complete 
|  60|0x0000000708400000, 0x0000000708500000, 0x0000000708500000|100%|HC|  |TAMS 0x0000000708500000, 0x0000000708400000| Complete 
|  61|0x0000000708500000, 0x0000000708600000, 0x0000000708600000|100%| O|  |TAMS 0x0000000708600000, 0x0000000708500000| Untracked 
|  62|0x0000000708600000, 0x0000000708700000, 0x0000000708700000|100%| O|  |TAMS 0x0000000708700000, 0x0000000708600000| Untracked 
|  63|0x0000000708700000, 0x0000000708700000, 0x0000000708800000|  0%| F|  |TAMS 0x0000000708700000, 0x0000000708700000| Untracked 
|  64|0x0000000708800000, 0x0000000708900000, 0x0000000708900000|100%|HS|  |TAMS 0x0000000708900000, 0x0000000708800000| Complete 
|  65|0x0000000708900000, 0x0000000708a00000, 0x0000000708a00000|100%|HC|  |TAMS 0x0000000708a00000, 0x0000000708900000| Complete 
|  66|0x0000000708a00000, 0x0000000708b00000, 0x0000000708b00000|100%|HC|  |TAMS 0x0000000708b00000, 0x0000000708a00000| Complete 
|  67|0x0000000708b00000, 0x0000000708c00000, 0x0000000708c00000|100%|HS|  |TAMS 0x0000000708c00000, 0x0000000708b00000| Complete 
|  68|0x0000000708c00000, 0x0000000708d00000, 0x0000000708d00000|100%|HC|  |TAMS 0x0000000708d00000, 0x0000000708c00000| Complete 
|  69|0x0000000708d00000, 0x0000000708e00000, 0x0000000708e00000|100%|HC|  |TAMS 0x0000000708e00000, 0x0000000708d00000| Complete 
|  70|0x0000000708e00000, 0x0000000708f00000, 0x0000000708f00000|100%|HC|  |TAMS 0x0000000708f00000, 0x0000000708e00000| Complete 
|  71|0x0000000708f00000, 0x0000000709000000, 0x0000000709000000|100%|HS|  |TAMS 0x0000000709000000, 0x0000000708f00000| Complete 
|  72|0x0000000709000000, 0x0000000709100000, 0x0000000709100000|100%|HC|  |TAMS 0x0000000709100000, 0x0000000709000000| Complete 
|  73|0x0000000709100000, 0x0000000709200000, 0x0000000709200000|100%|HS|  |TAMS 0x0000000709200000, 0x0000000709100000| Complete 
|  74|0x0000000709200000, 0x0000000709300000, 0x0000000709300000|100%|HC|  |TAMS 0x0000000709300000, 0x0000000709200000| Complete 
|  75|0x0000000709300000, 0x0000000709400000, 0x0000000709400000|100%|HS|  |TAMS 0x0000000709400000, 0x0000000709300000| Complete 
|  76|0x0000000709400000, 0x0000000709500000, 0x0000000709500000|100%|HC|  |TAMS 0x0000000709500000, 0x0000000709400000| Complete 
|  77|0x0000000709500000, 0x0000000709600000, 0x0000000709600000|100%|HC|  |TAMS 0x0000000709600000, 0x0000000709500000| Complete 
|  78|0x0000000709600000, 0x0000000709600000, 0x0000000709700000|  0%| F|  |TAMS 0x0000000709600000, 0x0000000709600000| Untracked 
|  79|0x0000000709700000, 0x0000000709700000, 0x0000000709800000|  0%| F|  |TAMS 0x0000000709700000, 0x0000000709700000| Untracked 
|  80|0x0000000709800000, 0x0000000709900000, 0x0000000709900000|100%| O|  |TAMS 0x0000000709900000, 0x0000000709800000| Untracked 
|  81|0x0000000709900000, 0x0000000709a00000, 0x0000000709a00000|100%|HS|  |TAMS 0x0000000709a00000, 0x0000000709900000| Complete 
|  82|0x0000000709a00000, 0x0000000709b00000, 0x0000000709b00000|100%|HS|  |TAMS 0x0000000709b00000, 0x0000000709a00000| Complete 
|  83|0x0000000709b00000, 0x0000000709c00000, 0x0000000709c00000|100%|HC|  |TAMS 0x0000000709c00000, 0x0000000709b00000| Complete 
|  84|0x0000000709c00000, 0x0000000709d00000, 0x0000000709d00000|100%|HC|  |TAMS 0x0000000709d00000, 0x0000000709c00000| Complete 
|  85|0x0000000709d00000, 0x0000000709e00000, 0x0000000709e00000|100%|HC|  |TAMS 0x0000000709e00000, 0x0000000709d00000| Complete 
|  86|0x0000000709e00000, 0x0000000709f00000, 0x0000000709f00000|100%| O|  |TAMS 0x0000000709f00000, 0x0000000709e00000| Untracked 
|  87|0x0000000709f00000, 0x000000070a000000, 0x000000070a000000|100%| O|  |TAMS 0x000000070a000000, 0x0000000709f00000| Untracked 
|  88|0x000000070a000000, 0x000000070a100000, 0x000000070a100000|100%| O|  |TAMS 0x000000070a100000, 0x000000070a000000| Untracked 
|  89|0x000000070a100000, 0x000000070a200000, 0x000000070a200000|100%|HS|  |TAMS 0x000000070a200000, 0x000000070a100000| Complete 
|  90|0x000000070a200000, 0x000000070a300000, 0x000000070a300000|100%|HC|  |TAMS 0x000000070a300000, 0x000000070a200000| Complete 
|  91|0x000000070a300000, 0x000000070a400000, 0x000000070a400000|100%|HC|  |TAMS 0x000000070a400000, 0x000000070a300000| Complete 
|  92|0x000000070a400000, 0x000000070a500000, 0x000000070a500000|100%|HC|  |TAMS 0x000000070a500000, 0x000000070a400000| Complete 
|  93|0x000000070a500000, 0x000000070a600000, 0x000000070a600000|100%|HS|  |TAMS 0x000000070a600000, 0x000000070a500000| Complete 
|  94|0x000000070a600000, 0x000000070a700000, 0x000000070a700000|100%|HC|  |TAMS 0x000000070a700000, 0x000000070a600000| Complete 
|  95|0x000000070a700000, 0x000000070a800000, 0x000000070a800000|100%|HC|  |TAMS 0x000000070a800000, 0x000000070a700000| Complete 
|  96|0x000000070a800000, 0x000000070a900000, 0x000000070a900000|100%|HC|  |TAMS 0x000000070a900000, 0x000000070a800000| Complete 
|  97|0x000000070a900000, 0x000000070aa00000, 0x000000070aa00000|100%| O|  |TAMS 0x000000070aa00000, 0x000000070a900000| Untracked 
|  98|0x000000070aa00000, 0x000000070ab00000, 0x000000070ab00000|100%| O|  |TAMS 0x000000070ab00000, 0x000000070aa00000| Untracked 
|  99|0x000000070ab00000, 0x000000070ac00000, 0x000000070ac00000|100%|HS|  |TAMS 0x000000070ac00000, 0x000000070ab00000| Complete 
| 100|0x000000070ac00000, 0x000000070ad00000, 0x000000070ad00000|100%|HC|  |TAMS 0x000000070ad00000, 0x000000070ac00000| Complete 
| 101|0x000000070ad00000, 0x000000070ae00000, 0x000000070ae00000|100%|HS|  |TAMS 0x000000070ae00000, 0x000000070ad00000| Complete 
| 102|0x000000070ae00000, 0x000000070af00000, 0x000000070af00000|100%|HC|  |TAMS 0x000000070af00000, 0x000000070ae00000| Complete 
| 103|0x000000070af00000, 0x000000070b000000, 0x000000070b000000|100%|HC|  |TAMS 0x000000070b000000, 0x000000070af00000| Complete 
| 104|0x000000070b000000, 0x000000070b100000, 0x000000070b100000|100%|HC|  |TAMS 0x000000070b100000, 0x000000070b000000| Complete 
| 105|0x000000070b100000, 0x000000070b200000, 0x000000070b200000|100%|HS|  |TAMS 0x000000070b200000, 0x000000070b100000| Complete 
| 106|0x000000070b200000, 0x000000070b300000, 0x000000070b300000|100%|HC|  |TAMS 0x000000070b300000, 0x000000070b200000| Complete 
| 107|0x000000070b300000, 0x000000070b400000, 0x000000070b400000|100%|HC|  |TAMS 0x000000070b400000, 0x000000070b300000| Complete 
| 108|0x000000070b400000, 0x000000070b500000, 0x000000070b500000|100%|HC|  |TAMS 0x000000070b500000, 0x000000070b400000| Complete 
| 109|0x000000070b500000, 0x000000070b500000, 0x000000070b600000|  0%| F|  |TAMS 0x000000070b500000, 0x000000070b500000| Untracked 
| 110|0x000000070b600000, 0x000000070b600000, 0x000000070b700000|  0%| F|  |TAMS 0x000000070b600000, 0x000000070b600000| Untracked 
| 111|0x000000070b700000, 0x000000070b700000, 0x000000070b800000|  0%| F|  |TAMS 0x000000070b700000, 0x000000070b700000| Untracked 
| 112|0x000000070b800000, 0x000000070b800000, 0x000000070b900000|  0%| F|  |TAMS 0x000000070b800000, 0x000000070b800000| Untracked 
| 113|0x000000070b900000, 0x000000070ba00000, 0x000000070ba00000|100%|HS|  |TAMS 0x000000070ba00000, 0x000000070b900000| Complete 
| 114|0x000000070ba00000, 0x000000070bb00000, 0x000000070bb00000|100%|HC|  |TAMS 0x000000070bb00000, 0x000000070ba00000| Complete 
| 115|0x000000070bb00000, 0x000000070bc00000, 0x000000070bc00000|100%|HC|  |TAMS 0x000000070bc00000, 0x000000070bb00000| Complete 
| 116|0x000000070bc00000, 0x000000070bd00000, 0x000000070bd00000|100%|HC|  |TAMS 0x000000070bd00000, 0x000000070bc00000| Complete 
| 117|0x000000070bd00000, 0x000000070bd00000, 0x000000070be00000|  0%| F|  |TAMS 0x000000070bd00000, 0x000000070bd00000| Untracked 
| 118|0x000000070be00000, 0x000000070bf00000, 0x000000070bf00000|100%|HS|  |TAMS 0x000000070bf00000, 0x000000070be00000| Complete 
| 119|0x000000070bf00000, 0x000000070c000000, 0x000000070c000000|100%|HC|  |TAMS 0x000000070c000000, 0x000000070bf00000| Complete 
| 120|0x000000070c000000, 0x000000070c100000, 0x000000070c100000|100%|HC|  |TAMS 0x000000070c100000, 0x000000070c000000| Complete 
| 121|0x000000070c100000, 0x000000070c200000, 0x000000070c200000|100%|HC|  |TAMS 0x000000070c200000, 0x000000070c100000| Complete 
| 122|0x000000070c200000, 0x000000070c300000, 0x000000070c300000|100%|HS|  |TAMS 0x000000070c300000, 0x000000070c200000| Complete 
| 123|0x000000070c300000, 0x000000070c400000, 0x000000070c400000|100%|HC|  |TAMS 0x000000070c400000, 0x000000070c300000| Complete 
| 124|0x000000070c400000, 0x000000070c500000, 0x000000070c500000|100%|HS|  |TAMS 0x000000070c500000, 0x000000070c400000| Complete 
| 125|0x000000070c500000, 0x000000070c500000, 0x000000070c600000|  0%| F|  |TAMS 0x000000070c500000, 0x000000070c500000| Untracked 
| 126|0x000000070c600000, 0x000000070c600000, 0x000000070c700000|  0%| F|  |TAMS 0x000000070c600000, 0x000000070c600000| Untracked 
| 127|0x000000070c700000, 0x000000070c700000, 0x000000070c800000|  0%| F|  |TAMS 0x000000070c700000, 0x000000070c700000| Untracked 
| 128|0x000000070c800000, 0x000000070c800000, 0x000000070c900000|  0%| F|  |TAMS 0x000000070c800000, 0x000000070c800000| Untracked 
| 129|0x000000070c900000, 0x000000070c900000, 0x000000070ca00000|  0%| F|  |TAMS 0x000000070c900000, 0x000000070c900000| Untracked 
| 130|0x000000070ca00000, 0x000000070ca00000, 0x000000070cb00000|  0%| F|  |TAMS 0x000000070ca00000, 0x000000070ca00000| Untracked 
| 131|0x000000070cb00000, 0x000000070cb00000, 0x000000070cc00000|  0%| F|  |TAMS 0x000000070cb00000, 0x000000070cb00000| Untracked 
| 132|0x000000070cc00000, 0x000000070cc00000, 0x000000070cd00000|  0%| F|  |TAMS 0x000000070cc00000, 0x000000070cc00000| Untracked 
| 133|0x000000070cd00000, 0x000000070ce00000, 0x000000070ce00000|100%| O|  |TAMS 0x000000070ce00000, 0x000000070cd00000| Untracked 
| 134|0x000000070ce00000, 0x000000070cf00000, 0x000000070cf00000|100%| O|  |TAMS 0x000000070cf00000, 0x000000070ce00000| Untracked 
| 135|0x000000070cf00000, 0x000000070d000000, 0x000000070d000000|100%| O|  |TAMS 0x000000070d000000, 0x000000070cf00000| Untracked 
| 136|0x000000070d000000, 0x000000070d100000, 0x000000070d100000|100%| O|  |TAMS 0x000000070d100000, 0x000000070d000000| Untracked 
| 137|0x000000070d100000, 0x000000070d200000, 0x000000070d200000|100%| O|  |TAMS 0x000000070d200000, 0x000000070d100000| Untracked 
| 138|0x000000070d200000, 0x000000070d300000, 0x000000070d300000|100%| O|  |TAMS 0x000000070d300000, 0x000000070d200000| Untracked 
| 139|0x000000070d300000, 0x000000070d400000, 0x000000070d400000|100%| O|  |TAMS 0x000000070d400000, 0x000000070d300000| Untracked 
| 140|0x000000070d400000, 0x000000070d500000, 0x000000070d500000|100%|HS|  |TAMS 0x000000070d500000, 0x000000070d400000| Complete 
| 141|0x000000070d500000, 0x000000070d600000, 0x000000070d600000|100%|HC|  |TAMS 0x000000070d600000, 0x000000070d500000| Complete 
| 142|0x000000070d600000, 0x000000070d700000, 0x000000070d700000|100%|HC|  |TAMS 0x000000070d700000, 0x000000070d600000| Complete 
| 143|0x000000070d700000, 0x000000070d800000, 0x000000070d800000|100%|HC|  |TAMS 0x000000070d800000, 0x000000070d700000| Complete 
| 144|0x000000070d800000, 0x000000070d900000, 0x000000070d900000|100%| O|  |TAMS 0x000000070d900000, 0x000000070d800000| Untracked 
| 145|0x000000070d900000, 0x000000070da00000, 0x000000070da00000|100%| O|  |TAMS 0x000000070da00000, 0x000000070d900000| Untracked 
| 146|0x000000070da00000, 0x000000070db00000, 0x000000070db00000|100%| O|  |TAMS 0x000000070db00000, 0x000000070da00000| Untracked 
| 147|0x000000070db00000, 0x000000070dc00000, 0x000000070dc00000|100%| O|  |TAMS 0x000000070dc00000, 0x000000070db00000| Untracked 
| 148|0x000000070dc00000, 0x000000070dd00000, 0x000000070dd00000|100%| O|  |TAMS 0x000000070dd00000, 0x000000070dc00000| Untracked 
| 149|0x000000070dd00000, 0x000000070de00000, 0x000000070de00000|100%| O|  |TAMS 0x000000070de00000, 0x000000070dd00000| Untracked 
| 150|0x000000070de00000, 0x000000070de90c00, 0x000000070df00000| 56%| O|  |TAMS 0x000000070de90c00, 0x000000070de00000| Untracked 
| 151|0x000000070df00000, 0x000000070e000000, 0x000000070e000000|100%|HS|  |TAMS 0x000000070df00000, 0x000000070df00000| Complete 
| 152|0x000000070e000000, 0x000000070e100000, 0x000000070e100000|100%|HC|  |TAMS 0x000000070e000000, 0x000000070e000000| Complete 
| 153|0x000000070e100000, 0x000000070e200000, 0x000000070e200000|100%|HC|  |TAMS 0x000000070e100000, 0x000000070e100000| Complete 
| 154|0x000000070e200000, 0x000000070e300000, 0x000000070e300000|100%|HC|  |TAMS 0x000000070e200000, 0x000000070e200000| Complete 
| 155|0x000000070e300000, 0x000000070e300000, 0x000000070e400000|  0%| F|  |TAMS 0x000000070e300000, 0x000000070e300000| Untracked 
| 156|0x000000070e400000, 0x000000070e400000, 0x000000070e500000|  0%| F|  |TAMS 0x000000070e400000, 0x000000070e400000| Untracked 
| 157|0x000000070e500000, 0x000000070e500000, 0x000000070e600000|  0%| F|  |TAMS 0x000000070e500000, 0x000000070e500000| Untracked 
| 158|0x000000070e600000, 0x000000070e600000, 0x000000070e700000|  0%| F|  |TAMS 0x000000070e600000, 0x000000070e600000| Untracked 
| 159|0x000000070e700000, 0x000000070e700000, 0x000000070e800000|  0%| F|  |TAMS 0x000000070e700000, 0x000000070e700000| Untracked 
| 160|0x000000070e800000, 0x000000070e800000, 0x000000070e900000|  0%| F|  |TAMS 0x000000070e800000, 0x000000070e800000| Untracked 
| 161|0x000000070e900000, 0x000000070e900000, 0x000000070ea00000|  0%| F|  |TAMS 0x000000070e900000, 0x000000070e900000| Untracked 
| 162|0x000000070ea00000, 0x000000070ea00000, 0x000000070eb00000|  0%| F|  |TAMS 0x000000070ea00000, 0x000000070ea00000| Untracked 
| 163|0x000000070eb00000, 0x000000070eb00000, 0x000000070ec00000|  0%| F|  |TAMS 0x000000070eb00000, 0x000000070eb00000| Untracked 
| 164|0x000000070ec00000, 0x000000070ec00000, 0x000000070ed00000|  0%| F|  |TAMS 0x000000070ec00000, 0x000000070ec00000| Untracked 
| 165|0x000000070ed00000, 0x000000070ed00000, 0x000000070ee00000|  0%| F|  |TAMS 0x000000070ed00000, 0x000000070ed00000| Untracked 
| 166|0x000000070ee00000, 0x000000070ee00000, 0x000000070ef00000|  0%| F|  |TAMS 0x000000070ee00000, 0x000000070ee00000| Untracked 
| 167|0x000000070ef00000, 0x000000070ef00000, 0x000000070f000000|  0%| F|  |TAMS 0x000000070ef00000, 0x000000070ef00000| Untracked 
| 168|0x000000070f000000, 0x000000070f000000, 0x000000070f100000|  0%| F|  |TAMS 0x000000070f000000, 0x000000070f000000| Untracked 
| 169|0x000000070f100000, 0x000000070f100000, 0x000000070f200000|  0%| F|  |TAMS 0x000000070f100000, 0x000000070f100000| Untracked 
| 170|0x000000070f200000, 0x000000070f200000, 0x000000070f300000|  0%| F|  |TAMS 0x000000070f200000, 0x000000070f200000| Untracked 
| 171|0x000000070f300000, 0x000000070f300000, 0x000000070f400000|  0%| F|  |TAMS 0x000000070f300000, 0x000000070f300000| Untracked 
| 172|0x000000070f400000, 0x000000070f400000, 0x000000070f500000|  0%| F|  |TAMS 0x000000070f400000, 0x000000070f400000| Untracked 
| 173|0x000000070f500000, 0x000000070f500000, 0x000000070f600000|  0%| F|  |TAMS 0x000000070f500000, 0x000000070f500000| Untracked 
| 174|0x000000070f600000, 0x000000070f600000, 0x000000070f700000|  0%| F|  |TAMS 0x000000070f600000, 0x000000070f600000| Untracked 
| 175|0x000000070f700000, 0x000000070f700000, 0x000000070f800000|  0%| F|  |TAMS 0x000000070f700000, 0x000000070f700000| Untracked 
| 176|0x000000070f800000, 0x000000070f800000, 0x000000070f900000|  0%| F|  |TAMS 0x000000070f800000, 0x000000070f800000| Untracked 
| 177|0x000000070f900000, 0x000000070f900000, 0x000000070fa00000|  0%| F|  |TAMS 0x000000070f900000, 0x000000070f900000| Untracked 
| 178|0x000000070fa00000, 0x000000070fa00000, 0x000000070fb00000|  0%| F|  |TAMS 0x000000070fa00000, 0x000000070fa00000| Untracked 
| 179|0x000000070fb00000, 0x000000070fb00000, 0x000000070fc00000|  0%| F|  |TAMS 0x000000070fb00000, 0x000000070fb00000| Untracked 
| 180|0x000000070fc00000, 0x000000070fc00000, 0x000000070fd00000|  0%| F|  |TAMS 0x000000070fc00000, 0x000000070fc00000| Untracked 
| 181|0x000000070fd00000, 0x000000070fd00000, 0x000000070fe00000|  0%| F|  |TAMS 0x000000070fd00000, 0x000000070fd00000| Untracked 
| 182|0x000000070fe00000, 0x000000070fe00000, 0x000000070ff00000|  0%| F|  |TAMS 0x000000070fe00000, 0x000000070fe00000| Untracked 
| 183|0x000000070ff00000, 0x000000070ff00000, 0x0000000710000000|  0%| F|  |TAMS 0x000000070ff00000, 0x000000070ff00000| Untracked 
| 184|0x0000000710000000, 0x0000000710000000, 0x0000000710100000|  0%| F|  |TAMS 0x0000000710000000, 0x0000000710000000| Untracked 
| 185|0x0000000710100000, 0x0000000710100000, 0x0000000710200000|  0%| F|  |TAMS 0x0000000710100000, 0x0000000710100000| Untracked 
| 186|0x0000000710200000, 0x0000000710200000, 0x0000000710300000|  0%| F|  |TAMS 0x0000000710200000, 0x0000000710200000| Untracked 
| 187|0x0000000710300000, 0x0000000710300000, 0x0000000710400000|  0%| F|  |TAMS 0x0000000710300000, 0x0000000710300000| Untracked 
| 188|0x0000000710400000, 0x0000000710400000, 0x0000000710500000|  0%| F|  |TAMS 0x0000000710400000, 0x0000000710400000| Untracked 
| 189|0x0000000710500000, 0x0000000710500000, 0x0000000710600000|  0%| F|  |TAMS 0x0000000710500000, 0x0000000710500000| Untracked 
| 190|0x0000000710600000, 0x0000000710600000, 0x0000000710700000|  0%| F|  |TAMS 0x0000000710600000, 0x0000000710600000| Untracked 
| 191|0x0000000710700000, 0x0000000710700000, 0x0000000710800000|  0%| F|  |TAMS 0x0000000710700000, 0x0000000710700000| Untracked 
| 192|0x0000000710800000, 0x0000000710800000, 0x0000000710900000|  0%| F|  |TAMS 0x0000000710800000, 0x0000000710800000| Untracked 
| 193|0x0000000710900000, 0x0000000710900000, 0x0000000710a00000|  0%| F|  |TAMS 0x0000000710900000, 0x0000000710900000| Untracked 
| 194|0x0000000710a00000, 0x0000000710a00000, 0x0000000710b00000|  0%| F|  |TAMS 0x0000000710a00000, 0x0000000710a00000| Untracked 
| 195|0x0000000710b00000, 0x0000000710b00000, 0x0000000710c00000|  0%| F|  |TAMS 0x0000000710b00000, 0x0000000710b00000| Untracked 
| 196|0x0000000710c00000, 0x0000000710c00000, 0x0000000710d00000|  0%| F|  |TAMS 0x0000000710c00000, 0x0000000710c00000| Untracked 
| 197|0x0000000710d00000, 0x0000000710d00000, 0x0000000710e00000|  0%| F|  |TAMS 0x0000000710d00000, 0x0000000710d00000| Untracked 
| 198|0x0000000710e00000, 0x0000000710e00000, 0x0000000710f00000|  0%| F|  |TAMS 0x0000000710e00000, 0x0000000710e00000| Untracked 
| 199|0x0000000710f00000, 0x0000000710f00000, 0x0000000711000000|  0%| F|  |TAMS 0x0000000710f00000, 0x0000000710f00000| Untracked 
| 200|0x0000000711000000, 0x0000000711000000, 0x0000000711100000|  0%| F|  |TAMS 0x0000000711000000, 0x0000000711000000| Untracked 
| 201|0x0000000711100000, 0x0000000711100000, 0x0000000711200000|  0%| F|  |TAMS 0x0000000711100000, 0x0000000711100000| Untracked 
| 202|0x0000000711200000, 0x0000000711200000, 0x0000000711300000|  0%| F|  |TAMS 0x0000000711200000, 0x0000000711200000| Untracked 
| 203|0x0000000711300000, 0x0000000711300000, 0x0000000711400000|  0%| F|  |TAMS 0x0000000711300000, 0x0000000711300000| Untracked 
| 204|0x0000000711400000, 0x0000000711400000, 0x0000000711500000|  0%| F|  |TAMS 0x0000000711400000, 0x0000000711400000| Untracked 
| 205|0x0000000711500000, 0x0000000711500000, 0x0000000711600000|  0%| F|  |TAMS 0x0000000711500000, 0x0000000711500000| Untracked 
| 206|0x0000000711600000, 0x0000000711600000, 0x0000000711700000|  0%| F|  |TAMS 0x0000000711600000, 0x0000000711600000| Untracked 
| 207|0x0000000711700000, 0x0000000711700000, 0x0000000711800000|  0%| F|  |TAMS 0x0000000711700000, 0x0000000711700000| Untracked 
| 208|0x0000000711800000, 0x0000000711800000, 0x0000000711900000|  0%| F|  |TAMS 0x0000000711800000, 0x0000000711800000| Untracked 
| 209|0x0000000711900000, 0x0000000711900000, 0x0000000711a00000|  0%| F|  |TAMS 0x0000000711900000, 0x0000000711900000| Untracked 
| 210|0x0000000711a00000, 0x0000000711a00000, 0x0000000711b00000|  0%| F|  |TAMS 0x0000000711a00000, 0x0000000711a00000| Untracked 
| 211|0x0000000711b00000, 0x0000000711b00000, 0x0000000711c00000|  0%| F|  |TAMS 0x0000000711b00000, 0x0000000711b00000| Untracked 
| 212|0x0000000711c00000, 0x0000000711c00000, 0x0000000711d00000|  0%| F|  |TAMS 0x0000000711c00000, 0x0000000711c00000| Untracked 
| 213|0x0000000711d00000, 0x0000000711d00000, 0x0000000711e00000|  0%| F|  |TAMS 0x0000000711d00000, 0x0000000711d00000| Untracked 
| 214|0x0000000711e00000, 0x0000000711e00000, 0x0000000711f00000|  0%| F|  |TAMS 0x0000000711e00000, 0x0000000711e00000| Untracked 
| 215|0x0000000711f00000, 0x0000000711f00000, 0x0000000712000000|  0%| F|  |TAMS 0x0000000711f00000, 0x0000000711f00000| Untracked 
| 216|0x0000000712000000, 0x0000000712000000, 0x0000000712100000|  0%| F|  |TAMS 0x0000000712000000, 0x0000000712000000| Untracked 
| 217|0x0000000712100000, 0x0000000712100000, 0x0000000712200000|  0%| F|  |TAMS 0x0000000712100000, 0x0000000712100000| Untracked 
| 218|0x0000000712200000, 0x0000000712200000, 0x0000000712300000|  0%| F|  |TAMS 0x0000000712200000, 0x0000000712200000| Untracked 
| 219|0x0000000712300000, 0x0000000712300000, 0x0000000712400000|  0%| F|  |TAMS 0x0000000712300000, 0x0000000712300000| Untracked 
| 220|0x0000000712400000, 0x0000000712400000, 0x0000000712500000|  0%| F|  |TAMS 0x0000000712400000, 0x0000000712400000| Untracked 
| 221|0x0000000712500000, 0x0000000712500000, 0x0000000712600000|  0%| F|  |TAMS 0x0000000712500000, 0x0000000712500000| Untracked 
| 222|0x0000000712600000, 0x0000000712600000, 0x0000000712700000|  0%| F|  |TAMS 0x0000000712600000, 0x0000000712600000| Untracked 
| 223|0x0000000712700000, 0x0000000712700000, 0x0000000712800000|  0%| F|  |TAMS 0x0000000712700000, 0x0000000712700000| Untracked 
| 224|0x0000000712800000, 0x0000000712800000, 0x0000000712900000|  0%| F|  |TAMS 0x0000000712800000, 0x0000000712800000| Untracked 
| 225|0x0000000712900000, 0x0000000712900000, 0x0000000712a00000|  0%| F|  |TAMS 0x0000000712900000, 0x0000000712900000| Untracked 
| 226|0x0000000712a00000, 0x0000000712a00000, 0x0000000712b00000|  0%| F|  |TAMS 0x0000000712a00000, 0x0000000712a00000| Untracked 
| 227|0x0000000712b00000, 0x0000000712b00000, 0x0000000712c00000|  0%| F|  |TAMS 0x0000000712b00000, 0x0000000712b00000| Untracked 
| 228|0x0000000712c00000, 0x0000000712c00000, 0x0000000712d00000|  0%| F|  |TAMS 0x0000000712c00000, 0x0000000712c00000| Untracked 
| 229|0x0000000712d00000, 0x0000000712d00000, 0x0000000712e00000|  0%| F|  |TAMS 0x0000000712d00000, 0x0000000712d00000| Untracked 
| 230|0x0000000712e00000, 0x0000000712e00000, 0x0000000712f00000|  0%| F|  |TAMS 0x0000000712e00000, 0x0000000712e00000| Untracked 
| 231|0x0000000712f00000, 0x0000000712f00000, 0x0000000713000000|  0%| F|  |TAMS 0x0000000712f00000, 0x0000000712f00000| Untracked 
| 232|0x0000000713000000, 0x0000000713000000, 0x0000000713100000|  0%| F|  |TAMS 0x0000000713000000, 0x0000000713000000| Untracked 
| 233|0x0000000713100000, 0x0000000713100000, 0x0000000713200000|  0%| F|  |TAMS 0x0000000713100000, 0x0000000713100000| Untracked 
| 234|0x0000000713200000, 0x0000000713200000, 0x0000000713300000|  0%| F|  |TAMS 0x0000000713200000, 0x0000000713200000| Untracked 
| 235|0x0000000713300000, 0x0000000713300000, 0x0000000713400000|  0%| F|  |TAMS 0x0000000713300000, 0x0000000713300000| Untracked 
| 236|0x0000000713400000, 0x0000000713400000, 0x0000000713500000|  0%| F|  |TAMS 0x0000000713400000, 0x0000000713400000| Untracked 
| 237|0x0000000713500000, 0x0000000713500000, 0x0000000713600000|  0%| F|  |TAMS 0x0000000713500000, 0x0000000713500000| Untracked 
| 238|0x0000000713600000, 0x0000000713600000, 0x0000000713700000|  0%| F|  |TAMS 0x0000000713600000, 0x0000000713600000| Untracked 
| 239|0x0000000713700000, 0x0000000713700000, 0x0000000713800000|  0%| F|  |TAMS 0x0000000713700000, 0x0000000713700000| Untracked 
| 240|0x0000000713800000, 0x0000000713800000, 0x0000000713900000|  0%| F|  |TAMS 0x0000000713800000, 0x0000000713800000| Untracked 
| 241|0x0000000713900000, 0x0000000713900000, 0x0000000713a00000|  0%| F|  |TAMS 0x0000000713900000, 0x0000000713900000| Untracked 
| 242|0x0000000713a00000, 0x0000000713a00000, 0x0000000713b00000|  0%| F|  |TAMS 0x0000000713a00000, 0x0000000713a00000| Untracked 
| 243|0x0000000713b00000, 0x0000000713b00000, 0x0000000713c00000|  0%| F|  |TAMS 0x0000000713b00000, 0x0000000713b00000| Untracked 
| 244|0x0000000713c00000, 0x0000000713c00000, 0x0000000713d00000|  0%| F|  |TAMS 0x0000000713c00000, 0x0000000713c00000| Untracked 
| 245|0x0000000713d00000, 0x0000000713d00000, 0x0000000713e00000|  0%| F|  |TAMS 0x0000000713d00000, 0x0000000713d00000| Untracked 
| 246|0x0000000713e00000, 0x0000000713e00000, 0x0000000713f00000|  0%| F|  |TAMS 0x0000000713e00000, 0x0000000713e00000| Untracked 
| 247|0x0000000713f00000, 0x0000000713f00000, 0x0000000714000000|  0%| F|  |TAMS 0x0000000713f00000, 0x0000000713f00000| Untracked 
| 248|0x0000000714000000, 0x0000000714000000, 0x0000000714100000|  0%| F|  |TAMS 0x0000000714000000, 0x0000000714000000| Untracked 
| 249|0x0000000714100000, 0x0000000714100000, 0x0000000714200000|  0%| F|  |TAMS 0x0000000714100000, 0x0000000714100000| Untracked 
| 250|0x0000000714200000, 0x0000000714200000, 0x0000000714300000|  0%| F|  |TAMS 0x0000000714200000, 0x0000000714200000| Untracked 
| 251|0x0000000714300000, 0x0000000714300000, 0x0000000714400000|  0%| F|  |TAMS 0x0000000714300000, 0x0000000714300000| Untracked 
| 252|0x0000000714400000, 0x0000000714400000, 0x0000000714500000|  0%| F|  |TAMS 0x0000000714400000, 0x0000000714400000| Untracked 
| 253|0x0000000714500000, 0x0000000714500000, 0x0000000714600000|  0%| F|  |TAMS 0x0000000714500000, 0x0000000714500000| Untracked 
| 254|0x0000000714600000, 0x0000000714600000, 0x0000000714700000|  0%| F|  |TAMS 0x0000000714600000, 0x0000000714600000| Untracked 
| 255|0x0000000714700000, 0x0000000714700000, 0x0000000714800000|  0%| F|  |TAMS 0x0000000714700000, 0x0000000714700000| Untracked 
| 256|0x0000000714800000, 0x0000000714800000, 0x0000000714900000|  0%| F|  |TAMS 0x0000000714800000, 0x0000000714800000| Untracked 
| 257|0x0000000714900000, 0x0000000714900000, 0x0000000714a00000|  0%| F|  |TAMS 0x0000000714900000, 0x0000000714900000| Untracked 
| 258|0x0000000714a00000, 0x0000000714a00000, 0x0000000714b00000|  0%| F|  |TAMS 0x0000000714a00000, 0x0000000714a00000| Untracked 
| 259|0x0000000714b00000, 0x0000000714b00000, 0x0000000714c00000|  0%| F|  |TAMS 0x0000000714b00000, 0x0000000714b00000| Untracked 
| 260|0x0000000714c00000, 0x0000000714c00000, 0x0000000714d00000|  0%| F|  |TAMS 0x0000000714c00000, 0x0000000714c00000| Untracked 
| 261|0x0000000714d00000, 0x0000000714d00000, 0x0000000714e00000|  0%| F|  |TAMS 0x0000000714d00000, 0x0000000714d00000| Untracked 
| 262|0x0000000714e00000, 0x0000000714e00000, 0x0000000714f00000|  0%| F|  |TAMS 0x0000000714e00000, 0x0000000714e00000| Untracked 
| 263|0x0000000714f00000, 0x0000000714f00000, 0x0000000715000000|  0%| F|  |TAMS 0x0000000714f00000, 0x0000000714f00000| Untracked 
| 264|0x0000000715000000, 0x0000000715000000, 0x0000000715100000|  0%| F|  |TAMS 0x0000000715000000, 0x0000000715000000| Untracked 
| 265|0x0000000715100000, 0x0000000715100000, 0x0000000715200000|  0%| F|  |TAMS 0x0000000715100000, 0x0000000715100000| Untracked 
| 266|0x0000000715200000, 0x0000000715200000, 0x0000000715300000|  0%| F|  |TAMS 0x0000000715200000, 0x0000000715200000| Untracked 
| 267|0x0000000715300000, 0x0000000715300000, 0x0000000715400000|  0%| F|  |TAMS 0x0000000715300000, 0x0000000715300000| Untracked 
| 268|0x0000000715400000, 0x0000000715400000, 0x0000000715500000|  0%| F|  |TAMS 0x0000000715400000, 0x0000000715400000| Untracked 
| 269|0x0000000715500000, 0x0000000715500000, 0x0000000715600000|  0%| F|  |TAMS 0x0000000715500000, 0x0000000715500000| Untracked 
| 270|0x0000000715600000, 0x0000000715600000, 0x0000000715700000|  0%| F|  |TAMS 0x0000000715600000, 0x0000000715600000| Untracked 
| 271|0x0000000715700000, 0x0000000715700000, 0x0000000715800000|  0%| F|  |TAMS 0x0000000715700000, 0x0000000715700000| Untracked 
| 272|0x0000000715800000, 0x0000000715800000, 0x0000000715900000|  0%| F|  |TAMS 0x0000000715800000, 0x0000000715800000| Untracked 
| 273|0x0000000715900000, 0x0000000715900000, 0x0000000715a00000|  0%| F|  |TAMS 0x0000000715900000, 0x0000000715900000| Untracked 
| 274|0x0000000715a00000, 0x0000000715a00000, 0x0000000715b00000|  0%| F|  |TAMS 0x0000000715a00000, 0x0000000715a00000| Untracked 
| 275|0x0000000715b00000, 0x0000000715b00000, 0x0000000715c00000|  0%| F|  |TAMS 0x0000000715b00000, 0x0000000715b00000| Untracked 
| 276|0x0000000715c00000, 0x0000000715c00000, 0x0000000715d00000|  0%| F|  |TAMS 0x0000000715c00000, 0x0000000715c00000| Untracked 
| 277|0x0000000715d00000, 0x0000000715d7f3c0, 0x0000000715e00000| 49%| S|CS|TAMS 0x0000000715d00000, 0x0000000715d00000| Complete 
| 278|0x0000000715e00000, 0x0000000715f00000, 0x0000000715f00000|100%| S|CS|TAMS 0x0000000715e00000, 0x0000000715e00000| Complete 
| 279|0x0000000715f00000, 0x0000000716000000, 0x0000000716000000|100%| S|CS|TAMS 0x0000000715f00000, 0x0000000715f00000| Complete 
| 280|0x0000000716000000, 0x0000000716000000, 0x0000000716100000|  0%| F|  |TAMS 0x0000000716000000, 0x0000000716000000| Untracked 
| 281|0x0000000716100000, 0x0000000716100000, 0x0000000716200000|  0%| F|  |TAMS 0x0000000716100000, 0x0000000716100000| Untracked 
| 282|0x0000000716200000, 0x0000000716200000, 0x0000000716300000|  0%| F|  |TAMS 0x0000000716200000, 0x0000000716200000| Untracked 
| 283|0x0000000716300000, 0x0000000716300000, 0x0000000716400000|  0%| F|  |TAMS 0x0000000716300000, 0x0000000716300000| Untracked 
| 284|0x0000000716400000, 0x0000000716400000, 0x0000000716500000|  0%| F|  |TAMS 0x0000000716400000, 0x0000000716400000| Untracked 
| 285|0x0000000716500000, 0x0000000716500000, 0x0000000716600000|  0%| F|  |TAMS 0x0000000716500000, 0x0000000716500000| Untracked 
| 286|0x0000000716600000, 0x0000000716600000, 0x0000000716700000|  0%| F|  |TAMS 0x0000000716600000, 0x0000000716600000| Untracked 
| 287|0x0000000716700000, 0x0000000716700000, 0x0000000716800000|  0%| F|  |TAMS 0x0000000716700000, 0x0000000716700000| Untracked 
| 288|0x0000000716800000, 0x0000000716800000, 0x0000000716900000|  0%| F|  |TAMS 0x0000000716800000, 0x0000000716800000| Untracked 
| 289|0x0000000716900000, 0x0000000716900000, 0x0000000716a00000|  0%| F|  |TAMS 0x0000000716900000, 0x0000000716900000| Untracked 
| 290|0x0000000716a00000, 0x0000000716a00000, 0x0000000716b00000|  0%| F|  |TAMS 0x0000000716a00000, 0x0000000716a00000| Untracked 
| 291|0x0000000716b00000, 0x0000000716b00000, 0x0000000716c00000|  0%| F|  |TAMS 0x0000000716b00000, 0x0000000716b00000| Untracked 
| 292|0x0000000716c00000, 0x0000000716c00000, 0x0000000716d00000|  0%| F|  |TAMS 0x0000000716c00000, 0x0000000716c00000| Untracked 
| 293|0x0000000716d00000, 0x0000000716d00000, 0x0000000716e00000|  0%| F|  |TAMS 0x0000000716d00000, 0x0000000716d00000| Untracked 
| 294|0x0000000716e00000, 0x0000000716e00000, 0x0000000716f00000|  0%| F|  |TAMS 0x0000000716e00000, 0x0000000716e00000| Untracked 
| 295|0x0000000716f00000, 0x0000000716f00000, 0x0000000717000000|  0%| F|  |TAMS 0x0000000716f00000, 0x0000000716f00000| Untracked 
| 296|0x0000000717000000, 0x0000000717000000, 0x0000000717100000|  0%| F|  |TAMS 0x0000000717000000, 0x0000000717000000| Untracked 
| 297|0x0000000717100000, 0x0000000717100000, 0x0000000717200000|  0%| F|  |TAMS 0x0000000717100000, 0x0000000717100000| Untracked 
| 298|0x0000000717200000, 0x000000071728cf58, 0x0000000717300000| 55%| E|  |TAMS 0x0000000717200000, 0x0000000717200000| Complete 
| 299|0x0000000717300000, 0x0000000717400000, 0x0000000717400000|100%| E|CS|TAMS 0x0000000717300000, 0x0000000717300000| Complete 
| 300|0x0000000717400000, 0x0000000717500000, 0x0000000717500000|100%| E|CS|TAMS 0x0000000717400000, 0x0000000717400000| Complete 
| 301|0x0000000717500000, 0x0000000717600000, 0x0000000717600000|100%| E|CS|TAMS 0x0000000717500000, 0x0000000717500000| Complete 
| 302|0x0000000717600000, 0x0000000717700000, 0x0000000717700000|100%| E|CS|TAMS 0x0000000717600000, 0x0000000717600000| Complete 

Card table byte_map: [0x00000197cd800000,0x00000197cdfe0000] _byte_map_base: 0x00000197c9fdc000

Marking Bits (Prev, Next): (CMBitMap*) 0x00000197b6431f80, (CMBitMap*) 0x00000197b6431f48
 Prev Bits: [0x00000197d26a0000, 0x00000197d6580000)
 Next Bits: [0x00000197ce7c0000, 0x00000197d26a0000)

Polling page: 0x00000197b3ff0000

Metaspace:

Usage:
  Non-class:     20.79 MB capacity,    20.57 MB ( 99%) used,   185.26 KB ( <1%) free+waste,    36.88 KB ( <1%) overhead. 
      Class:      2.39 MB capacity,     2.25 MB ( 94%) used,   129.95 KB (  5%) free+waste,    18.31 KB ( <1%) overhead. 
       Both:     23.18 MB capacity,    22.82 MB ( 98%) used,   315.20 KB (  1%) free+waste,    55.19 KB ( <1%) overhead. 

Virtual space:
  Non-class space:       22.00 MB reserved,      21.00 MB ( 95%) committed 
      Class space:        1.00 GB reserved,       2.50 MB ( <1%) committed 
             Both:        1.02 GB reserved,      23.50 MB (  2%) committed 

Chunk freelists:
   Non-Class:  3.50 KB
       Class:  1.75 KB
        Both:  5.25 KB

CodeHeap 'non-profiled nmethods': size=120000Kb used=2381Kb max_used=2381Kb free=117619Kb
 bounds [0x00000197c55a0000, 0x00000197c5810000, 0x00000197ccad0000]
CodeHeap 'profiled nmethods': size=120000Kb used=6930Kb max_used=6930Kb free=113069Kb
 bounds [0x00000197be070000, 0x00000197be740000, 0x00000197c55a0000]
CodeHeap 'non-nmethods': size=5760Kb used=1317Kb max_used=1384Kb free=4442Kb
 bounds [0x00000197bdad0000, 0x00000197bdd40000, 0x00000197be070000]
 total_blobs=3498 nmethods=2779 adapters=630
 compilation: enabled
              stopped_count=0, restarted_count=0
 full_count=0

Compilation events (10 events):
Event: 316.194 Thread 0x00000197d9c30000 2779   !   3       javax.media.j3d.MasterControl::sendRunMessage (327 bytes)
Event: 316.195 Thread 0x00000197d9c30000 nmethod 2779 0x00000197be72fd10 code [0x00000197be72ffc0, 0x00000197be731258]
Event: 316.195 Thread 0x00000197d9c30000 2782       3       javax.media.j3d.AttributeBin::updateAttributes (151 bytes)
Event: 316.195 Thread 0x00000197d9c30000 nmethod 2782 0x00000197be731e10 code [0x00000197be732020, 0x00000197be732998]
Event: 316.205 Thread 0x00000197d9c30000 2784   !   3       javax.media.j3d.GeometryStructure::getVisibleBHTrees (356 bytes)
Event: 316.206 Thread 0x00000197d9c30000 nmethod 2784 0x00000197be732c10 code [0x00000197be732ec0, 0x00000197be733e18]
Event: 329.726 Thread 0x00000197d9c2e800 2785       4       javax.media.j3d.NativePipeline::resetRenderingAttributes (12 bytes)
Event: 329.727 Thread 0x00000197d9c2e800 nmethod 2785 0x00000197c57f2d90 code [0x00000197c57f2f20, 0x00000197c57f2fe8]
Event: 333.864 Thread 0x00000197d9c30000 2786       1       java.util.concurrent.CopyOnWriteArrayList::getArray (5 bytes)
Event: 333.864 Thread 0x00000197d9c30000 nmethod 2786 0x00000197c57f3110 code [0x00000197c57f32a0, 0x00000197c57f3358]

GC Heap History (10 events):
Event: 1.891 GC heap before
{Heap before GC invocations=14 (full 0):
 garbage-first heap   total 258048K, used 135096K [0x0000000704800000, 0x0000000800000000)
  region size 1024K, 21 young (21504K), 1 survivors (1024K)
 Metaspace       used 20020K, capacity 20275K, committed 20352K, reserved 1067008K
  class space    used 2041K, capacity 2169K, committed 2176K, reserved 1048576K
}
Event: 1.892 GC heap after
{Heap after GC invocations=15 (full 0):
 garbage-first heap   total 258048K, used 99263K [0x0000000704800000, 0x0000000800000000)
  region size 1024K, 1 young (1024K), 1 survivors (1024K)
 Metaspace       used 20020K, capacity 20275K, committed 20352K, reserved 1067008K
  class space    used 2041K, capacity 2169K, committed 2176K, reserved 1048576K
}
Event: 1.949 GC heap before
{Heap before GC invocations=16 (full 0):
 garbage-first heap   total 258048K, used 137151K [0x0000000704800000, 0x0000000800000000)
  region size 1024K, 23 young (23552K), 1 survivors (1024K)
 Metaspace       used 20022K, capacity 20275K, committed 20352K, reserved 1067008K
  class space    used 2041K, capacity 2169K, committed 2176K, reserved 1048576K
}
Event: 1.950 GC heap after
{Heap after GC invocations=17 (full 0):
 garbage-first heap   total 258048K, used 103423K [0x0000000704800000, 0x0000000800000000)
  region size 1024K, 1 young (1024K), 1 survivors (1024K)
 Metaspace       used 20022K, capacity 20275K, committed 20352K, reserved 1067008K
  class space    used 2041K, capacity 2169K, committed 2176K, reserved 1048576K
}
Event: 1.996 GC heap before
{Heap before GC invocations=18 (full 0):
 garbage-first heap   total 258048K, used 135167K [0x0000000704800000, 0x0000000800000000)
  region size 1024K, 21 young (21504K), 1 survivors (1024K)
 Metaspace       used 20022K, capacity 20275K, committed 20352K, reserved 1067008K
  class space    used 2041K, capacity 2169K, committed 2176K, reserved 1048576K
}
Event: 1.997 GC heap after
{Heap after GC invocations=19 (full 0):
 garbage-first heap   total 310272K, used 105503K [0x0000000704800000, 0x0000000800000000)
  region size 1024K, 1 young (1024K), 1 survivors (1024K)
 Metaspace       used 20022K, capacity 20275K, committed 20352K, reserved 1067008K
  class space    used 2041K, capacity 2169K, committed 2176K, reserved 1048576K
}
Event: 162.029 GC heap before
{Heap before GC invocations=20 (full 0):
 garbage-first heap   total 310272K, used 269343K [0x0000000704800000, 0x0000000800000000)
  region size 1024K, 132 young (135168K), 1 survivors (1024K)
 Metaspace       used 23357K, capacity 23734K, committed 24064K, reserved 1071104K
  class space    used 2301K, capacity 2450K, committed 2560K, reserved 1048576K
}
Event: 162.055 GC heap after
{Heap after GC invocations=21 (full 0):
 garbage-first heap   total 310272K, used 146024K [0x0000000704800000, 0x0000000800000000)
  region size 1024K, 17 young (17408K), 17 survivors (17408K)
 Metaspace       used 23357K, capacity 23734K, committed 24064K, reserved 1071104K
  class space    used 2301K, capacity 2450K, committed 2560K, reserved 1048576K
}
Event: 311.645 GC heap before
{Heap before GC invocations=21 (full 0):
 garbage-first heap   total 310272K, used 176744K [0x0000000704800000, 0x0000000800000000)
  region size 1024K, 40 young (40960K), 17 survivors (17408K)
 Metaspace       used 23361K, capacity 23734K, committed 24064K, reserved 1071104K
  class space    used 2301K, capacity 2450K, committed 2560K, reserved 1048576K
}
Event: 311.653 GC heap after
{Heap after GC invocations=22 (full 0):
 garbage-first heap   total 310272K, used 156735K [0x0000000704800000, 0x0000000800000000)
  region size 1024K, 3 young (3072K), 3 survivors (3072K)
 Metaspace       used 23361K, capacity 23734K, committed 24064K, reserved 1071104K
  class space    used 2301K, capacity 2450K, committed 2560K, reserved 1048576K
}

Deoptimization events (10 events):
Event: 311.630 Thread 0x00000197e545a000 Uncommon trap: reason=unstable_if action=reinterpret pc=0x00000197c5663f3c method=javax.media.j3d.RenderBin.insertRenderAtom(Ljavax/media/j3d/RenderAtom;)Ljavax/media/j3d/RenderMolecule; @ 10 c2
Event: 311.630 Thread 0x00000197e545a000 Uncommon trap: reason=unstable_if action=reinterpret pc=0x00000197c5667d9c method=javax.media.j3d.RenderBin.findEnvironmentSet(Ljavax/media/j3d/RenderAtom;)Ljavax/media/j3d/EnvironmentSet; @ 184 c2
Event: 311.630 Thread 0x00000197e545a000 Uncommon trap: reason=unstable_if action=reinterpret pc=0x00000197c5669dfc method=javax.media.j3d.RenderBin.findAttributeBin(Ljavax/media/j3d/EnvironmentSet;Ljavax/media/j3d/RenderAtom;)Ljavax/media/j3d/AttributeBin; @ 30 c2
Event: 311.630 Thread 0x00000197e545a000 Uncommon trap: reason=unstable_if action=reinterpret pc=0x00000197c5655e44 method=javax.media.j3d.RenderBin.findTextureBin(Ljavax/media/j3d/ShaderBin;Ljavax/media/j3d/RenderAtom;)Ljavax/media/j3d/TextureBin; @ 30 c2
Event: 311.630 Thread 0x00000197e545a000 Uncommon trap: reason=unstable_if action=reinterpret pc=0x00000197c565889c method=javax.media.j3d.TextureBin.equals([Ljavax/media/j3d/TextureUnitStateRetained;Ljavax/media/j3d/RenderAtom;)Z @ 105 c2
Event: 311.630 Thread 0x00000197e545a000 Uncommon trap: reason=unstable_if action=reinterpret pc=0x00000197c565c1bc method=javax.media.j3d.RenderMolecule.addRenderAtom(Ljavax/media/j3d/RenderAtom;Ljavax/media/j3d/RenderBin;)V @ 385 c2
Event: 311.644 Thread 0x00000197da435000 Uncommon trap: reason=unstable_if action=reinterpret pc=0x00000197c574c398 method=java.util.HashMap$HashIterator.<init>(Ljava/util/HashMap;)V @ 45 c2
Event: 311.687 Thread 0x00000197e545a000 Uncommon trap: reason=unstable_if action=reinterpret pc=0x00000197c57e6be0 method=javax.media.j3d.RenderAtom.isOpaque()Z @ 38 c2
Event: 311.687 Thread 0x00000197e545a000 Uncommon trap: reason=unstable_if action=reinterpret pc=0x00000197c57e2c3c method=javax.media.j3d.RenderMolecule.equals(Ljavax/media/j3d/RenderAtom;Ljavax/media/j3d/PolygonAttributesRetained;Ljavax/media/j3d/LineAttributesRetained;Ljavax/media/j3d/PointAt
Event: 311.689 Thread 0x00000197dda0e800 Uncommon trap: reason=unstable_if action=reinterpret pc=0x00000197c57d0c4c method=javax.media.j3d.RenderBin.updateObject()V @ 2368 c2

Classes redefined (0 events):
No events

Internal exceptions (10 events):
Event: 0.606 Thread 0x00000197da435000 Exception <a 'java/lang/ClassNotFoundException'{0x0000000713b89688}: com/sun/swing/internal/plaf/synth/resources/spi/synthProvider> (0x0000000713b89688) thrown at [./open/src/hotspot/share/classfile/systemDictionary.cpp, line 226]
Event: 0.622 Thread 0x00000197da37d800 Exception <a 'java/lang/NoSuchMethodError'{0x0000000713d08b80}: 'void java.lang.invoke.DirectMethodHandle$Holder.invokeVirtual(java.lang.Object, java.lang.Object)'> (0x0000000713d08b80) thrown at [./open/src/hotspot/share/interpreter/linkResolver.cpp, lin
Event: 0.632 Thread 0x00000197da435000 Exception <a 'java/lang/NoSuchMethodError'{0x0000000713beb7c0}: 'void java.lang.invoke.DirectMethodHandle$Holder.invokeStaticInit(java.lang.Object)'> (0x0000000713beb7c0) thrown at [./open/src/hotspot/share/interpreter/linkResolver.cpp, line 773]
Event: 0.635 Thread 0x00000197da435000 Exception <a 'java/lang/NoSuchMethodError'{0x0000000713a1f640}: 'java.lang.Object java.lang.invoke.Invokers$Holder.linkToTargetMethod(java.lang.Object, int, java.lang.Object)'> (0x0000000713a1f640) thrown at [./open/src/hotspot/share/interpreter/linkResol
Event: 2.151 Thread 0x00000197da435000 Exception <a 'java/lang/NoSuchMethodError'{0x0000000714828408}: 'int java.lang.invoke.DirectMethodHandle$Holder.invokeSpecialIFC(java.lang.Object, java.lang.Object, int)'> (0x0000000714828408) thrown at [./open/src/hotspot/share/interpreter/linkResolver.c
Event: 2.353 Thread 0x00000197dda0e800 Implicit null exception at 0x00000197c5629e6f to 0x00000197c562a074
Event: 3.677 Thread 0x00000197da435000 Exception <a 'java/lang/NoSuchMethodError'{0x000000071473b5e0}: 'void java.lang.invoke.DirectMethodHandle$Holder.invokeSpecial(java.lang.Object, java.lang.Object, float)'> (0x000000071473b5e0) thrown at [./open/src/hotspot/share/interpreter/linkResolver.c
Event: 3.678 Thread 0x00000197da435000 Exception <a 'java/lang/NoSuchMethodError'{0x0000000714740f78}: 'java.lang.Object java.lang.invoke.DirectMethodHandle$Holder.invokeStatic(java.lang.Object, java.lang.Object, float)'> (0x0000000714740f78) thrown at [./open/src/hotspot/share/interpreter/lin
Event: 22.368 Thread 0x00000197dda0e800 Implicit null exception at 0x00000197c56f5df7 to 0x00000197c56f6c30
Event: 311.630 Thread 0x00000197e545a000 Implicit null exception at 0x00000197c56585d4 to 0x00000197c5658888

Events (10 events):
Event: 333.862 Executing VM operation: RevokeBias done
Event: 333.863 Thread 0x00000197e5460800 Thread added: 0x00000197e5460800
Event: 333.863 Thread 0x00000197e545f000 Thread added: 0x00000197e545f000
Event: 333.863 Thread 0x00000197e545e000 Thread added: 0x00000197e545e000
Event: 333.863 Thread 0x00000197e5461800 Thread added: 0x00000197e5461800
Event: 333.864 Thread 0x00000197e545f000 Thread exited: 0x00000197e545f000
Event: 333.864 Thread 0x00000197e5460800 Thread exited: 0x00000197e5460800
Event: 333.864 Executing VM operation: RevokeBias
Event: 333.864 Executing VM operation: RevokeBias done
Event: 333.864 Thread 0x00000197e545e000 Thread exited: 0x00000197e545e000


Dynamic libraries:
0x00007ff65b440000 - 0x00007ff65b450000 	C:\Program Files\Java\jdk-11\bin\java.exe
0x00007ffefcc60000 - 0x00007ffefcec0000 	C:\WINDOWS\SYSTEM32\ntdll.dll
0x00007ffefb820000 - 0x00007ffefb8e7000 	C:\WINDOWS\System32\KERNEL32.DLL
0x00007ffefa050000 - 0x00007ffefa41a000 	C:\WINDOWS\System32\KERNELBASE.dll
0x00007ffefa700000 - 0x00007ffefa84b000 	C:\WINDOWS\System32\ucrtbase.dll
0x00007ffee2d80000 - 0x00007ffee2d9b000 	C:\Program Files\Java\jdk-11\bin\VCRUNTIME140.dll
0x00007ffef3670000 - 0x00007ffef3689000 	C:\Program Files\Java\jdk-11\bin\jli.dll
0x00007ffefc870000 - 0x00007ffefc922000 	C:\WINDOWS\System32\ADVAPI32.dll
0x00007ffefb510000 - 0x00007ffefb5b9000 	C:\WINDOWS\System32\msvcrt.dll
0x00007ffefc330000 - 0x00007ffefc3d6000 	C:\WINDOWS\System32\sechost.dll
0x00007ffefc930000 - 0x00007ffefca46000 	C:\WINDOWS\System32\RPCRT4.dll
0x00007ffefca50000 - 0x00007ffefcc1c000 	C:\WINDOWS\System32\USER32.dll
0x00007ffefa610000 - 0x00007ffefa637000 	C:\WINDOWS\System32\win32u.dll
0x00007ffef8fa0000 - 0x00007ffef9237000 	C:\WINDOWS\WinSxS\amd64_microsoft.windows.common-controls_6595b64144ccf1df_6.0.26100.3624_none_3e086962e3345f24\COMCTL32.dll
0x00007ffefaaf0000 - 0x00007ffefab1a000 	C:\WINDOWS\System32\GDI32.dll
0x00007ffefa4d0000 - 0x00007ffefa601000 	C:\WINDOWS\System32\gdi32full.dll
0x00007ffefa420000 - 0x00007ffefa4c3000 	C:\WINDOWS\System32\msvcp_win.dll
0x00007ffeeeaa0000 - 0x00007ffeeeaab000 	C:\WINDOWS\SYSTEM32\VERSION.dll
0x00007ffefb910000 - 0x00007ffefb93f000 	C:\WINDOWS\System32\IMM32.DLL
0x00007ffee2d60000 - 0x00007ffee2d6c000 	C:\Program Files\Java\jdk-11\bin\vcruntime140_1.dll
0x00007ffec3e50000 - 0x00007ffec3ede000 	C:\Program Files\Java\jdk-11\bin\msvcp140.dll
0x00007ffe43a60000 - 0x00007ffe445c3000 	C:\Program Files\Java\jdk-11\bin\server\jvm.dll
0x00007ffefc010000 - 0x00007ffefc018000 	C:\WINDOWS\System32\PSAPI.DLL
0x00007ffef0e10000 - 0x00007ffef0e46000 	C:\WINDOWS\SYSTEM32\WINMM.dll
0x00007ffee2d70000 - 0x00007ffee2d7a000 	C:\WINDOWS\SYSTEM32\WSOCK32.dll
0x00007ffefb250000 - 0x00007ffefb2c4000 	C:\WINDOWS\System32\ws2_32.DLL
0x00007ffef8390000 - 0x00007ffef83aa000 	C:\WINDOWS\SYSTEM32\kernel.appcore.dll
0x00007ffee2ce0000 - 0x00007ffee2cf0000 	C:\Program Files\Java\jdk-11\bin\verify.dll
0x00007ffef96e0000 - 0x00007ffef9921000 	C:\WINDOWS\SYSTEM32\DBGHELP.DLL
0x00007ffefb9b0000 - 0x00007ffefbd32000 	C:\WINDOWS\System32\combase.dll
0x00007ffefb740000 - 0x00007ffefb816000 	C:\WINDOWS\System32\OLEAUT32.dll
0x00007ffef9560000 - 0x00007ffef9599000 	C:\WINDOWS\SYSTEM32\dbgcore.DLL
0x00007ffef9fb0000 - 0x00007ffefa049000 	C:\WINDOWS\System32\bcryptPrimitives.dll
0x00007ffee2880000 - 0x00007ffee28a8000 	C:\Program Files\Java\jdk-11\bin\java.dll
0x00007ffee2cd0000 - 0x00007ffee2cda000 	C:\Program Files\Java\jdk-11\bin\jimage.dll
0x00007ffed79f0000 - 0x00007ffed7a07000 	C:\Program Files\Java\jdk-11\bin\zip.dll
0x00007ffefab20000 - 0x00007ffefb249000 	C:\WINDOWS\System32\SHELL32.dll
0x00007ffef9e40000 - 0x00007ffef9fa8000 	C:\WINDOWS\System32\wintypes.dll
0x00007ffef71f0000 - 0x00007ffef7a42000 	C:\WINDOWS\SYSTEM32\windows.storage.dll
0x00007ffefc240000 - 0x00007ffefc32d000 	C:\WINDOWS\System32\SHCORE.dll
0x00007ffefb6d0000 - 0x00007ffefb734000 	C:\WINDOWS\System32\shlwapi.dll
0x00007ffef9d50000 - 0x00007ffef9d7f000 	C:\WINDOWS\SYSTEM32\profapi.dll
0x00007ffee2e40000 - 0x00007ffee2e59000 	C:\Program Files\Java\jdk-11\bin\net.dll
0x00007ffeef280000 - 0x00007ffeef39d000 	C:\WINDOWS\SYSTEM32\WINHTTP.dll
0x00007ffef88f0000 - 0x00007ffef895a000 	C:\WINDOWS\system32\mswsock.dll
0x00007ffed57b0000 - 0x00007ffed57c2000 	C:\Program Files\Java\jdk-11\bin\nio.dll
0x00007ffe55940000 - 0x00007ffe55ac3000 	C:\Program Files\Java\jdk-11\bin\awt.dll
0x00007ffef3450000 - 0x00007ffef34ec000 	C:\WINDOWS\SYSTEM32\apphelp.dll
0x00007ffef37c0000 - 0x00007ffef386e000 	C:\WINDOWS\system32\uxtheme.dll
0x00007ffe89340000 - 0x00007ffe89473000 	C:\ProgramData\A-Volute\A-Volute.Nahimic\Modules\Scheduled\x64\AudioDevProps2.dll
0x00007ffefbd40000 - 0x00007ffefbed6000 	C:\WINDOWS\System32\ole32.dll
0x00007ffefc0d0000 - 0x00007ffefc22d000 	C:\WINDOWS\System32\MSCTF.dll
0x00007ffef3610000 - 0x00007ffef3646000 	C:\WINDOWS\system32\DWMAPI.DLL
0x00007ffead640000 - 0x00007ffead6c7000 	C:\Program Files\Java\jdk-11\bin\freetype.dll
0x00007ffea2860000 - 0x00007ffea2941000 	C:\Program Files\Java\jdk-11\bin\fontmanager.dll
0x00007ffe805a0000 - 0x00007ffe806ac000 	C:\WINDOWS\system32\opengl32.dll
0x00007ffec3e20000 - 0x00007ffec3e4d000 	C:\WINDOWS\SYSTEM32\GLU32.dll
0x00007ffef6430000 - 0x00007ffef6477000 	C:\WINDOWS\SYSTEM32\dxcore.dll
0x00007ffef3a70000 - 0x00007ffef3b9e000 	C:\WINDOWS\system32\dxgi.dll
0x00007ffef3950000 - 0x00007ffef39ae000 	C:\WINDOWS\SYSTEM32\directxdatabasehelper.dll
0x00007ffef9aa0000 - 0x00007ffef9aff000 	C:\WINDOWS\SYSTEM32\cfgmgr32.dll
0x00007ffeeb8f0000 - 0x00007ffeebe80000 	C:\WINDOWS\System32\DriverStore\FileRepository\iigd_dch.inf_amd64_75394611ca221846\igdgmm64.dll
0x00007ffee5e60000 - 0x00007ffeead84000 	C:\WINDOWS\System32\DriverStore\FileRepository\iigd_dch.inf_amd64_75394611ca221846\igc64.dll
0x00007ffefc3e0000 - 0x00007ffefc866000 	C:\WINDOWS\System32\SETUPAPI.dll
0x00007ffef8ef0000 - 0x00007ffef8f03000 	C:\WINDOWS\SYSTEM32\msasn1.dll
0x00007ffeeea40000 - 0x00007ffeeea7b000 	C:\WINDOWS\SYSTEM32\cryptnet.dll
0x00007ffefa8e0000 - 0x00007ffefaa57000 	C:\WINDOWS\System32\CRYPT32.dll
0x00007ffef8db0000 - 0x00007ffef8dbc000 	C:\WINDOWS\SYSTEM32\cryptbase.dll
0x00007ffef8e50000 - 0x00007ffef8ead000 	C:\WINDOWS\SYSTEM32\wldp.dll
0x00007ffef8bb0000 - 0x00007ffef8d2c000 	C:\WINDOWS\SYSTEM32\drvstore.dll
0x00007ffef9a70000 - 0x00007ffef9a9d000 	C:\WINDOWS\SYSTEM32\devobj.dll
0x00007ffefa850000 - 0x00007ffefa8cf000 	C:\WINDOWS\System32\wintrust.dll
0x00007ffefbfe0000 - 0x00007ffefc000000 	C:\WINDOWS\System32\imagehlp.dll
0x00007ffef9a50000 - 0x00007ffef9a6c000 	C:\WINDOWS\SYSTEM32\CRYPTSP.dll
0x00007ffef84d0000 - 0x00007ffef850a000 	C:\WINDOWS\system32\rsaenh.dll
0x00007ffef9d20000 - 0x00007ffef9d46000 	C:\WINDOWS\SYSTEM32\bcrypt.dll
0x00007ffe54820000 - 0x00007ffe54af0000 	C:\WINDOWS\system32\nvspcap64.dll
0x00007ffef9630000 - 0x00007ffef9665000 	C:\WINDOWS\SYSTEM32\ntmarta.dll
0x00007ffef8960000 - 0x00007ffef8987000 	C:\WINDOWS\SYSTEM32\gpapi.dll
0x00007ffe542a0000 - 0x00007ffe543f5000 	C:\WINDOWS\System32\DriverStore\FileRepository\nvlt.inf_amd64_ef86ecf015042524\nvppex.dll
0x00007ffef0e80000 - 0x00007ffef0e87000 	C:\Program Files\Java\jdk-11\bin\jawt.dll
0x0000000010000000 - 0x000000001003e000 	C:\Program Files\Java\jdk-11\bin\j3dcore-ogl.dll
0x00007ffee3130000 - 0x00007ffee314a000 	C:\WINDOWS\SYSTEM32\windows.staterepositorycore.dll
0x00007ffe33b20000 - 0x00007ffe34f2e000 	C:\WINDOWS\System32\DriverStore\FileRepository\iigd_dch.inf_amd64_75394611ca221846\igxelpicd64.dll
0x00007ffe7b510000 - 0x00007ffe7b533000 	C:\WINDOWS\SYSTEM32\d3d12.dll
0x00007ffe89020000 - 0x00007ffe89186000 	C:\WINDOWS\System32\DriverStore\FileRepository\iigd_dch.inf_amd64_75394611ca221846\igdml64.dll
0x00007ffef9670000 - 0x00007ffef96ce000 	C:\WINDOWS\SYSTEM32\powrprof.dll
0x00007ffef9340000 - 0x00007ffef9354000 	C:\WINDOWS\SYSTEM32\UMPDC.dll
0x00007ffee2c80000 - 0x00007ffee2cae000 	C:\Program Files\Java\jdk-11\bin\javajpeg.dll
0x00007ffee2be0000 - 0x00007ffee2c14000 	C:\Users\nadia\AppData\Local\Temp\jSerialComm\2.9.2\jSerialComm.dll
0x00007ffee2fe0000 - 0x00007ffee3129000 	C:\WINDOWS\SYSTEM32\textinputframework.dll
0x00007ffeb8cf0000 - 0x00007ffeb9124000 	C:\WINDOWS\SYSTEM32\uiautomationcore.dll
0x00007ffeeca70000 - 0x00007ffeecadb000 	C:\WINDOWS\SYSTEM32\OLEACC.dll
0x00007ffefc020000 - 0x00007ffefc0c8000 	C:\WINDOWS\System32\clbcatq.dll
0x00007ffef30a0000 - 0x00007ffef31c6000 	C:\WINDOWS\SYSTEM32\CoreMessaging.dll
0x00007ffeeeb40000 - 0x00007ffeeee23000 	C:\WINDOWS\SYSTEM32\CoreUIComponents.dll

dbghelp: loaded successfully - version: 4.0.5 - missing functions: none
symbol engine: initialized successfully - sym options: 0x614 - pdb path: .;C:\Program Files\Java\jdk-11\bin;C:\WINDOWS\SYSTEM32;C:\WINDOWS\WinSxS\amd64_microsoft.windows.common-controls_6595b64144ccf1df_6.0.26100.3624_none_3e086962e3345f24;C:\Program Files\Java\jdk-11\bin\server;C:\ProgramData\A-Volute\A-Volute.Nahimic\Modules\Scheduled\x64;C:\WINDOWS\System32\DriverStore\FileRepository\iigd_dch.inf_amd64_75394611ca221846;C:\WINDOWS\System32\DriverStore\FileRepository\nvlt.inf_amd64_ef86ecf015042524;C:\Users\nadia\AppData\Local\Temp\jSerialComm\2.9.2

VM Arguments:
jvm_args: -Dfile.encoding=UTF-8 --module-path=C:\Users\nadia\OneDrive\Documentos\NetBeansProjects\ProyectoGraficaión\build\classes 
java_command: ESCENARIO.EdificioI
java_class_path (initial): C:\Program Files\Java\Java3D\Java3D\1.5.1\lib\ext\j3dcore.jar;C:\Program Files\Java\Java3D\Java3D\1.5.1\lib\ext\j3dutils.jar;C:\Program Files\Java\Java3D\Java3D\1.5.1\lib\ext\vecmath.jar;C:\Users\nadia\OneDrive\Documentos\Graficación\jSerialComm-2.9.2.jar;C:\Users\nadia\OneDrive\Documentos\NetBeansProjects\ProyectoGraficaión\build\classes
Launcher Type: SUN_STANDARD

[Global flags]
     intx CICompilerCount                          = 4                                         {product} {ergonomic}
     uint ConcGCThreads                            = 3                                         {product} {ergonomic}
     uint G1ConcRefinementThreads                  = 10                                        {product} {ergonomic}
   size_t G1HeapRegionSize                         = 1048576                                   {product} {ergonomic}
    uintx GCDrainStackTargetSize                   = 64                                        {product} {ergonomic}
   size_t InitialHeapSize                          = 264241152                                 {product} {ergonomic}
   size_t MarkStackSize                            = 4194304                                   {product} {ergonomic}
   size_t MaxHeapSize                              = 4219469824                                {product} {ergonomic}
   size_t MaxNewSize                               = 2531262464                                {product} {ergonomic}
   size_t MinHeapDeltaBytes                        = 1048576                                   {product} {ergonomic}
    uintx NonNMethodCodeHeapSize                   = 5836300                                {pd product} {ergonomic}
    uintx NonProfiledCodeHeapSize                  = 122910970                              {pd product} {ergonomic}
    uintx ProfiledCodeHeapSize                     = 122910970                              {pd product} {ergonomic}
    uintx ReservedCodeCacheSize                    = 251658240                              {pd product} {ergonomic}
     bool SegmentedCodeCache                       = true                                      {product} {ergonomic}
     bool UseCompressedClassPointers               = true                                 {lp64_product} {ergonomic}
     bool UseCompressedOops                        = true                                 {lp64_product} {ergonomic}
     bool UseG1GC                                  = true                                      {product} {ergonomic}
     bool UseLargePagesIndividualAllocation        = false                                  {pd product} {ergonomic}

Logging:
Log output configuration:
 #0: stdout all=warning uptime,level,tags
 #1: stderr all=off uptime,level,tags

Environment Variables:
PATH=C:\Program Files\Common Files\Oracle\Java\javapath;C:\ProgramData\Oracle\Java\javapath;C:\WINDOWS\system32;C:\WINDOWS;C:\WINDOWS\System32\Wbem;C:\WINDOWS\System32\WindowsPowerShell\v1.0\;C:\WINDOWS\System32\OpenSSH\;C:\Program Files (x86)\NVIDIA Corporation\PhysX\Common;C:\Program Files\NVIDIA Corporation\NVIDIA NvDLISR;C:\Program Files\dotnet\;C:\Program Files\Microsoft SQL Server\Client SDK\ODBC\170\Tools\Binn\;C:\Program Files (x86)\Microsoft SQL Server\160\Tools\Binn\;C:\Program Files\Microsoft SQL Server\160\Tools\Binn\;C:\Program Files\Microsoft SQL Server\160\DTS\Binn\;C:\Program Files (x86)\Microsoft SQL Server\160\DTS\Binn\;C:\Program Files\Git\cmd;C:\Users\nadia\AppData\Local\Microsoft\WindowsApps;C:\Users\nadia\AppData\Local\Programs\Microsoft VS Code\bin;C:\Users\nadia\.dotnet\tools;C:\Users\nadia\Downloads\PROGRAMAS\openjdk-23.0.2_windows-x64_bin;
USERNAME=nadia
OS=Windows_NT
PROCESSOR_IDENTIFIER=Intel64 Family 6 Model 151 Stepping 2, GenuineIntel



---------------  S Y S T E M  ---------------

OS: Windows 11 , 64 bit Build 26100 (10.0.26100.3775)
Hyper-V role detected

CPU:total 12 (initial active 12) (6 cores per cpu, 2 threads per core) family 6 model 151 stepping 2 microcode 0x35, cmov, cx8, fxsr, mmx, sse, sse2, sse3, ssse3, sse4.1, sse4.2, popcnt, avx, avx2, aes, clmul, erms, 3dnowpref, lzcnt, ht, tsc, tscinvbit, bmi1, bmi2, adx, sha, fma

Memory: 4k page, system-wide physical 16091M (6074M free)
TotalPageFile size 21119M (AvailPageFile size 5811M)
current process WorkingSet (physical memory assigned to process): 541M, peak: 652M
current process commit charge ("private bytes"): 557M, peak: 689M

vm_info: Java HotSpot(TM) 64-Bit Server VM (11.0.25+9-LTS-256) for windows-amd64 JRE (11.0.25+9-LTS-256), built on Sep 30 2024 06:30:20 by "mach5one" with MS VC++ 17.6 (VS2022)

END.
