#
# A fatal error has been detected by the Java Runtime Environment:
#
#  EXCEPTION_ACCESS_VIOLATION (0xc0000005) at pc=0x00007ffcb321f0ad, pid=27452, tid=27200
#
# JRE version: Java(TM) SE Runtime Environment 18.9 (11.0.25+9) (build 11.0.25+9-LTS-256)
# Java VM: Java HotSpot(TM) 64-Bit Server VM 18.9 (11.0.25+9-LTS-256, mixed mode, tiered, compressed oops, g1 gc, windows-amd64)
# Problematic frame:
# C  [igxelpicd64.dll+0xcf0ad]
#
# No core dump will be written. Minidumps are not enabled by default on client versions of Windows
#
# If you would like to submit a bug report, please visit:
#   https://bugreport.java.com/bugreport/crash.jsp
# The crash happened outside the Java Virtual Machine in native code.
# See problematic frame for where to report the bug.
#

---------------  S U M M A R Y ------------

Command Line: -Dfile.encoding=UTF-8 --module-path=C:\Users\nadia\OneDrive\Documentos\NetBeansProjects\ProyectoGraficaión\build\classes ESCENARIO.EdificioI

Host: 12th Gen Intel(R) Core(TM) i5-12450HX, 12 cores, 15G,  Windows 11 , 64 bit Build 26100 (10.0.26100.3775)
Time: Mon Apr 28 06:16:13 2025 Hora estándar, América Central elapsed time: 3.324946 seconds (0d 0h 0m 3s)

---------------  T H R E A D  ---------------

Current thread (0x000002340d994800):  JavaThread "J3D-Renderer-1" [_thread_in_native, id=27200, stack(0x000000baec800000,0x000000baec900000)]

Stack: [0x000000baec800000,0x000000baec900000],  sp=0x000000baec8fd6a0,  free space=1013k
Native frames: (J=compiled Java code, j=interpreted, Vv=VM code, C=native code)
C  [igxelpicd64.dll+0xcf0ad]

Java frames: (J=compiled Java code, j=interpreted, Vv=VM code)
j  javax.media.j3d.NativePipeline.callDisplayList(JIZ)V+0
j  javax.media.j3d.NativePipeline.callDisplayList(Ljavax/media/j3d/Context;IZ)V+8
j  javax.media.j3d.Canvas3D.callDisplayList(Ljavax/media/j3d/Context;IZ)V+6
j  javax.media.j3d.DisplayListRenderMethod.render(Ljavax/media/j3d/RenderMolecule;Ljavax/media/j3d/Canvas3D;Ljavax/media/j3d/RenderAtomListInfo;I)Z+49
j  javax.media.j3d.RenderMolecule.render(Ljavax/media/j3d/Canvas3D;II)Z+208
j  javax.media.j3d.TextureBin.renderList(Ljavax/media/j3d/Canvas3D;ILjavax/media/j3d/RenderMolecule;)V+63
j  javax.media.j3d.TextureBin.renderList(Ljavax/media/j3d/Canvas3D;ILjava/lang/Object;)V+32
j  javax.media.j3d.TextureBin.render(Ljavax/media/j3d/Canvas3D;Ljava/lang/Object;)V+92
j  javax.media.j3d.TextureBin.render(Ljavax/media/j3d/Canvas3D;)V+6
j  javax.media.j3d.ShaderBin.render(Ljavax/media/j3d/Canvas3D;)V+18
j  javax.media.j3d.AttributeBin.render(Ljavax/media/j3d/Canvas3D;)V+82
j  javax.media.j3d.EnvironmentSet.render(Ljavax/media/j3d/Canvas3D;)V+17
j  javax.media.j3d.LightBin.render(Ljavax/media/j3d/Canvas3D;)V+17
J 1614 c1 javax.media.j3d.Renderer.doWork(J)V (6480 bytes) @ 0x000002346d8680ec [0x000002346d8532c0+0x0000000000014e2c]
j  javax.media.j3d.J3dThread.run()V+19
v  ~StubRoutines::call_stub

siginfo: EXCEPTION_ACCESS_VIOLATION (0xc0000005), reading address 0x0000000000000008


Register to memory mapping:

RIP=0x00007ffcb321f0ad igxelpicd64.dll
RAX=0x0 is NULL
RBX=0x0000023414adf400 points into unknown readable memory: 0x000002340db27d40 | 40 7d b2 0d 34 02 00 00
RCX=0x0000023414adf400 points into unknown readable memory: 0x000002340db27d40 | 40 7d b2 0d 34 02 00 00
RDX=0x000000baec8fdae0 is pointing into the stack for thread: 0x000002340d994800
RSP=0x000000baec8fd6a0 is pointing into the stack for thread: 0x000002340d994800
RBP=0x000000baec8fd7a0 is pointing into the stack for thread: 0x000002340d994800
RSI=0x000000baec8fdd90 is pointing into the stack for thread: 0x000002340d994800
RDI=0x0000000000000008 is an unknown value
R8 =0x000002341765ba50 points into unknown readable memory: 0x000002340db9d620 | 20 d6 b9 0d 34 02 00 00
R9 =0x0 is NULL
R10=0x000000baec8fe080 is pointing into the stack for thread: 0x000002340d994800
R11=0x000000000000001d is an unknown value
R12=0x000000baec8fdae0 is pointing into the stack for thread: 0x000002340d994800
R13=0x000002341765ba50 points into unknown readable memory: 0x000002340db9d620 | 20 d6 b9 0d 34 02 00 00
R14=0x000000baec8fdb30 is pointing into the stack for thread: 0x000002340d994800
R15=0x000000baec8fdd90 is pointing into the stack for thread: 0x000002340d994800


Registers:
RAX=0x0000000000000000, RBX=0x0000023414adf400, RCX=0x0000023414adf400, RDX=0x000000baec8fdae0
RSP=0x000000baec8fd6a0, RBP=0x000000baec8fd7a0, RSI=0x000000baec8fdd90, RDI=0x0000000000000008
R8 =0x000002341765ba50, R9 =0x0000000000000000, R10=0x000000baec8fe080, R11=0x000000000000001d
R12=0x000000baec8fdae0, R13=0x000002341765ba50, R14=0x000000baec8fdb30, R15=0x000000baec8fdd90
RIP=0x00007ffcb321f0ad, EFLAGS=0x0000000000010287

Top of Stack: (sp=0x000000baec8fd6a0)
0x000000baec8fd6a0:   0000000000000000 0000000000000000
0x000000baec8fd6b0:   0000000000000000 0000000000000000
0x000000baec8fd6c0:   0000000000000000 00007ffcb318fff9
0x000000baec8fd6d0:   000002341765fad0 000000baec8fdd70
0x000000baec8fd6e0:   000000baec8fd8b8 00007ffcb33816e5
0x000000baec8fd6f0:   000002340a1d8210 00007ffcb318fe8d
0x000000baec8fd700:   000002341765fad0 000002341765fad0
0x000000baec8fd710:   0000000140002380 000000baec8fd768
0x000000baec8fd720:   00000000b3381801 000002341534daa0
0x000000baec8fd730:   0000000000000000 0000023417659360
0x000000baec8fd740:   00000000fffffff0 00007ffcb343b88d
0x000000baec8fd750:   0000023414adf400 0000023417659360
0x000000baec8fd760:   0000000000000000 00000000000000ef
0x000000baec8fd770:   0000000000000000 00007ffcb338058f
0x000000baec8fd780:   0000000000000000 00007ffcb317696f
0x000000baec8fd790:   000002340dd13370 000002341765fc30 

Instructions: (pc=0x00007ffcb321f0ad)
0x00007ffcb321f08d:   e8 1b 0f ba f0 17 0d 00 00 40 01 0f ba f0 13 0d
0x00007ffcb321f09d:   00 00 37 00 89 42 1c eb 6e 48 8b 85 e8 00 00 00
0x00007ffcb321f0ad:   48 8b 48 08 8b 41 14 83 f8 0a 74 31 83 f8 4e 75
0x00007ffcb321f0bd:   56 8b 0a 49 b8 00 00 00 00 00 40 00 00 48 8b 05 


Stack slot to memory mapping:
stack at sp + 0 slots: 0x0 is NULL
stack at sp + 1 slots: 0x0 is NULL
stack at sp + 2 slots: 0x0 is NULL
stack at sp + 3 slots: 0x0 is NULL
stack at sp + 4 slots: 0x0 is NULL
stack at sp + 5 slots: 0x00007ffcb318fff9 igxelpicd64.dll
stack at sp + 6 slots: 0x000002341765fad0 points into unknown readable memory: 0x000002340db9d620 | 20 d6 b9 0d 34 02 00 00
stack at sp + 7 slots: 0x000000baec8fdd70 is pointing into the stack for thread: 0x000002340d994800


---------------  P R O C E S S  ---------------

Threads class SMR info:
_java_thread_list=0x0000023417635970, length=32, elements={
0x000002347f94a000, 0x000002347f94b000, 0x000002347f9a8800, 0x000002347f9aa800,
0x000002347f9ab800, 0x000002347f9ac800, 0x000002347f9ae000, 0x000002347f9c5000,
0x000002347fac6000, 0x000002340a0fd000, 0x000002340a0fe800, 0x000002340a100000,
0x000002340a158000, 0x000002346578c000, 0x000002340d54e000, 0x000002340d857000,
0x000002340d86b800, 0x000002340d86f000, 0x000002340d870000, 0x000002340d994800,
0x000002340dbbc800, 0x000002340d995000, 0x000002340d992800, 0x000002340d996000,
0x000002340d993800, 0x000002340d996800, 0x000002340d997800, 0x000002340d998800,
0x000002340d999000, 0x0000023414a7f000, 0x0000023414f3f000, 0x0000023414a80000
}

Java Threads: ( => current thread )
  0x000002347f94a000 JavaThread "Reference Handler" daemon [_thread_blocked, id=22076, stack(0x000000baea900000,0x000000baeaa00000)]
  0x000002347f94b000 JavaThread "Finalizer" daemon [_thread_blocked, id=11364, stack(0x000000baeaa00000,0x000000baeab00000)]
  0x000002347f9a8800 JavaThread "Signal Dispatcher" daemon [_thread_blocked, id=12364, stack(0x000000baeab00000,0x000000baeac00000)]
  0x000002347f9aa800 JavaThread "Attach Listener" daemon [_thread_blocked, id=21072, stack(0x000000baeac00000,0x000000baead00000)]
  0x000002347f9ab800 JavaThread "Service Thread" daemon [_thread_blocked, id=7228, stack(0x000000baead00000,0x000000baeae00000)]
  0x000002347f9ac800 JavaThread "C2 CompilerThread0" daemon [_thread_blocked, id=11412, stack(0x000000baeae00000,0x000000baeaf00000)]
  0x000002347f9ae000 JavaThread "C1 CompilerThread0" daemon [_thread_blocked, id=2496, stack(0x000000baeaf00000,0x000000baeb000000)]
  0x000002347f9c5000 JavaThread "Sweeper thread" daemon [_thread_blocked, id=21316, stack(0x000000baeb000000,0x000000baeb100000)]
  0x000002347fac6000 JavaThread "Common-Cleaner" daemon [_thread_blocked, id=3680, stack(0x000000baeb100000,0x000000baeb200000)]
  0x000002340a0fd000 JavaThread "Java2D Disposer" daemon [_thread_blocked, id=19516, stack(0x000000baeb400000,0x000000baeb500000)]
  0x000002340a0fe800 JavaThread "AWT-Shutdown" [_thread_blocked, id=19448, stack(0x000000baeb500000,0x000000baeb600000)]
  0x000002340a100000 JavaThread "AWT-Windows" daemon [_thread_in_native, id=16872, stack(0x000000baeb600000,0x000000baeb700000)]
  0x000002340a158000 JavaThread "AWT-EventQueue-0" [_thread_blocked, id=17356, stack(0x000000baeb700000,0x000000baeb800000)]
  0x000002346578c000 JavaThread "DestroyJavaVM" [_thread_blocked, id=8240, stack(0x000000baea200000,0x000000baea300000)]
  0x000002340d54e000 JavaThread "TimerQueue" daemon [_thread_blocked, id=21032, stack(0x000000baec300000,0x000000baec400000)]
  0x000002340d857000 JavaThread "J3D-RenderingAttributesStructureUpdateThread" [_thread_blocked, id=18136, stack(0x000000baec400000,0x000000baec500000)]
  0x000002340d86b800 JavaThread "J3D-TimerThread" [_thread_blocked, id=5248, stack(0x000000baec500000,0x000000baec600000)]
  0x000002340d86f000 JavaThread "J3D-NotificationThread" [_thread_blocked, id=25060, stack(0x000000baec600000,0x000000baec700000)]
  0x000002340d870000 JavaThread "J3D-MasterControl-1" [_thread_blocked, id=28664, stack(0x000000baec700000,0x000000baec800000)]
=>0x000002340d994800 JavaThread "J3D-Renderer-1" [_thread_in_native, id=27200, stack(0x000000baec800000,0x000000baec900000)]
  0x000002340dbbc800 JavaThread "C2 CompilerThread1" daemon [_thread_blocked, id=19224, stack(0x000000baec900000,0x000000baeca00000)]
  0x000002340d995000 JavaThread "J3D-BehaviorStructureUpdateThread-1" [_thread_blocked, id=11200, stack(0x000000baed900000,0x000000baeda00000)]
  0x000002340d992800 JavaThread "J3D-GeometryStructureUpdateThread-1" [_thread_blocked, id=20304, stack(0x000000baeda00000,0x000000baedb00000)]
  0x000002340d996000 JavaThread "J3D-SoundStructureUpdateThread-1" [_thread_blocked, id=17260, stack(0x000000baedb00000,0x000000baedc00000)]
  0x000002340d993800 JavaThread "J3D-RenderingEnvironmentStructureUpdateThread-1" [_thread_blocked, id=24072, stack(0x000000baedc00000,0x000000baedd00000)]
  0x000002340d996800 JavaThread "J3D-TransformStructureUpdateThread-1" [_thread_blocked, id=27680, stack(0x000000baedd00000,0x000000baede00000)]
  0x000002340d997800 JavaThread "J3D-BehaviorScheduler-1" [_thread_blocked, id=15292, stack(0x000000baede00000,0x000000baedf00000)]
  0x000002340d998800 JavaThread "J3D-RenderStructureUpdateThread-1" [_thread_blocked, id=27744, stack(0x000000baedf00000,0x000000baee000000)]
  0x000002340d999000 JavaThread "J3D-SoundSchedulerUpdateThread-1" [_thread_blocked, id=27148, stack(0x000000baee000000,0x000000baee100000)]
  0x0000023414a7f000 JavaThread "J3D-InputDeviceScheduler-1" [_thread_blocked, id=1916, stack(0x000000baee100000,0x000000baee200000)]
  0x0000023414f3f000 JavaThread "C2 CompilerThread2" daemon [_thread_blocked, id=27532, stack(0x000000baee200000,0x000000baee300000)]
  0x0000023414a80000 JavaThread "ToolkitShutdown" daemon [_thread_in_native, id=27932, stack(0x000000baee400000,0x000000baee500000)]

Other Threads:
  0x000002347f948000 VMThread "VM Thread" [stack: 0x000000baea800000,0x000000baea900000] [id=11156]
  0x0000023409e02800 WatcherThread [stack: 0x000000baeb300000,0x000000baeb400000] [id=15632]
  0x00000234657a2000 GCTaskThread "GC Thread#0" [stack: 0x000000baea300000,0x000000baea400000] [id=1884]
  0x000002340d7e9000 GCTaskThread "GC Thread#1" [stack: 0x000000baebb00000,0x000000baebc00000] [id=15516]
  0x000002340d7ea000 GCTaskThread "GC Thread#2" [stack: 0x000000baebc00000,0x000000baebd00000] [id=11064]
  0x000002340dcdc000 GCTaskThread "GC Thread#3" [stack: 0x000000baebd00000,0x000000baebe00000] [id=21464]
  0x000002340dcdc800 GCTaskThread "GC Thread#4" [stack: 0x000000baebe00000,0x000000baebf00000] [id=24784]
  0x000002340dcdd000 GCTaskThread "GC Thread#5" [stack: 0x000000baebf00000,0x000000baec000000] [id=27248]
  0x000002341482f000 GCTaskThread "GC Thread#6" [stack: 0x000000baed000000,0x000000baed100000] [id=28528]
  0x000002340db27800 GCTaskThread "GC Thread#7" [stack: 0x000000baed100000,0x000000baed200000] [id=21784]
  0x000002340d398000 GCTaskThread "GC Thread#8" [stack: 0x000000baed200000,0x000000baed300000] [id=24064]
  0x0000023414652800 GCTaskThread "GC Thread#9" [stack: 0x000000baed300000,0x000000baed400000] [id=7296]
  0x0000023465801800 ConcurrentGCThread "G1 Main Marker" [stack: 0x000000baea400000,0x000000baea500000] [id=26068]
  0x0000023465807000 ConcurrentGCThread "G1 Conc#0" [stack: 0x000000baea500000,0x000000baea600000] [id=16628]
  0x000002340da47800 ConcurrentGCThread "G1 Conc#1" [stack: 0x000000baeb900000,0x000000baeba00000] [id=6008]
  0x000002340da44000 ConcurrentGCThread "G1 Conc#2" [stack: 0x000000baeba00000,0x000000baebb00000] [id=15488]
  0x000002347ec48000 ConcurrentGCThread "G1 Refine#0" [stack: 0x000000baea600000,0x000000baea700000] [id=12696]
  0x000002340a023800 ConcurrentGCThread "G1 Refine#1" [stack: 0x000000baec000000,0x000000baec100000] [id=3996]
  0x000002340d4b1000 ConcurrentGCThread "G1 Refine#2" [stack: 0x000000baec100000,0x000000baec200000] [id=12900]
  0x000002340dae2800 ConcurrentGCThread "G1 Refine#3" [stack: 0x000000baec200000,0x000000baec300000] [id=19652]
  0x000002340ddb5800 ConcurrentGCThread "G1 Refine#4" [stack: 0x000000baed400000,0x000000baed500000] [id=5776]
  0x000002340dd98800 ConcurrentGCThread "G1 Refine#5" [stack: 0x000000baed500000,0x000000baed600000] [id=28512]
  0x000002340dd99800 ConcurrentGCThread "G1 Refine#6" [stack: 0x000000baed600000,0x000000baed700000] [id=16236]
  0x000002347ec4b000 ConcurrentGCThread "G1 Young RemSet Sampling" [stack: 0x000000baea700000,0x000000baea800000] [id=26688]

Threads with active compile tasks:

VM state:not at safepoint (normal execution)

VM Mutex/Monitor currently owned by a thread: None

Heap address: 0x0000000704800000, size: 4024 MB, Compressed Oops mode: Zero based, Oop shift amount: 3
Narrow klass base: 0x0000000800000000, Narrow klass shift: 0
Compressed class space size: 1073741824 Address: 0x0000000800000000

Heap:
 garbage-first heap   total 258048K, used 113739K [0x0000000704800000, 0x0000000800000000)
  region size 1024K, 22 young (22528K), 8 survivors (8192K)
 Metaspace       used 22809K, capacity 23129K, committed 23296K, reserved 1071104K
  class space    used 2327K, capacity 2460K, committed 2560K, reserved 1048576K
Heap Regions: E=young(eden), S=young(survivor), O=old, HS=humongous(starts), HC=humongous(continues), CS=collection set, F=free, A=archive, TAMS=top-at-mark-start (previous, next)
|   0|0x0000000704800000, 0x0000000704900000, 0x0000000704900000|100%| O|  |TAMS 0x0000000704900000, 0x0000000704800000| Untracked 
|   1|0x0000000704900000, 0x0000000704a00000, 0x0000000704a00000|100%| O|  |TAMS 0x0000000704a00000, 0x0000000704900000| Untracked 
|   2|0x0000000704a00000, 0x0000000704b00000, 0x0000000704b00000|100%| O|  |TAMS 0x0000000704b00000, 0x0000000704a00000| Untracked 
|   3|0x0000000704b00000, 0x0000000704c00000, 0x0000000704c00000|100%| O|  |TAMS 0x0000000704c00000, 0x0000000704b00000| Untracked 
|   4|0x0000000704c00000, 0x0000000704d00000, 0x0000000704d00000|100%| O|  |TAMS 0x0000000704d00000, 0x0000000704c00000| Untracked 
|   5|0x0000000704d00000, 0x0000000704e00000, 0x0000000704e00000|100%| O|  |TAMS 0x0000000704e00000, 0x0000000704d00000| Untracked 
|   6|0x0000000704e00000, 0x0000000704f00000, 0x0000000704f00000|100%|HS|  |TAMS 0x0000000704f00000, 0x0000000704e00000| Complete 
|   7|0x0000000704f00000, 0x0000000705000000, 0x0000000705000000|100%|HC|  |TAMS 0x0000000705000000, 0x0000000704f00000| Complete 
|   8|0x0000000705000000, 0x0000000705000000, 0x0000000705100000|  0%| F|  |TAMS 0x0000000705000000, 0x0000000705000000| Untracked 
|   9|0x0000000705100000, 0x0000000705200000, 0x0000000705200000|100%|HS|  |TAMS 0x0000000705200000, 0x0000000705100000| Complete 
|  10|0x0000000705200000, 0x0000000705200000, 0x0000000705300000|  0%| F|  |TAMS 0x0000000705200000, 0x0000000705200000| Untracked 
|  11|0x0000000705300000, 0x0000000705300000, 0x0000000705400000|  0%| F|  |TAMS 0x0000000705300000, 0x0000000705300000| Untracked 
|  12|0x0000000705400000, 0x0000000705500000, 0x0000000705500000|100%|HS|  |TAMS 0x0000000705500000, 0x0000000705400000| Complete 
|  13|0x0000000705500000, 0x0000000705600000, 0x0000000705600000|100%|HC|  |TAMS 0x0000000705600000, 0x0000000705500000| Complete 
|  14|0x0000000705600000, 0x0000000705700000, 0x0000000705700000|100%| O|  |TAMS 0x0000000705700000, 0x0000000705600000| Untracked 
|  15|0x0000000705700000, 0x0000000705800000, 0x0000000705800000|100%| O|  |TAMS 0x0000000705800000, 0x0000000705700000| Untracked 
|  16|0x0000000705800000, 0x0000000705900000, 0x0000000705900000|100%| O|  |TAMS 0x0000000705900000, 0x0000000705800000| Untracked 
|  17|0x0000000705900000, 0x000000070595d600, 0x0000000705a00000| 36%| O|  |TAMS 0x000000070595d600, 0x0000000705900000| Untracked 
|  18|0x0000000705a00000, 0x0000000705b00000, 0x0000000705b00000|100%|HS|  |TAMS 0x0000000705b00000, 0x0000000705a00000| Complete 
|  19|0x0000000705b00000, 0x0000000705c00000, 0x0000000705c00000|100%|HC|  |TAMS 0x0000000705c00000, 0x0000000705b00000| Complete 
|  20|0x0000000705c00000, 0x0000000705c00000, 0x0000000705d00000|  0%| F|  |TAMS 0x0000000705c00000, 0x0000000705c00000| Untracked 
|  21|0x0000000705d00000, 0x0000000705d00000, 0x0000000705e00000|  0%| F|  |TAMS 0x0000000705d00000, 0x0000000705d00000| Untracked 
|  22|0x0000000705e00000, 0x0000000705f00000, 0x0000000705f00000|100%|HS|  |TAMS 0x0000000705f00000, 0x0000000705e00000| Complete 
|  23|0x0000000705f00000, 0x0000000706000000, 0x0000000706000000|100%|HC|  |TAMS 0x0000000706000000, 0x0000000705f00000| Complete 
|  24|0x0000000706000000, 0x0000000706100000, 0x0000000706100000|100%|HC|  |TAMS 0x0000000706100000, 0x0000000706000000| Complete 
|  25|0x0000000706100000, 0x0000000706200000, 0x0000000706200000|100%|HC|  |TAMS 0x0000000706200000, 0x0000000706100000| Complete 
|  26|0x0000000706200000, 0x0000000706300000, 0x0000000706300000|100%|HS|  |TAMS 0x0000000706300000, 0x0000000706200000| Complete 
|  27|0x0000000706300000, 0x0000000706400000, 0x0000000706400000|100%|HC|  |TAMS 0x0000000706400000, 0x0000000706300000| Complete 
|  28|0x0000000706400000, 0x0000000706500000, 0x0000000706500000|100%|HC|  |TAMS 0x0000000706500000, 0x0000000706400000| Complete 
|  29|0x0000000706500000, 0x0000000706600000, 0x0000000706600000|100%|HC|  |TAMS 0x0000000706600000, 0x0000000706500000| Complete 
|  30|0x0000000706600000, 0x0000000706700000, 0x0000000706700000|100%|HS|  |TAMS 0x0000000706700000, 0x0000000706600000| Complete 
|  31|0x0000000706700000, 0x0000000706800000, 0x0000000706800000|100%|HC|  |TAMS 0x0000000706800000, 0x0000000706700000| Complete 
|  32|0x0000000706800000, 0x0000000706800000, 0x0000000706900000|  0%| F|  |TAMS 0x0000000706800000, 0x0000000706800000| Untracked 
|  33|0x0000000706900000, 0x0000000706900000, 0x0000000706a00000|  0%| F|  |TAMS 0x0000000706900000, 0x0000000706900000| Untracked 
|  34|0x0000000706a00000, 0x0000000706b00000, 0x0000000706b00000|100%|HS|  |TAMS 0x0000000706b00000, 0x0000000706a00000| Complete 
|  35|0x0000000706b00000, 0x0000000706c00000, 0x0000000706c00000|100%|HC|  |TAMS 0x0000000706c00000, 0x0000000706b00000| Complete 
|  36|0x0000000706c00000, 0x0000000706d00000, 0x0000000706d00000|100%|HC|  |TAMS 0x0000000706d00000, 0x0000000706c00000| Complete 
|  37|0x0000000706d00000, 0x0000000706e00000, 0x0000000706e00000|100%|HC|  |TAMS 0x0000000706e00000, 0x0000000706d00000| Complete 
|  38|0x0000000706e00000, 0x0000000706f00000, 0x0000000706f00000|100%|HS|  |TAMS 0x0000000706f00000, 0x0000000706e00000| Complete 
|  39|0x0000000706f00000, 0x0000000707000000, 0x0000000707000000|100%|HC|  |TAMS 0x0000000707000000, 0x0000000706f00000| Complete 
|  40|0x0000000707000000, 0x0000000707100000, 0x0000000707100000|100%|HC|  |TAMS 0x0000000707100000, 0x0000000707000000| Complete 
|  41|0x0000000707100000, 0x0000000707200000, 0x0000000707200000|100%|HC|  |TAMS 0x0000000707200000, 0x0000000707100000| Complete 
|  42|0x0000000707200000, 0x0000000707300000, 0x0000000707300000|100%|HS|  |TAMS 0x0000000707300000, 0x0000000707200000| Complete 
|  43|0x0000000707300000, 0x0000000707400000, 0x0000000707400000|100%|HC|  |TAMS 0x0000000707400000, 0x0000000707300000| Complete 
|  44|0x0000000707400000, 0x0000000707500000, 0x0000000707500000|100%|HC|  |TAMS 0x0000000707500000, 0x0000000707400000| Complete 
|  45|0x0000000707500000, 0x0000000707600000, 0x0000000707600000|100%|HC|  |TAMS 0x0000000707600000, 0x0000000707500000| Complete 
|  46|0x0000000707600000, 0x0000000707700000, 0x0000000707700000|100%|HS|  |TAMS 0x0000000707700000, 0x0000000707600000| Complete 
|  47|0x0000000707700000, 0x0000000707800000, 0x0000000707800000|100%|HC|  |TAMS 0x0000000707800000, 0x0000000707700000| Complete 
|  48|0x0000000707800000, 0x0000000707900000, 0x0000000707900000|100%|HS|  |TAMS 0x0000000707900000, 0x0000000707800000| Complete 
|  49|0x0000000707900000, 0x0000000707900000, 0x0000000707a00000|  0%| F|  |TAMS 0x0000000707900000, 0x0000000707900000| Untracked 
|  50|0x0000000707a00000, 0x0000000707b00000, 0x0000000707b00000|100%|HS|  |TAMS 0x0000000707b00000, 0x0000000707a00000| Complete 
|  51|0x0000000707b00000, 0x0000000707c00000, 0x0000000707c00000|100%|HC|  |TAMS 0x0000000707c00000, 0x0000000707b00000| Complete 
|  52|0x0000000707c00000, 0x0000000707c00000, 0x0000000707d00000|  0%| F|  |TAMS 0x0000000707c00000, 0x0000000707c00000| Untracked 
|  53|0x0000000707d00000, 0x0000000707d00000, 0x0000000707e00000|  0%| F|  |TAMS 0x0000000707d00000, 0x0000000707d00000| Untracked 
|  54|0x0000000707e00000, 0x0000000707f00000, 0x0000000707f00000|100%|HS|  |TAMS 0x0000000707f00000, 0x0000000707e00000| Complete 
|  55|0x0000000707f00000, 0x0000000708000000, 0x0000000708000000|100%|HC|  |TAMS 0x0000000708000000, 0x0000000707f00000| Complete 
|  56|0x0000000708000000, 0x0000000708100000, 0x0000000708100000|100%|HC|  |TAMS 0x0000000708100000, 0x0000000708000000| Complete 
|  57|0x0000000708100000, 0x0000000708200000, 0x0000000708200000|100%|HC|  |TAMS 0x0000000708200000, 0x0000000708100000| Complete 
|  58|0x0000000708200000, 0x0000000708300000, 0x0000000708300000|100%|HS|  |TAMS 0x0000000708300000, 0x0000000708200000| Complete 
|  59|0x0000000708300000, 0x0000000708400000, 0x0000000708400000|100%|HC|  |TAMS 0x0000000708400000, 0x0000000708300000| Complete 
|  60|0x0000000708400000, 0x0000000708500000, 0x0000000708500000|100%|HC|  |TAMS 0x0000000708500000, 0x0000000708400000| Complete 
|  61|0x0000000708500000, 0x0000000708600000, 0x0000000708600000|100%|HC|  |TAMS 0x0000000708600000, 0x0000000708500000| Complete 
|  62|0x0000000708600000, 0x0000000708700000, 0x0000000708700000|100%|HS|  |TAMS 0x0000000708700000, 0x0000000708600000| Complete 
|  63|0x0000000708700000, 0x0000000708700000, 0x0000000708800000|  0%| F|  |TAMS 0x0000000708700000, 0x0000000708700000| Untracked 
|  64|0x0000000708800000, 0x0000000708900000, 0x0000000708900000|100%|HS|  |TAMS 0x0000000708900000, 0x0000000708800000| Complete 
|  65|0x0000000708900000, 0x0000000708a00000, 0x0000000708a00000|100%|HC|  |TAMS 0x0000000708a00000, 0x0000000708900000| Complete 
|  66|0x0000000708a00000, 0x0000000708a00000, 0x0000000708b00000|  0%| F|  |TAMS 0x0000000708a00000, 0x0000000708a00000| Untracked 
|  67|0x0000000708b00000, 0x0000000708b00000, 0x0000000708c00000|  0%| F|  |TAMS 0x0000000708b00000, 0x0000000708b00000| Untracked 
|  68|0x0000000708c00000, 0x0000000708d00000, 0x0000000708d00000|100%|HS|  |TAMS 0x0000000708d00000, 0x0000000708c00000| Complete 
|  69|0x0000000708d00000, 0x0000000708d00000, 0x0000000708e00000|  0%| F|  |TAMS 0x0000000708d00000, 0x0000000708d00000| Untracked 
|  70|0x0000000708e00000, 0x0000000708e00000, 0x0000000708f00000|  0%| F|  |TAMS 0x0000000708e00000, 0x0000000708e00000| Untracked 
|  71|0x0000000708f00000, 0x0000000709000000, 0x0000000709000000|100%|HS|  |TAMS 0x0000000709000000, 0x0000000708f00000| Complete 
|  72|0x0000000709000000, 0x0000000709100000, 0x0000000709100000|100%|HC|  |TAMS 0x0000000709100000, 0x0000000709000000| Complete 
|  73|0x0000000709100000, 0x0000000709200000, 0x0000000709200000|100%|HS|  |TAMS 0x0000000709200000, 0x0000000709100000| Complete 
|  74|0x0000000709200000, 0x0000000709300000, 0x0000000709300000|100%|HC|  |TAMS 0x0000000709300000, 0x0000000709200000| Complete 
|  75|0x0000000709300000, 0x0000000709400000, 0x0000000709400000|100%|HS|  |TAMS 0x0000000709400000, 0x0000000709300000| Complete 
|  76|0x0000000709400000, 0x0000000709500000, 0x0000000709500000|100%|HC|  |TAMS 0x0000000709500000, 0x0000000709400000| Complete 
|  77|0x0000000709500000, 0x0000000709600000, 0x0000000709600000|100%|HC|  |TAMS 0x0000000709600000, 0x0000000709500000| Complete 
|  78|0x0000000709600000, 0x0000000709700000, 0x0000000709700000|100%|HC|  |TAMS 0x0000000709700000, 0x0000000709600000| Complete 
|  79|0x0000000709700000, 0x0000000709800000, 0x0000000709800000|100%|HS|  |TAMS 0x0000000709800000, 0x0000000709700000| Complete 
|  80|0x0000000709800000, 0x0000000709900000, 0x0000000709900000|100%|HS|  |TAMS 0x0000000709900000, 0x0000000709800000| Complete 
|  81|0x0000000709900000, 0x0000000709a00000, 0x0000000709a00000|100%|HS|  |TAMS 0x0000000709a00000, 0x0000000709900000| Complete 
|  82|0x0000000709a00000, 0x0000000709a00000, 0x0000000709b00000|  0%| F|  |TAMS 0x0000000709a00000, 0x0000000709a00000| Untracked 
|  83|0x0000000709b00000, 0x0000000709c00000, 0x0000000709c00000|100%|HS|  |TAMS 0x0000000709c00000, 0x0000000709b00000| Complete 
|  84|0x0000000709c00000, 0x0000000709d00000, 0x0000000709d00000|100%|HC|  |TAMS 0x0000000709d00000, 0x0000000709c00000| Complete 
|  85|0x0000000709d00000, 0x0000000709e00000, 0x0000000709e00000|100%|HC|  |TAMS 0x0000000709e00000, 0x0000000709d00000| Complete 
|  86|0x0000000709e00000, 0x0000000709f00000, 0x0000000709f00000|100%|HC|  |TAMS 0x0000000709f00000, 0x0000000709e00000| Complete 
|  87|0x0000000709f00000, 0x000000070a000000, 0x000000070a000000|100%|HS|  |TAMS 0x000000070a000000, 0x0000000709f00000| Complete 
|  88|0x000000070a000000, 0x000000070a100000, 0x000000070a100000|100%|HC|  |TAMS 0x000000070a100000, 0x000000070a000000| Complete 
|  89|0x000000070a100000, 0x000000070a100000, 0x000000070a200000|  0%| F|  |TAMS 0x000000070a100000, 0x000000070a100000| Untracked 
|  90|0x000000070a200000, 0x000000070a200000, 0x000000070a300000|  0%| F|  |TAMS 0x000000070a200000, 0x000000070a200000| Untracked 
|  91|0x000000070a300000, 0x000000070a400000, 0x000000070a400000|100%|HS|  |TAMS 0x000000070a400000, 0x000000070a300000| Complete 
|  92|0x000000070a400000, 0x000000070a500000, 0x000000070a500000|100%|HC|  |TAMS 0x000000070a500000, 0x000000070a400000| Complete 
|  93|0x000000070a500000, 0x000000070a600000, 0x000000070a600000|100%|HC|  |TAMS 0x000000070a600000, 0x000000070a500000| Complete 
|  94|0x000000070a600000, 0x000000070a700000, 0x000000070a700000|100%|HC|  |TAMS 0x000000070a700000, 0x000000070a600000| Complete 
|  95|0x000000070a700000, 0x000000070a700000, 0x000000070a800000|  0%| F|  |TAMS 0x000000070a700000, 0x000000070a700000| Untracked 
|  96|0x000000070a800000, 0x000000070a800000, 0x000000070a900000|  0%| F|  |TAMS 0x000000070a800000, 0x000000070a800000| Untracked 
|  97|0x000000070a900000, 0x000000070aa00000, 0x000000070aa00000|100%|HS|  |TAMS 0x000000070aa00000, 0x000000070a900000| Complete 
|  98|0x000000070aa00000, 0x000000070ab00000, 0x000000070ab00000|100%|HC|  |TAMS 0x000000070ab00000, 0x000000070aa00000| Complete 
|  99|0x000000070ab00000, 0x000000070ab00000, 0x000000070ac00000|  0%| F|  |TAMS 0x000000070ab00000, 0x000000070ab00000| Untracked 
| 100|0x000000070ac00000, 0x000000070ac00000, 0x000000070ad00000|  0%| F|  |TAMS 0x000000070ac00000, 0x000000070ac00000| Untracked 
| 101|0x000000070ad00000, 0x000000070ae00000, 0x000000070ae00000|100%|HS|  |TAMS 0x000000070ae00000, 0x000000070ad00000| Complete 
| 102|0x000000070ae00000, 0x000000070af00000, 0x000000070af00000|100%|HS|  |TAMS 0x000000070af00000, 0x000000070ae00000| Complete 
| 103|0x000000070af00000, 0x000000070b000000, 0x000000070b000000|100%|HS|  |TAMS 0x000000070af00000, 0x000000070af00000| Complete 
| 104|0x000000070b000000, 0x000000070b100000, 0x000000070b100000|100%|HC|  |TAMS 0x000000070b000000, 0x000000070b000000| Complete 
| 105|0x000000070b100000, 0x000000070b200000, 0x000000070b200000|100%|HC|  |TAMS 0x000000070b100000, 0x000000070b100000| Complete 
| 106|0x000000070b200000, 0x000000070b300000, 0x000000070b300000|100%|HC|  |TAMS 0x000000070b200000, 0x000000070b200000| Complete 
| 107|0x000000070b300000, 0x000000070b400000, 0x000000070b400000|100%|HS|  |TAMS 0x000000070b400000, 0x000000070b300000| Complete 
| 108|0x000000070b400000, 0x000000070b500000, 0x000000070b500000|100%|HC|  |TAMS 0x000000070b500000, 0x000000070b400000| Complete 
| 109|0x000000070b500000, 0x000000070b500000, 0x000000070b600000|  0%| F|  |TAMS 0x000000070b500000, 0x000000070b500000| Untracked 
| 110|0x000000070b600000, 0x000000070b600000, 0x000000070b700000|  0%| F|  |TAMS 0x000000070b600000, 0x000000070b600000| Untracked 
| 111|0x000000070b700000, 0x000000070b800000, 0x000000070b800000|100%|HS|  |TAMS 0x000000070b800000, 0x000000070b700000| Complete 
| 112|0x000000070b800000, 0x000000070b900000, 0x000000070b900000|100%|HC|  |TAMS 0x000000070b900000, 0x000000070b800000| Complete 
| 113|0x000000070b900000, 0x000000070ba00000, 0x000000070ba00000|100%|HC|  |TAMS 0x000000070ba00000, 0x000000070b900000| Complete 
| 114|0x000000070ba00000, 0x000000070bb00000, 0x000000070bb00000|100%|HC|  |TAMS 0x000000070bb00000, 0x000000070ba00000| Complete 
| 115|0x000000070bb00000, 0x000000070bb00000, 0x000000070bc00000|  0%| F|  |TAMS 0x000000070bb00000, 0x000000070bb00000| Untracked 
| 116|0x000000070bc00000, 0x000000070bc00000, 0x000000070bd00000|  0%| F|  |TAMS 0x000000070bc00000, 0x000000070bc00000| Untracked 
| 117|0x000000070bd00000, 0x000000070bd00000, 0x000000070be00000|  0%| F|  |TAMS 0x000000070bd00000, 0x000000070bd00000| Untracked 
| 118|0x000000070be00000, 0x000000070be00000, 0x000000070bf00000|  0%| F|  |TAMS 0x000000070be00000, 0x000000070be00000| Untracked 
| 119|0x000000070bf00000, 0x000000070bf00000, 0x000000070c000000|  0%| F|  |TAMS 0x000000070bf00000, 0x000000070bf00000| Untracked 
| 120|0x000000070c000000, 0x000000070c000000, 0x000000070c100000|  0%| F|  |TAMS 0x000000070c000000, 0x000000070c000000| Untracked 
| 121|0x000000070c100000, 0x000000070c100000, 0x000000070c200000|  0%| F|  |TAMS 0x000000070c100000, 0x000000070c100000| Untracked 
| 122|0x000000070c200000, 0x000000070c200000, 0x000000070c300000|  0%| F|  |TAMS 0x000000070c200000, 0x000000070c200000| Untracked 
| 123|0x000000070c300000, 0x000000070c300000, 0x000000070c400000|  0%| F|  |TAMS 0x000000070c300000, 0x000000070c300000| Untracked 
| 124|0x000000070c400000, 0x000000070c400000, 0x000000070c500000|  0%| F|  |TAMS 0x000000070c400000, 0x000000070c400000| Untracked 
| 125|0x000000070c500000, 0x000000070c500000, 0x000000070c600000|  0%| F|  |TAMS 0x000000070c500000, 0x000000070c500000| Untracked 
| 126|0x000000070c600000, 0x000000070c600000, 0x000000070c700000|  0%| F|  |TAMS 0x000000070c600000, 0x000000070c600000| Untracked 
| 127|0x000000070c700000, 0x000000070c700000, 0x000000070c800000|  0%| F|  |TAMS 0x000000070c700000, 0x000000070c700000| Untracked 
| 128|0x000000070c800000, 0x000000070c800000, 0x000000070c900000|  0%| F|  |TAMS 0x000000070c800000, 0x000000070c800000| Untracked 
| 129|0x000000070c900000, 0x000000070c900000, 0x000000070ca00000|  0%| F|  |TAMS 0x000000070c900000, 0x000000070c900000| Untracked 
| 130|0x000000070ca00000, 0x000000070ca00000, 0x000000070cb00000|  0%| F|  |TAMS 0x000000070ca00000, 0x000000070ca00000| Untracked 
| 131|0x000000070cb00000, 0x000000070cb00000, 0x000000070cc00000|  0%| F|  |TAMS 0x000000070cb00000, 0x000000070cb00000| Untracked 
| 132|0x000000070cc00000, 0x000000070cc00000, 0x000000070cd00000|  0%| F|  |TAMS 0x000000070cc00000, 0x000000070cc00000| Untracked 
| 133|0x000000070cd00000, 0x000000070cd00000, 0x000000070ce00000|  0%| F|  |TAMS 0x000000070cd00000, 0x000000070cd00000| Untracked 
| 134|0x000000070ce00000, 0x000000070ce00000, 0x000000070cf00000|  0%| F|  |TAMS 0x000000070ce00000, 0x000000070ce00000| Untracked 
| 135|0x000000070cf00000, 0x000000070cf00000, 0x000000070d000000|  0%| F|  |TAMS 0x000000070cf00000, 0x000000070cf00000| Untracked 
| 136|0x000000070d000000, 0x000000070d000000, 0x000000070d100000|  0%| F|  |TAMS 0x000000070d000000, 0x000000070d000000| Untracked 
| 137|0x000000070d100000, 0x000000070d100000, 0x000000070d200000|  0%| F|  |TAMS 0x000000070d100000, 0x000000070d100000| Untracked 
| 138|0x000000070d200000, 0x000000070d200000, 0x000000070d300000|  0%| F|  |TAMS 0x000000070d200000, 0x000000070d200000| Untracked 
| 139|0x000000070d300000, 0x000000070d300000, 0x000000070d400000|  0%| F|  |TAMS 0x000000070d300000, 0x000000070d300000| Untracked 
| 140|0x000000070d400000, 0x000000070d400000, 0x000000070d500000|  0%| F|  |TAMS 0x000000070d400000, 0x000000070d400000| Untracked 
| 141|0x000000070d500000, 0x000000070d500000, 0x000000070d600000|  0%| F|  |TAMS 0x000000070d500000, 0x000000070d500000| Untracked 
| 142|0x000000070d600000, 0x000000070d600000, 0x000000070d700000|  0%| F|  |TAMS 0x000000070d600000, 0x000000070d600000| Untracked 
| 143|0x000000070d700000, 0x000000070d700000, 0x000000070d800000|  0%| F|  |TAMS 0x000000070d700000, 0x000000070d700000| Untracked 
| 144|0x000000070d800000, 0x000000070d800000, 0x000000070d900000|  0%| F|  |TAMS 0x000000070d800000, 0x000000070d800000| Untracked 
| 145|0x000000070d900000, 0x000000070d900000, 0x000000070da00000|  0%| F|  |TAMS 0x000000070d900000, 0x000000070d900000| Untracked 
| 146|0x000000070da00000, 0x000000070da00000, 0x000000070db00000|  0%| F|  |TAMS 0x000000070da00000, 0x000000070da00000| Untracked 
| 147|0x000000070db00000, 0x000000070db00000, 0x000000070dc00000|  0%| F|  |TAMS 0x000000070db00000, 0x000000070db00000| Untracked 
| 148|0x000000070dc00000, 0x000000070dc00000, 0x000000070dd00000|  0%| F|  |TAMS 0x000000070dc00000, 0x000000070dc00000| Untracked 
| 149|0x000000070dd00000, 0x000000070dd00000, 0x000000070de00000|  0%| F|  |TAMS 0x000000070dd00000, 0x000000070dd00000| Untracked 
| 150|0x000000070de00000, 0x000000070de00000, 0x000000070df00000|  0%| F|  |TAMS 0x000000070de00000, 0x000000070de00000| Untracked 
| 151|0x000000070df00000, 0x000000070df00000, 0x000000070e000000|  0%| F|  |TAMS 0x000000070df00000, 0x000000070df00000| Untracked 
| 152|0x000000070e000000, 0x000000070e000000, 0x000000070e100000|  0%| F|  |TAMS 0x000000070e000000, 0x000000070e000000| Untracked 
| 153|0x000000070e100000, 0x000000070e100000, 0x000000070e200000|  0%| F|  |TAMS 0x000000070e100000, 0x000000070e100000| Untracked 
| 154|0x000000070e200000, 0x000000070e200000, 0x000000070e300000|  0%| F|  |TAMS 0x000000070e200000, 0x000000070e200000| Untracked 
| 155|0x000000070e300000, 0x000000070e300000, 0x000000070e400000|  0%| F|  |TAMS 0x000000070e300000, 0x000000070e300000| Untracked 
| 156|0x000000070e400000, 0x000000070e400000, 0x000000070e500000|  0%| F|  |TAMS 0x000000070e400000, 0x000000070e400000| Untracked 
| 157|0x000000070e500000, 0x000000070e500000, 0x000000070e600000|  0%| F|  |TAMS 0x000000070e500000, 0x000000070e500000| Untracked 
| 158|0x000000070e600000, 0x000000070e600000, 0x000000070e700000|  0%| F|  |TAMS 0x000000070e600000, 0x000000070e600000| Untracked 
| 159|0x000000070e700000, 0x000000070e700000, 0x000000070e800000|  0%| F|  |TAMS 0x000000070e700000, 0x000000070e700000| Untracked 
| 160|0x000000070e800000, 0x000000070e800000, 0x000000070e900000|  0%| F|  |TAMS 0x000000070e800000, 0x000000070e800000| Untracked 
| 161|0x000000070e900000, 0x000000070e900000, 0x000000070ea00000|  0%| F|  |TAMS 0x000000070e900000, 0x000000070e900000| Untracked 
| 162|0x000000070ea00000, 0x000000070ea00000, 0x000000070eb00000|  0%| F|  |TAMS 0x000000070ea00000, 0x000000070ea00000| Untracked 
| 163|0x000000070eb00000, 0x000000070eb00000, 0x000000070ec00000|  0%| F|  |TAMS 0x000000070eb00000, 0x000000070eb00000| Untracked 
| 164|0x000000070ec00000, 0x000000070ec00000, 0x000000070ed00000|  0%| F|  |TAMS 0x000000070ec00000, 0x000000070ec00000| Untracked 
| 165|0x000000070ed00000, 0x000000070ed00000, 0x000000070ee00000|  0%| F|  |TAMS 0x000000070ed00000, 0x000000070ed00000| Untracked 
| 166|0x000000070ee00000, 0x000000070ee00000, 0x000000070ef00000|  0%| F|  |TAMS 0x000000070ee00000, 0x000000070ee00000| Untracked 
| 167|0x000000070ef00000, 0x000000070ef00000, 0x000000070f000000|  0%| F|  |TAMS 0x000000070ef00000, 0x000000070ef00000| Untracked 
| 168|0x000000070f000000, 0x000000070f000000, 0x000000070f100000|  0%| F|  |TAMS 0x000000070f000000, 0x000000070f000000| Untracked 
| 169|0x000000070f100000, 0x000000070f100000, 0x000000070f200000|  0%| F|  |TAMS 0x000000070f100000, 0x000000070f100000| Untracked 
| 170|0x000000070f200000, 0x000000070f200000, 0x000000070f300000|  0%| F|  |TAMS 0x000000070f200000, 0x000000070f200000| Untracked 
| 171|0x000000070f300000, 0x000000070f300000, 0x000000070f400000|  0%| F|  |TAMS 0x000000070f300000, 0x000000070f300000| Untracked 
| 172|0x000000070f400000, 0x000000070f400000, 0x000000070f500000|  0%| F|  |TAMS 0x000000070f400000, 0x000000070f400000| Untracked 
| 173|0x000000070f500000, 0x000000070f500000, 0x000000070f600000|  0%| F|  |TAMS 0x000000070f500000, 0x000000070f500000| Untracked 
| 174|0x000000070f600000, 0x000000070f600000, 0x000000070f700000|  0%| F|  |TAMS 0x000000070f600000, 0x000000070f600000| Untracked 
| 175|0x000000070f700000, 0x000000070f700000, 0x000000070f800000|  0%| F|  |TAMS 0x000000070f700000, 0x000000070f700000| Untracked 
| 176|0x000000070f800000, 0x000000070f800000, 0x000000070f900000|  0%| F|  |TAMS 0x000000070f800000, 0x000000070f800000| Untracked 
| 177|0x000000070f900000, 0x000000070f900000, 0x000000070fa00000|  0%| F|  |TAMS 0x000000070f900000, 0x000000070f900000| Untracked 
| 178|0x000000070fa00000, 0x000000070fa00000, 0x000000070fb00000|  0%| F|  |TAMS 0x000000070fa00000, 0x000000070fa00000| Untracked 
| 179|0x000000070fb00000, 0x000000070fb00000, 0x000000070fc00000|  0%| F|  |TAMS 0x000000070fb00000, 0x000000070fb00000| Untracked 
| 180|0x000000070fc00000, 0x000000070fc00000, 0x000000070fd00000|  0%| F|  |TAMS 0x000000070fc00000, 0x000000070fc00000| Untracked 
| 181|0x000000070fd00000, 0x000000070fd00000, 0x000000070fe00000|  0%| F|  |TAMS 0x000000070fd00000, 0x000000070fd00000| Untracked 
| 182|0x000000070fe00000, 0x000000070fe00000, 0x000000070ff00000|  0%| F|  |TAMS 0x000000070fe00000, 0x000000070fe00000| Untracked 
| 183|0x000000070ff00000, 0x000000070ff00000, 0x0000000710000000|  0%| F|  |TAMS 0x000000070ff00000, 0x000000070ff00000| Untracked 
| 184|0x0000000710000000, 0x0000000710000000, 0x0000000710100000|  0%| F|  |TAMS 0x0000000710000000, 0x0000000710000000| Untracked 
| 185|0x0000000710100000, 0x0000000710100000, 0x0000000710200000|  0%| F|  |TAMS 0x0000000710100000, 0x0000000710100000| Untracked 
| 186|0x0000000710200000, 0x0000000710200000, 0x0000000710300000|  0%| F|  |TAMS 0x0000000710200000, 0x0000000710200000| Untracked 
| 187|0x0000000710300000, 0x0000000710300000, 0x0000000710400000|  0%| F|  |TAMS 0x0000000710300000, 0x0000000710300000| Untracked 
| 188|0x0000000710400000, 0x0000000710400000, 0x0000000710500000|  0%| F|  |TAMS 0x0000000710400000, 0x0000000710400000| Untracked 
| 189|0x0000000710500000, 0x0000000710500000, 0x0000000710600000|  0%| F|  |TAMS 0x0000000710500000, 0x0000000710500000| Untracked 
| 190|0x0000000710600000, 0x0000000710600000, 0x0000000710700000|  0%| F|  |TAMS 0x0000000710600000, 0x0000000710600000| Untracked 
| 191|0x0000000710700000, 0x0000000710700000, 0x0000000710800000|  0%| F|  |TAMS 0x0000000710700000, 0x0000000710700000| Untracked 
| 192|0x0000000710800000, 0x0000000710800000, 0x0000000710900000|  0%| F|  |TAMS 0x0000000710800000, 0x0000000710800000| Untracked 
| 193|0x0000000710900000, 0x0000000710900000, 0x0000000710a00000|  0%| F|  |TAMS 0x0000000710900000, 0x0000000710900000| Untracked 
| 194|0x0000000710a00000, 0x0000000710a00000, 0x0000000710b00000|  0%| F|  |TAMS 0x0000000710a00000, 0x0000000710a00000| Untracked 
| 195|0x0000000710b00000, 0x0000000710b00000, 0x0000000710c00000|  0%| F|  |TAMS 0x0000000710b00000, 0x0000000710b00000| Untracked 
| 196|0x0000000710c00000, 0x0000000710cb5888, 0x0000000710d00000| 70%| S|CS|TAMS 0x0000000710c00000, 0x0000000710c00000| Complete 
| 197|0x0000000710d00000, 0x0000000710e00000, 0x0000000710e00000|100%| S|CS|TAMS 0x0000000710d00000, 0x0000000710d00000| Complete 
| 198|0x0000000710e00000, 0x0000000710f00000, 0x0000000710f00000|100%| S|CS|TAMS 0x0000000710e00000, 0x0000000710e00000| Complete 
| 199|0x0000000710f00000, 0x0000000711000000, 0x0000000711000000|100%| S|CS|TAMS 0x0000000710f00000, 0x0000000710f00000| Complete 
| 200|0x0000000711000000, 0x0000000711100000, 0x0000000711100000|100%| S|CS|TAMS 0x0000000711000000, 0x0000000711000000| Complete 
| 201|0x0000000711100000, 0x0000000711200000, 0x0000000711200000|100%| S|CS|TAMS 0x0000000711100000, 0x0000000711100000| Complete 
| 202|0x0000000711200000, 0x0000000711300000, 0x0000000711300000|100%| S|CS|TAMS 0x0000000711200000, 0x0000000711200000| Complete 
| 203|0x0000000711300000, 0x0000000711400000, 0x0000000711400000|100%| S|CS|TAMS 0x0000000711300000, 0x0000000711300000| Complete 
| 204|0x0000000711400000, 0x0000000711400000, 0x0000000711500000|  0%| F|  |TAMS 0x0000000711400000, 0x0000000711400000| Untracked 
| 205|0x0000000711500000, 0x0000000711500000, 0x0000000711600000|  0%| F|  |TAMS 0x0000000711500000, 0x0000000711500000| Untracked 
| 206|0x0000000711600000, 0x0000000711600000, 0x0000000711700000|  0%| F|  |TAMS 0x0000000711600000, 0x0000000711600000| Untracked 
| 207|0x0000000711700000, 0x0000000711700000, 0x0000000711800000|  0%| F|  |TAMS 0x0000000711700000, 0x0000000711700000| Untracked 
| 208|0x0000000711800000, 0x0000000711800000, 0x0000000711900000|  0%| F|  |TAMS 0x0000000711800000, 0x0000000711800000| Untracked 
| 209|0x0000000711900000, 0x0000000711900000, 0x0000000711a00000|  0%| F|  |TAMS 0x0000000711900000, 0x0000000711900000| Untracked 
| 210|0x0000000711a00000, 0x0000000711a00000, 0x0000000711b00000|  0%| F|  |TAMS 0x0000000711a00000, 0x0000000711a00000| Untracked 
| 211|0x0000000711b00000, 0x0000000711b00000, 0x0000000711c00000|  0%| F|  |TAMS 0x0000000711b00000, 0x0000000711b00000| Untracked 
| 212|0x0000000711c00000, 0x0000000711c00000, 0x0000000711d00000|  0%| F|  |TAMS 0x0000000711c00000, 0x0000000711c00000| Untracked 
| 213|0x0000000711d00000, 0x0000000711d00000, 0x0000000711e00000|  0%| F|  |TAMS 0x0000000711d00000, 0x0000000711d00000| Untracked 
| 214|0x0000000711e00000, 0x0000000711e00000, 0x0000000711f00000|  0%| F|  |TAMS 0x0000000711e00000, 0x0000000711e00000| Untracked 
| 215|0x0000000711f00000, 0x0000000711f00000, 0x0000000712000000|  0%| F|  |TAMS 0x0000000711f00000, 0x0000000711f00000| Untracked 
| 216|0x0000000712000000, 0x0000000712000000, 0x0000000712100000|  0%| F|  |TAMS 0x0000000712000000, 0x0000000712000000| Untracked 
| 217|0x0000000712100000, 0x0000000712100000, 0x0000000712200000|  0%| F|  |TAMS 0x0000000712100000, 0x0000000712100000| Untracked 
| 218|0x0000000712200000, 0x0000000712200000, 0x0000000712300000|  0%| F|  |TAMS 0x0000000712200000, 0x0000000712200000| Untracked 
| 219|0x0000000712300000, 0x0000000712300000, 0x0000000712400000|  0%| F|  |TAMS 0x0000000712300000, 0x0000000712300000| Untracked 
| 220|0x0000000712400000, 0x0000000712400000, 0x0000000712500000|  0%| F|  |TAMS 0x0000000712400000, 0x0000000712400000| Untracked 
| 221|0x0000000712500000, 0x0000000712500000, 0x0000000712600000|  0%| F|  |TAMS 0x0000000712500000, 0x0000000712500000| Untracked 
| 222|0x0000000712600000, 0x0000000712600000, 0x0000000712700000|  0%| F|  |TAMS 0x0000000712600000, 0x0000000712600000| Untracked 
| 223|0x0000000712700000, 0x0000000712700000, 0x0000000712800000|  0%| F|  |TAMS 0x0000000712700000, 0x0000000712700000| Untracked 
| 224|0x0000000712800000, 0x0000000712800000, 0x0000000712900000|  0%| F|  |TAMS 0x0000000712800000, 0x0000000712800000| Untracked 
| 225|0x0000000712900000, 0x0000000712900000, 0x0000000712a00000|  0%| F|  |TAMS 0x0000000712900000, 0x0000000712900000| Untracked 
| 226|0x0000000712a00000, 0x0000000712a00000, 0x0000000712b00000|  0%| F|  |TAMS 0x0000000712a00000, 0x0000000712a00000| Untracked 
| 227|0x0000000712b00000, 0x0000000712b00000, 0x0000000712c00000|  0%| F|  |TAMS 0x0000000712b00000, 0x0000000712b00000| Untracked 
| 228|0x0000000712c00000, 0x0000000712c00000, 0x0000000712d00000|  0%| F|  |TAMS 0x0000000712c00000, 0x0000000712c00000| Untracked 
| 229|0x0000000712d00000, 0x0000000712d00000, 0x0000000712e00000|  0%| F|  |TAMS 0x0000000712d00000, 0x0000000712d00000| Untracked 
| 230|0x0000000712e00000, 0x0000000712e00000, 0x0000000712f00000|  0%| F|  |TAMS 0x0000000712e00000, 0x0000000712e00000| Untracked 
| 231|0x0000000712f00000, 0x0000000712f00000, 0x0000000713000000|  0%| F|  |TAMS 0x0000000712f00000, 0x0000000712f00000| Untracked 
| 232|0x0000000713000000, 0x0000000713000000, 0x0000000713100000|  0%| F|  |TAMS 0x0000000713000000, 0x0000000713000000| Untracked 
| 233|0x0000000713100000, 0x0000000713100000, 0x0000000713200000|  0%| F|  |TAMS 0x0000000713100000, 0x0000000713100000| Untracked 
| 234|0x0000000713200000, 0x0000000713200000, 0x0000000713300000|  0%| F|  |TAMS 0x0000000713200000, 0x0000000713200000| Untracked 
| 235|0x0000000713300000, 0x0000000713300000, 0x0000000713400000|  0%| F|  |TAMS 0x0000000713300000, 0x0000000713300000| Untracked 
| 236|0x0000000713400000, 0x0000000713400000, 0x0000000713500000|  0%| F|  |TAMS 0x0000000713400000, 0x0000000713400000| Untracked 
| 237|0x0000000713500000, 0x0000000713500000, 0x0000000713600000|  0%| F|  |TAMS 0x0000000713500000, 0x0000000713500000| Untracked 
| 238|0x0000000713600000, 0x00000007136cd518, 0x0000000713700000| 80%| E|  |TAMS 0x0000000713600000, 0x0000000713600000| Complete 
| 239|0x0000000713700000, 0x0000000713800000, 0x0000000713800000|100%| E|CS|TAMS 0x0000000713700000, 0x0000000713700000| Complete 
| 240|0x0000000713800000, 0x0000000713900000, 0x0000000713900000|100%| E|CS|TAMS 0x0000000713800000, 0x0000000713800000| Complete 
| 241|0x0000000713900000, 0x0000000713a00000, 0x0000000713a00000|100%| E|CS|TAMS 0x0000000713900000, 0x0000000713900000| Complete 
| 242|0x0000000713a00000, 0x0000000713b00000, 0x0000000713b00000|100%| E|CS|TAMS 0x0000000713a00000, 0x0000000713a00000| Complete 
| 243|0x0000000713b00000, 0x0000000713c00000, 0x0000000713c00000|100%| E|CS|TAMS 0x0000000713b00000, 0x0000000713b00000| Complete 
| 244|0x0000000713c00000, 0x0000000713d00000, 0x0000000713d00000|100%| E|CS|TAMS 0x0000000713c00000, 0x0000000713c00000| Complete 
| 245|0x0000000713d00000, 0x0000000713e00000, 0x0000000713e00000|100%| E|CS|TAMS 0x0000000713d00000, 0x0000000713d00000| Complete 
| 246|0x0000000713e00000, 0x0000000713f00000, 0x0000000713f00000|100%| E|CS|TAMS 0x0000000713e00000, 0x0000000713e00000| Complete 
| 247|0x0000000713f00000, 0x0000000714000000, 0x0000000714000000|100%| E|CS|TAMS 0x0000000713f00000, 0x0000000713f00000| Complete 
| 248|0x0000000714000000, 0x0000000714100000, 0x0000000714100000|100%| E|CS|TAMS 0x0000000714000000, 0x0000000714000000| Complete 
| 249|0x0000000714100000, 0x0000000714200000, 0x0000000714200000|100%| E|CS|TAMS 0x0000000714100000, 0x0000000714100000| Complete 
| 250|0x0000000714200000, 0x0000000714300000, 0x0000000714300000|100%| E|CS|TAMS 0x0000000714200000, 0x0000000714200000| Complete 
| 251|0x0000000714300000, 0x0000000714400000, 0x0000000714400000|100%| E|CS|TAMS 0x0000000714300000, 0x0000000714300000| Complete 

Card table byte_map: [0x000002347d300000,0x000002347dae0000] _byte_map_base: 0x0000023479adc000

Marking Bits (Prev, Next): (CMBitMap*) 0x00000234657ee208, (CMBitMap*) 0x00000234657ee240
 Prev Bits: [0x0000023400000000, 0x0000023403ee0000)
 Next Bits: [0x0000023403ee0000, 0x0000023407dc0000)

Polling page: 0x0000023463cd0000

Metaspace:

Usage:
  Non-class:     20.18 MB capacity,    20.00 MB (>99%) used,   153.10 KB ( <1%) free+waste,    34.44 KB ( <1%) overhead. 
      Class:      2.40 MB capacity,     2.27 MB ( 95%) used,   114.90 KB (  5%) free+waste,    17.12 KB ( <1%) overhead. 
       Both:     22.59 MB capacity,    22.27 MB ( 99%) used,   268.00 KB (  1%) free+waste,    51.56 KB ( <1%) overhead. 

Virtual space:
  Non-class space:       22.00 MB reserved,      20.25 MB ( 92%) committed 
      Class space:        1.00 GB reserved,       2.50 MB ( <1%) committed 
             Both:        1.02 GB reserved,      22.75 MB (  2%) committed 

Chunk freelists:
   Non-Class:  384 bytes
       Class:  512 bytes
        Both:  896 bytes

CodeHeap 'non-profiled nmethods': size=120000Kb used=662Kb max_used=662Kb free=119338Kb
 bounds [0x0000023474a60000, 0x0000023474cd0000, 0x000002347bf90000]
CodeHeap 'profiled nmethods': size=120000Kb used=3950Kb max_used=3950Kb free=116049Kb
 bounds [0x000002346d530000, 0x000002346d910000, 0x0000023474a60000]
CodeHeap 'non-nmethods': size=5760Kb used=1338Kb max_used=1371Kb free=4421Kb
 bounds [0x000002346cf90000, 0x000002346d200000, 0x000002346d530000]
 total_blobs=2491 nmethods=1737 adapters=665
 compilation: enabled
              stopped_count=0, restarted_count=0
 full_count=0

Compilation events (10 events):
Event: 3.269 Thread 0x000002347f9ae000 nmethod 1734 0x000002346d909090 code [0x000002346d9092e0, 0x000002346d90a3d8]
Event: 3.269 Thread 0x000002347f9ae000 1735       3       javax.media.j3d.NativePipeline::buildGA (44 bytes)
Event: 3.269 Thread 0x000002347f9ae000 nmethod 1735 0x000002346d90a710 code [0x000002346d90a8c0, 0x000002346d90ac68]
Event: 3.270 Thread 0x000002347f9ae000 1737       3       java.util.concurrent.locks.AbstractQueuedSynchronizer::release (33 bytes)
Event: 3.270 Thread 0x000002347f9ae000 nmethod 1737 0x000002346d90ae10 code [0x000002346d90afc0, 0x000002346d90b298]
Event: 3.272 Thread 0x000002347f9ac800 nmethod 1726 0x0000023474af9c90 code [0x0000023474af9e60, 0x0000023474afb018]
Event: 3.280 Thread 0x000002347f9ae000 1738       3       java.util.concurrent.locks.ReentrantLock$Sync::tryRelease (45 bytes)
Event: 3.281 Thread 0x000002347f9ae000 nmethod 1738 0x000002346d90b390 code [0x000002346d90b540, 0x000002346d90b848]
Event: 3.283 Thread 0x000002347f9ae000 1739       1       java.util.concurrent.CopyOnWriteArrayList::getArray (5 bytes)
Event: 3.283 Thread 0x000002347f9ae000 nmethod 1739 0x0000023474afb690 code [0x0000023474afb820, 0x0000023474afb8d8]

GC Heap History (10 events):
Event: 1.845 GC heap before
{Heap before GC invocations=5 (full 0):
 garbage-first heap   total 258048K, used 174983K [0x0000000704800000, 0x0000000800000000)
  region size 1024K, 76 young (77824K), 1 survivors (1024K)
 Metaspace       used 18944K, capacity 19243K, committed 19584K, reserved 1067008K
  class space    used 1921K, capacity 2059K, committed 2176K, reserved 1048576K
}
Event: 1.846 GC heap after
{Heap after GC invocations=6 (full 0):
 garbage-first heap   total 258048K, used 69532K [0x0000000704800000, 0x0000000800000000)
  region size 1024K, 1 young (1024K), 1 survivors (1024K)
 Metaspace       used 18944K, capacity 19243K, committed 19584K, reserved 1067008K
  class space    used 1921K, capacity 2059K, committed 2176K, reserved 1048576K
}
Event: 2.117 GC heap before
{Heap before GC invocations=6 (full 0):
 garbage-first heap   total 258048K, used 194460K [0x0000000704800000, 0x0000000800000000)
  region size 1024K, 80 young (81920K), 1 survivors (1024K)
 Metaspace       used 18951K, capacity 19243K, committed 19584K, reserved 1067008K
  class space    used 1921K, capacity 2059K, committed 2176K, reserved 1048576K
}
Event: 2.118 GC heap after
{Heap after GC invocations=7 (full 0):
 garbage-first heap   total 258048K, used 76723K [0x0000000704800000, 0x0000000800000000)
  region size 1024K, 1 young (1024K), 1 survivors (1024K)
 Metaspace       used 18951K, capacity 19243K, committed 19584K, reserved 1067008K
  class space    used 1921K, capacity 2059K, committed 2176K, reserved 1048576K
}
Event: 2.301 GC heap before
{Heap before GC invocations=8 (full 0):
 garbage-first heap   total 258048K, used 170931K [0x0000000704800000, 0x0000000800000000)
  region size 1024K, 56 young (57344K), 1 survivors (1024K)
 Metaspace       used 18951K, capacity 19243K, committed 19584K, reserved 1067008K
  class space    used 1921K, capacity 2059K, committed 2176K, reserved 1048576K
}
Event: 2.303 GC heap after
{Heap after GC invocations=9 (full 0):
 garbage-first heap   total 258048K, used 80793K [0x0000000704800000, 0x0000000800000000)
  region size 1024K, 1 young (1024K), 1 survivors (1024K)
 Metaspace       used 18951K, capacity 19243K, committed 19584K, reserved 1067008K
  class space    used 1921K, capacity 2059K, committed 2176K, reserved 1048576K
}
Event: 2.447 GC heap before
{Heap before GC invocations=10 (full 0):
 garbage-first heap   total 258048K, used 155545K [0x0000000704800000, 0x0000000800000000)
  region size 1024K, 41 young (41984K), 1 survivors (1024K)
 Metaspace       used 18963K, capacity 19243K, committed 19584K, reserved 1067008K
  class space    used 1921K, capacity 2059K, committed 2176K, reserved 1048576K
}
Event: 2.449 GC heap after
{Heap after GC invocations=11 (full 0):
 garbage-first heap   total 258048K, used 91183K [0x0000000704800000, 0x0000000800000000)
  region size 1024K, 1 young (1024K), 1 survivors (1024K)
 Metaspace       used 18963K, capacity 19243K, committed 19584K, reserved 1067008K
  class space    used 1921K, capacity 2059K, committed 2176K, reserved 1048576K
}
Event: 3.067 GC heap before
{Heap before GC invocations=12 (full 0):
 garbage-first heap   total 258048K, used 162863K [0x0000000704800000, 0x0000000800000000)
  region size 1024K, 48 young (49152K), 1 survivors (1024K)
 Metaspace       used 21695K, capacity 21942K, committed 22144K, reserved 1069056K
  class space    used 2240K, capacity 2363K, committed 2432K, reserved 1048576K
}
Event: 3.073 GC heap after
{Heap after GC invocations=13 (full 0):
 garbage-first heap   total 258048K, used 96331K [0x0000000704800000, 0x0000000800000000)
  region size 1024K, 8 young (8192K), 8 survivors (8192K)
 Metaspace       used 21695K, capacity 21942K, committed 22144K, reserved 1069056K
  class space    used 2240K, capacity 2363K, committed 2432K, reserved 1048576K
}

Deoptimization events (10 events):
Event: 2.688 Thread 0x000002340a158000 Uncommon trap: reason=unstable_if action=reinterpret pc=0x0000023474aa851c method=java.lang.ThreadLocal$ThreadLocalMap.getEntry(Ljava/lang/ThreadLocal;)Ljava/lang/ThreadLocal$ThreadLocalMap$Entry; @ 29 c2
Event: 2.913 Thread 0x000002340a158000 Uncommon trap: reason=unstable_if action=reinterpret pc=0x0000023474ad1ba0 method=javax.media.j3d.BoundingBox.updateBoundsStates()V @ 151 c2
Event: 2.914 Thread 0x000002340a158000 Uncommon trap: reason=unstable_if action=reinterpret pc=0x0000023474aaa284 method=javax.media.j3d.BoundingBox.updateBoundsStates()V @ 151 c2
Event: 2.978 Thread 0x000002340a158000 Uncommon trap: reason=unstable_if action=reinterpret pc=0x0000023474aa03f4 method=java.util.jar.Attributes.read(Ljava/util/jar/Manifest$FastInputStream;[B)V @ 227 c2
Event: 3.065 Thread 0x000002340a158000 Uncommon trap: reason=intrinsic_or_type_checked_inlining action=make_not_entrant pc=0x0000023474accacc method=java.util.Arrays.copyOf([Ljava/lang/Object;ILjava/lang/Class;)[Ljava/lang/Object; @ 35 c2
Event: 3.219 Thread 0x000002340d998800 Uncommon trap: reason=unstable_if action=reinterpret pc=0x0000023474aedd28 method=javax.media.j3d.BoundingBox.intersect(Ljavax/media/j3d/Bounds;)Z @ 420 c2
Event: 3.236 Thread 0x000002340d870000 Uncommon trap: reason=unstable_if action=reinterpret pc=0x0000023474ad8808 method=javax.media.j3d.BoundingBox.set(Ljavax/media/j3d/Bounds;)V @ 1 c2
Event: 3.253 Thread 0x000002340d998800 Uncommon trap: reason=unstable_if action=reinterpret pc=0x0000023474af227c method=javax.media.j3d.RenderAtom.inRenderBin()Z @ 8 c2
Event: 3.253 Thread 0x000002340d998800 Uncommon trap: reason=unstable_if action=reinterpret pc=0x0000023474af2430 method=javax.media.j3d.RenderAtom.inRenderBin()Z @ 8 c2
Event: 3.255 Thread 0x000002340d998800 Uncommon trap: reason=unstable_if action=reinterpret pc=0x0000023474af4814 method=javax.media.j3d.BoundingBox.intersect(Ljavax/media/j3d/Bounds;)Z @ 66 c2

Classes redefined (0 events):
No events

Internal exceptions (10 events):
Event: 0.409 Thread 0x000002346578c000 Exception <a 'java/lang/ClassNotFoundException'{0x0000000713cf6d88}: RootPane> (0x0000000713cf6d88) thrown at [./open/src/hotspot/share/classfile/systemDictionary.cpp, line 226]
Event: 0.409 Thread 0x000002346578c000 Implicit null exception at 0x0000023474a7c8be to 0x0000023474a7d7f0
Event: 0.409 Thread 0x000002346578c000 Implicit null exception at 0x0000023474a736af to 0x0000023474a73729
Event: 0.410 Thread 0x000002346578c000 Exception <a 'java/lang/ClassNotFoundException'{0x0000000713cf9c38}: com/sun/swing/internal/plaf/metal/resources/spi/metalProvider> (0x0000000713cf9c38) thrown at [./open/src/hotspot/share/classfile/systemDictionary.cpp, line 226]
Event: 0.411 Thread 0x000002346578c000 Exception <a 'java/lang/ClassNotFoundException'{0x0000000713cfdce8}: com/sun/swing/internal/plaf/basic/resources/spi/basicProvider> (0x0000000713cfdce8) thrown at [./open/src/hotspot/share/classfile/systemDictionary.cpp, line 226]
Event: 0.719 Thread 0x000002340a158000 Exception <a 'java/lang/ClassNotFoundException'{0x0000000713a053f0}: com/sun/swing/internal/plaf/synth/resources/spi/synthProvider> (0x0000000713a053f0) thrown at [./open/src/hotspot/share/classfile/systemDictionary.cpp, line 226]
Event: 2.595 Thread 0x000002340a100000 Exception <a 'java/lang/NoSuchMethodError'{0x00000007123889f0}: 'void java.lang.invoke.DirectMethodHandle$Holder.invokeVirtual(java.lang.Object, java.lang.Object)'> (0x00000007123889f0) thrown at [./open/src/hotspot/share/interpreter/linkResolver.cpp, lin
Event: 2.605 Thread 0x000002340a158000 Exception <a 'java/lang/NoSuchMethodError'{0x0000000712202438}: 'void java.lang.invoke.DirectMethodHandle$Holder.invokeStaticInit(java.lang.Object)'> (0x0000000712202438) thrown at [./open/src/hotspot/share/interpreter/linkResolver.cpp, line 773]
Event: 2.611 Thread 0x000002340a158000 Exception <a 'java/lang/NoSuchMethodError'{0x000000071222bd68}: 'java.lang.Object java.lang.invoke.Invokers$Holder.linkToTargetMethod(java.lang.Object, int, java.lang.Object)'> (0x000000071222bd68) thrown at [./open/src/hotspot/share/interpreter/linkResol
Event: 3.236 Thread 0x000002340d870000 Implicit null exception at 0x0000023474ad85ef to 0x0000023474ad87f4

Events (10 events):
Event: 3.282 Executing VM operation: RevokeBias
Event: 3.282 Executing VM operation: RevokeBias done
Event: 3.282 Executing VM operation: RevokeBias
Event: 3.282 Executing VM operation: RevokeBias done
Event: 3.283 Executing VM operation: RevokeBias
Event: 3.283 Thread 0x0000023414a82800 Thread exited: 0x0000023414a82800
Event: 3.283 Executing VM operation: RevokeBias done
Event: 3.283 Executing VM operation: RevokeBias
Event: 3.283 Executing VM operation: RevokeBias done
Event: 3.283 Thread 0x0000023414a7e800 Thread exited: 0x0000023414a7e800


Dynamic libraries:
0x00007ff69fbc0000 - 0x00007ff69fbd0000 	C:\Program Files\Java\jdk-11\bin\java.exe
0x00007ffd8d0a0000 - 0x00007ffd8d300000 	C:\WINDOWS\SYSTEM32\ntdll.dll
0x00007ffd8c770000 - 0x00007ffd8c837000 	C:\WINDOWS\System32\KERNEL32.DLL
0x00007ffd8aad0000 - 0x00007ffd8ae9a000 	C:\WINDOWS\System32\KERNELBASE.dll
0x00007ffd8a610000 - 0x00007ffd8a75b000 	C:\WINDOWS\System32\ucrtbase.dll
0x00007ffd7fdb0000 - 0x00007ffd7fdc9000 	C:\Program Files\Java\jdk-11\bin\jli.dll
0x00007ffd70bb0000 - 0x00007ffd70bcb000 	C:\Program Files\Java\jdk-11\bin\VCRUNTIME140.dll
0x00007ffd8cb50000 - 0x00007ffd8cc02000 	C:\WINDOWS\System32\ADVAPI32.dll
0x00007ffd8b620000 - 0x00007ffd8b6c9000 	C:\WINDOWS\System32\msvcrt.dll
0x00007ffd8b230000 - 0x00007ffd8b2d6000 	C:\WINDOWS\System32\sechost.dll
0x00007ffd8b6d0000 - 0x00007ffd8b7e6000 	C:\WINDOWS\System32\RPCRT4.dll
0x00007ffd8bd20000 - 0x00007ffd8beec000 	C:\WINDOWS\System32\USER32.dll
0x00007ffd8a3f0000 - 0x00007ffd8a417000 	C:\WINDOWS\System32\win32u.dll
0x00007ffd8bc90000 - 0x00007ffd8bcba000 	C:\WINDOWS\System32\GDI32.dll
0x00007ffd6db60000 - 0x00007ffd6ddf7000 	C:\WINDOWS\WinSxS\amd64_microsoft.windows.common-controls_6595b64144ccf1df_6.0.26100.3624_none_3e086962e3345f24\COMCTL32.dll
0x00007ffd8a4d0000 - 0x00007ffd8a601000 	C:\WINDOWS\System32\gdi32full.dll
0x00007ffd8a420000 - 0x00007ffd8a4c3000 	C:\WINDOWS\System32\msvcp_win.dll
0x00007ffd7d310000 - 0x00007ffd7d31b000 	C:\WINDOWS\SYSTEM32\VERSION.dll
0x00007ffd8b5e0000 - 0x00007ffd8b60f000 	C:\WINDOWS\System32\IMM32.DLL
0x00007ffd6bd40000 - 0x00007ffd6bd4c000 	C:\Program Files\Java\jdk-11\bin\vcruntime140_1.dll
0x00007ffd65f80000 - 0x00007ffd6600e000 	C:\Program Files\Java\jdk-11\bin\msvcp140.dll
0x00007ffce2060000 - 0x00007ffce2bc3000 	C:\Program Files\Java\jdk-11\bin\server\jvm.dll
0x00007ffd8bc80000 - 0x00007ffd8bc88000 	C:\WINDOWS\System32\PSAPI.DLL
0x00007ffd80160000 - 0x00007ffd80196000 	C:\WINDOWS\SYSTEM32\WINMM.dll
0x00007ffd715b0000 - 0x00007ffd715ba000 	C:\WINDOWS\SYSTEM32\WSOCK32.dll
0x00007ffd8c6f0000 - 0x00007ffd8c764000 	C:\WINDOWS\System32\WS2_32.dll
0x00007ffd89190000 - 0x00007ffd891aa000 	C:\WINDOWS\SYSTEM32\kernel.appcore.dll
0x00007ffd66080000 - 0x00007ffd66090000 	C:\Program Files\Java\jdk-11\bin\verify.dll
0x00007ffd87a00000 - 0x00007ffd87c41000 	C:\WINDOWS\SYSTEM32\DBGHELP.DLL
0x00007ffd8aea0000 - 0x00007ffd8b222000 	C:\WINDOWS\System32\combase.dll
0x00007ffd8cc10000 - 0x00007ffd8cce6000 	C:\WINDOWS\System32\OLEAUT32.dll
0x00007ffd6b580000 - 0x00007ffd6b5b9000 	C:\WINDOWS\SYSTEM32\dbgcore.DLL
0x00007ffd8a7f0000 - 0x00007ffd8a889000 	C:\WINDOWS\System32\bcryptPrimitives.dll
0x00007ffd693a0000 - 0x00007ffd693c8000 	C:\Program Files\Java\jdk-11\bin\java.dll
0x00007ffd66070000 - 0x00007ffd6607a000 	C:\Program Files\Java\jdk-11\bin\jimage.dll
0x00007ffd66050000 - 0x00007ffd66067000 	C:\Program Files\Java\jdk-11\bin\zip.dll
0x00007ffd8bef0000 - 0x00007ffd8c619000 	C:\WINDOWS\System32\SHELL32.dll
0x00007ffd8a280000 - 0x00007ffd8a3e8000 	C:\WINDOWS\System32\wintypes.dll
0x00007ffd87f20000 - 0x00007ffd88772000 	C:\WINDOWS\SYSTEM32\windows.storage.dll
0x00007ffd8ced0000 - 0x00007ffd8cfbd000 	C:\WINDOWS\System32\SHCORE.dll
0x00007ffd8ca00000 - 0x00007ffd8ca64000 	C:\WINDOWS\System32\shlwapi.dll
0x00007ffd8a190000 - 0x00007ffd8a1bf000 	C:\WINDOWS\SYSTEM32\profapi.dll
0x00007ffd66030000 - 0x00007ffd66049000 	C:\Program Files\Java\jdk-11\bin\net.dll
0x00007ffd80720000 - 0x00007ffd8083d000 	C:\WINDOWS\SYSTEM32\WINHTTP.dll
0x00007ffd896d0000 - 0x00007ffd8973a000 	C:\WINDOWS\system32\mswsock.dll
0x00007ffd66010000 - 0x00007ffd66022000 	C:\Program Files\Java\jdk-11\bin\nio.dll
0x00007ffd65ce0000 - 0x00007ffd65e63000 	C:\Program Files\Java\jdk-11\bin\awt.dll
0x00007ffd844d0000 - 0x00007ffd8456c000 	C:\WINDOWS\SYSTEM32\apphelp.dll
0x00007ffd846c0000 - 0x00007ffd8476e000 	C:\WINDOWS\system32\uxtheme.dll
0x00007ffd254f0000 - 0x00007ffd25623000 	C:\ProgramData\A-Volute\A-Volute.Nahimic\Modules\Scheduled\x64\AudioDevProps2.dll
0x00007ffd8b2e0000 - 0x00007ffd8b476000 	C:\WINDOWS\System32\ole32.dll
0x00007ffd8b480000 - 0x00007ffd8b5dd000 	C:\WINDOWS\System32\MSCTF.dll
0x00007ffd84c50000 - 0x00007ffd84c86000 	C:\WINDOWS\system32\DWMAPI.DLL
0x00007ffd57ae0000 - 0x00007ffd57b67000 	C:\Program Files\Java\jdk-11\bin\freetype.dll
0x00007ffd566f0000 - 0x00007ffd567d1000 	C:\Program Files\Java\jdk-11\bin\fontmanager.dll
0x00007ffd0c920000 - 0x00007ffd0ca2c000 	C:\WINDOWS\system32\opengl32.dll
0x00007ffd64770000 - 0x00007ffd6479d000 	C:\WINDOWS\SYSTEM32\GLU32.dll
0x00007ffd87490000 - 0x00007ffd874d7000 	C:\WINDOWS\SYSTEM32\dxcore.dll
0x00007ffd84a90000 - 0x00007ffd84bbe000 	C:\WINDOWS\system32\dxgi.dll
0x00007ffd84970000 - 0x00007ffd849ce000 	C:\WINDOWS\SYSTEM32\directxdatabasehelper.dll
0x00007ffd89eb0000 - 0x00007ffd89f0f000 	C:\WINDOWS\SYSTEM32\cfgmgr32.dll
0x00007ffd7d320000 - 0x00007ffd7d8b0000 	C:\WINDOWS\System32\DriverStore\FileRepository\iigd_dch.inf_amd64_75394611ca221846\igdgmm64.dll
0x00007ffd77020000 - 0x00007ffd7bf44000 	C:\WINDOWS\System32\DriverStore\FileRepository\iigd_dch.inf_amd64_75394611ca221846\igc64.dll
0x00007ffd8b7f0000 - 0x00007ffd8bc76000 	C:\WINDOWS\System32\SETUPAPI.dll
0x00007ffd89a90000 - 0x00007ffd89aa3000 	C:\WINDOWS\SYSTEM32\msasn1.dll
0x00007ffd76fe0000 - 0x00007ffd7701b000 	C:\WINDOWS\SYSTEM32\cryptnet.dll
0x00007ffd8a890000 - 0x00007ffd8aa07000 	C:\WINDOWS\System32\CRYPT32.dll
0x00007ffd89990000 - 0x00007ffd8999c000 	C:\WINDOWS\SYSTEM32\cryptbase.dll
0x00007ffd89a30000 - 0x00007ffd89a8d000 	C:\WINDOWS\SYSTEM32\wldp.dll
0x00007ffd76e60000 - 0x00007ffd76fdc000 	C:\WINDOWS\SYSTEM32\drvstore.dll
0x00007ffd89f20000 - 0x00007ffd89f4d000 	C:\WINDOWS\SYSTEM32\devobj.dll
0x00007ffd8a760000 - 0x00007ffd8a7df000 	C:\WINDOWS\System32\wintrust.dll
0x00007ffd8c6c0000 - 0x00007ffd8c6e0000 	C:\WINDOWS\System32\imagehlp.dll
0x00007ffd89970000 - 0x00007ffd8998c000 	C:\WINDOWS\SYSTEM32\CRYPTSP.dll
0x00007ffd890f0000 - 0x00007ffd8912a000 	C:\WINDOWS\system32\rsaenh.dll
0x00007ffd8a160000 - 0x00007ffd8a186000 	C:\WINDOWS\SYSTEM32\bcrypt.dll
0x00007ffce7f90000 - 0x00007ffce8260000 	C:\WINDOWS\system32\nvspcap64.dll
0x00007ffd892d0000 - 0x00007ffd89305000 	C:\WINDOWS\SYSTEM32\ntmarta.dll
0x00007ffd89740000 - 0x00007ffd89767000 	C:\WINDOWS\SYSTEM32\gpapi.dll
0x00007ffd2e8c0000 - 0x00007ffd2ea15000 	C:\WINDOWS\System32\DriverStore\FileRepository\nvlt.inf_amd64_ef86ecf015042524\nvppex.dll
0x00007ffd82800000 - 0x00007ffd82807000 	C:\Program Files\Java\jdk-11\bin\jawt.dll
0x0000000010000000 - 0x000000001003e000 	C:\Program Files\Java\jdk-11\bin\j3dcore-ogl.dll
0x00007ffd53090000 - 0x00007ffd530be000 	C:\Program Files\Java\jdk-11\bin\javajpeg.dll
0x00007ffd75140000 - 0x00007ffd7515a000 	C:\WINDOWS\SYSTEM32\windows.staterepositorycore.dll
0x00007ffcb3150000 - 0x00007ffcb455e000 	C:\WINDOWS\System32\DriverStore\FileRepository\iigd_dch.inf_amd64_75394611ca221846\igxelpicd64.dll
0x00007ffd05080000 - 0x00007ffd050a3000 	C:\WINDOWS\SYSTEM32\d3d12.dll
0x00007ffcf6030000 - 0x00007ffcf6196000 	C:\WINDOWS\System32\DriverStore\FileRepository\iigd_dch.inf_amd64_75394611ca221846\igdml64.dll
0x00007ffd88ec0000 - 0x00007ffd88f1e000 	C:\WINDOWS\SYSTEM32\powrprof.dll
0x00007ffd88ea0000 - 0x00007ffd88eb4000 	C:\WINDOWS\SYSTEM32\UMPDC.dll
0x00007ffd2e880000 - 0x00007ffd2e8b4000 	C:\Users\nadia\AppData\Local\Temp\jSerialComm\2.9.2\jSerialComm.dll
0x00007ffd728e0000 - 0x00007ffd72a29000 	C:\WINDOWS\SYSTEM32\textinputframework.dll
0x00007ffd70680000 - 0x00007ffd70ab4000 	C:\WINDOWS\SYSTEM32\uiautomationcore.dll
0x00007ffd81650000 - 0x00007ffd816bb000 	C:\WINDOWS\SYSTEM32\OLEACC.dll
0x00007ffd8c950000 - 0x00007ffd8c9f8000 	C:\WINDOWS\System32\clbcatq.dll
0x00007ffd73540000 - 0x00007ffd73556000 	C:\Windows\System32\threadpoolwinrt.dll
0x00007ffd84210000 - 0x00007ffd84336000 	C:\WINDOWS\SYSTEM32\CoreMessaging.dll
0x00007ffd7f690000 - 0x00007ffd7f973000 	C:\WINDOWS\SYSTEM32\CoreUIComponents.dll

dbghelp: loaded successfully - version: 4.0.5 - missing functions: none
symbol engine: initialized successfully - sym options: 0x614 - pdb path: .;C:\Program Files\Java\jdk-11\bin;C:\WINDOWS\SYSTEM32;C:\WINDOWS\WinSxS\amd64_microsoft.windows.common-controls_6595b64144ccf1df_6.0.26100.3624_none_3e086962e3345f24;C:\Program Files\Java\jdk-11\bin\server;C:\ProgramData\A-Volute\A-Volute.Nahimic\Modules\Scheduled\x64;C:\WINDOWS\System32\DriverStore\FileRepository\iigd_dch.inf_amd64_75394611ca221846;C:\WINDOWS\System32\DriverStore\FileRepository\nvlt.inf_amd64_ef86ecf015042524;C:\Users\nadia\AppData\Local\Temp\jSerialComm\2.9.2

VM Arguments:
jvm_args: -Dfile.encoding=UTF-8 --module-path=C:\Users\nadia\OneDrive\Documentos\NetBeansProjects\ProyectoGraficaión\build\classes 
java_command: ESCENARIO.EdificioI
java_class_path (initial): C:\Program Files\Java\Java3D\Java3D\1.5.1\lib\ext\j3dcore.jar;C:\Program Files\Java\Java3D\Java3D\1.5.1\lib\ext\j3dutils.jar;C:\Program Files\Java\Java3D\Java3D\1.5.1\lib\ext\vecmath.jar;C:\Users\nadia\OneDrive\Documentos\Graficación\jSerialComm-2.9.2.jar;C:\Users\nadia\OneDrive\Documentos\NetBeansProjects\ProyectoGraficaión\build\classes
Launcher Type: SUN_STANDARD

[Global flags]
     intx CICompilerCount                          = 4                                         {product} {ergonomic}
     uint ConcGCThreads                            = 3                                         {product} {ergonomic}
     uint G1ConcRefinementThreads                  = 10                                        {product} {ergonomic}
   size_t G1HeapRegionSize                         = 1048576                                   {product} {ergonomic}
    uintx GCDrainStackTargetSize                   = 64                                        {product} {ergonomic}
   size_t InitialHeapSize                          = 264241152                                 {product} {ergonomic}
   size_t MarkStackSize                            = 4194304                                   {product} {ergonomic}
   size_t MaxHeapSize                              = 4219469824                                {product} {ergonomic}
   size_t MaxNewSize                               = 2531262464                                {product} {ergonomic}
   size_t MinHeapDeltaBytes                        = 1048576                                   {product} {ergonomic}
    uintx NonNMethodCodeHeapSize                   = 5836300                                {pd product} {ergonomic}
    uintx NonProfiledCodeHeapSize                  = 122910970                              {pd product} {ergonomic}
    uintx ProfiledCodeHeapSize                     = 122910970                              {pd product} {ergonomic}
    uintx ReservedCodeCacheSize                    = 251658240                              {pd product} {ergonomic}
     bool SegmentedCodeCache                       = true                                      {product} {ergonomic}
     bool UseCompressedClassPointers               = true                                 {lp64_product} {ergonomic}
     bool UseCompressedOops                        = true                                 {lp64_product} {ergonomic}
     bool UseG1GC                                  = true                                      {product} {ergonomic}
     bool UseLargePagesIndividualAllocation        = false                                  {pd product} {ergonomic}

Logging:
Log output configuration:
 #0: stdout all=warning uptime,level,tags
 #1: stderr all=off uptime,level,tags

Environment Variables:
PATH=C:\Program Files\Common Files\Oracle\Java\javapath;C:\ProgramData\Oracle\Java\javapath;C:\WINDOWS\system32;C:\WINDOWS;C:\WINDOWS\System32\Wbem;C:\WINDOWS\System32\WindowsPowerShell\v1.0\;C:\WINDOWS\System32\OpenSSH\;C:\Program Files (x86)\NVIDIA Corporation\PhysX\Common;C:\Program Files\NVIDIA Corporation\NVIDIA NvDLISR;C:\Program Files\dotnet\;C:\Program Files\Microsoft SQL Server\Client SDK\ODBC\170\Tools\Binn\;C:\Program Files (x86)\Microsoft SQL Server\160\Tools\Binn\;C:\Program Files\Microsoft SQL Server\160\Tools\Binn\;C:\Program Files\Microsoft SQL Server\160\DTS\Binn\;C:\Program Files (x86)\Microsoft SQL Server\160\DTS\Binn\;C:\Program Files\Git\cmd;C:\Users\nadia\AppData\Local\Microsoft\WindowsApps;C:\Users\nadia\AppData\Local\Programs\Microsoft VS Code\bin;C:\Users\nadia\.dotnet\tools;C:\Users\nadia\Downloads\PROGRAMAS\openjdk-23.0.2_windows-x64_bin;
USERNAME=nadia
OS=Windows_NT
PROCESSOR_IDENTIFIER=Intel64 Family 6 Model 151 Stepping 2, GenuineIntel



---------------  S Y S T E M  ---------------

OS: Windows 11 , 64 bit Build 26100 (10.0.26100.3775)
Hyper-V role detected

CPU:total 12 (initial active 12) (6 cores per cpu, 2 threads per core) family 6 model 151 stepping 2 microcode 0x35, cmov, cx8, fxsr, mmx, sse, sse2, sse3, ssse3, sse4.1, sse4.2, popcnt, avx, avx2, aes, clmul, erms, 3dnowpref, lzcnt, ht, tsc, tscinvbit, bmi1, bmi2, adx, sha, fma

Memory: 4k page, system-wide physical 16091M (4958M free)
TotalPageFile size 19547M (AvailPageFile size 2451M)
current process WorkingSet (physical memory assigned to process): 411M, peak: 417M
current process commit charge ("private bytes"): 486M, peak: 492M

vm_info: Java HotSpot(TM) 64-Bit Server VM (11.0.25+9-LTS-256) for windows-amd64 JRE (11.0.25+9-LTS-256), built on Sep 30 2024 06:30:20 by "mach5one" with MS VC++ 17.6 (VS2022)

END.
